[2024-12-07T09:14:22.581+0000] {processor.py:186} INFO - Started process (PID=116) to work on /home/airflow/.local/lib/python3.12/site-packages/airflow/example_dags/example_complex.py
[2024-12-07T09:14:22.583+0000] {processor.py:914} INFO - Processing file /home/airflow/.local/lib/python3.12/site-packages/airflow/example_dags/example_complex.py for tasks to queue
[2024-12-07T09:14:22.585+0000] {logging_mixin.py:190} INFO - [2024-12-07T09:14:22.585+0000] {dagbag.py:588} INFO - Filling up the DagBag from /home/airflow/.local/lib/python3.12/site-packages/airflow/example_dags/example_complex.py
[2024-12-07T09:14:22.606+0000] {processor.py:925} INFO - DAG(s) 'example_complex' retrieved from /home/airflow/.local/lib/python3.12/site-packages/airflow/example_dags/example_complex.py
[2024-12-07T09:14:22.743+0000] {logging_mixin.py:190} INFO - [2024-12-07T09:14:22.742+0000] {override.py:1911} INFO - Created Permission View: can edit on DAG:example_complex
[2024-12-07T09:14:22.752+0000] {logging_mixin.py:190} INFO - [2024-12-07T09:14:22.752+0000] {override.py:1911} INFO - Created Permission View: can delete on DAG:example_complex
[2024-12-07T09:14:22.757+0000] {logging_mixin.py:190} INFO - [2024-12-07T09:14:22.757+0000] {override.py:1911} INFO - Created Permission View: can read on DAG:example_complex
[2024-12-07T09:14:22.762+0000] {logging_mixin.py:190} INFO - [2024-12-07T09:14:22.761+0000] {override.py:1911} INFO - Created Permission View: can create on DAG Run:example_complex
[2024-12-07T09:14:22.767+0000] {logging_mixin.py:190} INFO - [2024-12-07T09:14:22.767+0000] {override.py:1911} INFO - Created Permission View: menu access on DAG Run:example_complex
[2024-12-07T09:14:22.772+0000] {logging_mixin.py:190} INFO - [2024-12-07T09:14:22.772+0000] {override.py:1911} INFO - Created Permission View: can delete on DAG Run:example_complex
[2024-12-07T09:14:22.780+0000] {logging_mixin.py:190} INFO - [2024-12-07T09:14:22.779+0000] {override.py:1911} INFO - Created Permission View: can read on DAG Run:example_complex
[2024-12-07T09:14:22.780+0000] {logging_mixin.py:190} INFO - [2024-12-07T09:14:22.780+0000] {dag.py:3239} INFO - Sync 1 DAGs
[2024-12-07T09:14:22.797+0000] {logging_mixin.py:190} INFO - [2024-12-07T09:14:22.796+0000] {dag.py:3262} INFO - Creating ORM DAG for example_complex
[2024-12-07T09:14:22.797+0000] {logging_mixin.py:190} INFO - [2024-12-07T09:14:22.797+0000] {dag.py:4180} INFO - Setting next_dagrun for example_complex to None, run_after=None
[2024-12-07T09:14:22.813+0000] {processor.py:208} INFO - Processing /home/airflow/.local/lib/python3.12/site-packages/airflow/example_dags/example_complex.py took 0.240 seconds
[2024-12-07T09:14:52.902+0000] {processor.py:186} INFO - Started process (PID=178) to work on /home/airflow/.local/lib/python3.12/site-packages/airflow/example_dags/example_complex.py
[2024-12-07T09:14:52.902+0000] {processor.py:914} INFO - Processing file /home/airflow/.local/lib/python3.12/site-packages/airflow/example_dags/example_complex.py for tasks to queue
[2024-12-07T09:14:52.904+0000] {logging_mixin.py:190} INFO - [2024-12-07T09:14:52.904+0000] {dagbag.py:588} INFO - Filling up the DagBag from /home/airflow/.local/lib/python3.12/site-packages/airflow/example_dags/example_complex.py
[2024-12-07T09:14:52.913+0000] {processor.py:925} INFO - DAG(s) 'example_complex' retrieved from /home/airflow/.local/lib/python3.12/site-packages/airflow/example_dags/example_complex.py
[2024-12-07T09:14:52.937+0000] {logging_mixin.py:190} INFO - [2024-12-07T09:14:52.936+0000] {dag.py:3239} INFO - Sync 1 DAGs
[2024-12-07T09:14:52.947+0000] {logging_mixin.py:190} INFO - [2024-12-07T09:14:52.947+0000] {dag.py:4180} INFO - Setting next_dagrun for example_complex to None, run_after=None
[2024-12-07T09:14:52.963+0000] {processor.py:208} INFO - Processing /home/airflow/.local/lib/python3.12/site-packages/airflow/example_dags/example_complex.py took 0.065 seconds
[2024-12-07T09:15:23.971+0000] {processor.py:186} INFO - Started process (PID=241) to work on /home/airflow/.local/lib/python3.12/site-packages/airflow/example_dags/example_complex.py
[2024-12-07T09:15:23.972+0000] {processor.py:914} INFO - Processing file /home/airflow/.local/lib/python3.12/site-packages/airflow/example_dags/example_complex.py for tasks to queue
[2024-12-07T09:15:23.973+0000] {logging_mixin.py:190} INFO - [2024-12-07T09:15:23.973+0000] {dagbag.py:588} INFO - Filling up the DagBag from /home/airflow/.local/lib/python3.12/site-packages/airflow/example_dags/example_complex.py
[2024-12-07T09:15:23.982+0000] {processor.py:925} INFO - DAG(s) 'example_complex' retrieved from /home/airflow/.local/lib/python3.12/site-packages/airflow/example_dags/example_complex.py
[2024-12-07T09:15:24.016+0000] {logging_mixin.py:190} INFO - [2024-12-07T09:15:24.015+0000] {dag.py:3239} INFO - Sync 1 DAGs
[2024-12-07T09:15:24.030+0000] {logging_mixin.py:190} INFO - [2024-12-07T09:15:24.030+0000] {dag.py:4180} INFO - Setting next_dagrun for example_complex to None, run_after=None
[2024-12-07T09:15:24.045+0000] {processor.py:208} INFO - Processing /home/airflow/.local/lib/python3.12/site-packages/airflow/example_dags/example_complex.py took 0.078 seconds
[2024-12-07T09:15:55.047+0000] {processor.py:186} INFO - Started process (PID=304) to work on /home/airflow/.local/lib/python3.12/site-packages/airflow/example_dags/example_complex.py
[2024-12-07T09:15:55.047+0000] {processor.py:914} INFO - Processing file /home/airflow/.local/lib/python3.12/site-packages/airflow/example_dags/example_complex.py for tasks to queue
[2024-12-07T09:15:55.049+0000] {logging_mixin.py:190} INFO - [2024-12-07T09:15:55.049+0000] {dagbag.py:588} INFO - Filling up the DagBag from /home/airflow/.local/lib/python3.12/site-packages/airflow/example_dags/example_complex.py
[2024-12-07T09:15:55.059+0000] {processor.py:925} INFO - DAG(s) 'example_complex' retrieved from /home/airflow/.local/lib/python3.12/site-packages/airflow/example_dags/example_complex.py
[2024-12-07T09:15:55.084+0000] {logging_mixin.py:190} INFO - [2024-12-07T09:15:55.084+0000] {dag.py:3239} INFO - Sync 1 DAGs
[2024-12-07T09:15:55.095+0000] {logging_mixin.py:190} INFO - [2024-12-07T09:15:55.095+0000] {dag.py:4180} INFO - Setting next_dagrun for example_complex to None, run_after=None
[2024-12-07T09:15:55.109+0000] {processor.py:208} INFO - Processing /home/airflow/.local/lib/python3.12/site-packages/airflow/example_dags/example_complex.py took 0.066 seconds
[2024-12-07T09:16:26.018+0000] {processor.py:186} INFO - Started process (PID=367) to work on /home/airflow/.local/lib/python3.12/site-packages/airflow/example_dags/example_complex.py
[2024-12-07T09:16:26.019+0000] {processor.py:914} INFO - Processing file /home/airflow/.local/lib/python3.12/site-packages/airflow/example_dags/example_complex.py for tasks to queue
[2024-12-07T09:16:26.021+0000] {logging_mixin.py:190} INFO - [2024-12-07T09:16:26.020+0000] {dagbag.py:588} INFO - Filling up the DagBag from /home/airflow/.local/lib/python3.12/site-packages/airflow/example_dags/example_complex.py
[2024-12-07T09:16:26.030+0000] {processor.py:925} INFO - DAG(s) 'example_complex' retrieved from /home/airflow/.local/lib/python3.12/site-packages/airflow/example_dags/example_complex.py
[2024-12-07T09:16:26.054+0000] {logging_mixin.py:190} INFO - [2024-12-07T09:16:26.053+0000] {dag.py:3239} INFO - Sync 1 DAGs
[2024-12-07T09:16:26.065+0000] {logging_mixin.py:190} INFO - [2024-12-07T09:16:26.064+0000] {dag.py:4180} INFO - Setting next_dagrun for example_complex to None, run_after=None
[2024-12-07T09:16:26.077+0000] {processor.py:208} INFO - Processing /home/airflow/.local/lib/python3.12/site-packages/airflow/example_dags/example_complex.py took 0.063 seconds
[2024-12-07T09:16:56.392+0000] {processor.py:186} INFO - Started process (PID=430) to work on /home/airflow/.local/lib/python3.12/site-packages/airflow/example_dags/example_complex.py
[2024-12-07T09:16:56.392+0000] {processor.py:914} INFO - Processing file /home/airflow/.local/lib/python3.12/site-packages/airflow/example_dags/example_complex.py for tasks to queue
[2024-12-07T09:16:56.394+0000] {logging_mixin.py:190} INFO - [2024-12-07T09:16:56.393+0000] {dagbag.py:588} INFO - Filling up the DagBag from /home/airflow/.local/lib/python3.12/site-packages/airflow/example_dags/example_complex.py
[2024-12-07T09:16:56.403+0000] {processor.py:925} INFO - DAG(s) 'example_complex' retrieved from /home/airflow/.local/lib/python3.12/site-packages/airflow/example_dags/example_complex.py
[2024-12-07T09:16:56.430+0000] {logging_mixin.py:190} INFO - [2024-12-07T09:16:56.430+0000] {dag.py:3239} INFO - Sync 1 DAGs
[2024-12-07T09:16:56.443+0000] {logging_mixin.py:190} INFO - [2024-12-07T09:16:56.442+0000] {dag.py:4180} INFO - Setting next_dagrun for example_complex to None, run_after=None
[2024-12-07T09:16:56.455+0000] {processor.py:208} INFO - Processing /home/airflow/.local/lib/python3.12/site-packages/airflow/example_dags/example_complex.py took 0.068 seconds
[2024-12-07T09:17:28.229+0000] {processor.py:186} INFO - Started process (PID=494) to work on /home/airflow/.local/lib/python3.12/site-packages/airflow/example_dags/example_complex.py
[2024-12-07T09:17:28.230+0000] {processor.py:914} INFO - Processing file /home/airflow/.local/lib/python3.12/site-packages/airflow/example_dags/example_complex.py for tasks to queue
[2024-12-07T09:17:28.232+0000] {logging_mixin.py:190} INFO - [2024-12-07T09:17:28.232+0000] {dagbag.py:588} INFO - Filling up the DagBag from /home/airflow/.local/lib/python3.12/site-packages/airflow/example_dags/example_complex.py
[2024-12-07T09:17:28.245+0000] {processor.py:925} INFO - DAG(s) 'example_complex' retrieved from /home/airflow/.local/lib/python3.12/site-packages/airflow/example_dags/example_complex.py
[2024-12-07T09:17:28.274+0000] {logging_mixin.py:190} INFO - [2024-12-07T09:17:28.274+0000] {dag.py:3239} INFO - Sync 1 DAGs
[2024-12-07T09:17:28.289+0000] {logging_mixin.py:190} INFO - [2024-12-07T09:17:28.289+0000] {dag.py:4180} INFO - Setting next_dagrun for example_complex to None, run_after=None
[2024-12-07T09:17:28.305+0000] {processor.py:208} INFO - Processing /home/airflow/.local/lib/python3.12/site-packages/airflow/example_dags/example_complex.py took 0.081 seconds
[2024-12-07T09:17:59.401+0000] {processor.py:186} INFO - Started process (PID=558) to work on /home/airflow/.local/lib/python3.12/site-packages/airflow/example_dags/example_complex.py
[2024-12-07T09:17:59.402+0000] {processor.py:914} INFO - Processing file /home/airflow/.local/lib/python3.12/site-packages/airflow/example_dags/example_complex.py for tasks to queue
[2024-12-07T09:17:59.403+0000] {logging_mixin.py:190} INFO - [2024-12-07T09:17:59.403+0000] {dagbag.py:588} INFO - Filling up the DagBag from /home/airflow/.local/lib/python3.12/site-packages/airflow/example_dags/example_complex.py
[2024-12-07T09:17:59.413+0000] {processor.py:925} INFO - DAG(s) 'example_complex' retrieved from /home/airflow/.local/lib/python3.12/site-packages/airflow/example_dags/example_complex.py
[2024-12-07T09:17:59.438+0000] {logging_mixin.py:190} INFO - [2024-12-07T09:17:59.438+0000] {dag.py:3239} INFO - Sync 1 DAGs
[2024-12-07T09:17:59.449+0000] {logging_mixin.py:190} INFO - [2024-12-07T09:17:59.449+0000] {dag.py:4180} INFO - Setting next_dagrun for example_complex to None, run_after=None
[2024-12-07T09:17:59.461+0000] {processor.py:208} INFO - Processing /home/airflow/.local/lib/python3.12/site-packages/airflow/example_dags/example_complex.py took 0.064 seconds
[2024-12-07T09:18:31.025+0000] {processor.py:186} INFO - Started process (PID=621) to work on /home/airflow/.local/lib/python3.12/site-packages/airflow/example_dags/example_complex.py
[2024-12-07T09:18:31.026+0000] {processor.py:914} INFO - Processing file /home/airflow/.local/lib/python3.12/site-packages/airflow/example_dags/example_complex.py for tasks to queue
[2024-12-07T09:18:31.027+0000] {logging_mixin.py:190} INFO - [2024-12-07T09:18:31.027+0000] {dagbag.py:588} INFO - Filling up the DagBag from /home/airflow/.local/lib/python3.12/site-packages/airflow/example_dags/example_complex.py
[2024-12-07T09:18:31.036+0000] {processor.py:925} INFO - DAG(s) 'example_complex' retrieved from /home/airflow/.local/lib/python3.12/site-packages/airflow/example_dags/example_complex.py
[2024-12-07T09:18:31.060+0000] {logging_mixin.py:190} INFO - [2024-12-07T09:18:31.059+0000] {dag.py:3239} INFO - Sync 1 DAGs
[2024-12-07T09:18:31.070+0000] {logging_mixin.py:190} INFO - [2024-12-07T09:18:31.070+0000] {dag.py:4180} INFO - Setting next_dagrun for example_complex to None, run_after=None
[2024-12-07T09:18:31.082+0000] {processor.py:208} INFO - Processing /home/airflow/.local/lib/python3.12/site-packages/airflow/example_dags/example_complex.py took 0.061 seconds
[2024-12-07T09:19:02.633+0000] {processor.py:186} INFO - Started process (PID=684) to work on /home/airflow/.local/lib/python3.12/site-packages/airflow/example_dags/example_complex.py
[2024-12-07T09:19:02.634+0000] {processor.py:914} INFO - Processing file /home/airflow/.local/lib/python3.12/site-packages/airflow/example_dags/example_complex.py for tasks to queue
[2024-12-07T09:19:02.636+0000] {logging_mixin.py:190} INFO - [2024-12-07T09:19:02.635+0000] {dagbag.py:588} INFO - Filling up the DagBag from /home/airflow/.local/lib/python3.12/site-packages/airflow/example_dags/example_complex.py
[2024-12-07T09:19:02.645+0000] {processor.py:925} INFO - DAG(s) 'example_complex' retrieved from /home/airflow/.local/lib/python3.12/site-packages/airflow/example_dags/example_complex.py
[2024-12-07T09:19:02.669+0000] {logging_mixin.py:190} INFO - [2024-12-07T09:19:02.668+0000] {dag.py:3239} INFO - Sync 1 DAGs
[2024-12-07T09:19:02.680+0000] {logging_mixin.py:190} INFO - [2024-12-07T09:19:02.680+0000] {dag.py:4180} INFO - Setting next_dagrun for example_complex to None, run_after=None
[2024-12-07T09:19:02.693+0000] {processor.py:208} INFO - Processing /home/airflow/.local/lib/python3.12/site-packages/airflow/example_dags/example_complex.py took 0.064 seconds
[2024-12-07T09:19:33.596+0000] {processor.py:186} INFO - Started process (PID=749) to work on /home/airflow/.local/lib/python3.12/site-packages/airflow/example_dags/example_complex.py
[2024-12-07T09:19:33.597+0000] {processor.py:914} INFO - Processing file /home/airflow/.local/lib/python3.12/site-packages/airflow/example_dags/example_complex.py for tasks to queue
[2024-12-07T09:19:33.599+0000] {logging_mixin.py:190} INFO - [2024-12-07T09:19:33.598+0000] {dagbag.py:588} INFO - Filling up the DagBag from /home/airflow/.local/lib/python3.12/site-packages/airflow/example_dags/example_complex.py
[2024-12-07T09:19:33.612+0000] {processor.py:925} INFO - DAG(s) 'example_complex' retrieved from /home/airflow/.local/lib/python3.12/site-packages/airflow/example_dags/example_complex.py
[2024-12-07T09:19:33.650+0000] {logging_mixin.py:190} INFO - [2024-12-07T09:19:33.649+0000] {dag.py:3239} INFO - Sync 1 DAGs
[2024-12-07T09:19:33.666+0000] {logging_mixin.py:190} INFO - [2024-12-07T09:19:33.666+0000] {dag.py:4180} INFO - Setting next_dagrun for example_complex to None, run_after=None
[2024-12-07T09:19:33.681+0000] {processor.py:208} INFO - Processing /home/airflow/.local/lib/python3.12/site-packages/airflow/example_dags/example_complex.py took 0.091 seconds
[2024-12-07T09:20:04.754+0000] {processor.py:186} INFO - Started process (PID=813) to work on /home/airflow/.local/lib/python3.12/site-packages/airflow/example_dags/example_complex.py
[2024-12-07T09:20:04.755+0000] {processor.py:914} INFO - Processing file /home/airflow/.local/lib/python3.12/site-packages/airflow/example_dags/example_complex.py for tasks to queue
[2024-12-07T09:20:04.757+0000] {logging_mixin.py:190} INFO - [2024-12-07T09:20:04.757+0000] {dagbag.py:588} INFO - Filling up the DagBag from /home/airflow/.local/lib/python3.12/site-packages/airflow/example_dags/example_complex.py
[2024-12-07T09:20:04.771+0000] {processor.py:925} INFO - DAG(s) 'example_complex' retrieved from /home/airflow/.local/lib/python3.12/site-packages/airflow/example_dags/example_complex.py
[2024-12-07T09:20:04.811+0000] {logging_mixin.py:190} INFO - [2024-12-07T09:20:04.811+0000] {dag.py:3239} INFO - Sync 1 DAGs
[2024-12-07T09:20:04.827+0000] {logging_mixin.py:190} INFO - [2024-12-07T09:20:04.827+0000] {dag.py:4180} INFO - Setting next_dagrun for example_complex to None, run_after=None
[2024-12-07T09:20:04.845+0000] {processor.py:208} INFO - Processing /home/airflow/.local/lib/python3.12/site-packages/airflow/example_dags/example_complex.py took 0.097 seconds
[2024-12-07T09:20:36.095+0000] {processor.py:186} INFO - Started process (PID=878) to work on /home/airflow/.local/lib/python3.12/site-packages/airflow/example_dags/example_complex.py
[2024-12-07T09:20:36.095+0000] {processor.py:914} INFO - Processing file /home/airflow/.local/lib/python3.12/site-packages/airflow/example_dags/example_complex.py for tasks to queue
[2024-12-07T09:20:36.097+0000] {logging_mixin.py:190} INFO - [2024-12-07T09:20:36.097+0000] {dagbag.py:588} INFO - Filling up the DagBag from /home/airflow/.local/lib/python3.12/site-packages/airflow/example_dags/example_complex.py
[2024-12-07T09:20:36.106+0000] {processor.py:925} INFO - DAG(s) 'example_complex' retrieved from /home/airflow/.local/lib/python3.12/site-packages/airflow/example_dags/example_complex.py
[2024-12-07T09:20:36.130+0000] {logging_mixin.py:190} INFO - [2024-12-07T09:20:36.130+0000] {dag.py:3239} INFO - Sync 1 DAGs
[2024-12-07T09:20:36.142+0000] {logging_mixin.py:190} INFO - [2024-12-07T09:20:36.142+0000] {dag.py:4180} INFO - Setting next_dagrun for example_complex to None, run_after=None
[2024-12-07T09:20:36.154+0000] {processor.py:208} INFO - Processing /home/airflow/.local/lib/python3.12/site-packages/airflow/example_dags/example_complex.py took 0.064 seconds
[2024-12-07T09:21:07.395+0000] {processor.py:186} INFO - Started process (PID=942) to work on /home/airflow/.local/lib/python3.12/site-packages/airflow/example_dags/example_complex.py
[2024-12-07T09:21:07.396+0000] {processor.py:914} INFO - Processing file /home/airflow/.local/lib/python3.12/site-packages/airflow/example_dags/example_complex.py for tasks to queue
[2024-12-07T09:21:07.397+0000] {logging_mixin.py:190} INFO - [2024-12-07T09:21:07.397+0000] {dagbag.py:588} INFO - Filling up the DagBag from /home/airflow/.local/lib/python3.12/site-packages/airflow/example_dags/example_complex.py
[2024-12-07T09:21:07.407+0000] {processor.py:925} INFO - DAG(s) 'example_complex' retrieved from /home/airflow/.local/lib/python3.12/site-packages/airflow/example_dags/example_complex.py
[2024-12-07T09:21:07.430+0000] {logging_mixin.py:190} INFO - [2024-12-07T09:21:07.429+0000] {dag.py:3239} INFO - Sync 1 DAGs
[2024-12-07T09:21:07.440+0000] {logging_mixin.py:190} INFO - [2024-12-07T09:21:07.440+0000] {dag.py:4180} INFO - Setting next_dagrun for example_complex to None, run_after=None
[2024-12-07T09:21:07.452+0000] {processor.py:208} INFO - Processing /home/airflow/.local/lib/python3.12/site-packages/airflow/example_dags/example_complex.py took 0.062 seconds
[2024-12-07T09:21:38.681+0000] {processor.py:186} INFO - Started process (PID=1006) to work on /home/airflow/.local/lib/python3.12/site-packages/airflow/example_dags/example_complex.py
[2024-12-07T09:21:38.683+0000] {processor.py:914} INFO - Processing file /home/airflow/.local/lib/python3.12/site-packages/airflow/example_dags/example_complex.py for tasks to queue
[2024-12-07T09:21:38.684+0000] {logging_mixin.py:190} INFO - [2024-12-07T09:21:38.684+0000] {dagbag.py:588} INFO - Filling up the DagBag from /home/airflow/.local/lib/python3.12/site-packages/airflow/example_dags/example_complex.py
[2024-12-07T09:21:38.693+0000] {processor.py:925} INFO - DAG(s) 'example_complex' retrieved from /home/airflow/.local/lib/python3.12/site-packages/airflow/example_dags/example_complex.py
[2024-12-07T09:21:38.717+0000] {logging_mixin.py:190} INFO - [2024-12-07T09:21:38.716+0000] {dag.py:3239} INFO - Sync 1 DAGs
[2024-12-07T09:21:38.728+0000] {logging_mixin.py:190} INFO - [2024-12-07T09:21:38.727+0000] {dag.py:4180} INFO - Setting next_dagrun for example_complex to None, run_after=None
[2024-12-07T09:21:38.740+0000] {processor.py:208} INFO - Processing /home/airflow/.local/lib/python3.12/site-packages/airflow/example_dags/example_complex.py took 0.063 seconds
[2024-12-07T09:22:09.667+0000] {processor.py:186} INFO - Started process (PID=1070) to work on /home/airflow/.local/lib/python3.12/site-packages/airflow/example_dags/example_complex.py
[2024-12-07T09:22:09.668+0000] {processor.py:914} INFO - Processing file /home/airflow/.local/lib/python3.12/site-packages/airflow/example_dags/example_complex.py for tasks to queue
[2024-12-07T09:22:09.669+0000] {logging_mixin.py:190} INFO - [2024-12-07T09:22:09.669+0000] {dagbag.py:588} INFO - Filling up the DagBag from /home/airflow/.local/lib/python3.12/site-packages/airflow/example_dags/example_complex.py
[2024-12-07T09:22:09.679+0000] {processor.py:925} INFO - DAG(s) 'example_complex' retrieved from /home/airflow/.local/lib/python3.12/site-packages/airflow/example_dags/example_complex.py
[2024-12-07T09:22:09.703+0000] {logging_mixin.py:190} INFO - [2024-12-07T09:22:09.703+0000] {dag.py:3239} INFO - Sync 1 DAGs
[2024-12-07T09:22:09.714+0000] {logging_mixin.py:190} INFO - [2024-12-07T09:22:09.714+0000] {dag.py:4180} INFO - Setting next_dagrun for example_complex to None, run_after=None
[2024-12-07T09:22:09.727+0000] {processor.py:208} INFO - Processing /home/airflow/.local/lib/python3.12/site-packages/airflow/example_dags/example_complex.py took 0.064 seconds
[2024-12-07T09:22:40.591+0000] {processor.py:186} INFO - Started process (PID=1134) to work on /home/airflow/.local/lib/python3.12/site-packages/airflow/example_dags/example_complex.py
[2024-12-07T09:22:40.592+0000] {processor.py:914} INFO - Processing file /home/airflow/.local/lib/python3.12/site-packages/airflow/example_dags/example_complex.py for tasks to queue
[2024-12-07T09:22:40.593+0000] {logging_mixin.py:190} INFO - [2024-12-07T09:22:40.593+0000] {dagbag.py:588} INFO - Filling up the DagBag from /home/airflow/.local/lib/python3.12/site-packages/airflow/example_dags/example_complex.py
[2024-12-07T09:22:40.602+0000] {processor.py:925} INFO - DAG(s) 'example_complex' retrieved from /home/airflow/.local/lib/python3.12/site-packages/airflow/example_dags/example_complex.py
[2024-12-07T09:22:40.626+0000] {logging_mixin.py:190} INFO - [2024-12-07T09:22:40.626+0000] {dag.py:3239} INFO - Sync 1 DAGs
[2024-12-07T09:22:40.638+0000] {logging_mixin.py:190} INFO - [2024-12-07T09:22:40.638+0000] {dag.py:4180} INFO - Setting next_dagrun for example_complex to None, run_after=None
[2024-12-07T09:22:40.653+0000] {processor.py:208} INFO - Processing /home/airflow/.local/lib/python3.12/site-packages/airflow/example_dags/example_complex.py took 0.066 seconds
[2024-12-07T09:23:12.122+0000] {processor.py:186} INFO - Started process (PID=1198) to work on /home/airflow/.local/lib/python3.12/site-packages/airflow/example_dags/example_complex.py
[2024-12-07T09:23:12.123+0000] {processor.py:914} INFO - Processing file /home/airflow/.local/lib/python3.12/site-packages/airflow/example_dags/example_complex.py for tasks to queue
[2024-12-07T09:23:12.124+0000] {logging_mixin.py:190} INFO - [2024-12-07T09:23:12.124+0000] {dagbag.py:588} INFO - Filling up the DagBag from /home/airflow/.local/lib/python3.12/site-packages/airflow/example_dags/example_complex.py
[2024-12-07T09:23:12.133+0000] {processor.py:925} INFO - DAG(s) 'example_complex' retrieved from /home/airflow/.local/lib/python3.12/site-packages/airflow/example_dags/example_complex.py
[2024-12-07T09:23:12.157+0000] {logging_mixin.py:190} INFO - [2024-12-07T09:23:12.157+0000] {dag.py:3239} INFO - Sync 1 DAGs
[2024-12-07T09:23:12.168+0000] {logging_mixin.py:190} INFO - [2024-12-07T09:23:12.168+0000] {dag.py:4180} INFO - Setting next_dagrun for example_complex to None, run_after=None
[2024-12-07T09:23:12.180+0000] {processor.py:208} INFO - Processing /home/airflow/.local/lib/python3.12/site-packages/airflow/example_dags/example_complex.py took 0.062 seconds
[2024-12-07T09:23:43.591+0000] {processor.py:186} INFO - Started process (PID=1262) to work on /home/airflow/.local/lib/python3.12/site-packages/airflow/example_dags/example_complex.py
[2024-12-07T09:23:43.592+0000] {processor.py:914} INFO - Processing file /home/airflow/.local/lib/python3.12/site-packages/airflow/example_dags/example_complex.py for tasks to queue
[2024-12-07T09:23:43.593+0000] {logging_mixin.py:190} INFO - [2024-12-07T09:23:43.593+0000] {dagbag.py:588} INFO - Filling up the DagBag from /home/airflow/.local/lib/python3.12/site-packages/airflow/example_dags/example_complex.py
[2024-12-07T09:23:43.602+0000] {processor.py:925} INFO - DAG(s) 'example_complex' retrieved from /home/airflow/.local/lib/python3.12/site-packages/airflow/example_dags/example_complex.py
[2024-12-07T09:23:43.626+0000] {logging_mixin.py:190} INFO - [2024-12-07T09:23:43.625+0000] {dag.py:3239} INFO - Sync 1 DAGs
[2024-12-07T09:23:43.637+0000] {logging_mixin.py:190} INFO - [2024-12-07T09:23:43.637+0000] {dag.py:4180} INFO - Setting next_dagrun for example_complex to None, run_after=None
[2024-12-07T09:23:43.649+0000] {processor.py:208} INFO - Processing /home/airflow/.local/lib/python3.12/site-packages/airflow/example_dags/example_complex.py took 0.062 seconds
[2024-12-07T09:24:14.759+0000] {processor.py:186} INFO - Started process (PID=1332) to work on /home/airflow/.local/lib/python3.12/site-packages/airflow/example_dags/example_complex.py
[2024-12-07T09:24:14.760+0000] {processor.py:914} INFO - Processing file /home/airflow/.local/lib/python3.12/site-packages/airflow/example_dags/example_complex.py for tasks to queue
[2024-12-07T09:24:14.762+0000] {logging_mixin.py:190} INFO - [2024-12-07T09:24:14.762+0000] {dagbag.py:588} INFO - Filling up the DagBag from /home/airflow/.local/lib/python3.12/site-packages/airflow/example_dags/example_complex.py
[2024-12-07T09:24:14.776+0000] {processor.py:925} INFO - DAG(s) 'example_complex' retrieved from /home/airflow/.local/lib/python3.12/site-packages/airflow/example_dags/example_complex.py
[2024-12-07T09:24:14.800+0000] {logging_mixin.py:190} INFO - [2024-12-07T09:24:14.800+0000] {dag.py:3239} INFO - Sync 1 DAGs
[2024-12-07T09:24:14.811+0000] {logging_mixin.py:190} INFO - [2024-12-07T09:24:14.811+0000] {dag.py:4180} INFO - Setting next_dagrun for example_complex to None, run_after=None
[2024-12-07T09:24:14.824+0000] {processor.py:208} INFO - Processing /home/airflow/.local/lib/python3.12/site-packages/airflow/example_dags/example_complex.py took 0.069 seconds
[2024-12-07T09:24:45.944+0000] {processor.py:186} INFO - Started process (PID=1396) to work on /home/airflow/.local/lib/python3.12/site-packages/airflow/example_dags/example_complex.py
[2024-12-07T09:24:45.944+0000] {processor.py:914} INFO - Processing file /home/airflow/.local/lib/python3.12/site-packages/airflow/example_dags/example_complex.py for tasks to queue
[2024-12-07T09:24:45.946+0000] {logging_mixin.py:190} INFO - [2024-12-07T09:24:45.946+0000] {dagbag.py:588} INFO - Filling up the DagBag from /home/airflow/.local/lib/python3.12/site-packages/airflow/example_dags/example_complex.py
[2024-12-07T09:24:45.959+0000] {processor.py:925} INFO - DAG(s) 'example_complex' retrieved from /home/airflow/.local/lib/python3.12/site-packages/airflow/example_dags/example_complex.py
[2024-12-07T09:24:45.989+0000] {logging_mixin.py:190} INFO - [2024-12-07T09:24:45.988+0000] {dag.py:3239} INFO - Sync 1 DAGs
[2024-12-07T09:24:46.002+0000] {logging_mixin.py:190} INFO - [2024-12-07T09:24:46.002+0000] {dag.py:4180} INFO - Setting next_dagrun for example_complex to None, run_after=None
[2024-12-07T09:24:46.015+0000] {processor.py:208} INFO - Processing /home/airflow/.local/lib/python3.12/site-packages/airflow/example_dags/example_complex.py took 0.076 seconds
[2024-12-07T09:25:17.543+0000] {processor.py:186} INFO - Started process (PID=1461) to work on /home/airflow/.local/lib/python3.12/site-packages/airflow/example_dags/example_complex.py
[2024-12-07T09:25:17.544+0000] {processor.py:914} INFO - Processing file /home/airflow/.local/lib/python3.12/site-packages/airflow/example_dags/example_complex.py for tasks to queue
[2024-12-07T09:25:17.545+0000] {logging_mixin.py:190} INFO - [2024-12-07T09:25:17.545+0000] {dagbag.py:588} INFO - Filling up the DagBag from /home/airflow/.local/lib/python3.12/site-packages/airflow/example_dags/example_complex.py
[2024-12-07T09:25:17.555+0000] {processor.py:925} INFO - DAG(s) 'example_complex' retrieved from /home/airflow/.local/lib/python3.12/site-packages/airflow/example_dags/example_complex.py
[2024-12-07T09:25:17.578+0000] {logging_mixin.py:190} INFO - [2024-12-07T09:25:17.577+0000] {dag.py:3239} INFO - Sync 1 DAGs
[2024-12-07T09:25:17.588+0000] {logging_mixin.py:190} INFO - [2024-12-07T09:25:17.588+0000] {dag.py:4180} INFO - Setting next_dagrun for example_complex to None, run_after=None
[2024-12-07T09:25:17.600+0000] {processor.py:208} INFO - Processing /home/airflow/.local/lib/python3.12/site-packages/airflow/example_dags/example_complex.py took 0.061 seconds
[2024-12-07T09:25:48.653+0000] {processor.py:186} INFO - Started process (PID=1525) to work on /home/airflow/.local/lib/python3.12/site-packages/airflow/example_dags/example_complex.py
[2024-12-07T09:25:48.654+0000] {processor.py:914} INFO - Processing file /home/airflow/.local/lib/python3.12/site-packages/airflow/example_dags/example_complex.py for tasks to queue
[2024-12-07T09:25:48.656+0000] {logging_mixin.py:190} INFO - [2024-12-07T09:25:48.656+0000] {dagbag.py:588} INFO - Filling up the DagBag from /home/airflow/.local/lib/python3.12/site-packages/airflow/example_dags/example_complex.py
[2024-12-07T09:25:48.666+0000] {processor.py:925} INFO - DAG(s) 'example_complex' retrieved from /home/airflow/.local/lib/python3.12/site-packages/airflow/example_dags/example_complex.py
[2024-12-07T09:25:48.697+0000] {logging_mixin.py:190} INFO - [2024-12-07T09:25:48.697+0000] {dag.py:3239} INFO - Sync 1 DAGs
[2024-12-07T09:25:48.711+0000] {logging_mixin.py:190} INFO - [2024-12-07T09:25:48.710+0000] {dag.py:4180} INFO - Setting next_dagrun for example_complex to None, run_after=None
[2024-12-07T09:25:48.726+0000] {processor.py:208} INFO - Processing /home/airflow/.local/lib/python3.12/site-packages/airflow/example_dags/example_complex.py took 0.078 seconds
