[2024-12-07T09:14:19.326+0000] {processor.py:186} INFO - Started process (PID=96) to work on /home/airflow/.local/lib/python3.12/site-packages/airflow/example_dags/example_subdag_operator.py
[2024-12-07T09:14:19.326+0000] {processor.py:914} INFO - Processing file /home/airflow/.local/lib/python3.12/site-packages/airflow/example_dags/example_subdag_operator.py for tasks to queue
[2024-12-07T09:14:19.328+0000] {logging_mixin.py:190} INFO - [2024-12-07T09:14:19.328+0000] {dagbag.py:588} INFO - Filling up the DagBag from /home/airflow/.local/lib/python3.12/site-packages/airflow/example_dags/example_subdag_operator.py
[2024-12-07T09:14:19.356+0000] {processor.py:925} INFO - DAG(s) 'example_subdag_operator.section-1', 'example_subdag_operator.section-2', 'example_subdag_operator' retrieved from /home/airflow/.local/lib/python3.12/site-packages/airflow/example_dags/example_subdag_operator.py
[2024-12-07T09:14:19.440+0000] {logging_mixin.py:190} INFO - [2024-12-07T09:14:19.440+0000] {override.py:1911} INFO - Created Permission View: can edit on DAG:example_subdag_operator
[2024-12-07T09:14:19.447+0000] {logging_mixin.py:190} INFO - [2024-12-07T09:14:19.447+0000] {override.py:1911} INFO - Created Permission View: can delete on DAG:example_subdag_operator
[2024-12-07T09:14:19.452+0000] {logging_mixin.py:190} INFO - [2024-12-07T09:14:19.451+0000] {override.py:1911} INFO - Created Permission View: can read on DAG:example_subdag_operator
[2024-12-07T09:14:19.456+0000] {logging_mixin.py:190} INFO - [2024-12-07T09:14:19.456+0000] {override.py:1911} INFO - Created Permission View: can create on DAG Run:example_subdag_operator
[2024-12-07T09:14:19.460+0000] {logging_mixin.py:190} INFO - [2024-12-07T09:14:19.460+0000] {override.py:1911} INFO - Created Permission View: menu access on DAG Run:example_subdag_operator
[2024-12-07T09:14:19.465+0000] {logging_mixin.py:190} INFO - [2024-12-07T09:14:19.465+0000] {override.py:1911} INFO - Created Permission View: can delete on DAG Run:example_subdag_operator
[2024-12-07T09:14:19.471+0000] {logging_mixin.py:190} INFO - [2024-12-07T09:14:19.471+0000] {override.py:1911} INFO - Created Permission View: can read on DAG Run:example_subdag_operator
[2024-12-07T09:14:19.472+0000] {logging_mixin.py:190} INFO - [2024-12-07T09:14:19.472+0000] {dag.py:3239} INFO - Sync 3 DAGs
[2024-12-07T09:14:19.486+0000] {logging_mixin.py:190} INFO - [2024-12-07T09:14:19.486+0000] {dag.py:3262} INFO - Creating ORM DAG for example_subdag_operator.section-2
[2024-12-07T09:14:19.487+0000] {logging_mixin.py:190} INFO - [2024-12-07T09:14:19.487+0000] {dag.py:3262} INFO - Creating ORM DAG for example_subdag_operator
[2024-12-07T09:14:19.488+0000] {logging_mixin.py:190} INFO - [2024-12-07T09:14:19.487+0000] {dag.py:3262} INFO - Creating ORM DAG for example_subdag_operator.section-1
[2024-12-07T09:14:19.501+0000] {logging_mixin.py:190} INFO - [2024-12-07T09:14:19.500+0000] {dag.py:4180} INFO - Setting next_dagrun for example_subdag_operator to 2022-01-01 00:00:00+00:00, run_after=2022-01-01 00:00:00+00:00
[2024-12-07T09:14:19.502+0000] {logging_mixin.py:190} INFO - [2024-12-07T09:14:19.501+0000] {dag.py:4180} INFO - Setting next_dagrun for example_subdag_operator.section-1 to None, run_after=None
[2024-12-07T09:14:19.502+0000] {logging_mixin.py:190} INFO - [2024-12-07T09:14:19.502+0000] {dag.py:4180} INFO - Setting next_dagrun for example_subdag_operator.section-2 to None, run_after=None
[2024-12-07T09:14:19.511+0000] {logging_mixin.py:190} INFO - [2024-12-07T09:14:19.511+0000] {dag.py:3239} INFO - Sync 2 DAGs
[2024-12-07T09:14:19.517+0000] {logging_mixin.py:190} INFO - [2024-12-07T09:14:19.517+0000] {dag.py:4180} INFO - Setting next_dagrun for example_subdag_operator.section-1 to None, run_after=None
[2024-12-07T09:14:19.520+0000] {logging_mixin.py:190} INFO - [2024-12-07T09:14:19.519+0000] {dag.py:4180} INFO - Setting next_dagrun for example_subdag_operator.section-2 to None, run_after=None
[2024-12-07T09:14:19.532+0000] {processor.py:208} INFO - Processing /home/airflow/.local/lib/python3.12/site-packages/airflow/example_dags/example_subdag_operator.py took 0.211 seconds
[2024-12-07T09:14:50.785+0000] {processor.py:186} INFO - Started process (PID=159) to work on /home/airflow/.local/lib/python3.12/site-packages/airflow/example_dags/example_subdag_operator.py
[2024-12-07T09:14:50.785+0000] {processor.py:914} INFO - Processing file /home/airflow/.local/lib/python3.12/site-packages/airflow/example_dags/example_subdag_operator.py for tasks to queue
[2024-12-07T09:14:50.787+0000] {logging_mixin.py:190} INFO - [2024-12-07T09:14:50.787+0000] {dagbag.py:588} INFO - Filling up the DagBag from /home/airflow/.local/lib/python3.12/site-packages/airflow/example_dags/example_subdag_operator.py
[2024-12-07T09:14:50.809+0000] {processor.py:925} INFO - DAG(s) 'example_subdag_operator.section-1', 'example_subdag_operator.section-2', 'example_subdag_operator' retrieved from /home/airflow/.local/lib/python3.12/site-packages/airflow/example_dags/example_subdag_operator.py
[2024-12-07T09:14:50.823+0000] {logging_mixin.py:190} INFO - [2024-12-07T09:14:50.823+0000] {dag.py:3239} INFO - Sync 3 DAGs
[2024-12-07T09:14:50.843+0000] {logging_mixin.py:190} INFO - [2024-12-07T09:14:50.843+0000] {dag.py:4180} INFO - Setting next_dagrun for example_subdag_operator to 2022-01-01 00:00:00+00:00, run_after=2022-01-01 00:00:00+00:00
[2024-12-07T09:14:50.846+0000] {logging_mixin.py:190} INFO - [2024-12-07T09:14:50.846+0000] {dag.py:4180} INFO - Setting next_dagrun for example_subdag_operator.section-1 to None, run_after=None
[2024-12-07T09:14:50.847+0000] {logging_mixin.py:190} INFO - [2024-12-07T09:14:50.847+0000] {dag.py:4180} INFO - Setting next_dagrun for example_subdag_operator.section-2 to None, run_after=None
[2024-12-07T09:14:50.852+0000] {logging_mixin.py:190} INFO - [2024-12-07T09:14:50.852+0000] {dag.py:3239} INFO - Sync 2 DAGs
[2024-12-07T09:14:50.856+0000] {logging_mixin.py:190} INFO - [2024-12-07T09:14:50.856+0000] {dag.py:4180} INFO - Setting next_dagrun for example_subdag_operator.section-1 to None, run_after=None
[2024-12-07T09:14:50.856+0000] {logging_mixin.py:190} INFO - [2024-12-07T09:14:50.856+0000] {dag.py:4180} INFO - Setting next_dagrun for example_subdag_operator.section-2 to None, run_after=None
[2024-12-07T09:14:50.863+0000] {processor.py:208} INFO - Processing /home/airflow/.local/lib/python3.12/site-packages/airflow/example_dags/example_subdag_operator.py took 0.083 seconds
[2024-12-07T09:15:21.932+0000] {processor.py:186} INFO - Started process (PID=222) to work on /home/airflow/.local/lib/python3.12/site-packages/airflow/example_dags/example_subdag_operator.py
[2024-12-07T09:15:21.933+0000] {processor.py:914} INFO - Processing file /home/airflow/.local/lib/python3.12/site-packages/airflow/example_dags/example_subdag_operator.py for tasks to queue
[2024-12-07T09:15:21.934+0000] {logging_mixin.py:190} INFO - [2024-12-07T09:15:21.934+0000] {dagbag.py:588} INFO - Filling up the DagBag from /home/airflow/.local/lib/python3.12/site-packages/airflow/example_dags/example_subdag_operator.py
[2024-12-07T09:15:21.958+0000] {processor.py:925} INFO - DAG(s) 'example_subdag_operator.section-1', 'example_subdag_operator.section-2', 'example_subdag_operator' retrieved from /home/airflow/.local/lib/python3.12/site-packages/airflow/example_dags/example_subdag_operator.py
[2024-12-07T09:15:21.973+0000] {logging_mixin.py:190} INFO - [2024-12-07T09:15:21.973+0000] {dag.py:3239} INFO - Sync 3 DAGs
[2024-12-07T09:15:21.993+0000] {logging_mixin.py:190} INFO - [2024-12-07T09:15:21.993+0000] {dag.py:4180} INFO - Setting next_dagrun for example_subdag_operator to 2022-01-01 00:00:00+00:00, run_after=2022-01-01 00:00:00+00:00
[2024-12-07T09:15:21.997+0000] {logging_mixin.py:190} INFO - [2024-12-07T09:15:21.997+0000] {dag.py:4180} INFO - Setting next_dagrun for example_subdag_operator.section-1 to None, run_after=None
[2024-12-07T09:15:21.998+0000] {logging_mixin.py:190} INFO - [2024-12-07T09:15:21.998+0000] {dag.py:4180} INFO - Setting next_dagrun for example_subdag_operator.section-2 to None, run_after=None
[2024-12-07T09:15:22.004+0000] {logging_mixin.py:190} INFO - [2024-12-07T09:15:22.004+0000] {dag.py:3239} INFO - Sync 2 DAGs
[2024-12-07T09:15:22.009+0000] {logging_mixin.py:190} INFO - [2024-12-07T09:15:22.009+0000] {dag.py:4180} INFO - Setting next_dagrun for example_subdag_operator.section-1 to None, run_after=None
[2024-12-07T09:15:22.009+0000] {logging_mixin.py:190} INFO - [2024-12-07T09:15:22.009+0000] {dag.py:4180} INFO - Setting next_dagrun for example_subdag_operator.section-2 to None, run_after=None
[2024-12-07T09:15:22.018+0000] {processor.py:208} INFO - Processing /home/airflow/.local/lib/python3.12/site-packages/airflow/example_dags/example_subdag_operator.py took 0.091 seconds
[2024-12-07T09:15:53.093+0000] {processor.py:186} INFO - Started process (PID=285) to work on /home/airflow/.local/lib/python3.12/site-packages/airflow/example_dags/example_subdag_operator.py
[2024-12-07T09:15:53.094+0000] {processor.py:914} INFO - Processing file /home/airflow/.local/lib/python3.12/site-packages/airflow/example_dags/example_subdag_operator.py for tasks to queue
[2024-12-07T09:15:53.095+0000] {logging_mixin.py:190} INFO - [2024-12-07T09:15:53.095+0000] {dagbag.py:588} INFO - Filling up the DagBag from /home/airflow/.local/lib/python3.12/site-packages/airflow/example_dags/example_subdag_operator.py
[2024-12-07T09:15:53.120+0000] {processor.py:925} INFO - DAG(s) 'example_subdag_operator.section-1', 'example_subdag_operator.section-2', 'example_subdag_operator' retrieved from /home/airflow/.local/lib/python3.12/site-packages/airflow/example_dags/example_subdag_operator.py
[2024-12-07T09:15:53.135+0000] {logging_mixin.py:190} INFO - [2024-12-07T09:15:53.135+0000] {dag.py:3239} INFO - Sync 3 DAGs
[2024-12-07T09:15:53.154+0000] {logging_mixin.py:190} INFO - [2024-12-07T09:15:53.154+0000] {dag.py:4180} INFO - Setting next_dagrun for example_subdag_operator to 2022-01-01 00:00:00+00:00, run_after=2022-01-01 00:00:00+00:00
[2024-12-07T09:15:53.156+0000] {logging_mixin.py:190} INFO - [2024-12-07T09:15:53.156+0000] {dag.py:4180} INFO - Setting next_dagrun for example_subdag_operator.section-1 to None, run_after=None
[2024-12-07T09:15:53.157+0000] {logging_mixin.py:190} INFO - [2024-12-07T09:15:53.157+0000] {dag.py:4180} INFO - Setting next_dagrun for example_subdag_operator.section-2 to None, run_after=None
[2024-12-07T09:15:53.162+0000] {logging_mixin.py:190} INFO - [2024-12-07T09:15:53.162+0000] {dag.py:3239} INFO - Sync 2 DAGs
[2024-12-07T09:15:53.166+0000] {logging_mixin.py:190} INFO - [2024-12-07T09:15:53.166+0000] {dag.py:4180} INFO - Setting next_dagrun for example_subdag_operator.section-1 to None, run_after=None
[2024-12-07T09:15:53.167+0000] {logging_mixin.py:190} INFO - [2024-12-07T09:15:53.167+0000] {dag.py:4180} INFO - Setting next_dagrun for example_subdag_operator.section-2 to None, run_after=None
[2024-12-07T09:15:53.174+0000] {processor.py:208} INFO - Processing /home/airflow/.local/lib/python3.12/site-packages/airflow/example_dags/example_subdag_operator.py took 0.085 seconds
[2024-12-07T09:16:24.050+0000] {processor.py:186} INFO - Started process (PID=348) to work on /home/airflow/.local/lib/python3.12/site-packages/airflow/example_dags/example_subdag_operator.py
[2024-12-07T09:16:24.050+0000] {processor.py:914} INFO - Processing file /home/airflow/.local/lib/python3.12/site-packages/airflow/example_dags/example_subdag_operator.py for tasks to queue
[2024-12-07T09:16:24.052+0000] {logging_mixin.py:190} INFO - [2024-12-07T09:16:24.052+0000] {dagbag.py:588} INFO - Filling up the DagBag from /home/airflow/.local/lib/python3.12/site-packages/airflow/example_dags/example_subdag_operator.py
[2024-12-07T09:16:24.073+0000] {processor.py:925} INFO - DAG(s) 'example_subdag_operator.section-1', 'example_subdag_operator.section-2', 'example_subdag_operator' retrieved from /home/airflow/.local/lib/python3.12/site-packages/airflow/example_dags/example_subdag_operator.py
[2024-12-07T09:16:24.084+0000] {logging_mixin.py:190} INFO - [2024-12-07T09:16:24.084+0000] {dag.py:3239} INFO - Sync 3 DAGs
[2024-12-07T09:16:24.105+0000] {logging_mixin.py:190} INFO - [2024-12-07T09:16:24.105+0000] {dag.py:4180} INFO - Setting next_dagrun for example_subdag_operator to 2022-01-01 00:00:00+00:00, run_after=2022-01-01 00:00:00+00:00
[2024-12-07T09:16:24.108+0000] {logging_mixin.py:190} INFO - [2024-12-07T09:16:24.108+0000] {dag.py:4180} INFO - Setting next_dagrun for example_subdag_operator.section-1 to None, run_after=None
[2024-12-07T09:16:24.109+0000] {logging_mixin.py:190} INFO - [2024-12-07T09:16:24.109+0000] {dag.py:4180} INFO - Setting next_dagrun for example_subdag_operator.section-2 to None, run_after=None
[2024-12-07T09:16:24.114+0000] {logging_mixin.py:190} INFO - [2024-12-07T09:16:24.114+0000] {dag.py:3239} INFO - Sync 2 DAGs
[2024-12-07T09:16:24.119+0000] {logging_mixin.py:190} INFO - [2024-12-07T09:16:24.119+0000] {dag.py:4180} INFO - Setting next_dagrun for example_subdag_operator.section-1 to None, run_after=None
[2024-12-07T09:16:24.119+0000] {logging_mixin.py:190} INFO - [2024-12-07T09:16:24.119+0000] {dag.py:4180} INFO - Setting next_dagrun for example_subdag_operator.section-2 to None, run_after=None
[2024-12-07T09:16:24.127+0000] {processor.py:208} INFO - Processing /home/airflow/.local/lib/python3.12/site-packages/airflow/example_dags/example_subdag_operator.py took 0.081 seconds
[2024-12-07T09:16:55.319+0000] {processor.py:186} INFO - Started process (PID=412) to work on /home/airflow/.local/lib/python3.12/site-packages/airflow/example_dags/example_subdag_operator.py
[2024-12-07T09:16:55.320+0000] {processor.py:914} INFO - Processing file /home/airflow/.local/lib/python3.12/site-packages/airflow/example_dags/example_subdag_operator.py for tasks to queue
[2024-12-07T09:16:55.322+0000] {logging_mixin.py:190} INFO - [2024-12-07T09:16:55.322+0000] {dagbag.py:588} INFO - Filling up the DagBag from /home/airflow/.local/lib/python3.12/site-packages/airflow/example_dags/example_subdag_operator.py
[2024-12-07T09:16:55.344+0000] {processor.py:925} INFO - DAG(s) 'example_subdag_operator.section-1', 'example_subdag_operator.section-2', 'example_subdag_operator' retrieved from /home/airflow/.local/lib/python3.12/site-packages/airflow/example_dags/example_subdag_operator.py
[2024-12-07T09:16:55.361+0000] {logging_mixin.py:190} INFO - [2024-12-07T09:16:55.361+0000] {dag.py:3239} INFO - Sync 3 DAGs
[2024-12-07T09:16:55.385+0000] {logging_mixin.py:190} INFO - [2024-12-07T09:16:55.385+0000] {dag.py:4180} INFO - Setting next_dagrun for example_subdag_operator to 2022-01-01 00:00:00+00:00, run_after=2022-01-01 00:00:00+00:00
[2024-12-07T09:16:55.388+0000] {logging_mixin.py:190} INFO - [2024-12-07T09:16:55.388+0000] {dag.py:4180} INFO - Setting next_dagrun for example_subdag_operator.section-1 to None, run_after=None
[2024-12-07T09:16:55.390+0000] {logging_mixin.py:190} INFO - [2024-12-07T09:16:55.390+0000] {dag.py:4180} INFO - Setting next_dagrun for example_subdag_operator.section-2 to None, run_after=None
[2024-12-07T09:16:55.396+0000] {logging_mixin.py:190} INFO - [2024-12-07T09:16:55.396+0000] {dag.py:3239} INFO - Sync 2 DAGs
[2024-12-07T09:16:55.401+0000] {logging_mixin.py:190} INFO - [2024-12-07T09:16:55.401+0000] {dag.py:4180} INFO - Setting next_dagrun for example_subdag_operator.section-1 to None, run_after=None
[2024-12-07T09:16:55.401+0000] {logging_mixin.py:190} INFO - [2024-12-07T09:16:55.401+0000] {dag.py:4180} INFO - Setting next_dagrun for example_subdag_operator.section-2 to None, run_after=None
[2024-12-07T09:16:55.410+0000] {processor.py:208} INFO - Processing /home/airflow/.local/lib/python3.12/site-packages/airflow/example_dags/example_subdag_operator.py took 0.097 seconds
[2024-12-07T09:17:26.726+0000] {processor.py:186} INFO - Started process (PID=475) to work on /home/airflow/.local/lib/python3.12/site-packages/airflow/example_dags/example_subdag_operator.py
[2024-12-07T09:17:26.727+0000] {processor.py:914} INFO - Processing file /home/airflow/.local/lib/python3.12/site-packages/airflow/example_dags/example_subdag_operator.py for tasks to queue
[2024-12-07T09:17:26.728+0000] {logging_mixin.py:190} INFO - [2024-12-07T09:17:26.728+0000] {dagbag.py:588} INFO - Filling up the DagBag from /home/airflow/.local/lib/python3.12/site-packages/airflow/example_dags/example_subdag_operator.py
[2024-12-07T09:17:26.750+0000] {processor.py:925} INFO - DAG(s) 'example_subdag_operator.section-1', 'example_subdag_operator.section-2', 'example_subdag_operator' retrieved from /home/airflow/.local/lib/python3.12/site-packages/airflow/example_dags/example_subdag_operator.py
[2024-12-07T09:17:26.761+0000] {logging_mixin.py:190} INFO - [2024-12-07T09:17:26.761+0000] {dag.py:3239} INFO - Sync 3 DAGs
[2024-12-07T09:17:26.778+0000] {logging_mixin.py:190} INFO - [2024-12-07T09:17:26.778+0000] {dag.py:4180} INFO - Setting next_dagrun for example_subdag_operator to 2022-01-01 00:00:00+00:00, run_after=2022-01-01 00:00:00+00:00
[2024-12-07T09:17:26.781+0000] {logging_mixin.py:190} INFO - [2024-12-07T09:17:26.781+0000] {dag.py:4180} INFO - Setting next_dagrun for example_subdag_operator.section-1 to None, run_after=None
[2024-12-07T09:17:26.782+0000] {logging_mixin.py:190} INFO - [2024-12-07T09:17:26.782+0000] {dag.py:4180} INFO - Setting next_dagrun for example_subdag_operator.section-2 to None, run_after=None
[2024-12-07T09:17:26.787+0000] {logging_mixin.py:190} INFO - [2024-12-07T09:17:26.787+0000] {dag.py:3239} INFO - Sync 2 DAGs
[2024-12-07T09:17:26.791+0000] {logging_mixin.py:190} INFO - [2024-12-07T09:17:26.791+0000] {dag.py:4180} INFO - Setting next_dagrun for example_subdag_operator.section-1 to None, run_after=None
[2024-12-07T09:17:26.792+0000] {logging_mixin.py:190} INFO - [2024-12-07T09:17:26.791+0000] {dag.py:4180} INFO - Setting next_dagrun for example_subdag_operator.section-2 to None, run_after=None
[2024-12-07T09:17:26.799+0000] {processor.py:208} INFO - Processing /home/airflow/.local/lib/python3.12/site-packages/airflow/example_dags/example_subdag_operator.py took 0.077 seconds
[2024-12-07T09:17:58.029+0000] {processor.py:186} INFO - Started process (PID=539) to work on /home/airflow/.local/lib/python3.12/site-packages/airflow/example_dags/example_subdag_operator.py
[2024-12-07T09:17:58.030+0000] {processor.py:914} INFO - Processing file /home/airflow/.local/lib/python3.12/site-packages/airflow/example_dags/example_subdag_operator.py for tasks to queue
[2024-12-07T09:17:58.032+0000] {logging_mixin.py:190} INFO - [2024-12-07T09:17:58.032+0000] {dagbag.py:588} INFO - Filling up the DagBag from /home/airflow/.local/lib/python3.12/site-packages/airflow/example_dags/example_subdag_operator.py
[2024-12-07T09:17:58.052+0000] {processor.py:925} INFO - DAG(s) 'example_subdag_operator.section-1', 'example_subdag_operator.section-2', 'example_subdag_operator' retrieved from /home/airflow/.local/lib/python3.12/site-packages/airflow/example_dags/example_subdag_operator.py
[2024-12-07T09:17:58.063+0000] {logging_mixin.py:190} INFO - [2024-12-07T09:17:58.063+0000] {dag.py:3239} INFO - Sync 3 DAGs
[2024-12-07T09:17:58.081+0000] {logging_mixin.py:190} INFO - [2024-12-07T09:17:58.081+0000] {dag.py:4180} INFO - Setting next_dagrun for example_subdag_operator to 2022-01-01 00:00:00+00:00, run_after=2022-01-01 00:00:00+00:00
[2024-12-07T09:17:58.084+0000] {logging_mixin.py:190} INFO - [2024-12-07T09:17:58.083+0000] {dag.py:4180} INFO - Setting next_dagrun for example_subdag_operator.section-1 to None, run_after=None
[2024-12-07T09:17:58.085+0000] {logging_mixin.py:190} INFO - [2024-12-07T09:17:58.084+0000] {dag.py:4180} INFO - Setting next_dagrun for example_subdag_operator.section-2 to None, run_after=None
[2024-12-07T09:17:58.089+0000] {logging_mixin.py:190} INFO - [2024-12-07T09:17:58.089+0000] {dag.py:3239} INFO - Sync 2 DAGs
[2024-12-07T09:17:58.094+0000] {logging_mixin.py:190} INFO - [2024-12-07T09:17:58.094+0000] {dag.py:4180} INFO - Setting next_dagrun for example_subdag_operator.section-1 to None, run_after=None
[2024-12-07T09:17:58.094+0000] {logging_mixin.py:190} INFO - [2024-12-07T09:17:58.094+0000] {dag.py:4180} INFO - Setting next_dagrun for example_subdag_operator.section-2 to None, run_after=None
[2024-12-07T09:17:58.101+0000] {processor.py:208} INFO - Processing /home/airflow/.local/lib/python3.12/site-packages/airflow/example_dags/example_subdag_operator.py took 0.076 seconds
[2024-12-07T09:18:29.464+0000] {processor.py:186} INFO - Started process (PID=602) to work on /home/airflow/.local/lib/python3.12/site-packages/airflow/example_dags/example_subdag_operator.py
[2024-12-07T09:18:29.464+0000] {processor.py:914} INFO - Processing file /home/airflow/.local/lib/python3.12/site-packages/airflow/example_dags/example_subdag_operator.py for tasks to queue
[2024-12-07T09:18:29.466+0000] {logging_mixin.py:190} INFO - [2024-12-07T09:18:29.466+0000] {dagbag.py:588} INFO - Filling up the DagBag from /home/airflow/.local/lib/python3.12/site-packages/airflow/example_dags/example_subdag_operator.py
[2024-12-07T09:18:29.487+0000] {processor.py:925} INFO - DAG(s) 'example_subdag_operator.section-1', 'example_subdag_operator.section-2', 'example_subdag_operator' retrieved from /home/airflow/.local/lib/python3.12/site-packages/airflow/example_dags/example_subdag_operator.py
[2024-12-07T09:18:29.501+0000] {logging_mixin.py:190} INFO - [2024-12-07T09:18:29.501+0000] {dag.py:3239} INFO - Sync 3 DAGs
[2024-12-07T09:18:29.520+0000] {logging_mixin.py:190} INFO - [2024-12-07T09:18:29.520+0000] {dag.py:4180} INFO - Setting next_dagrun for example_subdag_operator to 2022-01-01 00:00:00+00:00, run_after=2022-01-01 00:00:00+00:00
[2024-12-07T09:18:29.523+0000] {logging_mixin.py:190} INFO - [2024-12-07T09:18:29.523+0000] {dag.py:4180} INFO - Setting next_dagrun for example_subdag_operator.section-1 to None, run_after=None
[2024-12-07T09:18:29.524+0000] {logging_mixin.py:190} INFO - [2024-12-07T09:18:29.524+0000] {dag.py:4180} INFO - Setting next_dagrun for example_subdag_operator.section-2 to None, run_after=None
[2024-12-07T09:18:29.529+0000] {logging_mixin.py:190} INFO - [2024-12-07T09:18:29.529+0000] {dag.py:3239} INFO - Sync 2 DAGs
[2024-12-07T09:18:29.534+0000] {logging_mixin.py:190} INFO - [2024-12-07T09:18:29.534+0000] {dag.py:4180} INFO - Setting next_dagrun for example_subdag_operator.section-1 to None, run_after=None
[2024-12-07T09:18:29.534+0000] {logging_mixin.py:190} INFO - [2024-12-07T09:18:29.534+0000] {dag.py:4180} INFO - Setting next_dagrun for example_subdag_operator.section-2 to None, run_after=None
[2024-12-07T09:18:29.543+0000] {processor.py:208} INFO - Processing /home/airflow/.local/lib/python3.12/site-packages/airflow/example_dags/example_subdag_operator.py took 0.083 seconds
[2024-12-07T09:19:00.937+0000] {processor.py:186} INFO - Started process (PID=665) to work on /home/airflow/.local/lib/python3.12/site-packages/airflow/example_dags/example_subdag_operator.py
[2024-12-07T09:19:00.938+0000] {processor.py:914} INFO - Processing file /home/airflow/.local/lib/python3.12/site-packages/airflow/example_dags/example_subdag_operator.py for tasks to queue
[2024-12-07T09:19:00.940+0000] {logging_mixin.py:190} INFO - [2024-12-07T09:19:00.939+0000] {dagbag.py:588} INFO - Filling up the DagBag from /home/airflow/.local/lib/python3.12/site-packages/airflow/example_dags/example_subdag_operator.py
[2024-12-07T09:19:00.960+0000] {processor.py:925} INFO - DAG(s) 'example_subdag_operator.section-1', 'example_subdag_operator.section-2', 'example_subdag_operator' retrieved from /home/airflow/.local/lib/python3.12/site-packages/airflow/example_dags/example_subdag_operator.py
[2024-12-07T09:19:00.973+0000] {logging_mixin.py:190} INFO - [2024-12-07T09:19:00.972+0000] {dag.py:3239} INFO - Sync 3 DAGs
[2024-12-07T09:19:00.991+0000] {logging_mixin.py:190} INFO - [2024-12-07T09:19:00.991+0000] {dag.py:4180} INFO - Setting next_dagrun for example_subdag_operator to 2022-01-01 00:00:00+00:00, run_after=2022-01-01 00:00:00+00:00
[2024-12-07T09:19:00.994+0000] {logging_mixin.py:190} INFO - [2024-12-07T09:19:00.994+0000] {dag.py:4180} INFO - Setting next_dagrun for example_subdag_operator.section-1 to None, run_after=None
[2024-12-07T09:19:00.995+0000] {logging_mixin.py:190} INFO - [2024-12-07T09:19:00.994+0000] {dag.py:4180} INFO - Setting next_dagrun for example_subdag_operator.section-2 to None, run_after=None
[2024-12-07T09:19:01.000+0000] {logging_mixin.py:190} INFO - [2024-12-07T09:19:01.000+0000] {dag.py:3239} INFO - Sync 2 DAGs
[2024-12-07T09:19:01.004+0000] {logging_mixin.py:190} INFO - [2024-12-07T09:19:01.004+0000] {dag.py:4180} INFO - Setting next_dagrun for example_subdag_operator.section-1 to None, run_after=None
[2024-12-07T09:19:01.004+0000] {logging_mixin.py:190} INFO - [2024-12-07T09:19:01.004+0000] {dag.py:4180} INFO - Setting next_dagrun for example_subdag_operator.section-2 to None, run_after=None
[2024-12-07T09:19:01.013+0000] {processor.py:208} INFO - Processing /home/airflow/.local/lib/python3.12/site-packages/airflow/example_dags/example_subdag_operator.py took 0.080 seconds
[2024-12-07T09:19:32.063+0000] {processor.py:186} INFO - Started process (PID=730) to work on /home/airflow/.local/lib/python3.12/site-packages/airflow/example_dags/example_subdag_operator.py
[2024-12-07T09:19:32.063+0000] {processor.py:914} INFO - Processing file /home/airflow/.local/lib/python3.12/site-packages/airflow/example_dags/example_subdag_operator.py for tasks to queue
[2024-12-07T09:19:32.065+0000] {logging_mixin.py:190} INFO - [2024-12-07T09:19:32.065+0000] {dagbag.py:588} INFO - Filling up the DagBag from /home/airflow/.local/lib/python3.12/site-packages/airflow/example_dags/example_subdag_operator.py
[2024-12-07T09:19:32.094+0000] {processor.py:925} INFO - DAG(s) 'example_subdag_operator.section-1', 'example_subdag_operator.section-2', 'example_subdag_operator' retrieved from /home/airflow/.local/lib/python3.12/site-packages/airflow/example_dags/example_subdag_operator.py
[2024-12-07T09:19:32.111+0000] {logging_mixin.py:190} INFO - [2024-12-07T09:19:32.111+0000] {dag.py:3239} INFO - Sync 3 DAGs
[2024-12-07T09:19:32.137+0000] {logging_mixin.py:190} INFO - [2024-12-07T09:19:32.137+0000] {dag.py:4180} INFO - Setting next_dagrun for example_subdag_operator to 2022-01-01 00:00:00+00:00, run_after=2022-01-01 00:00:00+00:00
[2024-12-07T09:19:32.141+0000] {logging_mixin.py:190} INFO - [2024-12-07T09:19:32.141+0000] {dag.py:4180} INFO - Setting next_dagrun for example_subdag_operator.section-1 to None, run_after=None
[2024-12-07T09:19:32.142+0000] {logging_mixin.py:190} INFO - [2024-12-07T09:19:32.142+0000] {dag.py:4180} INFO - Setting next_dagrun for example_subdag_operator.section-2 to None, run_after=None
[2024-12-07T09:19:32.147+0000] {logging_mixin.py:190} INFO - [2024-12-07T09:19:32.147+0000] {dag.py:3239} INFO - Sync 2 DAGs
[2024-12-07T09:19:32.151+0000] {logging_mixin.py:190} INFO - [2024-12-07T09:19:32.151+0000] {dag.py:4180} INFO - Setting next_dagrun for example_subdag_operator.section-1 to None, run_after=None
[2024-12-07T09:19:32.152+0000] {logging_mixin.py:190} INFO - [2024-12-07T09:19:32.152+0000] {dag.py:4180} INFO - Setting next_dagrun for example_subdag_operator.section-2 to None, run_after=None
[2024-12-07T09:19:32.159+0000] {processor.py:208} INFO - Processing /home/airflow/.local/lib/python3.12/site-packages/airflow/example_dags/example_subdag_operator.py took 0.103 seconds
[2024-12-07T09:20:03.508+0000] {processor.py:186} INFO - Started process (PID=794) to work on /home/airflow/.local/lib/python3.12/site-packages/airflow/example_dags/example_subdag_operator.py
[2024-12-07T09:20:03.509+0000] {processor.py:914} INFO - Processing file /home/airflow/.local/lib/python3.12/site-packages/airflow/example_dags/example_subdag_operator.py for tasks to queue
[2024-12-07T09:20:03.510+0000] {logging_mixin.py:190} INFO - [2024-12-07T09:20:03.510+0000] {dagbag.py:588} INFO - Filling up the DagBag from /home/airflow/.local/lib/python3.12/site-packages/airflow/example_dags/example_subdag_operator.py
[2024-12-07T09:20:03.533+0000] {processor.py:925} INFO - DAG(s) 'example_subdag_operator.section-1', 'example_subdag_operator.section-2', 'example_subdag_operator' retrieved from /home/airflow/.local/lib/python3.12/site-packages/airflow/example_dags/example_subdag_operator.py
[2024-12-07T09:20:03.548+0000] {logging_mixin.py:190} INFO - [2024-12-07T09:20:03.548+0000] {dag.py:3239} INFO - Sync 3 DAGs
[2024-12-07T09:20:03.574+0000] {logging_mixin.py:190} INFO - [2024-12-07T09:20:03.574+0000] {dag.py:4180} INFO - Setting next_dagrun for example_subdag_operator to 2022-01-01 00:00:00+00:00, run_after=2022-01-01 00:00:00+00:00
[2024-12-07T09:20:03.578+0000] {logging_mixin.py:190} INFO - [2024-12-07T09:20:03.578+0000] {dag.py:4180} INFO - Setting next_dagrun for example_subdag_operator.section-1 to None, run_after=None
[2024-12-07T09:20:03.579+0000] {logging_mixin.py:190} INFO - [2024-12-07T09:20:03.579+0000] {dag.py:4180} INFO - Setting next_dagrun for example_subdag_operator.section-2 to None, run_after=None
[2024-12-07T09:20:03.586+0000] {logging_mixin.py:190} INFO - [2024-12-07T09:20:03.586+0000] {dag.py:3239} INFO - Sync 2 DAGs
[2024-12-07T09:20:03.591+0000] {logging_mixin.py:190} INFO - [2024-12-07T09:20:03.591+0000] {dag.py:4180} INFO - Setting next_dagrun for example_subdag_operator.section-1 to None, run_after=None
[2024-12-07T09:20:03.592+0000] {logging_mixin.py:190} INFO - [2024-12-07T09:20:03.591+0000] {dag.py:4180} INFO - Setting next_dagrun for example_subdag_operator.section-2 to None, run_after=None
[2024-12-07T09:20:03.602+0000] {processor.py:208} INFO - Processing /home/airflow/.local/lib/python3.12/site-packages/airflow/example_dags/example_subdag_operator.py took 0.099 seconds
[2024-12-07T09:20:34.972+0000] {processor.py:186} INFO - Started process (PID=859) to work on /home/airflow/.local/lib/python3.12/site-packages/airflow/example_dags/example_subdag_operator.py
[2024-12-07T09:20:34.972+0000] {processor.py:914} INFO - Processing file /home/airflow/.local/lib/python3.12/site-packages/airflow/example_dags/example_subdag_operator.py for tasks to queue
[2024-12-07T09:20:34.975+0000] {logging_mixin.py:190} INFO - [2024-12-07T09:20:34.975+0000] {dagbag.py:588} INFO - Filling up the DagBag from /home/airflow/.local/lib/python3.12/site-packages/airflow/example_dags/example_subdag_operator.py
[2024-12-07T09:20:35.002+0000] {processor.py:925} INFO - DAG(s) 'example_subdag_operator.section-1', 'example_subdag_operator.section-2', 'example_subdag_operator' retrieved from /home/airflow/.local/lib/python3.12/site-packages/airflow/example_dags/example_subdag_operator.py
[2024-12-07T09:20:35.015+0000] {logging_mixin.py:190} INFO - [2024-12-07T09:20:35.014+0000] {dag.py:3239} INFO - Sync 3 DAGs
[2024-12-07T09:20:35.036+0000] {logging_mixin.py:190} INFO - [2024-12-07T09:20:35.036+0000] {dag.py:4180} INFO - Setting next_dagrun for example_subdag_operator to 2022-01-01 00:00:00+00:00, run_after=2022-01-01 00:00:00+00:00
[2024-12-07T09:20:35.039+0000] {logging_mixin.py:190} INFO - [2024-12-07T09:20:35.039+0000] {dag.py:4180} INFO - Setting next_dagrun for example_subdag_operator.section-1 to None, run_after=None
[2024-12-07T09:20:35.040+0000] {logging_mixin.py:190} INFO - [2024-12-07T09:20:35.040+0000] {dag.py:4180} INFO - Setting next_dagrun for example_subdag_operator.section-2 to None, run_after=None
[2024-12-07T09:20:35.045+0000] {logging_mixin.py:190} INFO - [2024-12-07T09:20:35.045+0000] {dag.py:3239} INFO - Sync 2 DAGs
[2024-12-07T09:20:35.049+0000] {logging_mixin.py:190} INFO - [2024-12-07T09:20:35.049+0000] {dag.py:4180} INFO - Setting next_dagrun for example_subdag_operator.section-1 to None, run_after=None
[2024-12-07T09:20:35.049+0000] {logging_mixin.py:190} INFO - [2024-12-07T09:20:35.049+0000] {dag.py:4180} INFO - Setting next_dagrun for example_subdag_operator.section-2 to None, run_after=None
[2024-12-07T09:20:35.057+0000] {processor.py:208} INFO - Processing /home/airflow/.local/lib/python3.12/site-packages/airflow/example_dags/example_subdag_operator.py took 0.091 seconds
[2024-12-07T09:21:06.167+0000] {processor.py:186} INFO - Started process (PID=923) to work on /home/airflow/.local/lib/python3.12/site-packages/airflow/example_dags/example_subdag_operator.py
[2024-12-07T09:21:06.168+0000] {processor.py:914} INFO - Processing file /home/airflow/.local/lib/python3.12/site-packages/airflow/example_dags/example_subdag_operator.py for tasks to queue
[2024-12-07T09:21:06.169+0000] {logging_mixin.py:190} INFO - [2024-12-07T09:21:06.169+0000] {dagbag.py:588} INFO - Filling up the DagBag from /home/airflow/.local/lib/python3.12/site-packages/airflow/example_dags/example_subdag_operator.py
[2024-12-07T09:21:06.189+0000] {processor.py:925} INFO - DAG(s) 'example_subdag_operator.section-1', 'example_subdag_operator.section-2', 'example_subdag_operator' retrieved from /home/airflow/.local/lib/python3.12/site-packages/airflow/example_dags/example_subdag_operator.py
[2024-12-07T09:21:06.204+0000] {logging_mixin.py:190} INFO - [2024-12-07T09:21:06.204+0000] {dag.py:3239} INFO - Sync 3 DAGs
[2024-12-07T09:21:06.221+0000] {logging_mixin.py:190} INFO - [2024-12-07T09:21:06.221+0000] {dag.py:4180} INFO - Setting next_dagrun for example_subdag_operator to 2022-01-01 00:00:00+00:00, run_after=2022-01-01 00:00:00+00:00
[2024-12-07T09:21:06.224+0000] {logging_mixin.py:190} INFO - [2024-12-07T09:21:06.224+0000] {dag.py:4180} INFO - Setting next_dagrun for example_subdag_operator.section-1 to None, run_after=None
[2024-12-07T09:21:06.225+0000] {logging_mixin.py:190} INFO - [2024-12-07T09:21:06.225+0000] {dag.py:4180} INFO - Setting next_dagrun for example_subdag_operator.section-2 to None, run_after=None
[2024-12-07T09:21:06.230+0000] {logging_mixin.py:190} INFO - [2024-12-07T09:21:06.230+0000] {dag.py:3239} INFO - Sync 2 DAGs
[2024-12-07T09:21:06.233+0000] {logging_mixin.py:190} INFO - [2024-12-07T09:21:06.233+0000] {dag.py:4180} INFO - Setting next_dagrun for example_subdag_operator.section-1 to None, run_after=None
[2024-12-07T09:21:06.234+0000] {logging_mixin.py:190} INFO - [2024-12-07T09:21:06.234+0000] {dag.py:4180} INFO - Setting next_dagrun for example_subdag_operator.section-2 to None, run_after=None
[2024-12-07T09:21:06.241+0000] {processor.py:208} INFO - Processing /home/airflow/.local/lib/python3.12/site-packages/airflow/example_dags/example_subdag_operator.py took 0.078 seconds
[2024-12-07T09:21:37.211+0000] {processor.py:186} INFO - Started process (PID=987) to work on /home/airflow/.local/lib/python3.12/site-packages/airflow/example_dags/example_subdag_operator.py
[2024-12-07T09:21:37.212+0000] {processor.py:914} INFO - Processing file /home/airflow/.local/lib/python3.12/site-packages/airflow/example_dags/example_subdag_operator.py for tasks to queue
[2024-12-07T09:21:37.214+0000] {logging_mixin.py:190} INFO - [2024-12-07T09:21:37.213+0000] {dagbag.py:588} INFO - Filling up the DagBag from /home/airflow/.local/lib/python3.12/site-packages/airflow/example_dags/example_subdag_operator.py
[2024-12-07T09:21:37.234+0000] {processor.py:925} INFO - DAG(s) 'example_subdag_operator.section-1', 'example_subdag_operator.section-2', 'example_subdag_operator' retrieved from /home/airflow/.local/lib/python3.12/site-packages/airflow/example_dags/example_subdag_operator.py
[2024-12-07T09:21:37.247+0000] {logging_mixin.py:190} INFO - [2024-12-07T09:21:37.247+0000] {dag.py:3239} INFO - Sync 3 DAGs
[2024-12-07T09:21:37.266+0000] {logging_mixin.py:190} INFO - [2024-12-07T09:21:37.265+0000] {dag.py:4180} INFO - Setting next_dagrun for example_subdag_operator to 2022-01-01 00:00:00+00:00, run_after=2022-01-01 00:00:00+00:00
[2024-12-07T09:21:37.268+0000] {logging_mixin.py:190} INFO - [2024-12-07T09:21:37.268+0000] {dag.py:4180} INFO - Setting next_dagrun for example_subdag_operator.section-1 to None, run_after=None
[2024-12-07T09:21:37.269+0000] {logging_mixin.py:190} INFO - [2024-12-07T09:21:37.269+0000] {dag.py:4180} INFO - Setting next_dagrun for example_subdag_operator.section-2 to None, run_after=None
[2024-12-07T09:21:37.275+0000] {logging_mixin.py:190} INFO - [2024-12-07T09:21:37.274+0000] {dag.py:3239} INFO - Sync 2 DAGs
[2024-12-07T09:21:37.279+0000] {logging_mixin.py:190} INFO - [2024-12-07T09:21:37.279+0000] {dag.py:4180} INFO - Setting next_dagrun for example_subdag_operator.section-1 to None, run_after=None
[2024-12-07T09:21:37.279+0000] {logging_mixin.py:190} INFO - [2024-12-07T09:21:37.279+0000] {dag.py:4180} INFO - Setting next_dagrun for example_subdag_operator.section-2 to None, run_after=None
[2024-12-07T09:21:37.288+0000] {processor.py:208} INFO - Processing /home/airflow/.local/lib/python3.12/site-packages/airflow/example_dags/example_subdag_operator.py took 0.081 seconds
[2024-12-07T09:22:08.483+0000] {processor.py:186} INFO - Started process (PID=1051) to work on /home/airflow/.local/lib/python3.12/site-packages/airflow/example_dags/example_subdag_operator.py
[2024-12-07T09:22:08.483+0000] {processor.py:914} INFO - Processing file /home/airflow/.local/lib/python3.12/site-packages/airflow/example_dags/example_subdag_operator.py for tasks to queue
[2024-12-07T09:22:08.485+0000] {logging_mixin.py:190} INFO - [2024-12-07T09:22:08.485+0000] {dagbag.py:588} INFO - Filling up the DagBag from /home/airflow/.local/lib/python3.12/site-packages/airflow/example_dags/example_subdag_operator.py
[2024-12-07T09:22:08.505+0000] {processor.py:925} INFO - DAG(s) 'example_subdag_operator.section-1', 'example_subdag_operator.section-2', 'example_subdag_operator' retrieved from /home/airflow/.local/lib/python3.12/site-packages/airflow/example_dags/example_subdag_operator.py
[2024-12-07T09:22:08.516+0000] {logging_mixin.py:190} INFO - [2024-12-07T09:22:08.516+0000] {dag.py:3239} INFO - Sync 3 DAGs
[2024-12-07T09:22:08.538+0000] {logging_mixin.py:190} INFO - [2024-12-07T09:22:08.538+0000] {dag.py:4180} INFO - Setting next_dagrun for example_subdag_operator to 2022-01-01 00:00:00+00:00, run_after=2022-01-01 00:00:00+00:00
[2024-12-07T09:22:08.542+0000] {logging_mixin.py:190} INFO - [2024-12-07T09:22:08.541+0000] {dag.py:4180} INFO - Setting next_dagrun for example_subdag_operator.section-1 to None, run_after=None
[2024-12-07T09:22:08.543+0000] {logging_mixin.py:190} INFO - [2024-12-07T09:22:08.542+0000] {dag.py:4180} INFO - Setting next_dagrun for example_subdag_operator.section-2 to None, run_after=None
[2024-12-07T09:22:08.548+0000] {logging_mixin.py:190} INFO - [2024-12-07T09:22:08.548+0000] {dag.py:3239} INFO - Sync 2 DAGs
[2024-12-07T09:22:08.553+0000] {logging_mixin.py:190} INFO - [2024-12-07T09:22:08.552+0000] {dag.py:4180} INFO - Setting next_dagrun for example_subdag_operator.section-1 to None, run_after=None
[2024-12-07T09:22:08.553+0000] {logging_mixin.py:190} INFO - [2024-12-07T09:22:08.553+0000] {dag.py:4180} INFO - Setting next_dagrun for example_subdag_operator.section-2 to None, run_after=None
[2024-12-07T09:22:08.560+0000] {processor.py:208} INFO - Processing /home/airflow/.local/lib/python3.12/site-packages/airflow/example_dags/example_subdag_operator.py took 0.082 seconds
[2024-12-07T09:22:39.534+0000] {processor.py:186} INFO - Started process (PID=1115) to work on /home/airflow/.local/lib/python3.12/site-packages/airflow/example_dags/example_subdag_operator.py
[2024-12-07T09:22:39.535+0000] {processor.py:914} INFO - Processing file /home/airflow/.local/lib/python3.12/site-packages/airflow/example_dags/example_subdag_operator.py for tasks to queue
[2024-12-07T09:22:39.536+0000] {logging_mixin.py:190} INFO - [2024-12-07T09:22:39.536+0000] {dagbag.py:588} INFO - Filling up the DagBag from /home/airflow/.local/lib/python3.12/site-packages/airflow/example_dags/example_subdag_operator.py
[2024-12-07T09:22:39.559+0000] {processor.py:925} INFO - DAG(s) 'example_subdag_operator.section-1', 'example_subdag_operator.section-2', 'example_subdag_operator' retrieved from /home/airflow/.local/lib/python3.12/site-packages/airflow/example_dags/example_subdag_operator.py
[2024-12-07T09:22:39.570+0000] {logging_mixin.py:190} INFO - [2024-12-07T09:22:39.570+0000] {dag.py:3239} INFO - Sync 3 DAGs
[2024-12-07T09:22:39.591+0000] {logging_mixin.py:190} INFO - [2024-12-07T09:22:39.590+0000] {dag.py:4180} INFO - Setting next_dagrun for example_subdag_operator to 2022-01-01 00:00:00+00:00, run_after=2022-01-01 00:00:00+00:00
[2024-12-07T09:22:39.593+0000] {logging_mixin.py:190} INFO - [2024-12-07T09:22:39.593+0000] {dag.py:4180} INFO - Setting next_dagrun for example_subdag_operator.section-1 to None, run_after=None
[2024-12-07T09:22:39.594+0000] {logging_mixin.py:190} INFO - [2024-12-07T09:22:39.594+0000] {dag.py:4180} INFO - Setting next_dagrun for example_subdag_operator.section-2 to None, run_after=None
[2024-12-07T09:22:39.599+0000] {logging_mixin.py:190} INFO - [2024-12-07T09:22:39.599+0000] {dag.py:3239} INFO - Sync 2 DAGs
[2024-12-07T09:22:39.603+0000] {logging_mixin.py:190} INFO - [2024-12-07T09:22:39.603+0000] {dag.py:4180} INFO - Setting next_dagrun for example_subdag_operator.section-1 to None, run_after=None
[2024-12-07T09:22:39.603+0000] {logging_mixin.py:190} INFO - [2024-12-07T09:22:39.603+0000] {dag.py:4180} INFO - Setting next_dagrun for example_subdag_operator.section-2 to None, run_after=None
[2024-12-07T09:22:39.611+0000] {processor.py:208} INFO - Processing /home/airflow/.local/lib/python3.12/site-packages/airflow/example_dags/example_subdag_operator.py took 0.081 seconds
[2024-12-07T09:23:10.993+0000] {processor.py:186} INFO - Started process (PID=1179) to work on /home/airflow/.local/lib/python3.12/site-packages/airflow/example_dags/example_subdag_operator.py
[2024-12-07T09:23:10.994+0000] {processor.py:914} INFO - Processing file /home/airflow/.local/lib/python3.12/site-packages/airflow/example_dags/example_subdag_operator.py for tasks to queue
[2024-12-07T09:23:10.996+0000] {logging_mixin.py:190} INFO - [2024-12-07T09:23:10.995+0000] {dagbag.py:588} INFO - Filling up the DagBag from /home/airflow/.local/lib/python3.12/site-packages/airflow/example_dags/example_subdag_operator.py
[2024-12-07T09:23:11.017+0000] {processor.py:925} INFO - DAG(s) 'example_subdag_operator.section-1', 'example_subdag_operator.section-2', 'example_subdag_operator' retrieved from /home/airflow/.local/lib/python3.12/site-packages/airflow/example_dags/example_subdag_operator.py
[2024-12-07T09:23:11.028+0000] {logging_mixin.py:190} INFO - [2024-12-07T09:23:11.028+0000] {dag.py:3239} INFO - Sync 3 DAGs
[2024-12-07T09:23:11.046+0000] {logging_mixin.py:190} INFO - [2024-12-07T09:23:11.046+0000] {dag.py:4180} INFO - Setting next_dagrun for example_subdag_operator to 2022-01-01 00:00:00+00:00, run_after=2022-01-01 00:00:00+00:00
[2024-12-07T09:23:11.048+0000] {logging_mixin.py:190} INFO - [2024-12-07T09:23:11.048+0000] {dag.py:4180} INFO - Setting next_dagrun for example_subdag_operator.section-1 to None, run_after=None
[2024-12-07T09:23:11.049+0000] {logging_mixin.py:190} INFO - [2024-12-07T09:23:11.049+0000] {dag.py:4180} INFO - Setting next_dagrun for example_subdag_operator.section-2 to None, run_after=None
[2024-12-07T09:23:11.054+0000] {logging_mixin.py:190} INFO - [2024-12-07T09:23:11.054+0000] {dag.py:3239} INFO - Sync 2 DAGs
[2024-12-07T09:23:11.058+0000] {logging_mixin.py:190} INFO - [2024-12-07T09:23:11.058+0000] {dag.py:4180} INFO - Setting next_dagrun for example_subdag_operator.section-1 to None, run_after=None
[2024-12-07T09:23:11.059+0000] {logging_mixin.py:190} INFO - [2024-12-07T09:23:11.058+0000] {dag.py:4180} INFO - Setting next_dagrun for example_subdag_operator.section-2 to None, run_after=None
[2024-12-07T09:23:11.066+0000] {processor.py:208} INFO - Processing /home/airflow/.local/lib/python3.12/site-packages/airflow/example_dags/example_subdag_operator.py took 0.077 seconds
[2024-12-07T09:23:42.153+0000] {processor.py:186} INFO - Started process (PID=1243) to work on /home/airflow/.local/lib/python3.12/site-packages/airflow/example_dags/example_subdag_operator.py
[2024-12-07T09:23:42.154+0000] {processor.py:914} INFO - Processing file /home/airflow/.local/lib/python3.12/site-packages/airflow/example_dags/example_subdag_operator.py for tasks to queue
[2024-12-07T09:23:42.156+0000] {logging_mixin.py:190} INFO - [2024-12-07T09:23:42.156+0000] {dagbag.py:588} INFO - Filling up the DagBag from /home/airflow/.local/lib/python3.12/site-packages/airflow/example_dags/example_subdag_operator.py
[2024-12-07T09:23:42.179+0000] {processor.py:925} INFO - DAG(s) 'example_subdag_operator.section-1', 'example_subdag_operator.section-2', 'example_subdag_operator' retrieved from /home/airflow/.local/lib/python3.12/site-packages/airflow/example_dags/example_subdag_operator.py
[2024-12-07T09:23:42.193+0000] {logging_mixin.py:190} INFO - [2024-12-07T09:23:42.193+0000] {dag.py:3239} INFO - Sync 3 DAGs
[2024-12-07T09:23:42.213+0000] {logging_mixin.py:190} INFO - [2024-12-07T09:23:42.213+0000] {dag.py:4180} INFO - Setting next_dagrun for example_subdag_operator to 2022-01-01 00:00:00+00:00, run_after=2022-01-01 00:00:00+00:00
[2024-12-07T09:23:42.216+0000] {logging_mixin.py:190} INFO - [2024-12-07T09:23:42.216+0000] {dag.py:4180} INFO - Setting next_dagrun for example_subdag_operator.section-1 to None, run_after=None
[2024-12-07T09:23:42.217+0000] {logging_mixin.py:190} INFO - [2024-12-07T09:23:42.217+0000] {dag.py:4180} INFO - Setting next_dagrun for example_subdag_operator.section-2 to None, run_after=None
[2024-12-07T09:23:42.222+0000] {logging_mixin.py:190} INFO - [2024-12-07T09:23:42.222+0000] {dag.py:3239} INFO - Sync 2 DAGs
[2024-12-07T09:23:42.227+0000] {logging_mixin.py:190} INFO - [2024-12-07T09:23:42.227+0000] {dag.py:4180} INFO - Setting next_dagrun for example_subdag_operator.section-1 to None, run_after=None
[2024-12-07T09:23:42.227+0000] {logging_mixin.py:190} INFO - [2024-12-07T09:23:42.227+0000] {dag.py:4180} INFO - Setting next_dagrun for example_subdag_operator.section-2 to None, run_after=None
[2024-12-07T09:23:42.237+0000] {processor.py:208} INFO - Processing /home/airflow/.local/lib/python3.12/site-packages/airflow/example_dags/example_subdag_operator.py took 0.090 seconds
[2024-12-07T09:24:13.418+0000] {processor.py:186} INFO - Started process (PID=1307) to work on /home/airflow/.local/lib/python3.12/site-packages/airflow/example_dags/example_subdag_operator.py
[2024-12-07T09:24:13.418+0000] {processor.py:914} INFO - Processing file /home/airflow/.local/lib/python3.12/site-packages/airflow/example_dags/example_subdag_operator.py for tasks to queue
[2024-12-07T09:24:13.420+0000] {logging_mixin.py:190} INFO - [2024-12-07T09:24:13.420+0000] {dagbag.py:588} INFO - Filling up the DagBag from /home/airflow/.local/lib/python3.12/site-packages/airflow/example_dags/example_subdag_operator.py
[2024-12-07T09:24:13.441+0000] {processor.py:925} INFO - DAG(s) 'example_subdag_operator.section-1', 'example_subdag_operator.section-2', 'example_subdag_operator' retrieved from /home/airflow/.local/lib/python3.12/site-packages/airflow/example_dags/example_subdag_operator.py
[2024-12-07T09:24:13.456+0000] {logging_mixin.py:190} INFO - [2024-12-07T09:24:13.456+0000] {dag.py:3239} INFO - Sync 3 DAGs
[2024-12-07T09:24:13.476+0000] {logging_mixin.py:190} INFO - [2024-12-07T09:24:13.475+0000] {dag.py:4180} INFO - Setting next_dagrun for example_subdag_operator to 2022-01-01 00:00:00+00:00, run_after=2022-01-01 00:00:00+00:00
[2024-12-07T09:24:13.478+0000] {logging_mixin.py:190} INFO - [2024-12-07T09:24:13.478+0000] {dag.py:4180} INFO - Setting next_dagrun for example_subdag_operator.section-1 to None, run_after=None
[2024-12-07T09:24:13.479+0000] {logging_mixin.py:190} INFO - [2024-12-07T09:24:13.479+0000] {dag.py:4180} INFO - Setting next_dagrun for example_subdag_operator.section-2 to None, run_after=None
[2024-12-07T09:24:13.485+0000] {logging_mixin.py:190} INFO - [2024-12-07T09:24:13.484+0000] {dag.py:3239} INFO - Sync 2 DAGs
[2024-12-07T09:24:13.489+0000] {logging_mixin.py:190} INFO - [2024-12-07T09:24:13.489+0000] {dag.py:4180} INFO - Setting next_dagrun for example_subdag_operator.section-1 to None, run_after=None
[2024-12-07T09:24:13.490+0000] {logging_mixin.py:190} INFO - [2024-12-07T09:24:13.489+0000] {dag.py:4180} INFO - Setting next_dagrun for example_subdag_operator.section-2 to None, run_after=None
[2024-12-07T09:24:13.497+0000] {processor.py:208} INFO - Processing /home/airflow/.local/lib/python3.12/site-packages/airflow/example_dags/example_subdag_operator.py took 0.084 seconds
[2024-12-07T09:24:44.751+0000] {processor.py:186} INFO - Started process (PID=1377) to work on /home/airflow/.local/lib/python3.12/site-packages/airflow/example_dags/example_subdag_operator.py
[2024-12-07T09:24:44.752+0000] {processor.py:914} INFO - Processing file /home/airflow/.local/lib/python3.12/site-packages/airflow/example_dags/example_subdag_operator.py for tasks to queue
[2024-12-07T09:24:44.754+0000] {logging_mixin.py:190} INFO - [2024-12-07T09:24:44.754+0000] {dagbag.py:588} INFO - Filling up the DagBag from /home/airflow/.local/lib/python3.12/site-packages/airflow/example_dags/example_subdag_operator.py
[2024-12-07T09:24:44.775+0000] {processor.py:925} INFO - DAG(s) 'example_subdag_operator.section-1', 'example_subdag_operator.section-2', 'example_subdag_operator' retrieved from /home/airflow/.local/lib/python3.12/site-packages/airflow/example_dags/example_subdag_operator.py
[2024-12-07T09:24:44.790+0000] {logging_mixin.py:190} INFO - [2024-12-07T09:24:44.790+0000] {dag.py:3239} INFO - Sync 3 DAGs
[2024-12-07T09:24:44.809+0000] {logging_mixin.py:190} INFO - [2024-12-07T09:24:44.809+0000] {dag.py:4180} INFO - Setting next_dagrun for example_subdag_operator to 2022-01-01 00:00:00+00:00, run_after=2022-01-01 00:00:00+00:00
[2024-12-07T09:24:44.812+0000] {logging_mixin.py:190} INFO - [2024-12-07T09:24:44.812+0000] {dag.py:4180} INFO - Setting next_dagrun for example_subdag_operator.section-1 to None, run_after=None
[2024-12-07T09:24:44.813+0000] {logging_mixin.py:190} INFO - [2024-12-07T09:24:44.813+0000] {dag.py:4180} INFO - Setting next_dagrun for example_subdag_operator.section-2 to None, run_after=None
[2024-12-07T09:24:44.818+0000] {logging_mixin.py:190} INFO - [2024-12-07T09:24:44.818+0000] {dag.py:3239} INFO - Sync 2 DAGs
[2024-12-07T09:24:44.822+0000] {logging_mixin.py:190} INFO - [2024-12-07T09:24:44.822+0000] {dag.py:4180} INFO - Setting next_dagrun for example_subdag_operator.section-1 to None, run_after=None
[2024-12-07T09:24:44.823+0000] {logging_mixin.py:190} INFO - [2024-12-07T09:24:44.822+0000] {dag.py:4180} INFO - Setting next_dagrun for example_subdag_operator.section-2 to None, run_after=None
[2024-12-07T09:24:44.831+0000] {processor.py:208} INFO - Processing /home/airflow/.local/lib/python3.12/site-packages/airflow/example_dags/example_subdag_operator.py took 0.084 seconds
[2024-12-07T09:25:15.899+0000] {processor.py:186} INFO - Started process (PID=1441) to work on /home/airflow/.local/lib/python3.12/site-packages/airflow/example_dags/example_subdag_operator.py
[2024-12-07T09:25:15.900+0000] {processor.py:914} INFO - Processing file /home/airflow/.local/lib/python3.12/site-packages/airflow/example_dags/example_subdag_operator.py for tasks to queue
[2024-12-07T09:25:15.901+0000] {logging_mixin.py:190} INFO - [2024-12-07T09:25:15.901+0000] {dagbag.py:588} INFO - Filling up the DagBag from /home/airflow/.local/lib/python3.12/site-packages/airflow/example_dags/example_subdag_operator.py
[2024-12-07T09:25:15.926+0000] {processor.py:925} INFO - DAG(s) 'example_subdag_operator.section-1', 'example_subdag_operator.section-2', 'example_subdag_operator' retrieved from /home/airflow/.local/lib/python3.12/site-packages/airflow/example_dags/example_subdag_operator.py
[2024-12-07T09:25:15.943+0000] {logging_mixin.py:190} INFO - [2024-12-07T09:25:15.943+0000] {dag.py:3239} INFO - Sync 3 DAGs
[2024-12-07T09:25:15.961+0000] {logging_mixin.py:190} INFO - [2024-12-07T09:25:15.961+0000] {dag.py:4180} INFO - Setting next_dagrun for example_subdag_operator to 2022-01-01 00:00:00+00:00, run_after=2022-01-01 00:00:00+00:00
[2024-12-07T09:25:15.963+0000] {logging_mixin.py:190} INFO - [2024-12-07T09:25:15.963+0000] {dag.py:4180} INFO - Setting next_dagrun for example_subdag_operator.section-1 to None, run_after=None
[2024-12-07T09:25:15.964+0000] {logging_mixin.py:190} INFO - [2024-12-07T09:25:15.964+0000] {dag.py:4180} INFO - Setting next_dagrun for example_subdag_operator.section-2 to None, run_after=None
[2024-12-07T09:25:15.969+0000] {logging_mixin.py:190} INFO - [2024-12-07T09:25:15.969+0000] {dag.py:3239} INFO - Sync 2 DAGs
[2024-12-07T09:25:15.973+0000] {logging_mixin.py:190} INFO - [2024-12-07T09:25:15.973+0000] {dag.py:4180} INFO - Setting next_dagrun for example_subdag_operator.section-1 to None, run_after=None
[2024-12-07T09:25:15.974+0000] {logging_mixin.py:190} INFO - [2024-12-07T09:25:15.974+0000] {dag.py:4180} INFO - Setting next_dagrun for example_subdag_operator.section-2 to None, run_after=None
[2024-12-07T09:25:15.981+0000] {processor.py:208} INFO - Processing /home/airflow/.local/lib/python3.12/site-packages/airflow/example_dags/example_subdag_operator.py took 0.086 seconds
[2024-12-07T09:25:47.394+0000] {processor.py:186} INFO - Started process (PID=1506) to work on /home/airflow/.local/lib/python3.12/site-packages/airflow/example_dags/example_subdag_operator.py
[2024-12-07T09:25:47.394+0000] {processor.py:914} INFO - Processing file /home/airflow/.local/lib/python3.12/site-packages/airflow/example_dags/example_subdag_operator.py for tasks to queue
[2024-12-07T09:25:47.396+0000] {logging_mixin.py:190} INFO - [2024-12-07T09:25:47.396+0000] {dagbag.py:588} INFO - Filling up the DagBag from /home/airflow/.local/lib/python3.12/site-packages/airflow/example_dags/example_subdag_operator.py
[2024-12-07T09:25:47.417+0000] {processor.py:925} INFO - DAG(s) 'example_subdag_operator.section-1', 'example_subdag_operator.section-2', 'example_subdag_operator' retrieved from /home/airflow/.local/lib/python3.12/site-packages/airflow/example_dags/example_subdag_operator.py
[2024-12-07T09:25:47.433+0000] {logging_mixin.py:190} INFO - [2024-12-07T09:25:47.433+0000] {dag.py:3239} INFO - Sync 3 DAGs
[2024-12-07T09:25:47.457+0000] {logging_mixin.py:190} INFO - [2024-12-07T09:25:47.457+0000] {dag.py:4180} INFO - Setting next_dagrun for example_subdag_operator to 2022-01-01 00:00:00+00:00, run_after=2022-01-01 00:00:00+00:00
[2024-12-07T09:25:47.460+0000] {logging_mixin.py:190} INFO - [2024-12-07T09:25:47.460+0000] {dag.py:4180} INFO - Setting next_dagrun for example_subdag_operator.section-1 to None, run_after=None
[2024-12-07T09:25:47.461+0000] {logging_mixin.py:190} INFO - [2024-12-07T09:25:47.461+0000] {dag.py:4180} INFO - Setting next_dagrun for example_subdag_operator.section-2 to None, run_after=None
[2024-12-07T09:25:47.467+0000] {logging_mixin.py:190} INFO - [2024-12-07T09:25:47.467+0000] {dag.py:3239} INFO - Sync 2 DAGs
[2024-12-07T09:25:47.471+0000] {logging_mixin.py:190} INFO - [2024-12-07T09:25:47.471+0000] {dag.py:4180} INFO - Setting next_dagrun for example_subdag_operator.section-1 to None, run_after=None
[2024-12-07T09:25:47.471+0000] {logging_mixin.py:190} INFO - [2024-12-07T09:25:47.471+0000] {dag.py:4180} INFO - Setting next_dagrun for example_subdag_operator.section-2 to None, run_after=None
[2024-12-07T09:25:47.480+0000] {processor.py:208} INFO - Processing /home/airflow/.local/lib/python3.12/site-packages/airflow/example_dags/example_subdag_operator.py took 0.091 seconds
