[2024-12-07T09:14:20.440+0000] {processor.py:186} INFO - Started process (PID=104) to work on /home/airflow/.local/lib/python3.12/site-packages/airflow/example_dags/example_task_group.py
[2024-12-07T09:14:20.441+0000] {processor.py:914} INFO - Processing file /home/airflow/.local/lib/python3.12/site-packages/airflow/example_dags/example_task_group.py for tasks to queue
[2024-12-07T09:14:20.443+0000] {logging_mixin.py:190} INFO - [2024-12-07T09:14:20.443+0000] {dagbag.py:588} INFO - Filling up the DagBag from /home/airflow/.local/lib/python3.12/site-packages/airflow/example_dags/example_task_group.py
[2024-12-07T09:14:20.454+0000] {processor.py:925} INFO - DAG(s) 'example_task_group' retrieved from /home/airflow/.local/lib/python3.12/site-packages/airflow/example_dags/example_task_group.py
[2024-12-07T09:14:20.567+0000] {logging_mixin.py:190} INFO - [2024-12-07T09:14:20.566+0000] {override.py:1911} INFO - Created Permission View: can edit on DAG:example_task_group
[2024-12-07T09:14:20.576+0000] {logging_mixin.py:190} INFO - [2024-12-07T09:14:20.575+0000] {override.py:1911} INFO - Created Permission View: can delete on DAG:example_task_group
[2024-12-07T09:14:20.582+0000] {logging_mixin.py:190} INFO - [2024-12-07T09:14:20.582+0000] {override.py:1911} INFO - Created Permission View: can read on DAG:example_task_group
[2024-12-07T09:14:20.588+0000] {logging_mixin.py:190} INFO - [2024-12-07T09:14:20.588+0000] {override.py:1911} INFO - Created Permission View: can create on DAG Run:example_task_group
[2024-12-07T09:14:20.593+0000] {logging_mixin.py:190} INFO - [2024-12-07T09:14:20.593+0000] {override.py:1911} INFO - Created Permission View: menu access on DAG Run:example_task_group
[2024-12-07T09:14:20.599+0000] {logging_mixin.py:190} INFO - [2024-12-07T09:14:20.598+0000] {override.py:1911} INFO - Created Permission View: can delete on DAG Run:example_task_group
[2024-12-07T09:14:20.604+0000] {logging_mixin.py:190} INFO - [2024-12-07T09:14:20.604+0000] {override.py:1911} INFO - Created Permission View: can read on DAG Run:example_task_group
[2024-12-07T09:14:20.605+0000] {logging_mixin.py:190} INFO - [2024-12-07T09:14:20.604+0000] {dag.py:3239} INFO - Sync 1 DAGs
[2024-12-07T09:14:20.620+0000] {logging_mixin.py:190} INFO - [2024-12-07T09:14:20.620+0000] {dag.py:3262} INFO - Creating ORM DAG for example_task_group
[2024-12-07T09:14:20.620+0000] {logging_mixin.py:190} INFO - [2024-12-07T09:14:20.620+0000] {dag.py:4180} INFO - Setting next_dagrun for example_task_group to None, run_after=None
[2024-12-07T09:14:20.635+0000] {processor.py:208} INFO - Processing /home/airflow/.local/lib/python3.12/site-packages/airflow/example_dags/example_task_group.py took 0.201 seconds
[2024-12-07T09:14:51.176+0000] {processor.py:186} INFO - Started process (PID=167) to work on /home/airflow/.local/lib/python3.12/site-packages/airflow/example_dags/example_task_group.py
[2024-12-07T09:14:51.177+0000] {processor.py:914} INFO - Processing file /home/airflow/.local/lib/python3.12/site-packages/airflow/example_dags/example_task_group.py for tasks to queue
[2024-12-07T09:14:51.178+0000] {logging_mixin.py:190} INFO - [2024-12-07T09:14:51.178+0000] {dagbag.py:588} INFO - Filling up the DagBag from /home/airflow/.local/lib/python3.12/site-packages/airflow/example_dags/example_task_group.py
[2024-12-07T09:14:51.187+0000] {processor.py:925} INFO - DAG(s) 'example_task_group' retrieved from /home/airflow/.local/lib/python3.12/site-packages/airflow/example_dags/example_task_group.py
[2024-12-07T09:14:51.202+0000] {logging_mixin.py:190} INFO - [2024-12-07T09:14:51.202+0000] {dag.py:3239} INFO - Sync 1 DAGs
[2024-12-07T09:14:51.213+0000] {logging_mixin.py:190} INFO - [2024-12-07T09:14:51.213+0000] {dag.py:4180} INFO - Setting next_dagrun for example_task_group to None, run_after=None
[2024-12-07T09:14:51.226+0000] {processor.py:208} INFO - Processing /home/airflow/.local/lib/python3.12/site-packages/airflow/example_dags/example_task_group.py took 0.056 seconds
[2024-12-07T09:15:22.343+0000] {processor.py:186} INFO - Started process (PID=230) to work on /home/airflow/.local/lib/python3.12/site-packages/airflow/example_dags/example_task_group.py
[2024-12-07T09:15:22.344+0000] {processor.py:914} INFO - Processing file /home/airflow/.local/lib/python3.12/site-packages/airflow/example_dags/example_task_group.py for tasks to queue
[2024-12-07T09:15:22.347+0000] {logging_mixin.py:190} INFO - [2024-12-07T09:15:22.346+0000] {dagbag.py:588} INFO - Filling up the DagBag from /home/airflow/.local/lib/python3.12/site-packages/airflow/example_dags/example_task_group.py
[2024-12-07T09:15:22.355+0000] {processor.py:925} INFO - DAG(s) 'example_task_group' retrieved from /home/airflow/.local/lib/python3.12/site-packages/airflow/example_dags/example_task_group.py
[2024-12-07T09:15:22.371+0000] {logging_mixin.py:190} INFO - [2024-12-07T09:15:22.371+0000] {dag.py:3239} INFO - Sync 1 DAGs
[2024-12-07T09:15:22.385+0000] {logging_mixin.py:190} INFO - [2024-12-07T09:15:22.385+0000] {dag.py:4180} INFO - Setting next_dagrun for example_task_group to None, run_after=None
[2024-12-07T09:15:22.399+0000] {processor.py:208} INFO - Processing /home/airflow/.local/lib/python3.12/site-packages/airflow/example_dags/example_task_group.py took 0.063 seconds
[2024-12-07T09:15:53.468+0000] {processor.py:186} INFO - Started process (PID=293) to work on /home/airflow/.local/lib/python3.12/site-packages/airflow/example_dags/example_task_group.py
[2024-12-07T09:15:53.469+0000] {processor.py:914} INFO - Processing file /home/airflow/.local/lib/python3.12/site-packages/airflow/example_dags/example_task_group.py for tasks to queue
[2024-12-07T09:15:53.470+0000] {logging_mixin.py:190} INFO - [2024-12-07T09:15:53.470+0000] {dagbag.py:588} INFO - Filling up the DagBag from /home/airflow/.local/lib/python3.12/site-packages/airflow/example_dags/example_task_group.py
[2024-12-07T09:15:53.477+0000] {processor.py:925} INFO - DAG(s) 'example_task_group' retrieved from /home/airflow/.local/lib/python3.12/site-packages/airflow/example_dags/example_task_group.py
[2024-12-07T09:15:53.494+0000] {logging_mixin.py:190} INFO - [2024-12-07T09:15:53.494+0000] {dag.py:3239} INFO - Sync 1 DAGs
[2024-12-07T09:15:53.506+0000] {logging_mixin.py:190} INFO - [2024-12-07T09:15:53.506+0000] {dag.py:4180} INFO - Setting next_dagrun for example_task_group to None, run_after=None
[2024-12-07T09:15:53.521+0000] {processor.py:208} INFO - Processing /home/airflow/.local/lib/python3.12/site-packages/airflow/example_dags/example_task_group.py took 0.058 seconds
[2024-12-07T09:16:24.433+0000] {processor.py:186} INFO - Started process (PID=356) to work on /home/airflow/.local/lib/python3.12/site-packages/airflow/example_dags/example_task_group.py
[2024-12-07T09:16:24.434+0000] {processor.py:914} INFO - Processing file /home/airflow/.local/lib/python3.12/site-packages/airflow/example_dags/example_task_group.py for tasks to queue
[2024-12-07T09:16:24.435+0000] {logging_mixin.py:190} INFO - [2024-12-07T09:16:24.435+0000] {dagbag.py:588} INFO - Filling up the DagBag from /home/airflow/.local/lib/python3.12/site-packages/airflow/example_dags/example_task_group.py
[2024-12-07T09:16:24.442+0000] {processor.py:925} INFO - DAG(s) 'example_task_group' retrieved from /home/airflow/.local/lib/python3.12/site-packages/airflow/example_dags/example_task_group.py
[2024-12-07T09:16:24.458+0000] {logging_mixin.py:190} INFO - [2024-12-07T09:16:24.457+0000] {dag.py:3239} INFO - Sync 1 DAGs
[2024-12-07T09:16:24.469+0000] {logging_mixin.py:190} INFO - [2024-12-07T09:16:24.469+0000] {dag.py:4180} INFO - Setting next_dagrun for example_task_group to None, run_after=None
[2024-12-07T09:16:24.482+0000] {processor.py:208} INFO - Processing /home/airflow/.local/lib/python3.12/site-packages/airflow/example_dags/example_task_group.py took 0.054 seconds
[2024-12-07T09:16:55.789+0000] {processor.py:186} INFO - Started process (PID=420) to work on /home/airflow/.local/lib/python3.12/site-packages/airflow/example_dags/example_task_group.py
[2024-12-07T09:16:55.790+0000] {processor.py:914} INFO - Processing file /home/airflow/.local/lib/python3.12/site-packages/airflow/example_dags/example_task_group.py for tasks to queue
[2024-12-07T09:16:55.792+0000] {logging_mixin.py:190} INFO - [2024-12-07T09:16:55.791+0000] {dagbag.py:588} INFO - Filling up the DagBag from /home/airflow/.local/lib/python3.12/site-packages/airflow/example_dags/example_task_group.py
[2024-12-07T09:16:55.798+0000] {processor.py:925} INFO - DAG(s) 'example_task_group' retrieved from /home/airflow/.local/lib/python3.12/site-packages/airflow/example_dags/example_task_group.py
[2024-12-07T09:16:55.818+0000] {logging_mixin.py:190} INFO - [2024-12-07T09:16:55.817+0000] {dag.py:3239} INFO - Sync 1 DAGs
[2024-12-07T09:16:55.833+0000] {logging_mixin.py:190} INFO - [2024-12-07T09:16:55.833+0000] {dag.py:4180} INFO - Setting next_dagrun for example_task_group to None, run_after=None
[2024-12-07T09:16:55.850+0000] {processor.py:208} INFO - Processing /home/airflow/.local/lib/python3.12/site-packages/airflow/example_dags/example_task_group.py took 0.065 seconds
[2024-12-07T09:17:27.302+0000] {processor.py:186} INFO - Started process (PID=483) to work on /home/airflow/.local/lib/python3.12/site-packages/airflow/example_dags/example_task_group.py
[2024-12-07T09:17:27.303+0000] {processor.py:914} INFO - Processing file /home/airflow/.local/lib/python3.12/site-packages/airflow/example_dags/example_task_group.py for tasks to queue
[2024-12-07T09:17:27.305+0000] {logging_mixin.py:190} INFO - [2024-12-07T09:17:27.305+0000] {dagbag.py:588} INFO - Filling up the DagBag from /home/airflow/.local/lib/python3.12/site-packages/airflow/example_dags/example_task_group.py
[2024-12-07T09:17:27.314+0000] {processor.py:925} INFO - DAG(s) 'example_task_group' retrieved from /home/airflow/.local/lib/python3.12/site-packages/airflow/example_dags/example_task_group.py
[2024-12-07T09:17:27.334+0000] {logging_mixin.py:190} INFO - [2024-12-07T09:17:27.334+0000] {dag.py:3239} INFO - Sync 1 DAGs
[2024-12-07T09:17:27.348+0000] {logging_mixin.py:190} INFO - [2024-12-07T09:17:27.347+0000] {dag.py:4180} INFO - Setting next_dagrun for example_task_group to None, run_after=None
[2024-12-07T09:17:27.364+0000] {processor.py:208} INFO - Processing /home/airflow/.local/lib/python3.12/site-packages/airflow/example_dags/example_task_group.py took 0.068 seconds
[2024-12-07T09:17:58.429+0000] {processor.py:186} INFO - Started process (PID=547) to work on /home/airflow/.local/lib/python3.12/site-packages/airflow/example_dags/example_task_group.py
[2024-12-07T09:17:58.430+0000] {processor.py:914} INFO - Processing file /home/airflow/.local/lib/python3.12/site-packages/airflow/example_dags/example_task_group.py for tasks to queue
[2024-12-07T09:17:58.431+0000] {logging_mixin.py:190} INFO - [2024-12-07T09:17:58.431+0000] {dagbag.py:588} INFO - Filling up the DagBag from /home/airflow/.local/lib/python3.12/site-packages/airflow/example_dags/example_task_group.py
[2024-12-07T09:17:58.438+0000] {processor.py:925} INFO - DAG(s) 'example_task_group' retrieved from /home/airflow/.local/lib/python3.12/site-packages/airflow/example_dags/example_task_group.py
[2024-12-07T09:17:58.458+0000] {logging_mixin.py:190} INFO - [2024-12-07T09:17:58.458+0000] {dag.py:3239} INFO - Sync 1 DAGs
[2024-12-07T09:17:58.470+0000] {logging_mixin.py:190} INFO - [2024-12-07T09:17:58.469+0000] {dag.py:4180} INFO - Setting next_dagrun for example_task_group to None, run_after=None
[2024-12-07T09:17:58.482+0000] {processor.py:208} INFO - Processing /home/airflow/.local/lib/python3.12/site-packages/airflow/example_dags/example_task_group.py took 0.058 seconds
[2024-12-07T09:18:29.876+0000] {processor.py:186} INFO - Started process (PID=610) to work on /home/airflow/.local/lib/python3.12/site-packages/airflow/example_dags/example_task_group.py
[2024-12-07T09:18:29.877+0000] {processor.py:914} INFO - Processing file /home/airflow/.local/lib/python3.12/site-packages/airflow/example_dags/example_task_group.py for tasks to queue
[2024-12-07T09:18:29.880+0000] {logging_mixin.py:190} INFO - [2024-12-07T09:18:29.879+0000] {dagbag.py:588} INFO - Filling up the DagBag from /home/airflow/.local/lib/python3.12/site-packages/airflow/example_dags/example_task_group.py
[2024-12-07T09:18:29.891+0000] {processor.py:925} INFO - DAG(s) 'example_task_group' retrieved from /home/airflow/.local/lib/python3.12/site-packages/airflow/example_dags/example_task_group.py
[2024-12-07T09:18:29.917+0000] {logging_mixin.py:190} INFO - [2024-12-07T09:18:29.917+0000] {dag.py:3239} INFO - Sync 1 DAGs
[2024-12-07T09:18:29.931+0000] {logging_mixin.py:190} INFO - [2024-12-07T09:18:29.930+0000] {dag.py:4180} INFO - Setting next_dagrun for example_task_group to None, run_after=None
[2024-12-07T09:18:29.944+0000] {processor.py:208} INFO - Processing /home/airflow/.local/lib/python3.12/site-packages/airflow/example_dags/example_task_group.py took 0.075 seconds
[2024-12-07T09:19:01.474+0000] {processor.py:186} INFO - Started process (PID=673) to work on /home/airflow/.local/lib/python3.12/site-packages/airflow/example_dags/example_task_group.py
[2024-12-07T09:19:01.475+0000] {processor.py:914} INFO - Processing file /home/airflow/.local/lib/python3.12/site-packages/airflow/example_dags/example_task_group.py for tasks to queue
[2024-12-07T09:19:01.477+0000] {logging_mixin.py:190} INFO - [2024-12-07T09:19:01.477+0000] {dagbag.py:588} INFO - Filling up the DagBag from /home/airflow/.local/lib/python3.12/site-packages/airflow/example_dags/example_task_group.py
[2024-12-07T09:19:01.487+0000] {processor.py:925} INFO - DAG(s) 'example_task_group' retrieved from /home/airflow/.local/lib/python3.12/site-packages/airflow/example_dags/example_task_group.py
[2024-12-07T09:19:01.507+0000] {logging_mixin.py:190} INFO - [2024-12-07T09:19:01.507+0000] {dag.py:3239} INFO - Sync 1 DAGs
[2024-12-07T09:19:01.521+0000] {logging_mixin.py:190} INFO - [2024-12-07T09:19:01.520+0000] {dag.py:4180} INFO - Setting next_dagrun for example_task_group to None, run_after=None
[2024-12-07T09:19:01.536+0000] {processor.py:208} INFO - Processing /home/airflow/.local/lib/python3.12/site-packages/airflow/example_dags/example_task_group.py took 0.068 seconds
[2024-12-07T09:19:32.755+0000] {processor.py:186} INFO - Started process (PID=738) to work on /home/airflow/.local/lib/python3.12/site-packages/airflow/example_dags/example_task_group.py
[2024-12-07T09:19:32.756+0000] {processor.py:914} INFO - Processing file /home/airflow/.local/lib/python3.12/site-packages/airflow/example_dags/example_task_group.py for tasks to queue
[2024-12-07T09:19:32.758+0000] {logging_mixin.py:190} INFO - [2024-12-07T09:19:32.758+0000] {dagbag.py:588} INFO - Filling up the DagBag from /home/airflow/.local/lib/python3.12/site-packages/airflow/example_dags/example_task_group.py
[2024-12-07T09:19:32.767+0000] {processor.py:925} INFO - DAG(s) 'example_task_group' retrieved from /home/airflow/.local/lib/python3.12/site-packages/airflow/example_dags/example_task_group.py
[2024-12-07T09:19:32.789+0000] {logging_mixin.py:190} INFO - [2024-12-07T09:19:32.789+0000] {dag.py:3239} INFO - Sync 1 DAGs
[2024-12-07T09:19:32.805+0000] {logging_mixin.py:190} INFO - [2024-12-07T09:19:32.804+0000] {dag.py:4180} INFO - Setting next_dagrun for example_task_group to None, run_after=None
[2024-12-07T09:19:32.821+0000] {processor.py:208} INFO - Processing /home/airflow/.local/lib/python3.12/site-packages/airflow/example_dags/example_task_group.py took 0.072 seconds
[2024-12-07T09:20:03.928+0000] {processor.py:186} INFO - Started process (PID=802) to work on /home/airflow/.local/lib/python3.12/site-packages/airflow/example_dags/example_task_group.py
[2024-12-07T09:20:03.928+0000] {processor.py:914} INFO - Processing file /home/airflow/.local/lib/python3.12/site-packages/airflow/example_dags/example_task_group.py for tasks to queue
[2024-12-07T09:20:03.930+0000] {logging_mixin.py:190} INFO - [2024-12-07T09:20:03.930+0000] {dagbag.py:588} INFO - Filling up the DagBag from /home/airflow/.local/lib/python3.12/site-packages/airflow/example_dags/example_task_group.py
[2024-12-07T09:20:03.939+0000] {processor.py:925} INFO - DAG(s) 'example_task_group' retrieved from /home/airflow/.local/lib/python3.12/site-packages/airflow/example_dags/example_task_group.py
[2024-12-07T09:20:03.955+0000] {logging_mixin.py:190} INFO - [2024-12-07T09:20:03.955+0000] {dag.py:3239} INFO - Sync 1 DAGs
[2024-12-07T09:20:03.966+0000] {logging_mixin.py:190} INFO - [2024-12-07T09:20:03.966+0000] {dag.py:4180} INFO - Setting next_dagrun for example_task_group to None, run_after=None
[2024-12-07T09:20:03.980+0000] {processor.py:208} INFO - Processing /home/airflow/.local/lib/python3.12/site-packages/airflow/example_dags/example_task_group.py took 0.057 seconds
[2024-12-07T09:20:35.369+0000] {processor.py:186} INFO - Started process (PID=867) to work on /home/airflow/.local/lib/python3.12/site-packages/airflow/example_dags/example_task_group.py
[2024-12-07T09:20:35.369+0000] {processor.py:914} INFO - Processing file /home/airflow/.local/lib/python3.12/site-packages/airflow/example_dags/example_task_group.py for tasks to queue
[2024-12-07T09:20:35.371+0000] {logging_mixin.py:190} INFO - [2024-12-07T09:20:35.371+0000] {dagbag.py:588} INFO - Filling up the DagBag from /home/airflow/.local/lib/python3.12/site-packages/airflow/example_dags/example_task_group.py
[2024-12-07T09:20:35.377+0000] {processor.py:925} INFO - DAG(s) 'example_task_group' retrieved from /home/airflow/.local/lib/python3.12/site-packages/airflow/example_dags/example_task_group.py
[2024-12-07T09:20:35.396+0000] {logging_mixin.py:190} INFO - [2024-12-07T09:20:35.396+0000] {dag.py:3239} INFO - Sync 1 DAGs
[2024-12-07T09:20:35.411+0000] {logging_mixin.py:190} INFO - [2024-12-07T09:20:35.410+0000] {dag.py:4180} INFO - Setting next_dagrun for example_task_group to None, run_after=None
[2024-12-07T09:20:35.426+0000] {processor.py:208} INFO - Processing /home/airflow/.local/lib/python3.12/site-packages/airflow/example_dags/example_task_group.py took 0.062 seconds
[2024-12-07T09:21:06.550+0000] {processor.py:186} INFO - Started process (PID=931) to work on /home/airflow/.local/lib/python3.12/site-packages/airflow/example_dags/example_task_group.py
[2024-12-07T09:21:06.551+0000] {processor.py:914} INFO - Processing file /home/airflow/.local/lib/python3.12/site-packages/airflow/example_dags/example_task_group.py for tasks to queue
[2024-12-07T09:21:06.552+0000] {logging_mixin.py:190} INFO - [2024-12-07T09:21:06.552+0000] {dagbag.py:588} INFO - Filling up the DagBag from /home/airflow/.local/lib/python3.12/site-packages/airflow/example_dags/example_task_group.py
[2024-12-07T09:21:06.559+0000] {processor.py:925} INFO - DAG(s) 'example_task_group' retrieved from /home/airflow/.local/lib/python3.12/site-packages/airflow/example_dags/example_task_group.py
[2024-12-07T09:21:06.578+0000] {logging_mixin.py:190} INFO - [2024-12-07T09:21:06.577+0000] {dag.py:3239} INFO - Sync 1 DAGs
[2024-12-07T09:21:06.589+0000] {logging_mixin.py:190} INFO - [2024-12-07T09:21:06.589+0000] {dag.py:4180} INFO - Setting next_dagrun for example_task_group to None, run_after=None
[2024-12-07T09:21:06.605+0000] {processor.py:208} INFO - Processing /home/airflow/.local/lib/python3.12/site-packages/airflow/example_dags/example_task_group.py took 0.059 seconds
[2024-12-07T09:21:37.588+0000] {processor.py:186} INFO - Started process (PID=995) to work on /home/airflow/.local/lib/python3.12/site-packages/airflow/example_dags/example_task_group.py
[2024-12-07T09:21:37.589+0000] {processor.py:914} INFO - Processing file /home/airflow/.local/lib/python3.12/site-packages/airflow/example_dags/example_task_group.py for tasks to queue
[2024-12-07T09:21:37.590+0000] {logging_mixin.py:190} INFO - [2024-12-07T09:21:37.590+0000] {dagbag.py:588} INFO - Filling up the DagBag from /home/airflow/.local/lib/python3.12/site-packages/airflow/example_dags/example_task_group.py
[2024-12-07T09:21:37.596+0000] {processor.py:925} INFO - DAG(s) 'example_task_group' retrieved from /home/airflow/.local/lib/python3.12/site-packages/airflow/example_dags/example_task_group.py
[2024-12-07T09:21:37.616+0000] {logging_mixin.py:190} INFO - [2024-12-07T09:21:37.616+0000] {dag.py:3239} INFO - Sync 1 DAGs
[2024-12-07T09:21:37.629+0000] {logging_mixin.py:190} INFO - [2024-12-07T09:21:37.629+0000] {dag.py:4180} INFO - Setting next_dagrun for example_task_group to None, run_after=None
[2024-12-07T09:21:37.644+0000] {processor.py:208} INFO - Processing /home/airflow/.local/lib/python3.12/site-packages/airflow/example_dags/example_task_group.py took 0.062 seconds
[2024-12-07T09:22:08.861+0000] {processor.py:186} INFO - Started process (PID=1059) to work on /home/airflow/.local/lib/python3.12/site-packages/airflow/example_dags/example_task_group.py
[2024-12-07T09:22:08.861+0000] {processor.py:914} INFO - Processing file /home/airflow/.local/lib/python3.12/site-packages/airflow/example_dags/example_task_group.py for tasks to queue
[2024-12-07T09:22:08.863+0000] {logging_mixin.py:190} INFO - [2024-12-07T09:22:08.863+0000] {dagbag.py:588} INFO - Filling up the DagBag from /home/airflow/.local/lib/python3.12/site-packages/airflow/example_dags/example_task_group.py
[2024-12-07T09:22:08.870+0000] {processor.py:925} INFO - DAG(s) 'example_task_group' retrieved from /home/airflow/.local/lib/python3.12/site-packages/airflow/example_dags/example_task_group.py
[2024-12-07T09:22:08.887+0000] {logging_mixin.py:190} INFO - [2024-12-07T09:22:08.887+0000] {dag.py:3239} INFO - Sync 1 DAGs
[2024-12-07T09:22:08.898+0000] {logging_mixin.py:190} INFO - [2024-12-07T09:22:08.897+0000] {dag.py:4180} INFO - Setting next_dagrun for example_task_group to None, run_after=None
[2024-12-07T09:22:08.910+0000] {processor.py:208} INFO - Processing /home/airflow/.local/lib/python3.12/site-packages/airflow/example_dags/example_task_group.py took 0.054 seconds
[2024-12-07T09:22:39.918+0000] {processor.py:186} INFO - Started process (PID=1123) to work on /home/airflow/.local/lib/python3.12/site-packages/airflow/example_dags/example_task_group.py
[2024-12-07T09:22:39.919+0000] {processor.py:914} INFO - Processing file /home/airflow/.local/lib/python3.12/site-packages/airflow/example_dags/example_task_group.py for tasks to queue
[2024-12-07T09:22:39.920+0000] {logging_mixin.py:190} INFO - [2024-12-07T09:22:39.920+0000] {dagbag.py:588} INFO - Filling up the DagBag from /home/airflow/.local/lib/python3.12/site-packages/airflow/example_dags/example_task_group.py
[2024-12-07T09:22:39.927+0000] {processor.py:925} INFO - DAG(s) 'example_task_group' retrieved from /home/airflow/.local/lib/python3.12/site-packages/airflow/example_dags/example_task_group.py
[2024-12-07T09:22:39.943+0000] {logging_mixin.py:190} INFO - [2024-12-07T09:22:39.943+0000] {dag.py:3239} INFO - Sync 1 DAGs
[2024-12-07T09:22:39.954+0000] {logging_mixin.py:190} INFO - [2024-12-07T09:22:39.954+0000] {dag.py:4180} INFO - Setting next_dagrun for example_task_group to None, run_after=None
[2024-12-07T09:22:39.968+0000] {processor.py:208} INFO - Processing /home/airflow/.local/lib/python3.12/site-packages/airflow/example_dags/example_task_group.py took 0.055 seconds
[2024-12-07T09:23:11.381+0000] {processor.py:186} INFO - Started process (PID=1187) to work on /home/airflow/.local/lib/python3.12/site-packages/airflow/example_dags/example_task_group.py
[2024-12-07T09:23:11.382+0000] {processor.py:914} INFO - Processing file /home/airflow/.local/lib/python3.12/site-packages/airflow/example_dags/example_task_group.py for tasks to queue
[2024-12-07T09:23:11.384+0000] {logging_mixin.py:190} INFO - [2024-12-07T09:23:11.383+0000] {dagbag.py:588} INFO - Filling up the DagBag from /home/airflow/.local/lib/python3.12/site-packages/airflow/example_dags/example_task_group.py
[2024-12-07T09:23:11.391+0000] {processor.py:925} INFO - DAG(s) 'example_task_group' retrieved from /home/airflow/.local/lib/python3.12/site-packages/airflow/example_dags/example_task_group.py
[2024-12-07T09:23:11.410+0000] {logging_mixin.py:190} INFO - [2024-12-07T09:23:11.410+0000] {dag.py:3239} INFO - Sync 1 DAGs
[2024-12-07T09:23:11.424+0000] {logging_mixin.py:190} INFO - [2024-12-07T09:23:11.424+0000] {dag.py:4180} INFO - Setting next_dagrun for example_task_group to None, run_after=None
[2024-12-07T09:23:11.437+0000] {processor.py:208} INFO - Processing /home/airflow/.local/lib/python3.12/site-packages/airflow/example_dags/example_task_group.py took 0.062 seconds
[2024-12-07T09:23:42.535+0000] {processor.py:186} INFO - Started process (PID=1251) to work on /home/airflow/.local/lib/python3.12/site-packages/airflow/example_dags/example_task_group.py
[2024-12-07T09:23:42.536+0000] {processor.py:914} INFO - Processing file /home/airflow/.local/lib/python3.12/site-packages/airflow/example_dags/example_task_group.py for tasks to queue
[2024-12-07T09:23:42.537+0000] {logging_mixin.py:190} INFO - [2024-12-07T09:23:42.537+0000] {dagbag.py:588} INFO - Filling up the DagBag from /home/airflow/.local/lib/python3.12/site-packages/airflow/example_dags/example_task_group.py
[2024-12-07T09:23:42.544+0000] {processor.py:925} INFO - DAG(s) 'example_task_group' retrieved from /home/airflow/.local/lib/python3.12/site-packages/airflow/example_dags/example_task_group.py
[2024-12-07T09:23:42.560+0000] {logging_mixin.py:190} INFO - [2024-12-07T09:23:42.560+0000] {dag.py:3239} INFO - Sync 1 DAGs
[2024-12-07T09:23:42.573+0000] {logging_mixin.py:190} INFO - [2024-12-07T09:23:42.572+0000] {dag.py:4180} INFO - Setting next_dagrun for example_task_group to None, run_after=None
[2024-12-07T09:23:42.586+0000] {processor.py:208} INFO - Processing /home/airflow/.local/lib/python3.12/site-packages/airflow/example_dags/example_task_group.py took 0.055 seconds
[2024-12-07T09:24:13.864+0000] {processor.py:186} INFO - Started process (PID=1315) to work on /home/airflow/.local/lib/python3.12/site-packages/airflow/example_dags/example_task_group.py
[2024-12-07T09:24:13.864+0000] {processor.py:914} INFO - Processing file /home/airflow/.local/lib/python3.12/site-packages/airflow/example_dags/example_task_group.py for tasks to queue
[2024-12-07T09:24:13.866+0000] {logging_mixin.py:190} INFO - [2024-12-07T09:24:13.866+0000] {dagbag.py:588} INFO - Filling up the DagBag from /home/airflow/.local/lib/python3.12/site-packages/airflow/example_dags/example_task_group.py
[2024-12-07T09:24:13.873+0000] {processor.py:925} INFO - DAG(s) 'example_task_group' retrieved from /home/airflow/.local/lib/python3.12/site-packages/airflow/example_dags/example_task_group.py
[2024-12-07T09:24:13.892+0000] {logging_mixin.py:190} INFO - [2024-12-07T09:24:13.892+0000] {dag.py:3239} INFO - Sync 1 DAGs
[2024-12-07T09:24:13.906+0000] {logging_mixin.py:190} INFO - [2024-12-07T09:24:13.906+0000] {dag.py:4180} INFO - Setting next_dagrun for example_task_group to None, run_after=None
[2024-12-07T09:24:13.922+0000] {processor.py:208} INFO - Processing /home/airflow/.local/lib/python3.12/site-packages/airflow/example_dags/example_task_group.py took 0.062 seconds
[2024-12-07T09:24:45.128+0000] {processor.py:186} INFO - Started process (PID=1385) to work on /home/airflow/.local/lib/python3.12/site-packages/airflow/example_dags/example_task_group.py
[2024-12-07T09:24:45.128+0000] {processor.py:914} INFO - Processing file /home/airflow/.local/lib/python3.12/site-packages/airflow/example_dags/example_task_group.py for tasks to queue
[2024-12-07T09:24:45.130+0000] {logging_mixin.py:190} INFO - [2024-12-07T09:24:45.130+0000] {dagbag.py:588} INFO - Filling up the DagBag from /home/airflow/.local/lib/python3.12/site-packages/airflow/example_dags/example_task_group.py
[2024-12-07T09:24:45.138+0000] {processor.py:925} INFO - DAG(s) 'example_task_group' retrieved from /home/airflow/.local/lib/python3.12/site-packages/airflow/example_dags/example_task_group.py
[2024-12-07T09:24:45.158+0000] {logging_mixin.py:190} INFO - [2024-12-07T09:24:45.158+0000] {dag.py:3239} INFO - Sync 1 DAGs
[2024-12-07T09:24:45.173+0000] {logging_mixin.py:190} INFO - [2024-12-07T09:24:45.172+0000] {dag.py:4180} INFO - Setting next_dagrun for example_task_group to None, run_after=None
[2024-12-07T09:24:45.186+0000] {processor.py:208} INFO - Processing /home/airflow/.local/lib/python3.12/site-packages/airflow/example_dags/example_task_group.py took 0.063 seconds
[2024-12-07T09:25:16.363+0000] {processor.py:186} INFO - Started process (PID=1449) to work on /home/airflow/.local/lib/python3.12/site-packages/airflow/example_dags/example_task_group.py
[2024-12-07T09:25:16.364+0000] {processor.py:914} INFO - Processing file /home/airflow/.local/lib/python3.12/site-packages/airflow/example_dags/example_task_group.py for tasks to queue
[2024-12-07T09:25:16.366+0000] {logging_mixin.py:190} INFO - [2024-12-07T09:25:16.366+0000] {dagbag.py:588} INFO - Filling up the DagBag from /home/airflow/.local/lib/python3.12/site-packages/airflow/example_dags/example_task_group.py
[2024-12-07T09:25:16.373+0000] {processor.py:925} INFO - DAG(s) 'example_task_group' retrieved from /home/airflow/.local/lib/python3.12/site-packages/airflow/example_dags/example_task_group.py
[2024-12-07T09:25:16.394+0000] {logging_mixin.py:190} INFO - [2024-12-07T09:25:16.394+0000] {dag.py:3239} INFO - Sync 1 DAGs
[2024-12-07T09:25:16.410+0000] {logging_mixin.py:190} INFO - [2024-12-07T09:25:16.410+0000] {dag.py:4180} INFO - Setting next_dagrun for example_task_group to None, run_after=None
[2024-12-07T09:25:16.426+0000] {processor.py:208} INFO - Processing /home/airflow/.local/lib/python3.12/site-packages/airflow/example_dags/example_task_group.py took 0.068 seconds
[2024-12-07T09:25:47.815+0000] {processor.py:186} INFO - Started process (PID=1514) to work on /home/airflow/.local/lib/python3.12/site-packages/airflow/example_dags/example_task_group.py
[2024-12-07T09:25:47.815+0000] {processor.py:914} INFO - Processing file /home/airflow/.local/lib/python3.12/site-packages/airflow/example_dags/example_task_group.py for tasks to queue
[2024-12-07T09:25:47.817+0000] {logging_mixin.py:190} INFO - [2024-12-07T09:25:47.816+0000] {dagbag.py:588} INFO - Filling up the DagBag from /home/airflow/.local/lib/python3.12/site-packages/airflow/example_dags/example_task_group.py
[2024-12-07T09:25:47.823+0000] {processor.py:925} INFO - DAG(s) 'example_task_group' retrieved from /home/airflow/.local/lib/python3.12/site-packages/airflow/example_dags/example_task_group.py
[2024-12-07T09:25:47.840+0000] {logging_mixin.py:190} INFO - [2024-12-07T09:25:47.840+0000] {dag.py:3239} INFO - Sync 1 DAGs
[2024-12-07T09:25:47.853+0000] {logging_mixin.py:190} INFO - [2024-12-07T09:25:47.852+0000] {dag.py:4180} INFO - Setting next_dagrun for example_task_group to None, run_after=None
[2024-12-07T09:25:47.866+0000] {processor.py:208} INFO - Processing /home/airflow/.local/lib/python3.12/site-packages/airflow/example_dags/example_task_group.py took 0.055 seconds
