[2024-12-07T09:14:20.073+0000] {processor.py:186} INFO - Started process (PID=101) to work on /home/airflow/.local/lib/python3.12/site-packages/airflow/example_dags/example_nested_branch_dag.py
[2024-12-07T09:14:20.074+0000] {processor.py:914} INFO - Processing file /home/airflow/.local/lib/python3.12/site-packages/airflow/example_dags/example_nested_branch_dag.py for tasks to queue
[2024-12-07T09:14:20.077+0000] {logging_mixin.py:190} INFO - [2024-12-07T09:14:20.076+0000] {dagbag.py:588} INFO - Filling up the DagBag from /home/airflow/.local/lib/python3.12/site-packages/airflow/example_dags/example_nested_branch_dag.py
[2024-12-07T09:14:20.089+0000] {processor.py:925} INFO - DAG(s) 'example_nested_branch_dag' retrieved from /home/airflow/.local/lib/python3.12/site-packages/airflow/example_dags/example_nested_branch_dag.py
[2024-12-07T09:14:20.211+0000] {logging_mixin.py:190} INFO - [2024-12-07T09:14:20.211+0000] {override.py:1911} INFO - Created Permission View: can edit on DAG:example_nested_branch_dag
[2024-12-07T09:14:20.220+0000] {logging_mixin.py:190} INFO - [2024-12-07T09:14:20.220+0000] {override.py:1911} INFO - Created Permission View: can delete on DAG:example_nested_branch_dag
[2024-12-07T09:14:20.225+0000] {logging_mixin.py:190} INFO - [2024-12-07T09:14:20.225+0000] {override.py:1911} INFO - Created Permission View: can read on DAG:example_nested_branch_dag
[2024-12-07T09:14:20.231+0000] {logging_mixin.py:190} INFO - [2024-12-07T09:14:20.231+0000] {override.py:1911} INFO - Created Permission View: can create on DAG Run:example_nested_branch_dag
[2024-12-07T09:14:20.236+0000] {logging_mixin.py:190} INFO - [2024-12-07T09:14:20.236+0000] {override.py:1911} INFO - Created Permission View: menu access on DAG Run:example_nested_branch_dag
[2024-12-07T09:14:20.242+0000] {logging_mixin.py:190} INFO - [2024-12-07T09:14:20.242+0000] {override.py:1911} INFO - Created Permission View: can delete on DAG Run:example_nested_branch_dag
[2024-12-07T09:14:20.247+0000] {logging_mixin.py:190} INFO - [2024-12-07T09:14:20.247+0000] {override.py:1911} INFO - Created Permission View: can read on DAG Run:example_nested_branch_dag
[2024-12-07T09:14:20.248+0000] {logging_mixin.py:190} INFO - [2024-12-07T09:14:20.247+0000] {dag.py:3239} INFO - Sync 1 DAGs
[2024-12-07T09:14:20.262+0000] {logging_mixin.py:190} INFO - [2024-12-07T09:14:20.262+0000] {dag.py:3262} INFO - Creating ORM DAG for example_nested_branch_dag
[2024-12-07T09:14:20.275+0000] {logging_mixin.py:190} INFO - [2024-12-07T09:14:20.275+0000] {dag.py:4180} INFO - Setting next_dagrun for example_nested_branch_dag to 2024-12-06 00:00:00+00:00, run_after=2024-12-07 00:00:00+00:00
[2024-12-07T09:14:20.290+0000] {processor.py:208} INFO - Processing /home/airflow/.local/lib/python3.12/site-packages/airflow/example_dags/example_nested_branch_dag.py took 0.223 seconds
[2024-12-07T09:14:51.062+0000] {processor.py:186} INFO - Started process (PID=164) to work on /home/airflow/.local/lib/python3.12/site-packages/airflow/example_dags/example_nested_branch_dag.py
[2024-12-07T09:14:51.063+0000] {processor.py:914} INFO - Processing file /home/airflow/.local/lib/python3.12/site-packages/airflow/example_dags/example_nested_branch_dag.py for tasks to queue
[2024-12-07T09:14:51.064+0000] {logging_mixin.py:190} INFO - [2024-12-07T09:14:51.064+0000] {dagbag.py:588} INFO - Filling up the DagBag from /home/airflow/.local/lib/python3.12/site-packages/airflow/example_dags/example_nested_branch_dag.py
[2024-12-07T09:14:51.073+0000] {processor.py:925} INFO - DAG(s) 'example_nested_branch_dag' retrieved from /home/airflow/.local/lib/python3.12/site-packages/airflow/example_dags/example_nested_branch_dag.py
[2024-12-07T09:14:51.091+0000] {logging_mixin.py:190} INFO - [2024-12-07T09:14:51.091+0000] {dag.py:3239} INFO - Sync 1 DAGs
[2024-12-07T09:14:51.109+0000] {logging_mixin.py:190} INFO - [2024-12-07T09:14:51.108+0000] {dag.py:4180} INFO - Setting next_dagrun for example_nested_branch_dag to 2024-12-06 00:00:00+00:00, run_after=2024-12-07 00:00:00+00:00
[2024-12-07T09:14:51.122+0000] {processor.py:208} INFO - Processing /home/airflow/.local/lib/python3.12/site-packages/airflow/example_dags/example_nested_branch_dag.py took 0.064 seconds
[2024-12-07T09:15:22.188+0000] {processor.py:186} INFO - Started process (PID=227) to work on /home/airflow/.local/lib/python3.12/site-packages/airflow/example_dags/example_nested_branch_dag.py
[2024-12-07T09:15:22.188+0000] {processor.py:914} INFO - Processing file /home/airflow/.local/lib/python3.12/site-packages/airflow/example_dags/example_nested_branch_dag.py for tasks to queue
[2024-12-07T09:15:22.190+0000] {logging_mixin.py:190} INFO - [2024-12-07T09:15:22.190+0000] {dagbag.py:588} INFO - Filling up the DagBag from /home/airflow/.local/lib/python3.12/site-packages/airflow/example_dags/example_nested_branch_dag.py
[2024-12-07T09:15:22.199+0000] {processor.py:925} INFO - DAG(s) 'example_nested_branch_dag' retrieved from /home/airflow/.local/lib/python3.12/site-packages/airflow/example_dags/example_nested_branch_dag.py
[2024-12-07T09:15:22.217+0000] {logging_mixin.py:190} INFO - [2024-12-07T09:15:22.217+0000] {dag.py:3239} INFO - Sync 1 DAGs
[2024-12-07T09:15:22.238+0000] {logging_mixin.py:190} INFO - [2024-12-07T09:15:22.238+0000] {dag.py:4180} INFO - Setting next_dagrun for example_nested_branch_dag to 2024-12-06 00:00:00+00:00, run_after=2024-12-07 00:00:00+00:00
[2024-12-07T09:15:22.251+0000] {processor.py:208} INFO - Processing /home/airflow/.local/lib/python3.12/site-packages/airflow/example_dags/example_nested_branch_dag.py took 0.068 seconds
[2024-12-07T09:15:53.308+0000] {processor.py:186} INFO - Started process (PID=290) to work on /home/airflow/.local/lib/python3.12/site-packages/airflow/example_dags/example_nested_branch_dag.py
[2024-12-07T09:15:53.309+0000] {processor.py:914} INFO - Processing file /home/airflow/.local/lib/python3.12/site-packages/airflow/example_dags/example_nested_branch_dag.py for tasks to queue
[2024-12-07T09:15:53.311+0000] {logging_mixin.py:190} INFO - [2024-12-07T09:15:53.311+0000] {dagbag.py:588} INFO - Filling up the DagBag from /home/airflow/.local/lib/python3.12/site-packages/airflow/example_dags/example_nested_branch_dag.py
[2024-12-07T09:15:53.323+0000] {processor.py:925} INFO - DAG(s) 'example_nested_branch_dag' retrieved from /home/airflow/.local/lib/python3.12/site-packages/airflow/example_dags/example_nested_branch_dag.py
[2024-12-07T09:15:53.343+0000] {logging_mixin.py:190} INFO - [2024-12-07T09:15:53.343+0000] {dag.py:3239} INFO - Sync 1 DAGs
[2024-12-07T09:15:53.366+0000] {logging_mixin.py:190} INFO - [2024-12-07T09:15:53.366+0000] {dag.py:4180} INFO - Setting next_dagrun for example_nested_branch_dag to 2024-12-06 00:00:00+00:00, run_after=2024-12-07 00:00:00+00:00
[2024-12-07T09:15:53.379+0000] {processor.py:208} INFO - Processing /home/airflow/.local/lib/python3.12/site-packages/airflow/example_dags/example_nested_branch_dag.py took 0.076 seconds
[2024-12-07T09:16:24.280+0000] {processor.py:186} INFO - Started process (PID=353) to work on /home/airflow/.local/lib/python3.12/site-packages/airflow/example_dags/example_nested_branch_dag.py
[2024-12-07T09:16:24.281+0000] {processor.py:914} INFO - Processing file /home/airflow/.local/lib/python3.12/site-packages/airflow/example_dags/example_nested_branch_dag.py for tasks to queue
[2024-12-07T09:16:24.283+0000] {logging_mixin.py:190} INFO - [2024-12-07T09:16:24.283+0000] {dagbag.py:588} INFO - Filling up the DagBag from /home/airflow/.local/lib/python3.12/site-packages/airflow/example_dags/example_nested_branch_dag.py
[2024-12-07T09:16:24.292+0000] {processor.py:925} INFO - DAG(s) 'example_nested_branch_dag' retrieved from /home/airflow/.local/lib/python3.12/site-packages/airflow/example_dags/example_nested_branch_dag.py
[2024-12-07T09:16:24.310+0000] {logging_mixin.py:190} INFO - [2024-12-07T09:16:24.310+0000] {dag.py:3239} INFO - Sync 1 DAGs
[2024-12-07T09:16:24.328+0000] {logging_mixin.py:190} INFO - [2024-12-07T09:16:24.328+0000] {dag.py:4180} INFO - Setting next_dagrun for example_nested_branch_dag to 2024-12-06 00:00:00+00:00, run_after=2024-12-07 00:00:00+00:00
[2024-12-07T09:16:24.340+0000] {processor.py:208} INFO - Processing /home/airflow/.local/lib/python3.12/site-packages/airflow/example_dags/example_nested_branch_dag.py took 0.064 seconds
[2024-12-07T09:16:55.693+0000] {processor.py:186} INFO - Started process (PID=417) to work on /home/airflow/.local/lib/python3.12/site-packages/airflow/example_dags/example_nested_branch_dag.py
[2024-12-07T09:16:55.693+0000] {processor.py:914} INFO - Processing file /home/airflow/.local/lib/python3.12/site-packages/airflow/example_dags/example_nested_branch_dag.py for tasks to queue
[2024-12-07T09:16:55.695+0000] {logging_mixin.py:190} INFO - [2024-12-07T09:16:55.695+0000] {dagbag.py:588} INFO - Filling up the DagBag from /home/airflow/.local/lib/python3.12/site-packages/airflow/example_dags/example_nested_branch_dag.py
[2024-12-07T09:16:55.704+0000] {processor.py:925} INFO - DAG(s) 'example_nested_branch_dag' retrieved from /home/airflow/.local/lib/python3.12/site-packages/airflow/example_dags/example_nested_branch_dag.py
[2024-12-07T09:16:55.721+0000] {logging_mixin.py:190} INFO - [2024-12-07T09:16:55.720+0000] {dag.py:3239} INFO - Sync 1 DAGs
[2024-12-07T09:16:55.739+0000] {logging_mixin.py:190} INFO - [2024-12-07T09:16:55.739+0000] {dag.py:4180} INFO - Setting next_dagrun for example_nested_branch_dag to 2024-12-06 00:00:00+00:00, run_after=2024-12-07 00:00:00+00:00
[2024-12-07T09:16:55.751+0000] {processor.py:208} INFO - Processing /home/airflow/.local/lib/python3.12/site-packages/airflow/example_dags/example_nested_branch_dag.py took 0.062 seconds
[2024-12-07T09:17:27.103+0000] {processor.py:186} INFO - Started process (PID=480) to work on /home/airflow/.local/lib/python3.12/site-packages/airflow/example_dags/example_nested_branch_dag.py
[2024-12-07T09:17:27.104+0000] {processor.py:914} INFO - Processing file /home/airflow/.local/lib/python3.12/site-packages/airflow/example_dags/example_nested_branch_dag.py for tasks to queue
[2024-12-07T09:17:27.106+0000] {logging_mixin.py:190} INFO - [2024-12-07T09:17:27.105+0000] {dagbag.py:588} INFO - Filling up the DagBag from /home/airflow/.local/lib/python3.12/site-packages/airflow/example_dags/example_nested_branch_dag.py
[2024-12-07T09:17:27.118+0000] {processor.py:925} INFO - DAG(s) 'example_nested_branch_dag' retrieved from /home/airflow/.local/lib/python3.12/site-packages/airflow/example_dags/example_nested_branch_dag.py
[2024-12-07T09:17:27.141+0000] {logging_mixin.py:190} INFO - [2024-12-07T09:17:27.141+0000] {dag.py:3239} INFO - Sync 1 DAGs
[2024-12-07T09:17:27.167+0000] {logging_mixin.py:190} INFO - [2024-12-07T09:17:27.167+0000] {dag.py:4180} INFO - Setting next_dagrun for example_nested_branch_dag to 2024-12-06 00:00:00+00:00, run_after=2024-12-07 00:00:00+00:00
[2024-12-07T09:17:27.183+0000] {processor.py:208} INFO - Processing /home/airflow/.local/lib/python3.12/site-packages/airflow/example_dags/example_nested_branch_dag.py took 0.086 seconds
[2024-12-07T09:17:58.238+0000] {processor.py:186} INFO - Started process (PID=544) to work on /home/airflow/.local/lib/python3.12/site-packages/airflow/example_dags/example_nested_branch_dag.py
[2024-12-07T09:17:58.239+0000] {processor.py:914} INFO - Processing file /home/airflow/.local/lib/python3.12/site-packages/airflow/example_dags/example_nested_branch_dag.py for tasks to queue
[2024-12-07T09:17:58.241+0000] {logging_mixin.py:190} INFO - [2024-12-07T09:17:58.240+0000] {dagbag.py:588} INFO - Filling up the DagBag from /home/airflow/.local/lib/python3.12/site-packages/airflow/example_dags/example_nested_branch_dag.py
[2024-12-07T09:17:58.252+0000] {processor.py:925} INFO - DAG(s) 'example_nested_branch_dag' retrieved from /home/airflow/.local/lib/python3.12/site-packages/airflow/example_dags/example_nested_branch_dag.py
[2024-12-07T09:17:58.273+0000] {logging_mixin.py:190} INFO - [2024-12-07T09:17:58.273+0000] {dag.py:3239} INFO - Sync 1 DAGs
[2024-12-07T09:17:58.294+0000] {logging_mixin.py:190} INFO - [2024-12-07T09:17:58.294+0000] {dag.py:4180} INFO - Setting next_dagrun for example_nested_branch_dag to 2024-12-06 00:00:00+00:00, run_after=2024-12-07 00:00:00+00:00
[2024-12-07T09:17:58.310+0000] {processor.py:208} INFO - Processing /home/airflow/.local/lib/python3.12/site-packages/airflow/example_dags/example_nested_branch_dag.py took 0.077 seconds
[2024-12-07T09:18:29.687+0000] {processor.py:186} INFO - Started process (PID=607) to work on /home/airflow/.local/lib/python3.12/site-packages/airflow/example_dags/example_nested_branch_dag.py
[2024-12-07T09:18:29.688+0000] {processor.py:914} INFO - Processing file /home/airflow/.local/lib/python3.12/site-packages/airflow/example_dags/example_nested_branch_dag.py for tasks to queue
[2024-12-07T09:18:29.689+0000] {logging_mixin.py:190} INFO - [2024-12-07T09:18:29.689+0000] {dagbag.py:588} INFO - Filling up the DagBag from /home/airflow/.local/lib/python3.12/site-packages/airflow/example_dags/example_nested_branch_dag.py
[2024-12-07T09:18:29.698+0000] {processor.py:925} INFO - DAG(s) 'example_nested_branch_dag' retrieved from /home/airflow/.local/lib/python3.12/site-packages/airflow/example_dags/example_nested_branch_dag.py
[2024-12-07T09:18:29.714+0000] {logging_mixin.py:190} INFO - [2024-12-07T09:18:29.714+0000] {dag.py:3239} INFO - Sync 1 DAGs
[2024-12-07T09:18:29.732+0000] {logging_mixin.py:190} INFO - [2024-12-07T09:18:29.732+0000] {dag.py:4180} INFO - Setting next_dagrun for example_nested_branch_dag to 2024-12-06 00:00:00+00:00, run_after=2024-12-07 00:00:00+00:00
[2024-12-07T09:18:29.747+0000] {processor.py:208} INFO - Processing /home/airflow/.local/lib/python3.12/site-packages/airflow/example_dags/example_nested_branch_dag.py took 0.065 seconds
[2024-12-07T09:19:01.276+0000] {processor.py:186} INFO - Started process (PID=670) to work on /home/airflow/.local/lib/python3.12/site-packages/airflow/example_dags/example_nested_branch_dag.py
[2024-12-07T09:19:01.277+0000] {processor.py:914} INFO - Processing file /home/airflow/.local/lib/python3.12/site-packages/airflow/example_dags/example_nested_branch_dag.py for tasks to queue
[2024-12-07T09:19:01.283+0000] {logging_mixin.py:190} INFO - [2024-12-07T09:19:01.282+0000] {dagbag.py:588} INFO - Filling up the DagBag from /home/airflow/.local/lib/python3.12/site-packages/airflow/example_dags/example_nested_branch_dag.py
[2024-12-07T09:19:01.293+0000] {processor.py:925} INFO - DAG(s) 'example_nested_branch_dag' retrieved from /home/airflow/.local/lib/python3.12/site-packages/airflow/example_dags/example_nested_branch_dag.py
[2024-12-07T09:19:01.310+0000] {logging_mixin.py:190} INFO - [2024-12-07T09:19:01.310+0000] {dag.py:3239} INFO - Sync 1 DAGs
[2024-12-07T09:19:01.333+0000] {logging_mixin.py:190} INFO - [2024-12-07T09:19:01.333+0000] {dag.py:4180} INFO - Setting next_dagrun for example_nested_branch_dag to 2024-12-06 00:00:00+00:00, run_after=2024-12-07 00:00:00+00:00
[2024-12-07T09:19:01.350+0000] {processor.py:208} INFO - Processing /home/airflow/.local/lib/python3.12/site-packages/airflow/example_dags/example_nested_branch_dag.py took 0.084 seconds
[2024-12-07T09:19:32.537+0000] {processor.py:186} INFO - Started process (PID=735) to work on /home/airflow/.local/lib/python3.12/site-packages/airflow/example_dags/example_nested_branch_dag.py
[2024-12-07T09:19:32.538+0000] {processor.py:914} INFO - Processing file /home/airflow/.local/lib/python3.12/site-packages/airflow/example_dags/example_nested_branch_dag.py for tasks to queue
[2024-12-07T09:19:32.540+0000] {logging_mixin.py:190} INFO - [2024-12-07T09:19:32.540+0000] {dagbag.py:588} INFO - Filling up the DagBag from /home/airflow/.local/lib/python3.12/site-packages/airflow/example_dags/example_nested_branch_dag.py
[2024-12-07T09:19:32.553+0000] {processor.py:925} INFO - DAG(s) 'example_nested_branch_dag' retrieved from /home/airflow/.local/lib/python3.12/site-packages/airflow/example_dags/example_nested_branch_dag.py
[2024-12-07T09:19:32.572+0000] {logging_mixin.py:190} INFO - [2024-12-07T09:19:32.572+0000] {dag.py:3239} INFO - Sync 1 DAGs
[2024-12-07T09:19:32.599+0000] {logging_mixin.py:190} INFO - [2024-12-07T09:19:32.599+0000] {dag.py:4180} INFO - Setting next_dagrun for example_nested_branch_dag to 2024-12-06 00:00:00+00:00, run_after=2024-12-07 00:00:00+00:00
[2024-12-07T09:19:32.615+0000] {processor.py:208} INFO - Processing /home/airflow/.local/lib/python3.12/site-packages/airflow/example_dags/example_nested_branch_dag.py took 0.085 seconds
[2024-12-07T09:20:03.770+0000] {processor.py:186} INFO - Started process (PID=799) to work on /home/airflow/.local/lib/python3.12/site-packages/airflow/example_dags/example_nested_branch_dag.py
[2024-12-07T09:20:03.771+0000] {processor.py:914} INFO - Processing file /home/airflow/.local/lib/python3.12/site-packages/airflow/example_dags/example_nested_branch_dag.py for tasks to queue
[2024-12-07T09:20:03.773+0000] {logging_mixin.py:190} INFO - [2024-12-07T09:20:03.772+0000] {dagbag.py:588} INFO - Filling up the DagBag from /home/airflow/.local/lib/python3.12/site-packages/airflow/example_dags/example_nested_branch_dag.py
[2024-12-07T09:20:03.782+0000] {processor.py:925} INFO - DAG(s) 'example_nested_branch_dag' retrieved from /home/airflow/.local/lib/python3.12/site-packages/airflow/example_dags/example_nested_branch_dag.py
[2024-12-07T09:20:03.802+0000] {logging_mixin.py:190} INFO - [2024-12-07T09:20:03.802+0000] {dag.py:3239} INFO - Sync 1 DAGs
[2024-12-07T09:20:03.822+0000] {logging_mixin.py:190} INFO - [2024-12-07T09:20:03.822+0000] {dag.py:4180} INFO - Setting next_dagrun for example_nested_branch_dag to 2024-12-06 00:00:00+00:00, run_after=2024-12-07 00:00:00+00:00
[2024-12-07T09:20:03.836+0000] {processor.py:208} INFO - Processing /home/airflow/.local/lib/python3.12/site-packages/airflow/example_dags/example_nested_branch_dag.py took 0.070 seconds
[2024-12-07T09:20:35.201+0000] {processor.py:186} INFO - Started process (PID=864) to work on /home/airflow/.local/lib/python3.12/site-packages/airflow/example_dags/example_nested_branch_dag.py
[2024-12-07T09:20:35.202+0000] {processor.py:914} INFO - Processing file /home/airflow/.local/lib/python3.12/site-packages/airflow/example_dags/example_nested_branch_dag.py for tasks to queue
[2024-12-07T09:20:35.204+0000] {logging_mixin.py:190} INFO - [2024-12-07T09:20:35.204+0000] {dagbag.py:588} INFO - Filling up the DagBag from /home/airflow/.local/lib/python3.12/site-packages/airflow/example_dags/example_nested_branch_dag.py
[2024-12-07T09:20:35.216+0000] {processor.py:925} INFO - DAG(s) 'example_nested_branch_dag' retrieved from /home/airflow/.local/lib/python3.12/site-packages/airflow/example_dags/example_nested_branch_dag.py
[2024-12-07T09:20:35.234+0000] {logging_mixin.py:190} INFO - [2024-12-07T09:20:35.234+0000] {dag.py:3239} INFO - Sync 1 DAGs
[2024-12-07T09:20:35.253+0000] {logging_mixin.py:190} INFO - [2024-12-07T09:20:35.253+0000] {dag.py:4180} INFO - Setting next_dagrun for example_nested_branch_dag to 2024-12-06 00:00:00+00:00, run_after=2024-12-07 00:00:00+00:00
[2024-12-07T09:20:35.268+0000] {processor.py:208} INFO - Processing /home/airflow/.local/lib/python3.12/site-packages/airflow/example_dags/example_nested_branch_dag.py took 0.073 seconds
[2024-12-07T09:21:06.372+0000] {processor.py:186} INFO - Started process (PID=928) to work on /home/airflow/.local/lib/python3.12/site-packages/airflow/example_dags/example_nested_branch_dag.py
[2024-12-07T09:21:06.373+0000] {processor.py:914} INFO - Processing file /home/airflow/.local/lib/python3.12/site-packages/airflow/example_dags/example_nested_branch_dag.py for tasks to queue
[2024-12-07T09:21:06.375+0000] {logging_mixin.py:190} INFO - [2024-12-07T09:21:06.375+0000] {dagbag.py:588} INFO - Filling up the DagBag from /home/airflow/.local/lib/python3.12/site-packages/airflow/example_dags/example_nested_branch_dag.py
[2024-12-07T09:21:06.383+0000] {processor.py:925} INFO - DAG(s) 'example_nested_branch_dag' retrieved from /home/airflow/.local/lib/python3.12/site-packages/airflow/example_dags/example_nested_branch_dag.py
[2024-12-07T09:21:06.402+0000] {logging_mixin.py:190} INFO - [2024-12-07T09:21:06.401+0000] {dag.py:3239} INFO - Sync 1 DAGs
[2024-12-07T09:21:06.427+0000] {logging_mixin.py:190} INFO - [2024-12-07T09:21:06.426+0000] {dag.py:4180} INFO - Setting next_dagrun for example_nested_branch_dag to 2024-12-06 00:00:00+00:00, run_after=2024-12-07 00:00:00+00:00
[2024-12-07T09:21:06.442+0000] {processor.py:208} INFO - Processing /home/airflow/.local/lib/python3.12/site-packages/airflow/example_dags/example_nested_branch_dag.py took 0.074 seconds
[2024-12-07T09:21:37.429+0000] {processor.py:186} INFO - Started process (PID=992) to work on /home/airflow/.local/lib/python3.12/site-packages/airflow/example_dags/example_nested_branch_dag.py
[2024-12-07T09:21:37.429+0000] {processor.py:914} INFO - Processing file /home/airflow/.local/lib/python3.12/site-packages/airflow/example_dags/example_nested_branch_dag.py for tasks to queue
[2024-12-07T09:21:37.431+0000] {logging_mixin.py:190} INFO - [2024-12-07T09:21:37.431+0000] {dagbag.py:588} INFO - Filling up the DagBag from /home/airflow/.local/lib/python3.12/site-packages/airflow/example_dags/example_nested_branch_dag.py
[2024-12-07T09:21:37.439+0000] {processor.py:925} INFO - DAG(s) 'example_nested_branch_dag' retrieved from /home/airflow/.local/lib/python3.12/site-packages/airflow/example_dags/example_nested_branch_dag.py
[2024-12-07T09:21:37.458+0000] {logging_mixin.py:190} INFO - [2024-12-07T09:21:37.458+0000] {dag.py:3239} INFO - Sync 1 DAGs
[2024-12-07T09:21:37.479+0000] {logging_mixin.py:190} INFO - [2024-12-07T09:21:37.479+0000] {dag.py:4180} INFO - Setting next_dagrun for example_nested_branch_dag to 2024-12-06 00:00:00+00:00, run_after=2024-12-07 00:00:00+00:00
[2024-12-07T09:21:37.493+0000] {processor.py:208} INFO - Processing /home/airflow/.local/lib/python3.12/site-packages/airflow/example_dags/example_nested_branch_dag.py took 0.069 seconds
[2024-12-07T09:22:08.722+0000] {processor.py:186} INFO - Started process (PID=1056) to work on /home/airflow/.local/lib/python3.12/site-packages/airflow/example_dags/example_nested_branch_dag.py
[2024-12-07T09:22:08.723+0000] {processor.py:914} INFO - Processing file /home/airflow/.local/lib/python3.12/site-packages/airflow/example_dags/example_nested_branch_dag.py for tasks to queue
[2024-12-07T09:22:08.724+0000] {logging_mixin.py:190} INFO - [2024-12-07T09:22:08.724+0000] {dagbag.py:588} INFO - Filling up the DagBag from /home/airflow/.local/lib/python3.12/site-packages/airflow/example_dags/example_nested_branch_dag.py
[2024-12-07T09:22:08.733+0000] {processor.py:925} INFO - DAG(s) 'example_nested_branch_dag' retrieved from /home/airflow/.local/lib/python3.12/site-packages/airflow/example_dags/example_nested_branch_dag.py
[2024-12-07T09:22:08.749+0000] {logging_mixin.py:190} INFO - [2024-12-07T09:22:08.749+0000] {dag.py:3239} INFO - Sync 1 DAGs
[2024-12-07T09:22:08.767+0000] {logging_mixin.py:190} INFO - [2024-12-07T09:22:08.767+0000] {dag.py:4180} INFO - Setting next_dagrun for example_nested_branch_dag to 2024-12-06 00:00:00+00:00, run_after=2024-12-07 00:00:00+00:00
[2024-12-07T09:22:08.780+0000] {processor.py:208} INFO - Processing /home/airflow/.local/lib/python3.12/site-packages/airflow/example_dags/example_nested_branch_dag.py took 0.062 seconds
[2024-12-07T09:22:39.767+0000] {processor.py:186} INFO - Started process (PID=1120) to work on /home/airflow/.local/lib/python3.12/site-packages/airflow/example_dags/example_nested_branch_dag.py
[2024-12-07T09:22:39.767+0000] {processor.py:914} INFO - Processing file /home/airflow/.local/lib/python3.12/site-packages/airflow/example_dags/example_nested_branch_dag.py for tasks to queue
[2024-12-07T09:22:39.769+0000] {logging_mixin.py:190} INFO - [2024-12-07T09:22:39.769+0000] {dagbag.py:588} INFO - Filling up the DagBag from /home/airflow/.local/lib/python3.12/site-packages/airflow/example_dags/example_nested_branch_dag.py
[2024-12-07T09:22:39.777+0000] {processor.py:925} INFO - DAG(s) 'example_nested_branch_dag' retrieved from /home/airflow/.local/lib/python3.12/site-packages/airflow/example_dags/example_nested_branch_dag.py
[2024-12-07T09:22:39.797+0000] {logging_mixin.py:190} INFO - [2024-12-07T09:22:39.797+0000] {dag.py:3239} INFO - Sync 1 DAGs
[2024-12-07T09:22:39.818+0000] {logging_mixin.py:190} INFO - [2024-12-07T09:22:39.818+0000] {dag.py:4180} INFO - Setting next_dagrun for example_nested_branch_dag to 2024-12-06 00:00:00+00:00, run_after=2024-12-07 00:00:00+00:00
[2024-12-07T09:22:39.831+0000] {processor.py:208} INFO - Processing /home/airflow/.local/lib/python3.12/site-packages/airflow/example_dags/example_nested_branch_dag.py took 0.069 seconds
[2024-12-07T09:23:11.212+0000] {processor.py:186} INFO - Started process (PID=1184) to work on /home/airflow/.local/lib/python3.12/site-packages/airflow/example_dags/example_nested_branch_dag.py
[2024-12-07T09:23:11.213+0000] {processor.py:914} INFO - Processing file /home/airflow/.local/lib/python3.12/site-packages/airflow/example_dags/example_nested_branch_dag.py for tasks to queue
[2024-12-07T09:23:11.214+0000] {logging_mixin.py:190} INFO - [2024-12-07T09:23:11.214+0000] {dagbag.py:588} INFO - Filling up the DagBag from /home/airflow/.local/lib/python3.12/site-packages/airflow/example_dags/example_nested_branch_dag.py
[2024-12-07T09:23:11.223+0000] {processor.py:925} INFO - DAG(s) 'example_nested_branch_dag' retrieved from /home/airflow/.local/lib/python3.12/site-packages/airflow/example_dags/example_nested_branch_dag.py
[2024-12-07T09:23:11.239+0000] {logging_mixin.py:190} INFO - [2024-12-07T09:23:11.239+0000] {dag.py:3239} INFO - Sync 1 DAGs
[2024-12-07T09:23:11.259+0000] {logging_mixin.py:190} INFO - [2024-12-07T09:23:11.258+0000] {dag.py:4180} INFO - Setting next_dagrun for example_nested_branch_dag to 2024-12-06 00:00:00+00:00, run_after=2024-12-07 00:00:00+00:00
[2024-12-07T09:23:11.271+0000] {processor.py:208} INFO - Processing /home/airflow/.local/lib/python3.12/site-packages/airflow/example_dags/example_nested_branch_dag.py took 0.064 seconds
[2024-12-07T09:23:42.377+0000] {processor.py:186} INFO - Started process (PID=1248) to work on /home/airflow/.local/lib/python3.12/site-packages/airflow/example_dags/example_nested_branch_dag.py
[2024-12-07T09:23:42.378+0000] {processor.py:914} INFO - Processing file /home/airflow/.local/lib/python3.12/site-packages/airflow/example_dags/example_nested_branch_dag.py for tasks to queue
[2024-12-07T09:23:42.379+0000] {logging_mixin.py:190} INFO - [2024-12-07T09:23:42.379+0000] {dagbag.py:588} INFO - Filling up the DagBag from /home/airflow/.local/lib/python3.12/site-packages/airflow/example_dags/example_nested_branch_dag.py
[2024-12-07T09:23:42.388+0000] {processor.py:925} INFO - DAG(s) 'example_nested_branch_dag' retrieved from /home/airflow/.local/lib/python3.12/site-packages/airflow/example_dags/example_nested_branch_dag.py
[2024-12-07T09:23:42.403+0000] {logging_mixin.py:190} INFO - [2024-12-07T09:23:42.403+0000] {dag.py:3239} INFO - Sync 1 DAGs
[2024-12-07T09:23:42.421+0000] {logging_mixin.py:190} INFO - [2024-12-07T09:23:42.421+0000] {dag.py:4180} INFO - Setting next_dagrun for example_nested_branch_dag to 2024-12-06 00:00:00+00:00, run_after=2024-12-07 00:00:00+00:00
[2024-12-07T09:23:42.436+0000] {processor.py:208} INFO - Processing /home/airflow/.local/lib/python3.12/site-packages/airflow/example_dags/example_nested_branch_dag.py took 0.063 seconds
[2024-12-07T09:24:13.695+0000] {processor.py:186} INFO - Started process (PID=1312) to work on /home/airflow/.local/lib/python3.12/site-packages/airflow/example_dags/example_nested_branch_dag.py
[2024-12-07T09:24:13.696+0000] {processor.py:914} INFO - Processing file /home/airflow/.local/lib/python3.12/site-packages/airflow/example_dags/example_nested_branch_dag.py for tasks to queue
[2024-12-07T09:24:13.697+0000] {logging_mixin.py:190} INFO - [2024-12-07T09:24:13.697+0000] {dagbag.py:588} INFO - Filling up the DagBag from /home/airflow/.local/lib/python3.12/site-packages/airflow/example_dags/example_nested_branch_dag.py
[2024-12-07T09:24:13.706+0000] {processor.py:925} INFO - DAG(s) 'example_nested_branch_dag' retrieved from /home/airflow/.local/lib/python3.12/site-packages/airflow/example_dags/example_nested_branch_dag.py
[2024-12-07T09:24:13.724+0000] {logging_mixin.py:190} INFO - [2024-12-07T09:24:13.724+0000] {dag.py:3239} INFO - Sync 1 DAGs
[2024-12-07T09:24:13.744+0000] {logging_mixin.py:190} INFO - [2024-12-07T09:24:13.744+0000] {dag.py:4180} INFO - Setting next_dagrun for example_nested_branch_dag to 2024-12-06 00:00:00+00:00, run_after=2024-12-07 00:00:00+00:00
[2024-12-07T09:24:13.758+0000] {processor.py:208} INFO - Processing /home/airflow/.local/lib/python3.12/site-packages/airflow/example_dags/example_nested_branch_dag.py took 0.067 seconds
[2024-12-07T09:24:44.973+0000] {processor.py:186} INFO - Started process (PID=1382) to work on /home/airflow/.local/lib/python3.12/site-packages/airflow/example_dags/example_nested_branch_dag.py
[2024-12-07T09:24:44.973+0000] {processor.py:914} INFO - Processing file /home/airflow/.local/lib/python3.12/site-packages/airflow/example_dags/example_nested_branch_dag.py for tasks to queue
[2024-12-07T09:24:44.975+0000] {logging_mixin.py:190} INFO - [2024-12-07T09:24:44.975+0000] {dagbag.py:588} INFO - Filling up the DagBag from /home/airflow/.local/lib/python3.12/site-packages/airflow/example_dags/example_nested_branch_dag.py
[2024-12-07T09:24:44.983+0000] {processor.py:925} INFO - DAG(s) 'example_nested_branch_dag' retrieved from /home/airflow/.local/lib/python3.12/site-packages/airflow/example_dags/example_nested_branch_dag.py
[2024-12-07T09:24:45.001+0000] {logging_mixin.py:190} INFO - [2024-12-07T09:24:45.001+0000] {dag.py:3239} INFO - Sync 1 DAGs
[2024-12-07T09:24:45.021+0000] {logging_mixin.py:190} INFO - [2024-12-07T09:24:45.020+0000] {dag.py:4180} INFO - Setting next_dagrun for example_nested_branch_dag to 2024-12-06 00:00:00+00:00, run_after=2024-12-07 00:00:00+00:00
[2024-12-07T09:24:45.034+0000] {processor.py:208} INFO - Processing /home/airflow/.local/lib/python3.12/site-packages/airflow/example_dags/example_nested_branch_dag.py took 0.066 seconds
[2024-12-07T09:25:16.191+0000] {processor.py:186} INFO - Started process (PID=1446) to work on /home/airflow/.local/lib/python3.12/site-packages/airflow/example_dags/example_nested_branch_dag.py
[2024-12-07T09:25:16.192+0000] {processor.py:914} INFO - Processing file /home/airflow/.local/lib/python3.12/site-packages/airflow/example_dags/example_nested_branch_dag.py for tasks to queue
[2024-12-07T09:25:16.193+0000] {logging_mixin.py:190} INFO - [2024-12-07T09:25:16.193+0000] {dagbag.py:588} INFO - Filling up the DagBag from /home/airflow/.local/lib/python3.12/site-packages/airflow/example_dags/example_nested_branch_dag.py
[2024-12-07T09:25:16.202+0000] {processor.py:925} INFO - DAG(s) 'example_nested_branch_dag' retrieved from /home/airflow/.local/lib/python3.12/site-packages/airflow/example_dags/example_nested_branch_dag.py
[2024-12-07T09:25:16.220+0000] {logging_mixin.py:190} INFO - [2024-12-07T09:25:16.220+0000] {dag.py:3239} INFO - Sync 1 DAGs
[2024-12-07T09:25:16.243+0000] {logging_mixin.py:190} INFO - [2024-12-07T09:25:16.243+0000] {dag.py:4180} INFO - Setting next_dagrun for example_nested_branch_dag to 2024-12-06 00:00:00+00:00, run_after=2024-12-07 00:00:00+00:00
[2024-12-07T09:25:16.258+0000] {processor.py:208} INFO - Processing /home/airflow/.local/lib/python3.12/site-packages/airflow/example_dags/example_nested_branch_dag.py took 0.071 seconds
[2024-12-07T09:25:47.707+0000] {processor.py:186} INFO - Started process (PID=1511) to work on /home/airflow/.local/lib/python3.12/site-packages/airflow/example_dags/example_nested_branch_dag.py
[2024-12-07T09:25:47.708+0000] {processor.py:914} INFO - Processing file /home/airflow/.local/lib/python3.12/site-packages/airflow/example_dags/example_nested_branch_dag.py for tasks to queue
[2024-12-07T09:25:47.709+0000] {logging_mixin.py:190} INFO - [2024-12-07T09:25:47.709+0000] {dagbag.py:588} INFO - Filling up the DagBag from /home/airflow/.local/lib/python3.12/site-packages/airflow/example_dags/example_nested_branch_dag.py
[2024-12-07T09:25:47.718+0000] {processor.py:925} INFO - DAG(s) 'example_nested_branch_dag' retrieved from /home/airflow/.local/lib/python3.12/site-packages/airflow/example_dags/example_nested_branch_dag.py
[2024-12-07T09:25:47.734+0000] {logging_mixin.py:190} INFO - [2024-12-07T09:25:47.733+0000] {dag.py:3239} INFO - Sync 1 DAGs
[2024-12-07T09:25:47.752+0000] {logging_mixin.py:190} INFO - [2024-12-07T09:25:47.752+0000] {dag.py:4180} INFO - Setting next_dagrun for example_nested_branch_dag to 2024-12-06 00:00:00+00:00, run_after=2024-12-07 00:00:00+00:00
[2024-12-07T09:25:47.765+0000] {processor.py:208} INFO - Processing /home/airflow/.local/lib/python3.12/site-packages/airflow/example_dags/example_nested_branch_dag.py took 0.063 seconds
