[2024-12-07T09:14:11.835+0000] {processor.py:186} INFO - Started process (PID=63) to work on /home/airflow/.local/lib/python3.12/site-packages/airflow/example_dags/example_branch_operator.py
[2024-12-07T09:14:11.836+0000] {processor.py:914} INFO - Processing file /home/airflow/.local/lib/python3.12/site-packages/airflow/example_dags/example_branch_operator.py for tasks to queue
[2024-12-07T09:14:11.838+0000] {logging_mixin.py:190} INFO - [2024-12-07T09:14:11.838+0000] {dagbag.py:588} INFO - Filling up the DagBag from /home/airflow/.local/lib/python3.12/site-packages/airflow/example_dags/example_branch_operator.py
[2024-12-07T09:14:11.884+0000] {processor.py:925} INFO - DAG(s) 'example_branch_operator' retrieved from /home/airflow/.local/lib/python3.12/site-packages/airflow/example_dags/example_branch_operator.py
[2024-12-07T09:14:12.258+0000] {logging_mixin.py:190} INFO - [2024-12-07T09:14:12.255+0000] {override.py:1911} INFO - Created Permission View: can edit on DAG:example_branch_operator
[2024-12-07T09:14:12.297+0000] {logging_mixin.py:190} INFO - [2024-12-07T09:14:12.297+0000] {override.py:1911} INFO - Created Permission View: can delete on DAG:example_branch_operator
[2024-12-07T09:14:12.309+0000] {logging_mixin.py:190} INFO - [2024-12-07T09:14:12.309+0000] {override.py:1911} INFO - Created Permission View: can read on DAG:example_branch_operator
[2024-12-07T09:14:12.322+0000] {logging_mixin.py:190} INFO - [2024-12-07T09:14:12.321+0000] {override.py:1911} INFO - Created Permission View: can create on DAG Run:example_branch_operator
[2024-12-07T09:14:12.333+0000] {logging_mixin.py:190} INFO - [2024-12-07T09:14:12.333+0000] {override.py:1911} INFO - Created Permission View: menu access on DAG Run:example_branch_operator
[2024-12-07T09:14:12.345+0000] {logging_mixin.py:190} INFO - [2024-12-07T09:14:12.344+0000] {override.py:1911} INFO - Created Permission View: can delete on DAG Run:example_branch_operator
[2024-12-07T09:14:12.356+0000] {logging_mixin.py:190} INFO - [2024-12-07T09:14:12.356+0000] {override.py:1911} INFO - Created Permission View: can read on DAG Run:example_branch_operator
[2024-12-07T09:14:12.357+0000] {logging_mixin.py:190} INFO - [2024-12-07T09:14:12.357+0000] {dag.py:3239} INFO - Sync 1 DAGs
[2024-12-07T09:14:12.393+0000] {logging_mixin.py:190} INFO - [2024-12-07T09:14:12.393+0000] {dag.py:3262} INFO - Creating ORM DAG for example_branch_operator
[2024-12-07T09:14:12.406+0000] {logging_mixin.py:190} INFO - [2024-12-07T09:14:12.405+0000] {dag.py:4180} INFO - Setting next_dagrun for example_branch_operator to 2024-12-06 00:00:00+00:00, run_after=2024-12-07 00:00:00+00:00
[2024-12-07T09:14:12.429+0000] {processor.py:208} INFO - Processing /home/airflow/.local/lib/python3.12/site-packages/airflow/example_dags/example_branch_operator.py took 0.608 seconds
[2024-12-07T09:14:42.938+0000] {processor.py:186} INFO - Started process (PID=126) to work on /home/airflow/.local/lib/python3.12/site-packages/airflow/example_dags/example_branch_operator.py
[2024-12-07T09:14:42.940+0000] {processor.py:914} INFO - Processing file /home/airflow/.local/lib/python3.12/site-packages/airflow/example_dags/example_branch_operator.py for tasks to queue
[2024-12-07T09:14:42.943+0000] {logging_mixin.py:190} INFO - [2024-12-07T09:14:42.942+0000] {dagbag.py:588} INFO - Filling up the DagBag from /home/airflow/.local/lib/python3.12/site-packages/airflow/example_dags/example_branch_operator.py
[2024-12-07T09:14:42.965+0000] {processor.py:925} INFO - DAG(s) 'example_branch_operator' retrieved from /home/airflow/.local/lib/python3.12/site-packages/airflow/example_dags/example_branch_operator.py
[2024-12-07T09:14:43.004+0000] {logging_mixin.py:190} INFO - [2024-12-07T09:14:43.003+0000] {dag.py:3239} INFO - Sync 1 DAGs
[2024-12-07T09:14:43.038+0000] {logging_mixin.py:190} INFO - [2024-12-07T09:14:43.037+0000] {dag.py:4180} INFO - Setting next_dagrun for example_branch_operator to 2024-12-06 00:00:00+00:00, run_after=2024-12-07 00:00:00+00:00
[2024-12-07T09:14:43.054+0000] {processor.py:208} INFO - Processing /home/airflow/.local/lib/python3.12/site-packages/airflow/example_dags/example_branch_operator.py took 0.122 seconds
[2024-12-07T09:15:13.177+0000] {processor.py:186} INFO - Started process (PID=195) to work on /home/airflow/.local/lib/python3.12/site-packages/airflow/example_dags/example_branch_operator.py
[2024-12-07T09:15:13.178+0000] {processor.py:914} INFO - Processing file /home/airflow/.local/lib/python3.12/site-packages/airflow/example_dags/example_branch_operator.py for tasks to queue
[2024-12-07T09:15:13.180+0000] {logging_mixin.py:190} INFO - [2024-12-07T09:15:13.179+0000] {dagbag.py:588} INFO - Filling up the DagBag from /home/airflow/.local/lib/python3.12/site-packages/airflow/example_dags/example_branch_operator.py
[2024-12-07T09:15:13.193+0000] {processor.py:925} INFO - DAG(s) 'example_branch_operator' retrieved from /home/airflow/.local/lib/python3.12/site-packages/airflow/example_dags/example_branch_operator.py
[2024-12-07T09:15:13.215+0000] {logging_mixin.py:190} INFO - [2024-12-07T09:15:13.215+0000] {dag.py:3239} INFO - Sync 1 DAGs
[2024-12-07T09:15:13.235+0000] {logging_mixin.py:190} INFO - [2024-12-07T09:15:13.235+0000] {dag.py:4180} INFO - Setting next_dagrun for example_branch_operator to 2024-12-06 00:00:00+00:00, run_after=2024-12-07 00:00:00+00:00
[2024-12-07T09:15:13.248+0000] {processor.py:208} INFO - Processing /home/airflow/.local/lib/python3.12/site-packages/airflow/example_dags/example_branch_operator.py took 0.075 seconds
[2024-12-07T09:15:43.392+0000] {processor.py:186} INFO - Started process (PID=258) to work on /home/airflow/.local/lib/python3.12/site-packages/airflow/example_dags/example_branch_operator.py
[2024-12-07T09:15:43.392+0000] {processor.py:914} INFO - Processing file /home/airflow/.local/lib/python3.12/site-packages/airflow/example_dags/example_branch_operator.py for tasks to queue
[2024-12-07T09:15:43.394+0000] {logging_mixin.py:190} INFO - [2024-12-07T09:15:43.394+0000] {dagbag.py:588} INFO - Filling up the DagBag from /home/airflow/.local/lib/python3.12/site-packages/airflow/example_dags/example_branch_operator.py
[2024-12-07T09:15:43.413+0000] {processor.py:925} INFO - DAG(s) 'example_branch_operator' retrieved from /home/airflow/.local/lib/python3.12/site-packages/airflow/example_dags/example_branch_operator.py
[2024-12-07T09:15:43.444+0000] {logging_mixin.py:190} INFO - [2024-12-07T09:15:43.444+0000] {dag.py:3239} INFO - Sync 1 DAGs
[2024-12-07T09:15:43.471+0000] {logging_mixin.py:190} INFO - [2024-12-07T09:15:43.471+0000] {dag.py:4180} INFO - Setting next_dagrun for example_branch_operator to 2024-12-06 00:00:00+00:00, run_after=2024-12-07 00:00:00+00:00
[2024-12-07T09:15:43.484+0000] {processor.py:208} INFO - Processing /home/airflow/.local/lib/python3.12/site-packages/airflow/example_dags/example_branch_operator.py took 0.097 seconds
[2024-12-07T09:16:14.227+0000] {processor.py:186} INFO - Started process (PID=321) to work on /home/airflow/.local/lib/python3.12/site-packages/airflow/example_dags/example_branch_operator.py
[2024-12-07T09:16:14.227+0000] {processor.py:914} INFO - Processing file /home/airflow/.local/lib/python3.12/site-packages/airflow/example_dags/example_branch_operator.py for tasks to queue
[2024-12-07T09:16:14.229+0000] {logging_mixin.py:190} INFO - [2024-12-07T09:16:14.229+0000] {dagbag.py:588} INFO - Filling up the DagBag from /home/airflow/.local/lib/python3.12/site-packages/airflow/example_dags/example_branch_operator.py
[2024-12-07T09:16:14.249+0000] {processor.py:925} INFO - DAG(s) 'example_branch_operator' retrieved from /home/airflow/.local/lib/python3.12/site-packages/airflow/example_dags/example_branch_operator.py
[2024-12-07T09:16:14.270+0000] {logging_mixin.py:190} INFO - [2024-12-07T09:16:14.270+0000] {dag.py:3239} INFO - Sync 1 DAGs
[2024-12-07T09:16:14.288+0000] {logging_mixin.py:190} INFO - [2024-12-07T09:16:14.288+0000] {dag.py:4180} INFO - Setting next_dagrun for example_branch_operator to 2024-12-06 00:00:00+00:00, run_after=2024-12-07 00:00:00+00:00
[2024-12-07T09:16:14.301+0000] {processor.py:208} INFO - Processing /home/airflow/.local/lib/python3.12/site-packages/airflow/example_dags/example_branch_operator.py took 0.079 seconds
[2024-12-07T09:16:44.575+0000] {processor.py:186} INFO - Started process (PID=385) to work on /home/airflow/.local/lib/python3.12/site-packages/airflow/example_dags/example_branch_operator.py
[2024-12-07T09:16:44.575+0000] {processor.py:914} INFO - Processing file /home/airflow/.local/lib/python3.12/site-packages/airflow/example_dags/example_branch_operator.py for tasks to queue
[2024-12-07T09:16:44.577+0000] {logging_mixin.py:190} INFO - [2024-12-07T09:16:44.577+0000] {dagbag.py:588} INFO - Filling up the DagBag from /home/airflow/.local/lib/python3.12/site-packages/airflow/example_dags/example_branch_operator.py
[2024-12-07T09:16:44.590+0000] {processor.py:925} INFO - DAG(s) 'example_branch_operator' retrieved from /home/airflow/.local/lib/python3.12/site-packages/airflow/example_dags/example_branch_operator.py
[2024-12-07T09:16:44.612+0000] {logging_mixin.py:190} INFO - [2024-12-07T09:16:44.611+0000] {dag.py:3239} INFO - Sync 1 DAGs
[2024-12-07T09:16:44.629+0000] {logging_mixin.py:190} INFO - [2024-12-07T09:16:44.629+0000] {dag.py:4180} INFO - Setting next_dagrun for example_branch_operator to 2024-12-06 00:00:00+00:00, run_after=2024-12-07 00:00:00+00:00
[2024-12-07T09:16:44.641+0000] {processor.py:208} INFO - Processing /home/airflow/.local/lib/python3.12/site-packages/airflow/example_dags/example_branch_operator.py took 0.071 seconds
[2024-12-07T09:17:15.030+0000] {processor.py:186} INFO - Started process (PID=448) to work on /home/airflow/.local/lib/python3.12/site-packages/airflow/example_dags/example_branch_operator.py
[2024-12-07T09:17:15.031+0000] {processor.py:914} INFO - Processing file /home/airflow/.local/lib/python3.12/site-packages/airflow/example_dags/example_branch_operator.py for tasks to queue
[2024-12-07T09:17:15.033+0000] {logging_mixin.py:190} INFO - [2024-12-07T09:17:15.032+0000] {dagbag.py:588} INFO - Filling up the DagBag from /home/airflow/.local/lib/python3.12/site-packages/airflow/example_dags/example_branch_operator.py
[2024-12-07T09:17:15.047+0000] {processor.py:925} INFO - DAG(s) 'example_branch_operator' retrieved from /home/airflow/.local/lib/python3.12/site-packages/airflow/example_dags/example_branch_operator.py
[2024-12-07T09:17:15.068+0000] {logging_mixin.py:190} INFO - [2024-12-07T09:17:15.068+0000] {dag.py:3239} INFO - Sync 1 DAGs
[2024-12-07T09:17:15.089+0000] {logging_mixin.py:190} INFO - [2024-12-07T09:17:15.088+0000] {dag.py:4180} INFO - Setting next_dagrun for example_branch_operator to 2024-12-06 00:00:00+00:00, run_after=2024-12-07 00:00:00+00:00
[2024-12-07T09:17:15.103+0000] {processor.py:208} INFO - Processing /home/airflow/.local/lib/python3.12/site-packages/airflow/example_dags/example_branch_operator.py took 0.077 seconds
[2024-12-07T09:17:45.309+0000] {processor.py:186} INFO - Started process (PID=512) to work on /home/airflow/.local/lib/python3.12/site-packages/airflow/example_dags/example_branch_operator.py
[2024-12-07T09:17:45.310+0000] {processor.py:914} INFO - Processing file /home/airflow/.local/lib/python3.12/site-packages/airflow/example_dags/example_branch_operator.py for tasks to queue
[2024-12-07T09:17:45.312+0000] {logging_mixin.py:190} INFO - [2024-12-07T09:17:45.312+0000] {dagbag.py:588} INFO - Filling up the DagBag from /home/airflow/.local/lib/python3.12/site-packages/airflow/example_dags/example_branch_operator.py
[2024-12-07T09:17:45.328+0000] {processor.py:925} INFO - DAG(s) 'example_branch_operator' retrieved from /home/airflow/.local/lib/python3.12/site-packages/airflow/example_dags/example_branch_operator.py
[2024-12-07T09:17:45.349+0000] {logging_mixin.py:190} INFO - [2024-12-07T09:17:45.349+0000] {dag.py:3239} INFO - Sync 1 DAGs
[2024-12-07T09:17:45.367+0000] {logging_mixin.py:190} INFO - [2024-12-07T09:17:45.367+0000] {dag.py:4180} INFO - Setting next_dagrun for example_branch_operator to 2024-12-06 00:00:00+00:00, run_after=2024-12-07 00:00:00+00:00
[2024-12-07T09:17:45.381+0000] {processor.py:208} INFO - Processing /home/airflow/.local/lib/python3.12/site-packages/airflow/example_dags/example_branch_operator.py took 0.077 seconds
[2024-12-07T09:18:15.678+0000] {processor.py:186} INFO - Started process (PID=575) to work on /home/airflow/.local/lib/python3.12/site-packages/airflow/example_dags/example_branch_operator.py
[2024-12-07T09:18:15.679+0000] {processor.py:914} INFO - Processing file /home/airflow/.local/lib/python3.12/site-packages/airflow/example_dags/example_branch_operator.py for tasks to queue
[2024-12-07T09:18:15.680+0000] {logging_mixin.py:190} INFO - [2024-12-07T09:18:15.680+0000] {dagbag.py:588} INFO - Filling up the DagBag from /home/airflow/.local/lib/python3.12/site-packages/airflow/example_dags/example_branch_operator.py
[2024-12-07T09:18:15.697+0000] {processor.py:925} INFO - DAG(s) 'example_branch_operator' retrieved from /home/airflow/.local/lib/python3.12/site-packages/airflow/example_dags/example_branch_operator.py
[2024-12-07T09:18:15.719+0000] {logging_mixin.py:190} INFO - [2024-12-07T09:18:15.718+0000] {dag.py:3239} INFO - Sync 1 DAGs
[2024-12-07T09:18:15.740+0000] {logging_mixin.py:190} INFO - [2024-12-07T09:18:15.740+0000] {dag.py:4180} INFO - Setting next_dagrun for example_branch_operator to 2024-12-06 00:00:00+00:00, run_after=2024-12-07 00:00:00+00:00
[2024-12-07T09:18:15.753+0000] {processor.py:208} INFO - Processing /home/airflow/.local/lib/python3.12/site-packages/airflow/example_dags/example_branch_operator.py took 0.080 seconds
[2024-12-07T09:18:46.168+0000] {processor.py:186} INFO - Started process (PID=638) to work on /home/airflow/.local/lib/python3.12/site-packages/airflow/example_dags/example_branch_operator.py
[2024-12-07T09:18:46.168+0000] {processor.py:914} INFO - Processing file /home/airflow/.local/lib/python3.12/site-packages/airflow/example_dags/example_branch_operator.py for tasks to queue
[2024-12-07T09:18:46.170+0000] {logging_mixin.py:190} INFO - [2024-12-07T09:18:46.170+0000] {dagbag.py:588} INFO - Filling up the DagBag from /home/airflow/.local/lib/python3.12/site-packages/airflow/example_dags/example_branch_operator.py
[2024-12-07T09:18:46.183+0000] {processor.py:925} INFO - DAG(s) 'example_branch_operator' retrieved from /home/airflow/.local/lib/python3.12/site-packages/airflow/example_dags/example_branch_operator.py
[2024-12-07T09:18:46.205+0000] {logging_mixin.py:190} INFO - [2024-12-07T09:18:46.204+0000] {dag.py:3239} INFO - Sync 1 DAGs
[2024-12-07T09:18:46.222+0000] {logging_mixin.py:190} INFO - [2024-12-07T09:18:46.222+0000] {dag.py:4180} INFO - Setting next_dagrun for example_branch_operator to 2024-12-06 00:00:00+00:00, run_after=2024-12-07 00:00:00+00:00
[2024-12-07T09:18:46.235+0000] {processor.py:208} INFO - Processing /home/airflow/.local/lib/python3.12/site-packages/airflow/example_dags/example_branch_operator.py took 0.071 seconds
[2024-12-07T09:19:17.059+0000] {processor.py:186} INFO - Started process (PID=703) to work on /home/airflow/.local/lib/python3.12/site-packages/airflow/example_dags/example_branch_operator.py
[2024-12-07T09:19:17.060+0000] {processor.py:914} INFO - Processing file /home/airflow/.local/lib/python3.12/site-packages/airflow/example_dags/example_branch_operator.py for tasks to queue
[2024-12-07T09:19:17.061+0000] {logging_mixin.py:190} INFO - [2024-12-07T09:19:17.061+0000] {dagbag.py:588} INFO - Filling up the DagBag from /home/airflow/.local/lib/python3.12/site-packages/airflow/example_dags/example_branch_operator.py
[2024-12-07T09:19:17.075+0000] {processor.py:925} INFO - DAG(s) 'example_branch_operator' retrieved from /home/airflow/.local/lib/python3.12/site-packages/airflow/example_dags/example_branch_operator.py
[2024-12-07T09:19:17.106+0000] {logging_mixin.py:190} INFO - [2024-12-07T09:19:17.105+0000] {dag.py:3239} INFO - Sync 1 DAGs
[2024-12-07T09:19:17.130+0000] {logging_mixin.py:190} INFO - [2024-12-07T09:19:17.129+0000] {dag.py:4180} INFO - Setting next_dagrun for example_branch_operator to 2024-12-06 00:00:00+00:00, run_after=2024-12-07 00:00:00+00:00
[2024-12-07T09:19:17.145+0000] {processor.py:208} INFO - Processing /home/airflow/.local/lib/python3.12/site-packages/airflow/example_dags/example_branch_operator.py took 0.090 seconds
[2024-12-07T09:19:47.647+0000] {processor.py:186} INFO - Started process (PID=767) to work on /home/airflow/.local/lib/python3.12/site-packages/airflow/example_dags/example_branch_operator.py
[2024-12-07T09:19:47.647+0000] {processor.py:914} INFO - Processing file /home/airflow/.local/lib/python3.12/site-packages/airflow/example_dags/example_branch_operator.py for tasks to queue
[2024-12-07T09:19:47.649+0000] {logging_mixin.py:190} INFO - [2024-12-07T09:19:47.649+0000] {dagbag.py:588} INFO - Filling up the DagBag from /home/airflow/.local/lib/python3.12/site-packages/airflow/example_dags/example_branch_operator.py
[2024-12-07T09:19:47.663+0000] {processor.py:925} INFO - DAG(s) 'example_branch_operator' retrieved from /home/airflow/.local/lib/python3.12/site-packages/airflow/example_dags/example_branch_operator.py
[2024-12-07T09:19:47.686+0000] {logging_mixin.py:190} INFO - [2024-12-07T09:19:47.686+0000] {dag.py:3239} INFO - Sync 1 DAGs
[2024-12-07T09:19:47.704+0000] {logging_mixin.py:190} INFO - [2024-12-07T09:19:47.704+0000] {dag.py:4180} INFO - Setting next_dagrun for example_branch_operator to 2024-12-06 00:00:00+00:00, run_after=2024-12-07 00:00:00+00:00
[2024-12-07T09:19:47.717+0000] {processor.py:208} INFO - Processing /home/airflow/.local/lib/python3.12/site-packages/airflow/example_dags/example_branch_operator.py took 0.075 seconds
[2024-12-07T09:20:18.059+0000] {processor.py:186} INFO - Started process (PID=832) to work on /home/airflow/.local/lib/python3.12/site-packages/airflow/example_dags/example_branch_operator.py
[2024-12-07T09:20:18.060+0000] {processor.py:914} INFO - Processing file /home/airflow/.local/lib/python3.12/site-packages/airflow/example_dags/example_branch_operator.py for tasks to queue
[2024-12-07T09:20:18.062+0000] {logging_mixin.py:190} INFO - [2024-12-07T09:20:18.062+0000] {dagbag.py:588} INFO - Filling up the DagBag from /home/airflow/.local/lib/python3.12/site-packages/airflow/example_dags/example_branch_operator.py
[2024-12-07T09:20:18.082+0000] {processor.py:925} INFO - DAG(s) 'example_branch_operator' retrieved from /home/airflow/.local/lib/python3.12/site-packages/airflow/example_dags/example_branch_operator.py
[2024-12-07T09:20:18.106+0000] {logging_mixin.py:190} INFO - [2024-12-07T09:20:18.106+0000] {dag.py:3239} INFO - Sync 1 DAGs
[2024-12-07T09:20:18.126+0000] {logging_mixin.py:190} INFO - [2024-12-07T09:20:18.126+0000] {dag.py:4180} INFO - Setting next_dagrun for example_branch_operator to 2024-12-06 00:00:00+00:00, run_after=2024-12-07 00:00:00+00:00
[2024-12-07T09:20:18.139+0000] {processor.py:208} INFO - Processing /home/airflow/.local/lib/python3.12/site-packages/airflow/example_dags/example_branch_operator.py took 0.086 seconds
[2024-12-07T09:20:48.191+0000] {processor.py:186} INFO - Started process (PID=896) to work on /home/airflow/.local/lib/python3.12/site-packages/airflow/example_dags/example_branch_operator.py
[2024-12-07T09:20:48.192+0000] {processor.py:914} INFO - Processing file /home/airflow/.local/lib/python3.12/site-packages/airflow/example_dags/example_branch_operator.py for tasks to queue
[2024-12-07T09:20:48.193+0000] {logging_mixin.py:190} INFO - [2024-12-07T09:20:48.193+0000] {dagbag.py:588} INFO - Filling up the DagBag from /home/airflow/.local/lib/python3.12/site-packages/airflow/example_dags/example_branch_operator.py
[2024-12-07T09:20:48.207+0000] {processor.py:925} INFO - DAG(s) 'example_branch_operator' retrieved from /home/airflow/.local/lib/python3.12/site-packages/airflow/example_dags/example_branch_operator.py
[2024-12-07T09:20:48.237+0000] {logging_mixin.py:190} INFO - [2024-12-07T09:20:48.236+0000] {dag.py:3239} INFO - Sync 1 DAGs
[2024-12-07T09:20:48.260+0000] {logging_mixin.py:190} INFO - [2024-12-07T09:20:48.260+0000] {dag.py:4180} INFO - Setting next_dagrun for example_branch_operator to 2024-12-06 00:00:00+00:00, run_after=2024-12-07 00:00:00+00:00
[2024-12-07T09:20:48.274+0000] {processor.py:208} INFO - Processing /home/airflow/.local/lib/python3.12/site-packages/airflow/example_dags/example_branch_operator.py took 0.087 seconds
[2024-12-07T09:21:18.391+0000] {processor.py:186} INFO - Started process (PID=960) to work on /home/airflow/.local/lib/python3.12/site-packages/airflow/example_dags/example_branch_operator.py
[2024-12-07T09:21:18.392+0000] {processor.py:914} INFO - Processing file /home/airflow/.local/lib/python3.12/site-packages/airflow/example_dags/example_branch_operator.py for tasks to queue
[2024-12-07T09:21:18.394+0000] {logging_mixin.py:190} INFO - [2024-12-07T09:21:18.393+0000] {dagbag.py:588} INFO - Filling up the DagBag from /home/airflow/.local/lib/python3.12/site-packages/airflow/example_dags/example_branch_operator.py
[2024-12-07T09:21:18.408+0000] {processor.py:925} INFO - DAG(s) 'example_branch_operator' retrieved from /home/airflow/.local/lib/python3.12/site-packages/airflow/example_dags/example_branch_operator.py
[2024-12-07T09:21:18.431+0000] {logging_mixin.py:190} INFO - [2024-12-07T09:21:18.431+0000] {dag.py:3239} INFO - Sync 1 DAGs
[2024-12-07T09:21:18.452+0000] {logging_mixin.py:190} INFO - [2024-12-07T09:21:18.452+0000] {dag.py:4180} INFO - Setting next_dagrun for example_branch_operator to 2024-12-06 00:00:00+00:00, run_after=2024-12-07 00:00:00+00:00
[2024-12-07T09:21:18.465+0000] {processor.py:208} INFO - Processing /home/airflow/.local/lib/python3.12/site-packages/airflow/example_dags/example_branch_operator.py took 0.078 seconds
[2024-12-07T09:21:48.675+0000] {processor.py:186} INFO - Started process (PID=1024) to work on /home/airflow/.local/lib/python3.12/site-packages/airflow/example_dags/example_branch_operator.py
[2024-12-07T09:21:48.676+0000] {processor.py:914} INFO - Processing file /home/airflow/.local/lib/python3.12/site-packages/airflow/example_dags/example_branch_operator.py for tasks to queue
[2024-12-07T09:21:48.677+0000] {logging_mixin.py:190} INFO - [2024-12-07T09:21:48.677+0000] {dagbag.py:588} INFO - Filling up the DagBag from /home/airflow/.local/lib/python3.12/site-packages/airflow/example_dags/example_branch_operator.py
[2024-12-07T09:21:48.696+0000] {processor.py:925} INFO - DAG(s) 'example_branch_operator' retrieved from /home/airflow/.local/lib/python3.12/site-packages/airflow/example_dags/example_branch_operator.py
[2024-12-07T09:21:48.720+0000] {logging_mixin.py:190} INFO - [2024-12-07T09:21:48.720+0000] {dag.py:3239} INFO - Sync 1 DAGs
[2024-12-07T09:21:48.741+0000] {logging_mixin.py:190} INFO - [2024-12-07T09:21:48.741+0000] {dag.py:4180} INFO - Setting next_dagrun for example_branch_operator to 2024-12-06 00:00:00+00:00, run_after=2024-12-07 00:00:00+00:00
[2024-12-07T09:21:48.754+0000] {processor.py:208} INFO - Processing /home/airflow/.local/lib/python3.12/site-packages/airflow/example_dags/example_branch_operator.py took 0.084 seconds
[2024-12-07T09:22:19.597+0000] {processor.py:186} INFO - Started process (PID=1088) to work on /home/airflow/.local/lib/python3.12/site-packages/airflow/example_dags/example_branch_operator.py
[2024-12-07T09:22:19.598+0000] {processor.py:914} INFO - Processing file /home/airflow/.local/lib/python3.12/site-packages/airflow/example_dags/example_branch_operator.py for tasks to queue
[2024-12-07T09:22:19.600+0000] {logging_mixin.py:190} INFO - [2024-12-07T09:22:19.599+0000] {dagbag.py:588} INFO - Filling up the DagBag from /home/airflow/.local/lib/python3.12/site-packages/airflow/example_dags/example_branch_operator.py
[2024-12-07T09:22:19.617+0000] {processor.py:925} INFO - DAG(s) 'example_branch_operator' retrieved from /home/airflow/.local/lib/python3.12/site-packages/airflow/example_dags/example_branch_operator.py
[2024-12-07T09:22:19.642+0000] {logging_mixin.py:190} INFO - [2024-12-07T09:22:19.641+0000] {dag.py:3239} INFO - Sync 1 DAGs
[2024-12-07T09:22:19.662+0000] {logging_mixin.py:190} INFO - [2024-12-07T09:22:19.662+0000] {dag.py:4180} INFO - Setting next_dagrun for example_branch_operator to 2024-12-06 00:00:00+00:00, run_after=2024-12-07 00:00:00+00:00
[2024-12-07T09:22:19.675+0000] {processor.py:208} INFO - Processing /home/airflow/.local/lib/python3.12/site-packages/airflow/example_dags/example_branch_operator.py took 0.082 seconds
[2024-12-07T09:22:50.037+0000] {processor.py:186} INFO - Started process (PID=1152) to work on /home/airflow/.local/lib/python3.12/site-packages/airflow/example_dags/example_branch_operator.py
[2024-12-07T09:22:50.037+0000] {processor.py:914} INFO - Processing file /home/airflow/.local/lib/python3.12/site-packages/airflow/example_dags/example_branch_operator.py for tasks to queue
[2024-12-07T09:22:50.039+0000] {logging_mixin.py:190} INFO - [2024-12-07T09:22:50.039+0000] {dagbag.py:588} INFO - Filling up the DagBag from /home/airflow/.local/lib/python3.12/site-packages/airflow/example_dags/example_branch_operator.py
[2024-12-07T09:22:50.053+0000] {processor.py:925} INFO - DAG(s) 'example_branch_operator' retrieved from /home/airflow/.local/lib/python3.12/site-packages/airflow/example_dags/example_branch_operator.py
[2024-12-07T09:22:50.085+0000] {logging_mixin.py:190} INFO - [2024-12-07T09:22:50.085+0000] {dag.py:3239} INFO - Sync 1 DAGs
[2024-12-07T09:22:50.115+0000] {logging_mixin.py:190} INFO - [2024-12-07T09:22:50.115+0000] {dag.py:4180} INFO - Setting next_dagrun for example_branch_operator to 2024-12-06 00:00:00+00:00, run_after=2024-12-07 00:00:00+00:00
[2024-12-07T09:22:50.131+0000] {processor.py:208} INFO - Processing /home/airflow/.local/lib/python3.12/site-packages/airflow/example_dags/example_branch_operator.py took 0.100 seconds
[2024-12-07T09:23:20.166+0000] {processor.py:186} INFO - Started process (PID=1216) to work on /home/airflow/.local/lib/python3.12/site-packages/airflow/example_dags/example_branch_operator.py
[2024-12-07T09:23:20.166+0000] {processor.py:914} INFO - Processing file /home/airflow/.local/lib/python3.12/site-packages/airflow/example_dags/example_branch_operator.py for tasks to queue
[2024-12-07T09:23:20.168+0000] {logging_mixin.py:190} INFO - [2024-12-07T09:23:20.168+0000] {dagbag.py:588} INFO - Filling up the DagBag from /home/airflow/.local/lib/python3.12/site-packages/airflow/example_dags/example_branch_operator.py
[2024-12-07T09:23:20.181+0000] {processor.py:925} INFO - DAG(s) 'example_branch_operator' retrieved from /home/airflow/.local/lib/python3.12/site-packages/airflow/example_dags/example_branch_operator.py
[2024-12-07T09:23:20.202+0000] {logging_mixin.py:190} INFO - [2024-12-07T09:23:20.202+0000] {dag.py:3239} INFO - Sync 1 DAGs
[2024-12-07T09:23:20.221+0000] {logging_mixin.py:190} INFO - [2024-12-07T09:23:20.221+0000] {dag.py:4180} INFO - Setting next_dagrun for example_branch_operator to 2024-12-06 00:00:00+00:00, run_after=2024-12-07 00:00:00+00:00
[2024-12-07T09:23:20.238+0000] {processor.py:208} INFO - Processing /home/airflow/.local/lib/python3.12/site-packages/airflow/example_dags/example_branch_operator.py took 0.076 seconds
[2024-12-07T09:23:50.597+0000] {processor.py:186} INFO - Started process (PID=1280) to work on /home/airflow/.local/lib/python3.12/site-packages/airflow/example_dags/example_branch_operator.py
[2024-12-07T09:23:50.598+0000] {processor.py:914} INFO - Processing file /home/airflow/.local/lib/python3.12/site-packages/airflow/example_dags/example_branch_operator.py for tasks to queue
[2024-12-07T09:23:50.600+0000] {logging_mixin.py:190} INFO - [2024-12-07T09:23:50.599+0000] {dagbag.py:588} INFO - Filling up the DagBag from /home/airflow/.local/lib/python3.12/site-packages/airflow/example_dags/example_branch_operator.py
[2024-12-07T09:23:50.613+0000] {processor.py:925} INFO - DAG(s) 'example_branch_operator' retrieved from /home/airflow/.local/lib/python3.12/site-packages/airflow/example_dags/example_branch_operator.py
[2024-12-07T09:23:50.637+0000] {logging_mixin.py:190} INFO - [2024-12-07T09:23:50.637+0000] {dag.py:3239} INFO - Sync 1 DAGs
[2024-12-07T09:23:50.657+0000] {logging_mixin.py:190} INFO - [2024-12-07T09:23:50.657+0000] {dag.py:4180} INFO - Setting next_dagrun for example_branch_operator to 2024-12-06 00:00:00+00:00, run_after=2024-12-07 00:00:00+00:00
[2024-12-07T09:23:50.669+0000] {processor.py:208} INFO - Processing /home/airflow/.local/lib/python3.12/site-packages/airflow/example_dags/example_branch_operator.py took 0.076 seconds
[2024-12-07T09:24:20.819+0000] {processor.py:186} INFO - Started process (PID=1344) to work on /home/airflow/.local/lib/python3.12/site-packages/airflow/example_dags/example_branch_operator.py
[2024-12-07T09:24:20.819+0000] {processor.py:914} INFO - Processing file /home/airflow/.local/lib/python3.12/site-packages/airflow/example_dags/example_branch_operator.py for tasks to queue
[2024-12-07T09:24:20.821+0000] {logging_mixin.py:190} INFO - [2024-12-07T09:24:20.821+0000] {dagbag.py:588} INFO - Filling up the DagBag from /home/airflow/.local/lib/python3.12/site-packages/airflow/example_dags/example_branch_operator.py
[2024-12-07T09:24:20.835+0000] {processor.py:925} INFO - DAG(s) 'example_branch_operator' retrieved from /home/airflow/.local/lib/python3.12/site-packages/airflow/example_dags/example_branch_operator.py
[2024-12-07T09:24:20.857+0000] {logging_mixin.py:190} INFO - [2024-12-07T09:24:20.856+0000] {dag.py:3239} INFO - Sync 1 DAGs
[2024-12-07T09:24:20.876+0000] {logging_mixin.py:190} INFO - [2024-12-07T09:24:20.876+0000] {dag.py:4180} INFO - Setting next_dagrun for example_branch_operator to 2024-12-06 00:00:00+00:00, run_after=2024-12-07 00:00:00+00:00
[2024-12-07T09:24:20.890+0000] {processor.py:208} INFO - Processing /home/airflow/.local/lib/python3.12/site-packages/airflow/example_dags/example_branch_operator.py took 0.075 seconds
[2024-12-07T09:24:51.888+0000] {processor.py:186} INFO - Started process (PID=1408) to work on /home/airflow/.local/lib/python3.12/site-packages/airflow/example_dags/example_branch_operator.py
[2024-12-07T09:24:51.889+0000] {processor.py:914} INFO - Processing file /home/airflow/.local/lib/python3.12/site-packages/airflow/example_dags/example_branch_operator.py for tasks to queue
[2024-12-07T09:24:51.890+0000] {logging_mixin.py:190} INFO - [2024-12-07T09:24:51.890+0000] {dagbag.py:588} INFO - Filling up the DagBag from /home/airflow/.local/lib/python3.12/site-packages/airflow/example_dags/example_branch_operator.py
[2024-12-07T09:24:51.904+0000] {processor.py:925} INFO - DAG(s) 'example_branch_operator' retrieved from /home/airflow/.local/lib/python3.12/site-packages/airflow/example_dags/example_branch_operator.py
[2024-12-07T09:24:51.925+0000] {logging_mixin.py:190} INFO - [2024-12-07T09:24:51.925+0000] {dag.py:3239} INFO - Sync 1 DAGs
[2024-12-07T09:24:51.943+0000] {logging_mixin.py:190} INFO - [2024-12-07T09:24:51.943+0000] {dag.py:4180} INFO - Setting next_dagrun for example_branch_operator to 2024-12-06 00:00:00+00:00, run_after=2024-12-07 00:00:00+00:00
[2024-12-07T09:24:51.956+0000] {processor.py:208} INFO - Processing /home/airflow/.local/lib/python3.12/site-packages/airflow/example_dags/example_branch_operator.py took 0.072 seconds
[2024-12-07T09:25:22.534+0000] {processor.py:186} INFO - Started process (PID=1472) to work on /home/airflow/.local/lib/python3.12/site-packages/airflow/example_dags/example_branch_operator.py
[2024-12-07T09:25:22.534+0000] {processor.py:914} INFO - Processing file /home/airflow/.local/lib/python3.12/site-packages/airflow/example_dags/example_branch_operator.py for tasks to queue
[2024-12-07T09:25:22.536+0000] {logging_mixin.py:190} INFO - [2024-12-07T09:25:22.536+0000] {dagbag.py:588} INFO - Filling up the DagBag from /home/airflow/.local/lib/python3.12/site-packages/airflow/example_dags/example_branch_operator.py
[2024-12-07T09:25:22.551+0000] {processor.py:925} INFO - DAG(s) 'example_branch_operator' retrieved from /home/airflow/.local/lib/python3.12/site-packages/airflow/example_dags/example_branch_operator.py
[2024-12-07T09:25:22.580+0000] {logging_mixin.py:190} INFO - [2024-12-07T09:25:22.579+0000] {dag.py:3239} INFO - Sync 1 DAGs
[2024-12-07T09:25:22.603+0000] {logging_mixin.py:190} INFO - [2024-12-07T09:25:22.603+0000] {dag.py:4180} INFO - Setting next_dagrun for example_branch_operator to 2024-12-06 00:00:00+00:00, run_after=2024-12-07 00:00:00+00:00
[2024-12-07T09:25:22.619+0000] {processor.py:208} INFO - Processing /home/airflow/.local/lib/python3.12/site-packages/airflow/example_dags/example_branch_operator.py took 0.089 seconds
[2024-12-07T09:25:52.999+0000] {processor.py:186} INFO - Started process (PID=1536) to work on /home/airflow/.local/lib/python3.12/site-packages/airflow/example_dags/example_branch_operator.py
[2024-12-07T09:25:53.000+0000] {processor.py:914} INFO - Processing file /home/airflow/.local/lib/python3.12/site-packages/airflow/example_dags/example_branch_operator.py for tasks to queue
[2024-12-07T09:25:53.003+0000] {logging_mixin.py:190} INFO - [2024-12-07T09:25:53.002+0000] {dagbag.py:588} INFO - Filling up the DagBag from /home/airflow/.local/lib/python3.12/site-packages/airflow/example_dags/example_branch_operator.py
[2024-12-07T09:25:53.016+0000] {processor.py:925} INFO - DAG(s) 'example_branch_operator' retrieved from /home/airflow/.local/lib/python3.12/site-packages/airflow/example_dags/example_branch_operator.py
[2024-12-07T09:25:53.038+0000] {logging_mixin.py:190} INFO - [2024-12-07T09:25:53.037+0000] {dag.py:3239} INFO - Sync 1 DAGs
[2024-12-07T09:25:53.058+0000] {logging_mixin.py:190} INFO - [2024-12-07T09:25:53.058+0000] {dag.py:4180} INFO - Setting next_dagrun for example_branch_operator to 2024-12-06 00:00:00+00:00, run_after=2024-12-07 00:00:00+00:00
[2024-12-07T09:25:53.072+0000] {processor.py:208} INFO - Processing /home/airflow/.local/lib/python3.12/site-packages/airflow/example_dags/example_branch_operator.py took 0.077 seconds
