[2024-12-07T09:14:18.054+0000] {processor.py:186} INFO - Started process (PID=95) to work on /home/airflow/.local/lib/python3.12/site-packages/airflow/example_dags/example_datasets.py
[2024-12-07T09:14:18.055+0000] {processor.py:914} INFO - Processing file /home/airflow/.local/lib/python3.12/site-packages/airflow/example_dags/example_datasets.py for tasks to queue
[2024-12-07T09:14:18.058+0000] {logging_mixin.py:190} INFO - [2024-12-07T09:14:18.057+0000] {dagbag.py:588} INFO - Filling up the DagBag from /home/airflow/.local/lib/python3.12/site-packages/airflow/example_dags/example_datasets.py
[2024-12-07T09:14:18.897+0000] {processor.py:925} INFO - DAG(s) 'consume_1_or_2_with_dataset_expressions', 'consume_1_and_2_with_dataset_expressions', 'dataset_consumes_1_never_scheduled', 'dataset_consumes_1', 'dataset_produces_2', 'dataset_consumes_unknown_never_scheduled', 'dataset_consumes_1_and_2', 'consume_1_or_both_2_and_3_with_dataset_expressions', 'conditional_dataset_and_time_based_timetable', 'dataset_produces_1' retrieved from /home/airflow/.local/lib/python3.12/site-packages/airflow/example_dags/example_datasets.py
[2024-12-07T09:14:19.013+0000] {logging_mixin.py:190} INFO - [2024-12-07T09:14:19.013+0000] {override.py:1911} INFO - Created Permission View: can edit on DAG:consume_1_or_2_with_dataset_expressions
[2024-12-07T09:14:19.026+0000] {logging_mixin.py:190} INFO - [2024-12-07T09:14:19.026+0000] {override.py:1911} INFO - Created Permission View: can delete on DAG:consume_1_or_2_with_dataset_expressions
[2024-12-07T09:14:19.036+0000] {logging_mixin.py:190} INFO - [2024-12-07T09:14:19.035+0000] {override.py:1911} INFO - Created Permission View: can read on DAG:consume_1_or_2_with_dataset_expressions
[2024-12-07T09:14:19.045+0000] {logging_mixin.py:190} INFO - [2024-12-07T09:14:19.044+0000] {override.py:1911} INFO - Created Permission View: can create on DAG Run:consume_1_or_2_with_dataset_expressions
[2024-12-07T09:14:19.056+0000] {logging_mixin.py:190} INFO - [2024-12-07T09:14:19.055+0000] {override.py:1911} INFO - Created Permission View: menu access on DAG Run:consume_1_or_2_with_dataset_expressions
[2024-12-07T09:14:19.061+0000] {logging_mixin.py:190} INFO - [2024-12-07T09:14:19.061+0000] {override.py:1911} INFO - Created Permission View: can delete on DAG Run:consume_1_or_2_with_dataset_expressions
[2024-12-07T09:14:19.067+0000] {logging_mixin.py:190} INFO - [2024-12-07T09:14:19.067+0000] {override.py:1911} INFO - Created Permission View: can read on DAG Run:consume_1_or_2_with_dataset_expressions
[2024-12-07T09:14:19.084+0000] {logging_mixin.py:190} INFO - [2024-12-07T09:14:19.082+0000] {override.py:1911} INFO - Created Permission View: can edit on DAG:consume_1_and_2_with_dataset_expressions
[2024-12-07T09:14:19.090+0000] {logging_mixin.py:190} INFO - [2024-12-07T09:14:19.090+0000] {override.py:1911} INFO - Created Permission View: can delete on DAG:consume_1_and_2_with_dataset_expressions
[2024-12-07T09:14:19.095+0000] {logging_mixin.py:190} INFO - [2024-12-07T09:14:19.095+0000] {override.py:1911} INFO - Created Permission View: can read on DAG:consume_1_and_2_with_dataset_expressions
[2024-12-07T09:14:19.100+0000] {logging_mixin.py:190} INFO - [2024-12-07T09:14:19.100+0000] {override.py:1911} INFO - Created Permission View: can create on DAG Run:consume_1_and_2_with_dataset_expressions
[2024-12-07T09:14:19.105+0000] {logging_mixin.py:190} INFO - [2024-12-07T09:14:19.104+0000] {override.py:1911} INFO - Created Permission View: menu access on DAG Run:consume_1_and_2_with_dataset_expressions
[2024-12-07T09:14:19.109+0000] {logging_mixin.py:190} INFO - [2024-12-07T09:14:19.109+0000] {override.py:1911} INFO - Created Permission View: can delete on DAG Run:consume_1_and_2_with_dataset_expressions
[2024-12-07T09:14:19.114+0000] {logging_mixin.py:190} INFO - [2024-12-07T09:14:19.113+0000] {override.py:1911} INFO - Created Permission View: can read on DAG Run:consume_1_and_2_with_dataset_expressions
[2024-12-07T09:14:19.122+0000] {logging_mixin.py:190} INFO - [2024-12-07T09:14:19.122+0000] {override.py:1911} INFO - Created Permission View: can edit on DAG:dataset_consumes_1_never_scheduled
[2024-12-07T09:14:19.132+0000] {logging_mixin.py:190} INFO - [2024-12-07T09:14:19.132+0000] {override.py:1911} INFO - Created Permission View: can delete on DAG:dataset_consumes_1_never_scheduled
[2024-12-07T09:14:19.138+0000] {logging_mixin.py:190} INFO - [2024-12-07T09:14:19.138+0000] {override.py:1911} INFO - Created Permission View: can read on DAG:dataset_consumes_1_never_scheduled
[2024-12-07T09:14:19.144+0000] {logging_mixin.py:190} INFO - [2024-12-07T09:14:19.144+0000] {override.py:1911} INFO - Created Permission View: can create on DAG Run:dataset_consumes_1_never_scheduled
[2024-12-07T09:14:19.148+0000] {logging_mixin.py:190} INFO - [2024-12-07T09:14:19.148+0000] {override.py:1911} INFO - Created Permission View: menu access on DAG Run:dataset_consumes_1_never_scheduled
[2024-12-07T09:14:19.153+0000] {logging_mixin.py:190} INFO - [2024-12-07T09:14:19.153+0000] {override.py:1911} INFO - Created Permission View: can delete on DAG Run:dataset_consumes_1_never_scheduled
[2024-12-07T09:14:19.159+0000] {logging_mixin.py:190} INFO - [2024-12-07T09:14:19.159+0000] {override.py:1911} INFO - Created Permission View: can read on DAG Run:dataset_consumes_1_never_scheduled
[2024-12-07T09:14:19.168+0000] {logging_mixin.py:190} INFO - [2024-12-07T09:14:19.168+0000] {override.py:1911} INFO - Created Permission View: can edit on DAG:dataset_consumes_1
[2024-12-07T09:14:19.173+0000] {logging_mixin.py:190} INFO - [2024-12-07T09:14:19.172+0000] {override.py:1911} INFO - Created Permission View: can delete on DAG:dataset_consumes_1
[2024-12-07T09:14:19.178+0000] {logging_mixin.py:190} INFO - [2024-12-07T09:14:19.178+0000] {override.py:1911} INFO - Created Permission View: can read on DAG:dataset_consumes_1
[2024-12-07T09:14:19.183+0000] {logging_mixin.py:190} INFO - [2024-12-07T09:14:19.183+0000] {override.py:1911} INFO - Created Permission View: can create on DAG Run:dataset_consumes_1
[2024-12-07T09:14:19.188+0000] {logging_mixin.py:190} INFO - [2024-12-07T09:14:19.188+0000] {override.py:1911} INFO - Created Permission View: menu access on DAG Run:dataset_consumes_1
[2024-12-07T09:14:19.193+0000] {logging_mixin.py:190} INFO - [2024-12-07T09:14:19.192+0000] {override.py:1911} INFO - Created Permission View: can delete on DAG Run:dataset_consumes_1
[2024-12-07T09:14:19.197+0000] {logging_mixin.py:190} INFO - [2024-12-07T09:14:19.197+0000] {override.py:1911} INFO - Created Permission View: can read on DAG Run:dataset_consumes_1
[2024-12-07T09:14:19.206+0000] {logging_mixin.py:190} INFO - [2024-12-07T09:14:19.205+0000] {override.py:1911} INFO - Created Permission View: can edit on DAG:dataset_produces_2
[2024-12-07T09:14:19.210+0000] {logging_mixin.py:190} INFO - [2024-12-07T09:14:19.210+0000] {override.py:1911} INFO - Created Permission View: can delete on DAG:dataset_produces_2
[2024-12-07T09:14:19.215+0000] {logging_mixin.py:190} INFO - [2024-12-07T09:14:19.215+0000] {override.py:1911} INFO - Created Permission View: can read on DAG:dataset_produces_2
[2024-12-07T09:14:19.220+0000] {logging_mixin.py:190} INFO - [2024-12-07T09:14:19.219+0000] {override.py:1911} INFO - Created Permission View: can create on DAG Run:dataset_produces_2
[2024-12-07T09:14:19.224+0000] {logging_mixin.py:190} INFO - [2024-12-07T09:14:19.224+0000] {override.py:1911} INFO - Created Permission View: menu access on DAG Run:dataset_produces_2
[2024-12-07T09:14:19.230+0000] {logging_mixin.py:190} INFO - [2024-12-07T09:14:19.229+0000] {override.py:1911} INFO - Created Permission View: can delete on DAG Run:dataset_produces_2
[2024-12-07T09:14:19.234+0000] {logging_mixin.py:190} INFO - [2024-12-07T09:14:19.234+0000] {override.py:1911} INFO - Created Permission View: can read on DAG Run:dataset_produces_2
[2024-12-07T09:14:19.243+0000] {logging_mixin.py:190} INFO - [2024-12-07T09:14:19.243+0000] {override.py:1911} INFO - Created Permission View: can edit on DAG:dataset_consumes_unknown_never_scheduled
[2024-12-07T09:14:19.248+0000] {logging_mixin.py:190} INFO - [2024-12-07T09:14:19.248+0000] {override.py:1911} INFO - Created Permission View: can delete on DAG:dataset_consumes_unknown_never_scheduled
[2024-12-07T09:14:19.252+0000] {logging_mixin.py:190} INFO - [2024-12-07T09:14:19.252+0000] {override.py:1911} INFO - Created Permission View: can read on DAG:dataset_consumes_unknown_never_scheduled
[2024-12-07T09:14:19.257+0000] {logging_mixin.py:190} INFO - [2024-12-07T09:14:19.257+0000] {override.py:1911} INFO - Created Permission View: can create on DAG Run:dataset_consumes_unknown_never_scheduled
[2024-12-07T09:14:19.261+0000] {logging_mixin.py:190} INFO - [2024-12-07T09:14:19.261+0000] {override.py:1911} INFO - Created Permission View: menu access on DAG Run:dataset_consumes_unknown_never_scheduled
[2024-12-07T09:14:19.266+0000] {logging_mixin.py:190} INFO - [2024-12-07T09:14:19.266+0000] {override.py:1911} INFO - Created Permission View: can delete on DAG Run:dataset_consumes_unknown_never_scheduled
[2024-12-07T09:14:19.271+0000] {logging_mixin.py:190} INFO - [2024-12-07T09:14:19.271+0000] {override.py:1911} INFO - Created Permission View: can read on DAG Run:dataset_consumes_unknown_never_scheduled
[2024-12-07T09:14:19.281+0000] {logging_mixin.py:190} INFO - [2024-12-07T09:14:19.281+0000] {override.py:1911} INFO - Created Permission View: can edit on DAG:dataset_consumes_1_and_2
[2024-12-07T09:14:19.288+0000] {logging_mixin.py:190} INFO - [2024-12-07T09:14:19.287+0000] {override.py:1911} INFO - Created Permission View: can delete on DAG:dataset_consumes_1_and_2
[2024-12-07T09:14:19.293+0000] {logging_mixin.py:190} INFO - [2024-12-07T09:14:19.293+0000] {override.py:1911} INFO - Created Permission View: can read on DAG:dataset_consumes_1_and_2
[2024-12-07T09:14:19.298+0000] {logging_mixin.py:190} INFO - [2024-12-07T09:14:19.298+0000] {override.py:1911} INFO - Created Permission View: can create on DAG Run:dataset_consumes_1_and_2
[2024-12-07T09:14:19.303+0000] {logging_mixin.py:190} INFO - [2024-12-07T09:14:19.303+0000] {override.py:1911} INFO - Created Permission View: menu access on DAG Run:dataset_consumes_1_and_2
[2024-12-07T09:14:19.308+0000] {logging_mixin.py:190} INFO - [2024-12-07T09:14:19.308+0000] {override.py:1911} INFO - Created Permission View: can delete on DAG Run:dataset_consumes_1_and_2
[2024-12-07T09:14:19.313+0000] {logging_mixin.py:190} INFO - [2024-12-07T09:14:19.312+0000] {override.py:1911} INFO - Created Permission View: can read on DAG Run:dataset_consumes_1_and_2
[2024-12-07T09:14:19.322+0000] {logging_mixin.py:190} INFO - [2024-12-07T09:14:19.322+0000] {override.py:1911} INFO - Created Permission View: can edit on DAG:consume_1_or_both_2_and_3_with_dataset_expressions
[2024-12-07T09:14:19.328+0000] {logging_mixin.py:190} INFO - [2024-12-07T09:14:19.328+0000] {override.py:1911} INFO - Created Permission View: can delete on DAG:consume_1_or_both_2_and_3_with_dataset_expressions
[2024-12-07T09:14:19.334+0000] {logging_mixin.py:190} INFO - [2024-12-07T09:14:19.333+0000] {override.py:1911} INFO - Created Permission View: can read on DAG:consume_1_or_both_2_and_3_with_dataset_expressions
[2024-12-07T09:14:19.340+0000] {logging_mixin.py:190} INFO - [2024-12-07T09:14:19.340+0000] {override.py:1911} INFO - Created Permission View: can create on DAG Run:consume_1_or_both_2_and_3_with_dataset_expressions
[2024-12-07T09:14:19.346+0000] {logging_mixin.py:190} INFO - [2024-12-07T09:14:19.346+0000] {override.py:1911} INFO - Created Permission View: menu access on DAG Run:consume_1_or_both_2_and_3_with_dataset_expressions
[2024-12-07T09:14:19.352+0000] {logging_mixin.py:190} INFO - [2024-12-07T09:14:19.351+0000] {override.py:1911} INFO - Created Permission View: can delete on DAG Run:consume_1_or_both_2_and_3_with_dataset_expressions
[2024-12-07T09:14:19.357+0000] {logging_mixin.py:190} INFO - [2024-12-07T09:14:19.357+0000] {override.py:1911} INFO - Created Permission View: can read on DAG Run:consume_1_or_both_2_and_3_with_dataset_expressions
[2024-12-07T09:14:19.369+0000] {logging_mixin.py:190} INFO - [2024-12-07T09:14:19.369+0000] {override.py:1911} INFO - Created Permission View: can edit on DAG:conditional_dataset_and_time_based_timetable
[2024-12-07T09:14:19.374+0000] {logging_mixin.py:190} INFO - [2024-12-07T09:14:19.374+0000] {override.py:1911} INFO - Created Permission View: can delete on DAG:conditional_dataset_and_time_based_timetable
[2024-12-07T09:14:19.380+0000] {logging_mixin.py:190} INFO - [2024-12-07T09:14:19.380+0000] {override.py:1911} INFO - Created Permission View: can read on DAG:conditional_dataset_and_time_based_timetable
[2024-12-07T09:14:19.386+0000] {logging_mixin.py:190} INFO - [2024-12-07T09:14:19.385+0000] {override.py:1911} INFO - Created Permission View: can create on DAG Run:conditional_dataset_and_time_based_timetable
[2024-12-07T09:14:19.392+0000] {logging_mixin.py:190} INFO - [2024-12-07T09:14:19.391+0000] {override.py:1911} INFO - Created Permission View: menu access on DAG Run:conditional_dataset_and_time_based_timetable
[2024-12-07T09:14:19.398+0000] {logging_mixin.py:190} INFO - [2024-12-07T09:14:19.397+0000] {override.py:1911} INFO - Created Permission View: can delete on DAG Run:conditional_dataset_and_time_based_timetable
[2024-12-07T09:14:19.403+0000] {logging_mixin.py:190} INFO - [2024-12-07T09:14:19.403+0000] {override.py:1911} INFO - Created Permission View: can read on DAG Run:conditional_dataset_and_time_based_timetable
[2024-12-07T09:14:19.414+0000] {logging_mixin.py:190} INFO - [2024-12-07T09:14:19.414+0000] {override.py:1911} INFO - Created Permission View: can edit on DAG:dataset_produces_1
[2024-12-07T09:14:19.420+0000] {logging_mixin.py:190} INFO - [2024-12-07T09:14:19.420+0000] {override.py:1911} INFO - Created Permission View: can delete on DAG:dataset_produces_1
[2024-12-07T09:14:19.426+0000] {logging_mixin.py:190} INFO - [2024-12-07T09:14:19.425+0000] {override.py:1911} INFO - Created Permission View: can read on DAG:dataset_produces_1
[2024-12-07T09:14:19.432+0000] {logging_mixin.py:190} INFO - [2024-12-07T09:14:19.432+0000] {override.py:1911} INFO - Created Permission View: can create on DAG Run:dataset_produces_1
[2024-12-07T09:14:19.438+0000] {logging_mixin.py:190} INFO - [2024-12-07T09:14:19.437+0000] {override.py:1911} INFO - Created Permission View: menu access on DAG Run:dataset_produces_1
[2024-12-07T09:14:19.443+0000] {logging_mixin.py:190} INFO - [2024-12-07T09:14:19.443+0000] {override.py:1911} INFO - Created Permission View: can delete on DAG Run:dataset_produces_1
[2024-12-07T09:14:19.449+0000] {logging_mixin.py:190} INFO - [2024-12-07T09:14:19.448+0000] {override.py:1911} INFO - Created Permission View: can read on DAG Run:dataset_produces_1
[2024-12-07T09:14:19.449+0000] {logging_mixin.py:190} INFO - [2024-12-07T09:14:19.449+0000] {dag.py:3239} INFO - Sync 10 DAGs
[2024-12-07T09:14:19.465+0000] {logging_mixin.py:190} INFO - [2024-12-07T09:14:19.465+0000] {dag.py:3262} INFO - Creating ORM DAG for conditional_dataset_and_time_based_timetable
[2024-12-07T09:14:19.466+0000] {logging_mixin.py:190} INFO - [2024-12-07T09:14:19.466+0000] {dag.py:3262} INFO - Creating ORM DAG for dataset_produces_2
[2024-12-07T09:14:19.467+0000] {logging_mixin.py:190} INFO - [2024-12-07T09:14:19.467+0000] {dag.py:3262} INFO - Creating ORM DAG for dataset_consumes_unknown_never_scheduled
[2024-12-07T09:14:19.469+0000] {logging_mixin.py:190} INFO - [2024-12-07T09:14:19.469+0000] {dag.py:3262} INFO - Creating ORM DAG for consume_1_and_2_with_dataset_expressions
[2024-12-07T09:14:19.470+0000] {logging_mixin.py:190} INFO - [2024-12-07T09:14:19.469+0000] {dag.py:3262} INFO - Creating ORM DAG for consume_1_or_2_with_dataset_expressions
[2024-12-07T09:14:19.470+0000] {logging_mixin.py:190} INFO - [2024-12-07T09:14:19.470+0000] {dag.py:3262} INFO - Creating ORM DAG for consume_1_or_both_2_and_3_with_dataset_expressions
[2024-12-07T09:14:19.471+0000] {logging_mixin.py:190} INFO - [2024-12-07T09:14:19.471+0000] {dag.py:3262} INFO - Creating ORM DAG for dataset_consumes_1_and_2
[2024-12-07T09:14:19.472+0000] {logging_mixin.py:190} INFO - [2024-12-07T09:14:19.472+0000] {dag.py:3262} INFO - Creating ORM DAG for dataset_consumes_1
[2024-12-07T09:14:19.473+0000] {logging_mixin.py:190} INFO - [2024-12-07T09:14:19.472+0000] {dag.py:3262} INFO - Creating ORM DAG for dataset_produces_1
[2024-12-07T09:14:19.473+0000] {logging_mixin.py:190} INFO - [2024-12-07T09:14:19.473+0000] {dag.py:3262} INFO - Creating ORM DAG for dataset_consumes_1_never_scheduled
[2024-12-07T09:14:19.486+0000] {logging_mixin.py:190} INFO - [2024-12-07T09:14:19.486+0000] {dag.py:4180} INFO - Setting next_dagrun for conditional_dataset_and_time_based_timetable to 2024-12-04 01:00:00+00:00, run_after=2024-12-04 01:00:00+00:00
[2024-12-07T09:14:19.487+0000] {logging_mixin.py:190} INFO - [2024-12-07T09:14:19.487+0000] {dag.py:4180} INFO - Setting next_dagrun for consume_1_and_2_with_dataset_expressions to None, run_after=None
[2024-12-07T09:14:19.488+0000] {logging_mixin.py:190} INFO - [2024-12-07T09:14:19.488+0000] {dag.py:4180} INFO - Setting next_dagrun for consume_1_or_2_with_dataset_expressions to None, run_after=None
[2024-12-07T09:14:19.488+0000] {logging_mixin.py:190} INFO - [2024-12-07T09:14:19.488+0000] {dag.py:4180} INFO - Setting next_dagrun for consume_1_or_both_2_and_3_with_dataset_expressions to None, run_after=None
[2024-12-07T09:14:19.489+0000] {logging_mixin.py:190} INFO - [2024-12-07T09:14:19.489+0000] {dag.py:4180} INFO - Setting next_dagrun for dataset_consumes_1 to None, run_after=None
[2024-12-07T09:14:19.489+0000] {logging_mixin.py:190} INFO - [2024-12-07T09:14:19.489+0000] {dag.py:4180} INFO - Setting next_dagrun for dataset_consumes_1_and_2 to None, run_after=None
[2024-12-07T09:14:19.490+0000] {logging_mixin.py:190} INFO - [2024-12-07T09:14:19.490+0000] {dag.py:4180} INFO - Setting next_dagrun for dataset_consumes_1_never_scheduled to None, run_after=None
[2024-12-07T09:14:19.491+0000] {logging_mixin.py:190} INFO - [2024-12-07T09:14:19.491+0000] {dag.py:4180} INFO - Setting next_dagrun for dataset_consumes_unknown_never_scheduled to None, run_after=None
[2024-12-07T09:14:19.494+0000] {logging_mixin.py:190} INFO - [2024-12-07T09:14:19.494+0000] {dag.py:4180} INFO - Setting next_dagrun for dataset_produces_1 to 2024-12-06 00:00:00+00:00, run_after=2024-12-07 00:00:00+00:00
[2024-12-07T09:14:19.495+0000] {logging_mixin.py:190} INFO - [2024-12-07T09:14:19.494+0000] {dag.py:4180} INFO - Setting next_dagrun for dataset_produces_2 to None, run_after=None
[2024-12-07T09:14:19.543+0000] {processor.py:208} INFO - Processing /home/airflow/.local/lib/python3.12/site-packages/airflow/example_dags/example_datasets.py took 1.495 seconds
[2024-12-07T09:14:50.142+0000] {processor.py:186} INFO - Started process (PID=158) to work on /home/airflow/.local/lib/python3.12/site-packages/airflow/example_dags/example_datasets.py
[2024-12-07T09:14:50.142+0000] {processor.py:914} INFO - Processing file /home/airflow/.local/lib/python3.12/site-packages/airflow/example_dags/example_datasets.py for tasks to queue
[2024-12-07T09:14:50.144+0000] {logging_mixin.py:190} INFO - [2024-12-07T09:14:50.144+0000] {dagbag.py:588} INFO - Filling up the DagBag from /home/airflow/.local/lib/python3.12/site-packages/airflow/example_dags/example_datasets.py
[2024-12-07T09:14:50.692+0000] {processor.py:925} INFO - DAG(s) 'consume_1_and_2_with_dataset_expressions', 'consume_1_or_2_with_dataset_expressions', 'dataset_consumes_unknown_never_scheduled', 'consume_1_or_both_2_and_3_with_dataset_expressions', 'dataset_consumes_1', 'dataset_produces_2', 'conditional_dataset_and_time_based_timetable', 'dataset_consumes_1_never_scheduled', 'dataset_produces_1', 'dataset_consumes_1_and_2' retrieved from /home/airflow/.local/lib/python3.12/site-packages/airflow/example_dags/example_datasets.py
[2024-12-07T09:14:50.734+0000] {logging_mixin.py:190} INFO - [2024-12-07T09:14:50.733+0000] {dag.py:3239} INFO - Sync 10 DAGs
[2024-12-07T09:14:50.755+0000] {logging_mixin.py:190} INFO - [2024-12-07T09:14:50.755+0000] {dag.py:4180} INFO - Setting next_dagrun for conditional_dataset_and_time_based_timetable to 2024-12-04 01:00:00+00:00, run_after=2024-12-04 01:00:00+00:00
[2024-12-07T09:14:50.758+0000] {logging_mixin.py:190} INFO - [2024-12-07T09:14:50.758+0000] {dag.py:4180} INFO - Setting next_dagrun for consume_1_and_2_with_dataset_expressions to None, run_after=None
[2024-12-07T09:14:50.759+0000] {logging_mixin.py:190} INFO - [2024-12-07T09:14:50.759+0000] {dag.py:4180} INFO - Setting next_dagrun for consume_1_or_2_with_dataset_expressions to None, run_after=None
[2024-12-07T09:14:50.760+0000] {logging_mixin.py:190} INFO - [2024-12-07T09:14:50.760+0000] {dag.py:4180} INFO - Setting next_dagrun for consume_1_or_both_2_and_3_with_dataset_expressions to None, run_after=None
[2024-12-07T09:14:50.761+0000] {logging_mixin.py:190} INFO - [2024-12-07T09:14:50.761+0000] {dag.py:4180} INFO - Setting next_dagrun for dataset_consumes_1 to None, run_after=None
[2024-12-07T09:14:50.762+0000] {logging_mixin.py:190} INFO - [2024-12-07T09:14:50.762+0000] {dag.py:4180} INFO - Setting next_dagrun for dataset_consumes_1_and_2 to None, run_after=None
[2024-12-07T09:14:50.763+0000] {logging_mixin.py:190} INFO - [2024-12-07T09:14:50.763+0000] {dag.py:4180} INFO - Setting next_dagrun for dataset_consumes_1_never_scheduled to None, run_after=None
[2024-12-07T09:14:50.764+0000] {logging_mixin.py:190} INFO - [2024-12-07T09:14:50.764+0000] {dag.py:4180} INFO - Setting next_dagrun for dataset_consumes_unknown_never_scheduled to None, run_after=None
[2024-12-07T09:14:50.766+0000] {logging_mixin.py:190} INFO - [2024-12-07T09:14:50.766+0000] {dag.py:4180} INFO - Setting next_dagrun for dataset_produces_1 to 2024-12-06 00:00:00+00:00, run_after=2024-12-07 00:00:00+00:00
[2024-12-07T09:14:50.767+0000] {logging_mixin.py:190} INFO - [2024-12-07T09:14:50.767+0000] {dag.py:4180} INFO - Setting next_dagrun for dataset_produces_2 to None, run_after=None
[2024-12-07T09:14:50.797+0000] {processor.py:208} INFO - Processing /home/airflow/.local/lib/python3.12/site-packages/airflow/example_dags/example_datasets.py took 0.660 seconds
[2024-12-07T09:15:21.280+0000] {processor.py:186} INFO - Started process (PID=221) to work on /home/airflow/.local/lib/python3.12/site-packages/airflow/example_dags/example_datasets.py
[2024-12-07T09:15:21.281+0000] {processor.py:914} INFO - Processing file /home/airflow/.local/lib/python3.12/site-packages/airflow/example_dags/example_datasets.py for tasks to queue
[2024-12-07T09:15:21.283+0000] {logging_mixin.py:190} INFO - [2024-12-07T09:15:21.283+0000] {dagbag.py:588} INFO - Filling up the DagBag from /home/airflow/.local/lib/python3.12/site-packages/airflow/example_dags/example_datasets.py
[2024-12-07T09:15:21.856+0000] {processor.py:925} INFO - DAG(s) 'dataset_produces_1', 'conditional_dataset_and_time_based_timetable', 'dataset_produces_2', 'consume_1_and_2_with_dataset_expressions', 'dataset_consumes_1', 'dataset_consumes_1_and_2', 'dataset_consumes_1_never_scheduled', 'consume_1_or_both_2_and_3_with_dataset_expressions', 'consume_1_or_2_with_dataset_expressions', 'dataset_consumes_unknown_never_scheduled' retrieved from /home/airflow/.local/lib/python3.12/site-packages/airflow/example_dags/example_datasets.py
[2024-12-07T09:15:21.892+0000] {logging_mixin.py:190} INFO - [2024-12-07T09:15:21.892+0000] {dag.py:3239} INFO - Sync 10 DAGs
[2024-12-07T09:15:21.918+0000] {logging_mixin.py:190} INFO - [2024-12-07T09:15:21.917+0000] {dag.py:4180} INFO - Setting next_dagrun for conditional_dataset_and_time_based_timetable to 2024-12-04 01:00:00+00:00, run_after=2024-12-04 01:00:00+00:00
[2024-12-07T09:15:21.921+0000] {logging_mixin.py:190} INFO - [2024-12-07T09:15:21.921+0000] {dag.py:4180} INFO - Setting next_dagrun for consume_1_and_2_with_dataset_expressions to None, run_after=None
[2024-12-07T09:15:21.922+0000] {logging_mixin.py:190} INFO - [2024-12-07T09:15:21.922+0000] {dag.py:4180} INFO - Setting next_dagrun for consume_1_or_2_with_dataset_expressions to None, run_after=None
[2024-12-07T09:15:21.923+0000] {logging_mixin.py:190} INFO - [2024-12-07T09:15:21.923+0000] {dag.py:4180} INFO - Setting next_dagrun for consume_1_or_both_2_and_3_with_dataset_expressions to None, run_after=None
[2024-12-07T09:15:21.924+0000] {logging_mixin.py:190} INFO - [2024-12-07T09:15:21.924+0000] {dag.py:4180} INFO - Setting next_dagrun for dataset_consumes_1 to None, run_after=None
[2024-12-07T09:15:21.925+0000] {logging_mixin.py:190} INFO - [2024-12-07T09:15:21.925+0000] {dag.py:4180} INFO - Setting next_dagrun for dataset_consumes_1_and_2 to None, run_after=None
[2024-12-07T09:15:21.926+0000] {logging_mixin.py:190} INFO - [2024-12-07T09:15:21.925+0000] {dag.py:4180} INFO - Setting next_dagrun for dataset_consumes_1_never_scheduled to None, run_after=None
[2024-12-07T09:15:21.926+0000] {logging_mixin.py:190} INFO - [2024-12-07T09:15:21.926+0000] {dag.py:4180} INFO - Setting next_dagrun for dataset_consumes_unknown_never_scheduled to None, run_after=None
[2024-12-07T09:15:21.928+0000] {logging_mixin.py:190} INFO - [2024-12-07T09:15:21.928+0000] {dag.py:4180} INFO - Setting next_dagrun for dataset_produces_1 to 2024-12-06 00:00:00+00:00, run_after=2024-12-07 00:00:00+00:00
[2024-12-07T09:15:21.929+0000] {logging_mixin.py:190} INFO - [2024-12-07T09:15:21.929+0000] {dag.py:4180} INFO - Setting next_dagrun for dataset_produces_2 to None, run_after=None
[2024-12-07T09:15:21.959+0000] {processor.py:208} INFO - Processing /home/airflow/.local/lib/python3.12/site-packages/airflow/example_dags/example_datasets.py took 0.684 seconds
[2024-12-07T09:15:52.448+0000] {processor.py:186} INFO - Started process (PID=284) to work on /home/airflow/.local/lib/python3.12/site-packages/airflow/example_dags/example_datasets.py
[2024-12-07T09:15:52.449+0000] {processor.py:914} INFO - Processing file /home/airflow/.local/lib/python3.12/site-packages/airflow/example_dags/example_datasets.py for tasks to queue
[2024-12-07T09:15:52.450+0000] {logging_mixin.py:190} INFO - [2024-12-07T09:15:52.450+0000] {dagbag.py:588} INFO - Filling up the DagBag from /home/airflow/.local/lib/python3.12/site-packages/airflow/example_dags/example_datasets.py
[2024-12-07T09:15:53.013+0000] {processor.py:925} INFO - DAG(s) 'consume_1_or_both_2_and_3_with_dataset_expressions', 'dataset_consumes_1_and_2', 'dataset_produces_1', 'dataset_consumes_1', 'dataset_produces_2', 'dataset_consumes_unknown_never_scheduled', 'dataset_consumes_1_never_scheduled', 'consume_1_and_2_with_dataset_expressions', 'conditional_dataset_and_time_based_timetable', 'consume_1_or_2_with_dataset_expressions' retrieved from /home/airflow/.local/lib/python3.12/site-packages/airflow/example_dags/example_datasets.py
[2024-12-07T09:15:53.049+0000] {logging_mixin.py:190} INFO - [2024-12-07T09:15:53.049+0000] {dag.py:3239} INFO - Sync 10 DAGs
[2024-12-07T09:15:53.073+0000] {logging_mixin.py:190} INFO - [2024-12-07T09:15:53.073+0000] {dag.py:4180} INFO - Setting next_dagrun for conditional_dataset_and_time_based_timetable to 2024-12-04 01:00:00+00:00, run_after=2024-12-04 01:00:00+00:00
[2024-12-07T09:15:53.076+0000] {logging_mixin.py:190} INFO - [2024-12-07T09:15:53.076+0000] {dag.py:4180} INFO - Setting next_dagrun for consume_1_and_2_with_dataset_expressions to None, run_after=None
[2024-12-07T09:15:53.077+0000] {logging_mixin.py:190} INFO - [2024-12-07T09:15:53.077+0000] {dag.py:4180} INFO - Setting next_dagrun for consume_1_or_2_with_dataset_expressions to None, run_after=None
[2024-12-07T09:15:53.078+0000] {logging_mixin.py:190} INFO - [2024-12-07T09:15:53.078+0000] {dag.py:4180} INFO - Setting next_dagrun for consume_1_or_both_2_and_3_with_dataset_expressions to None, run_after=None
[2024-12-07T09:15:53.079+0000] {logging_mixin.py:190} INFO - [2024-12-07T09:15:53.079+0000] {dag.py:4180} INFO - Setting next_dagrun for dataset_consumes_1 to None, run_after=None
[2024-12-07T09:15:53.080+0000] {logging_mixin.py:190} INFO - [2024-12-07T09:15:53.080+0000] {dag.py:4180} INFO - Setting next_dagrun for dataset_consumes_1_and_2 to None, run_after=None
[2024-12-07T09:15:53.081+0000] {logging_mixin.py:190} INFO - [2024-12-07T09:15:53.081+0000] {dag.py:4180} INFO - Setting next_dagrun for dataset_consumes_1_never_scheduled to None, run_after=None
[2024-12-07T09:15:53.082+0000] {logging_mixin.py:190} INFO - [2024-12-07T09:15:53.082+0000] {dag.py:4180} INFO - Setting next_dagrun for dataset_consumes_unknown_never_scheduled to None, run_after=None
[2024-12-07T09:15:53.084+0000] {logging_mixin.py:190} INFO - [2024-12-07T09:15:53.084+0000] {dag.py:4180} INFO - Setting next_dagrun for dataset_produces_1 to 2024-12-06 00:00:00+00:00, run_after=2024-12-07 00:00:00+00:00
[2024-12-07T09:15:53.085+0000] {logging_mixin.py:190} INFO - [2024-12-07T09:15:53.085+0000] {dag.py:4180} INFO - Setting next_dagrun for dataset_produces_2 to None, run_after=None
[2024-12-07T09:15:53.111+0000] {processor.py:208} INFO - Processing /home/airflow/.local/lib/python3.12/site-packages/airflow/example_dags/example_datasets.py took 0.667 seconds
[2024-12-07T09:16:23.382+0000] {processor.py:186} INFO - Started process (PID=347) to work on /home/airflow/.local/lib/python3.12/site-packages/airflow/example_dags/example_datasets.py
[2024-12-07T09:16:23.383+0000] {processor.py:914} INFO - Processing file /home/airflow/.local/lib/python3.12/site-packages/airflow/example_dags/example_datasets.py for tasks to queue
[2024-12-07T09:16:23.385+0000] {logging_mixin.py:190} INFO - [2024-12-07T09:16:23.385+0000] {dagbag.py:588} INFO - Filling up the DagBag from /home/airflow/.local/lib/python3.12/site-packages/airflow/example_dags/example_datasets.py
[2024-12-07T09:16:23.977+0000] {processor.py:925} INFO - DAG(s) 'dataset_consumes_1', 'dataset_produces_1', 'dataset_consumes_unknown_never_scheduled', 'dataset_produces_2', 'conditional_dataset_and_time_based_timetable', 'dataset_consumes_1_and_2', 'dataset_consumes_1_never_scheduled', 'consume_1_or_2_with_dataset_expressions', 'consume_1_or_both_2_and_3_with_dataset_expressions', 'consume_1_and_2_with_dataset_expressions' retrieved from /home/airflow/.local/lib/python3.12/site-packages/airflow/example_dags/example_datasets.py
[2024-12-07T09:16:24.015+0000] {logging_mixin.py:190} INFO - [2024-12-07T09:16:24.015+0000] {dag.py:3239} INFO - Sync 10 DAGs
[2024-12-07T09:16:24.037+0000] {logging_mixin.py:190} INFO - [2024-12-07T09:16:24.036+0000] {dag.py:4180} INFO - Setting next_dagrun for conditional_dataset_and_time_based_timetable to 2024-12-04 01:00:00+00:00, run_after=2024-12-04 01:00:00+00:00
[2024-12-07T09:16:24.039+0000] {logging_mixin.py:190} INFO - [2024-12-07T09:16:24.039+0000] {dag.py:4180} INFO - Setting next_dagrun for consume_1_and_2_with_dataset_expressions to None, run_after=None
[2024-12-07T09:16:24.040+0000] {logging_mixin.py:190} INFO - [2024-12-07T09:16:24.040+0000] {dag.py:4180} INFO - Setting next_dagrun for consume_1_or_2_with_dataset_expressions to None, run_after=None
[2024-12-07T09:16:24.041+0000] {logging_mixin.py:190} INFO - [2024-12-07T09:16:24.041+0000] {dag.py:4180} INFO - Setting next_dagrun for consume_1_or_both_2_and_3_with_dataset_expressions to None, run_after=None
[2024-12-07T09:16:24.042+0000] {logging_mixin.py:190} INFO - [2024-12-07T09:16:24.042+0000] {dag.py:4180} INFO - Setting next_dagrun for dataset_consumes_1 to None, run_after=None
[2024-12-07T09:16:24.043+0000] {logging_mixin.py:190} INFO - [2024-12-07T09:16:24.043+0000] {dag.py:4180} INFO - Setting next_dagrun for dataset_consumes_1_and_2 to None, run_after=None
[2024-12-07T09:16:24.044+0000] {logging_mixin.py:190} INFO - [2024-12-07T09:16:24.044+0000] {dag.py:4180} INFO - Setting next_dagrun for dataset_consumes_1_never_scheduled to None, run_after=None
[2024-12-07T09:16:24.045+0000] {logging_mixin.py:190} INFO - [2024-12-07T09:16:24.045+0000] {dag.py:4180} INFO - Setting next_dagrun for dataset_consumes_unknown_never_scheduled to None, run_after=None
[2024-12-07T09:16:24.047+0000] {logging_mixin.py:190} INFO - [2024-12-07T09:16:24.047+0000] {dag.py:4180} INFO - Setting next_dagrun for dataset_produces_1 to 2024-12-06 00:00:00+00:00, run_after=2024-12-07 00:00:00+00:00
[2024-12-07T09:16:24.048+0000] {logging_mixin.py:190} INFO - [2024-12-07T09:16:24.048+0000] {dag.py:4180} INFO - Setting next_dagrun for dataset_produces_2 to None, run_after=None
[2024-12-07T09:16:24.074+0000] {processor.py:208} INFO - Processing /home/airflow/.local/lib/python3.12/site-packages/airflow/example_dags/example_datasets.py took 0.702 seconds
[2024-12-07T09:16:54.687+0000] {processor.py:186} INFO - Started process (PID=411) to work on /home/airflow/.local/lib/python3.12/site-packages/airflow/example_dags/example_datasets.py
[2024-12-07T09:16:54.688+0000] {processor.py:914} INFO - Processing file /home/airflow/.local/lib/python3.12/site-packages/airflow/example_dags/example_datasets.py for tasks to queue
[2024-12-07T09:16:54.690+0000] {logging_mixin.py:190} INFO - [2024-12-07T09:16:54.690+0000] {dagbag.py:588} INFO - Filling up the DagBag from /home/airflow/.local/lib/python3.12/site-packages/airflow/example_dags/example_datasets.py
[2024-12-07T09:16:55.367+0000] {processor.py:925} INFO - DAG(s) 'dataset_consumes_unknown_never_scheduled', 'dataset_produces_2', 'conditional_dataset_and_time_based_timetable', 'dataset_consumes_1_never_scheduled', 'dataset_produces_1', 'consume_1_or_2_with_dataset_expressions', 'dataset_consumes_1_and_2', 'consume_1_or_both_2_and_3_with_dataset_expressions', 'consume_1_and_2_with_dataset_expressions', 'dataset_consumes_1' retrieved from /home/airflow/.local/lib/python3.12/site-packages/airflow/example_dags/example_datasets.py
[2024-12-07T09:16:55.411+0000] {logging_mixin.py:190} INFO - [2024-12-07T09:16:55.411+0000] {dag.py:3239} INFO - Sync 10 DAGs
[2024-12-07T09:16:55.437+0000] {logging_mixin.py:190} INFO - [2024-12-07T09:16:55.437+0000] {dag.py:4180} INFO - Setting next_dagrun for conditional_dataset_and_time_based_timetable to 2024-12-04 01:00:00+00:00, run_after=2024-12-04 01:00:00+00:00
[2024-12-07T09:16:55.443+0000] {logging_mixin.py:190} INFO - [2024-12-07T09:16:55.443+0000] {dag.py:4180} INFO - Setting next_dagrun for consume_1_and_2_with_dataset_expressions to None, run_after=None
[2024-12-07T09:16:55.444+0000] {logging_mixin.py:190} INFO - [2024-12-07T09:16:55.444+0000] {dag.py:4180} INFO - Setting next_dagrun for consume_1_or_2_with_dataset_expressions to None, run_after=None
[2024-12-07T09:16:55.446+0000] {logging_mixin.py:190} INFO - [2024-12-07T09:16:55.445+0000] {dag.py:4180} INFO - Setting next_dagrun for consume_1_or_both_2_and_3_with_dataset_expressions to None, run_after=None
[2024-12-07T09:16:55.447+0000] {logging_mixin.py:190} INFO - [2024-12-07T09:16:55.447+0000] {dag.py:4180} INFO - Setting next_dagrun for dataset_consumes_1 to None, run_after=None
[2024-12-07T09:16:55.448+0000] {logging_mixin.py:190} INFO - [2024-12-07T09:16:55.448+0000] {dag.py:4180} INFO - Setting next_dagrun for dataset_consumes_1_and_2 to None, run_after=None
[2024-12-07T09:16:55.449+0000] {logging_mixin.py:190} INFO - [2024-12-07T09:16:55.449+0000] {dag.py:4180} INFO - Setting next_dagrun for dataset_consumes_1_never_scheduled to None, run_after=None
[2024-12-07T09:16:55.450+0000] {logging_mixin.py:190} INFO - [2024-12-07T09:16:55.450+0000] {dag.py:4180} INFO - Setting next_dagrun for dataset_consumes_unknown_never_scheduled to None, run_after=None
[2024-12-07T09:16:55.453+0000] {logging_mixin.py:190} INFO - [2024-12-07T09:16:55.453+0000] {dag.py:4180} INFO - Setting next_dagrun for dataset_produces_1 to 2024-12-06 00:00:00+00:00, run_after=2024-12-07 00:00:00+00:00
[2024-12-07T09:16:55.454+0000] {logging_mixin.py:190} INFO - [2024-12-07T09:16:55.454+0000] {dag.py:4180} INFO - Setting next_dagrun for dataset_produces_2 to None, run_after=None
[2024-12-07T09:16:55.482+0000] {processor.py:208} INFO - Processing /home/airflow/.local/lib/python3.12/site-packages/airflow/example_dags/example_datasets.py took 0.801 seconds
[2024-12-07T09:17:26.092+0000] {processor.py:186} INFO - Started process (PID=474) to work on /home/airflow/.local/lib/python3.12/site-packages/airflow/example_dags/example_datasets.py
[2024-12-07T09:17:26.093+0000] {processor.py:914} INFO - Processing file /home/airflow/.local/lib/python3.12/site-packages/airflow/example_dags/example_datasets.py for tasks to queue
[2024-12-07T09:17:26.095+0000] {logging_mixin.py:190} INFO - [2024-12-07T09:17:26.095+0000] {dagbag.py:588} INFO - Filling up the DagBag from /home/airflow/.local/lib/python3.12/site-packages/airflow/example_dags/example_datasets.py
[2024-12-07T09:17:26.839+0000] {processor.py:925} INFO - DAG(s) 'dataset_produces_1', 'consume_1_or_both_2_and_3_with_dataset_expressions', 'conditional_dataset_and_time_based_timetable', 'dataset_consumes_1_and_2', 'consume_1_and_2_with_dataset_expressions', 'dataset_consumes_1_never_scheduled', 'dataset_consumes_1', 'consume_1_or_2_with_dataset_expressions', 'dataset_consumes_unknown_never_scheduled', 'dataset_produces_2' retrieved from /home/airflow/.local/lib/python3.12/site-packages/airflow/example_dags/example_datasets.py
[2024-12-07T09:17:26.887+0000] {logging_mixin.py:190} INFO - [2024-12-07T09:17:26.886+0000] {dag.py:3239} INFO - Sync 10 DAGs
[2024-12-07T09:17:26.915+0000] {logging_mixin.py:190} INFO - [2024-12-07T09:17:26.915+0000] {dag.py:4180} INFO - Setting next_dagrun for conditional_dataset_and_time_based_timetable to 2024-12-04 01:00:00+00:00, run_after=2024-12-04 01:00:00+00:00
[2024-12-07T09:17:26.919+0000] {logging_mixin.py:190} INFO - [2024-12-07T09:17:26.918+0000] {dag.py:4180} INFO - Setting next_dagrun for consume_1_and_2_with_dataset_expressions to None, run_after=None
[2024-12-07T09:17:26.920+0000] {logging_mixin.py:190} INFO - [2024-12-07T09:17:26.920+0000] {dag.py:4180} INFO - Setting next_dagrun for consume_1_or_2_with_dataset_expressions to None, run_after=None
[2024-12-07T09:17:26.921+0000] {logging_mixin.py:190} INFO - [2024-12-07T09:17:26.921+0000] {dag.py:4180} INFO - Setting next_dagrun for consume_1_or_both_2_and_3_with_dataset_expressions to None, run_after=None
[2024-12-07T09:17:26.922+0000] {logging_mixin.py:190} INFO - [2024-12-07T09:17:26.922+0000] {dag.py:4180} INFO - Setting next_dagrun for dataset_consumes_1 to None, run_after=None
[2024-12-07T09:17:26.923+0000] {logging_mixin.py:190} INFO - [2024-12-07T09:17:26.923+0000] {dag.py:4180} INFO - Setting next_dagrun for dataset_consumes_1_and_2 to None, run_after=None
[2024-12-07T09:17:26.924+0000] {logging_mixin.py:190} INFO - [2024-12-07T09:17:26.924+0000] {dag.py:4180} INFO - Setting next_dagrun for dataset_consumes_1_never_scheduled to None, run_after=None
[2024-12-07T09:17:26.925+0000] {logging_mixin.py:190} INFO - [2024-12-07T09:17:26.925+0000] {dag.py:4180} INFO - Setting next_dagrun for dataset_consumes_unknown_never_scheduled to None, run_after=None
[2024-12-07T09:17:26.927+0000] {logging_mixin.py:190} INFO - [2024-12-07T09:17:26.927+0000] {dag.py:4180} INFO - Setting next_dagrun for dataset_produces_1 to 2024-12-06 00:00:00+00:00, run_after=2024-12-07 00:00:00+00:00
[2024-12-07T09:17:26.928+0000] {logging_mixin.py:190} INFO - [2024-12-07T09:17:26.928+0000] {dag.py:4180} INFO - Setting next_dagrun for dataset_produces_2 to None, run_after=None
[2024-12-07T09:17:26.956+0000] {processor.py:208} INFO - Processing /home/airflow/.local/lib/python3.12/site-packages/airflow/example_dags/example_datasets.py took 0.870 seconds
[2024-12-07T09:17:57.420+0000] {processor.py:186} INFO - Started process (PID=538) to work on /home/airflow/.local/lib/python3.12/site-packages/airflow/example_dags/example_datasets.py
[2024-12-07T09:17:57.421+0000] {processor.py:914} INFO - Processing file /home/airflow/.local/lib/python3.12/site-packages/airflow/example_dags/example_datasets.py for tasks to queue
[2024-12-07T09:17:57.422+0000] {logging_mixin.py:190} INFO - [2024-12-07T09:17:57.422+0000] {dagbag.py:588} INFO - Filling up the DagBag from /home/airflow/.local/lib/python3.12/site-packages/airflow/example_dags/example_datasets.py
[2024-12-07T09:17:57.940+0000] {processor.py:925} INFO - DAG(s) 'dataset_consumes_1_and_2', 'dataset_produces_2', 'dataset_consumes_1', 'consume_1_and_2_with_dataset_expressions', 'consume_1_or_both_2_and_3_with_dataset_expressions', 'consume_1_or_2_with_dataset_expressions', 'dataset_consumes_1_never_scheduled', 'conditional_dataset_and_time_based_timetable', 'dataset_produces_1', 'dataset_consumes_unknown_never_scheduled' retrieved from /home/airflow/.local/lib/python3.12/site-packages/airflow/example_dags/example_datasets.py
[2024-12-07T09:17:57.982+0000] {logging_mixin.py:190} INFO - [2024-12-07T09:17:57.981+0000] {dag.py:3239} INFO - Sync 10 DAGs
[2024-12-07T09:17:58.005+0000] {logging_mixin.py:190} INFO - [2024-12-07T09:17:58.005+0000] {dag.py:4180} INFO - Setting next_dagrun for conditional_dataset_and_time_based_timetable to 2024-12-04 01:00:00+00:00, run_after=2024-12-04 01:00:00+00:00
[2024-12-07T09:17:58.008+0000] {logging_mixin.py:190} INFO - [2024-12-07T09:17:58.008+0000] {dag.py:4180} INFO - Setting next_dagrun for consume_1_and_2_with_dataset_expressions to None, run_after=None
[2024-12-07T09:17:58.009+0000] {logging_mixin.py:190} INFO - [2024-12-07T09:17:58.008+0000] {dag.py:4180} INFO - Setting next_dagrun for consume_1_or_2_with_dataset_expressions to None, run_after=None
[2024-12-07T09:17:58.009+0000] {logging_mixin.py:190} INFO - [2024-12-07T09:17:58.009+0000] {dag.py:4180} INFO - Setting next_dagrun for consume_1_or_both_2_and_3_with_dataset_expressions to None, run_after=None
[2024-12-07T09:17:58.010+0000] {logging_mixin.py:190} INFO - [2024-12-07T09:17:58.010+0000] {dag.py:4180} INFO - Setting next_dagrun for dataset_consumes_1 to None, run_after=None
[2024-12-07T09:17:58.011+0000] {logging_mixin.py:190} INFO - [2024-12-07T09:17:58.011+0000] {dag.py:4180} INFO - Setting next_dagrun for dataset_consumes_1_and_2 to None, run_after=None
[2024-12-07T09:17:58.012+0000] {logging_mixin.py:190} INFO - [2024-12-07T09:17:58.012+0000] {dag.py:4180} INFO - Setting next_dagrun for dataset_consumes_1_never_scheduled to None, run_after=None
[2024-12-07T09:17:58.013+0000] {logging_mixin.py:190} INFO - [2024-12-07T09:17:58.013+0000] {dag.py:4180} INFO - Setting next_dagrun for dataset_consumes_unknown_never_scheduled to None, run_after=None
[2024-12-07T09:17:58.016+0000] {logging_mixin.py:190} INFO - [2024-12-07T09:17:58.016+0000] {dag.py:4180} INFO - Setting next_dagrun for dataset_produces_1 to 2024-12-06 00:00:00+00:00, run_after=2024-12-07 00:00:00+00:00
[2024-12-07T09:17:58.017+0000] {logging_mixin.py:190} INFO - [2024-12-07T09:17:58.017+0000] {dag.py:4180} INFO - Setting next_dagrun for dataset_produces_2 to None, run_after=None
[2024-12-07T09:17:58.044+0000] {processor.py:208} INFO - Processing /home/airflow/.local/lib/python3.12/site-packages/airflow/example_dags/example_datasets.py took 0.629 seconds
[2024-12-07T09:18:28.710+0000] {processor.py:186} INFO - Started process (PID=601) to work on /home/airflow/.local/lib/python3.12/site-packages/airflow/example_dags/example_datasets.py
[2024-12-07T09:18:28.711+0000] {processor.py:914} INFO - Processing file /home/airflow/.local/lib/python3.12/site-packages/airflow/example_dags/example_datasets.py for tasks to queue
[2024-12-07T09:18:28.713+0000] {logging_mixin.py:190} INFO - [2024-12-07T09:18:28.713+0000] {dagbag.py:588} INFO - Filling up the DagBag from /home/airflow/.local/lib/python3.12/site-packages/airflow/example_dags/example_datasets.py
[2024-12-07T09:18:29.364+0000] {processor.py:925} INFO - DAG(s) 'dataset_consumes_unknown_never_scheduled', 'consume_1_and_2_with_dataset_expressions', 'consume_1_or_both_2_and_3_with_dataset_expressions', 'consume_1_or_2_with_dataset_expressions', 'conditional_dataset_and_time_based_timetable', 'dataset_produces_1', 'dataset_produces_2', 'dataset_consumes_1_and_2', 'dataset_consumes_1', 'dataset_consumes_1_never_scheduled' retrieved from /home/airflow/.local/lib/python3.12/site-packages/airflow/example_dags/example_datasets.py
[2024-12-07T09:18:29.408+0000] {logging_mixin.py:190} INFO - [2024-12-07T09:18:29.408+0000] {dag.py:3239} INFO - Sync 10 DAGs
[2024-12-07T09:18:29.435+0000] {logging_mixin.py:190} INFO - [2024-12-07T09:18:29.435+0000] {dag.py:4180} INFO - Setting next_dagrun for conditional_dataset_and_time_based_timetable to 2024-12-04 01:00:00+00:00, run_after=2024-12-04 01:00:00+00:00
[2024-12-07T09:18:29.439+0000] {logging_mixin.py:190} INFO - [2024-12-07T09:18:29.439+0000] {dag.py:4180} INFO - Setting next_dagrun for consume_1_and_2_with_dataset_expressions to None, run_after=None
[2024-12-07T09:18:29.440+0000] {logging_mixin.py:190} INFO - [2024-12-07T09:18:29.440+0000] {dag.py:4180} INFO - Setting next_dagrun for consume_1_or_2_with_dataset_expressions to None, run_after=None
[2024-12-07T09:18:29.441+0000] {logging_mixin.py:190} INFO - [2024-12-07T09:18:29.441+0000] {dag.py:4180} INFO - Setting next_dagrun for consume_1_or_both_2_and_3_with_dataset_expressions to None, run_after=None
[2024-12-07T09:18:29.442+0000] {logging_mixin.py:190} INFO - [2024-12-07T09:18:29.442+0000] {dag.py:4180} INFO - Setting next_dagrun for dataset_consumes_1 to None, run_after=None
[2024-12-07T09:18:29.443+0000] {logging_mixin.py:190} INFO - [2024-12-07T09:18:29.443+0000] {dag.py:4180} INFO - Setting next_dagrun for dataset_consumes_1_and_2 to None, run_after=None
[2024-12-07T09:18:29.444+0000] {logging_mixin.py:190} INFO - [2024-12-07T09:18:29.444+0000] {dag.py:4180} INFO - Setting next_dagrun for dataset_consumes_1_never_scheduled to None, run_after=None
[2024-12-07T09:18:29.445+0000] {logging_mixin.py:190} INFO - [2024-12-07T09:18:29.445+0000] {dag.py:4180} INFO - Setting next_dagrun for dataset_consumes_unknown_never_scheduled to None, run_after=None
[2024-12-07T09:18:29.448+0000] {logging_mixin.py:190} INFO - [2024-12-07T09:18:29.448+0000] {dag.py:4180} INFO - Setting next_dagrun for dataset_produces_1 to 2024-12-06 00:00:00+00:00, run_after=2024-12-07 00:00:00+00:00
[2024-12-07T09:18:29.449+0000] {logging_mixin.py:190} INFO - [2024-12-07T09:18:29.449+0000] {dag.py:4180} INFO - Setting next_dagrun for dataset_produces_2 to None, run_after=None
[2024-12-07T09:18:29.475+0000] {processor.py:208} INFO - Processing /home/airflow/.local/lib/python3.12/site-packages/airflow/example_dags/example_datasets.py took 0.770 seconds
[2024-12-07T09:19:00.232+0000] {processor.py:186} INFO - Started process (PID=664) to work on /home/airflow/.local/lib/python3.12/site-packages/airflow/example_dags/example_datasets.py
[2024-12-07T09:19:00.233+0000] {processor.py:914} INFO - Processing file /home/airflow/.local/lib/python3.12/site-packages/airflow/example_dags/example_datasets.py for tasks to queue
[2024-12-07T09:19:00.235+0000] {logging_mixin.py:190} INFO - [2024-12-07T09:19:00.234+0000] {dagbag.py:588} INFO - Filling up the DagBag from /home/airflow/.local/lib/python3.12/site-packages/airflow/example_dags/example_datasets.py
[2024-12-07T09:19:01.003+0000] {processor.py:925} INFO - DAG(s) 'consume_1_or_2_with_dataset_expressions', 'dataset_consumes_1_never_scheduled', 'conditional_dataset_and_time_based_timetable', 'dataset_produces_1', 'dataset_produces_2', 'dataset_consumes_1_and_2', 'consume_1_and_2_with_dataset_expressions', 'dataset_consumes_unknown_never_scheduled', 'consume_1_or_both_2_and_3_with_dataset_expressions', 'dataset_consumes_1' retrieved from /home/airflow/.local/lib/python3.12/site-packages/airflow/example_dags/example_datasets.py
[2024-12-07T09:19:01.051+0000] {logging_mixin.py:190} INFO - [2024-12-07T09:19:01.051+0000] {dag.py:3239} INFO - Sync 10 DAGs
[2024-12-07T09:19:01.087+0000] {logging_mixin.py:190} INFO - [2024-12-07T09:19:01.087+0000] {dag.py:4180} INFO - Setting next_dagrun for conditional_dataset_and_time_based_timetable to 2024-12-04 01:00:00+00:00, run_after=2024-12-04 01:00:00+00:00
[2024-12-07T09:19:01.091+0000] {logging_mixin.py:190} INFO - [2024-12-07T09:19:01.091+0000] {dag.py:4180} INFO - Setting next_dagrun for consume_1_and_2_with_dataset_expressions to None, run_after=None
[2024-12-07T09:19:01.093+0000] {logging_mixin.py:190} INFO - [2024-12-07T09:19:01.092+0000] {dag.py:4180} INFO - Setting next_dagrun for consume_1_or_2_with_dataset_expressions to None, run_after=None
[2024-12-07T09:19:01.096+0000] {logging_mixin.py:190} INFO - [2024-12-07T09:19:01.094+0000] {dag.py:4180} INFO - Setting next_dagrun for consume_1_or_both_2_and_3_with_dataset_expressions to None, run_after=None
[2024-12-07T09:19:01.098+0000] {logging_mixin.py:190} INFO - [2024-12-07T09:19:01.098+0000] {dag.py:4180} INFO - Setting next_dagrun for dataset_consumes_1 to None, run_after=None
[2024-12-07T09:19:01.099+0000] {logging_mixin.py:190} INFO - [2024-12-07T09:19:01.099+0000] {dag.py:4180} INFO - Setting next_dagrun for dataset_consumes_1_and_2 to None, run_after=None
[2024-12-07T09:19:01.100+0000] {logging_mixin.py:190} INFO - [2024-12-07T09:19:01.100+0000] {dag.py:4180} INFO - Setting next_dagrun for dataset_consumes_1_never_scheduled to None, run_after=None
[2024-12-07T09:19:01.102+0000] {logging_mixin.py:190} INFO - [2024-12-07T09:19:01.102+0000] {dag.py:4180} INFO - Setting next_dagrun for dataset_consumes_unknown_never_scheduled to None, run_after=None
[2024-12-07T09:19:01.105+0000] {logging_mixin.py:190} INFO - [2024-12-07T09:19:01.104+0000] {dag.py:4180} INFO - Setting next_dagrun for dataset_produces_1 to 2024-12-06 00:00:00+00:00, run_after=2024-12-07 00:00:00+00:00
[2024-12-07T09:19:01.106+0000] {logging_mixin.py:190} INFO - [2024-12-07T09:19:01.106+0000] {dag.py:4180} INFO - Setting next_dagrun for dataset_produces_2 to None, run_after=None
[2024-12-07T09:19:01.136+0000] {processor.py:208} INFO - Processing /home/airflow/.local/lib/python3.12/site-packages/airflow/example_dags/example_datasets.py took 0.910 seconds
[2024-12-07T09:19:31.423+0000] {processor.py:186} INFO - Started process (PID=729) to work on /home/airflow/.local/lib/python3.12/site-packages/airflow/example_dags/example_datasets.py
[2024-12-07T09:19:31.424+0000] {processor.py:914} INFO - Processing file /home/airflow/.local/lib/python3.12/site-packages/airflow/example_dags/example_datasets.py for tasks to queue
[2024-12-07T09:19:31.426+0000] {logging_mixin.py:190} INFO - [2024-12-07T09:19:31.426+0000] {dagbag.py:588} INFO - Filling up the DagBag from /home/airflow/.local/lib/python3.12/site-packages/airflow/example_dags/example_datasets.py
[2024-12-07T09:19:32.185+0000] {processor.py:925} INFO - DAG(s) 'consume_1_or_2_with_dataset_expressions', 'consume_1_or_both_2_and_3_with_dataset_expressions', 'dataset_consumes_unknown_never_scheduled', 'dataset_produces_2', 'dataset_consumes_1_never_scheduled', 'dataset_produces_1', 'dataset_consumes_1', 'conditional_dataset_and_time_based_timetable', 'consume_1_and_2_with_dataset_expressions', 'dataset_consumes_1_and_2' retrieved from /home/airflow/.local/lib/python3.12/site-packages/airflow/example_dags/example_datasets.py
[2024-12-07T09:19:32.237+0000] {logging_mixin.py:190} INFO - [2024-12-07T09:19:32.237+0000] {dag.py:3239} INFO - Sync 10 DAGs
[2024-12-07T09:19:32.270+0000] {logging_mixin.py:190} INFO - [2024-12-07T09:19:32.270+0000] {dag.py:4180} INFO - Setting next_dagrun for conditional_dataset_and_time_based_timetable to 2024-12-04 01:00:00+00:00, run_after=2024-12-04 01:00:00+00:00
[2024-12-07T09:19:32.275+0000] {logging_mixin.py:190} INFO - [2024-12-07T09:19:32.274+0000] {dag.py:4180} INFO - Setting next_dagrun for consume_1_and_2_with_dataset_expressions to None, run_after=None
[2024-12-07T09:19:32.276+0000] {logging_mixin.py:190} INFO - [2024-12-07T09:19:32.276+0000] {dag.py:4180} INFO - Setting next_dagrun for consume_1_or_2_with_dataset_expressions to None, run_after=None
[2024-12-07T09:19:32.277+0000] {logging_mixin.py:190} INFO - [2024-12-07T09:19:32.277+0000] {dag.py:4180} INFO - Setting next_dagrun for consume_1_or_both_2_and_3_with_dataset_expressions to None, run_after=None
[2024-12-07T09:19:32.279+0000] {logging_mixin.py:190} INFO - [2024-12-07T09:19:32.279+0000] {dag.py:4180} INFO - Setting next_dagrun for dataset_consumes_1 to None, run_after=None
[2024-12-07T09:19:32.280+0000] {logging_mixin.py:190} INFO - [2024-12-07T09:19:32.280+0000] {dag.py:4180} INFO - Setting next_dagrun for dataset_consumes_1_and_2 to None, run_after=None
[2024-12-07T09:19:32.281+0000] {logging_mixin.py:190} INFO - [2024-12-07T09:19:32.281+0000] {dag.py:4180} INFO - Setting next_dagrun for dataset_consumes_1_never_scheduled to None, run_after=None
[2024-12-07T09:19:32.283+0000] {logging_mixin.py:190} INFO - [2024-12-07T09:19:32.282+0000] {dag.py:4180} INFO - Setting next_dagrun for dataset_consumes_unknown_never_scheduled to None, run_after=None
[2024-12-07T09:19:32.285+0000] {logging_mixin.py:190} INFO - [2024-12-07T09:19:32.285+0000] {dag.py:4180} INFO - Setting next_dagrun for dataset_produces_1 to 2024-12-06 00:00:00+00:00, run_after=2024-12-07 00:00:00+00:00
[2024-12-07T09:19:32.287+0000] {logging_mixin.py:190} INFO - [2024-12-07T09:19:32.286+0000] {dag.py:4180} INFO - Setting next_dagrun for dataset_produces_2 to None, run_after=None
[2024-12-07T09:19:32.316+0000] {processor.py:208} INFO - Processing /home/airflow/.local/lib/python3.12/site-packages/airflow/example_dags/example_datasets.py took 0.899 seconds
[2024-12-07T09:20:02.917+0000] {processor.py:186} INFO - Started process (PID=793) to work on /home/airflow/.local/lib/python3.12/site-packages/airflow/example_dags/example_datasets.py
[2024-12-07T09:20:02.918+0000] {processor.py:914} INFO - Processing file /home/airflow/.local/lib/python3.12/site-packages/airflow/example_dags/example_datasets.py for tasks to queue
[2024-12-07T09:20:02.920+0000] {logging_mixin.py:190} INFO - [2024-12-07T09:20:02.919+0000] {dagbag.py:588} INFO - Filling up the DagBag from /home/airflow/.local/lib/python3.12/site-packages/airflow/example_dags/example_datasets.py
[2024-12-07T09:20:03.420+0000] {processor.py:925} INFO - DAG(s) 'dataset_consumes_unknown_never_scheduled', 'conditional_dataset_and_time_based_timetable', 'consume_1_or_both_2_and_3_with_dataset_expressions', 'dataset_consumes_1_never_scheduled', 'dataset_consumes_1_and_2', 'consume_1_or_2_with_dataset_expressions', 'dataset_produces_1', 'dataset_produces_2', 'consume_1_and_2_with_dataset_expressions', 'dataset_consumes_1' retrieved from /home/airflow/.local/lib/python3.12/site-packages/airflow/example_dags/example_datasets.py
[2024-12-07T09:20:03.462+0000] {logging_mixin.py:190} INFO - [2024-12-07T09:20:03.462+0000] {dag.py:3239} INFO - Sync 10 DAGs
[2024-12-07T09:20:03.487+0000] {logging_mixin.py:190} INFO - [2024-12-07T09:20:03.486+0000] {dag.py:4180} INFO - Setting next_dagrun for conditional_dataset_and_time_based_timetable to 2024-12-04 01:00:00+00:00, run_after=2024-12-04 01:00:00+00:00
[2024-12-07T09:20:03.489+0000] {logging_mixin.py:190} INFO - [2024-12-07T09:20:03.489+0000] {dag.py:4180} INFO - Setting next_dagrun for consume_1_and_2_with_dataset_expressions to None, run_after=None
[2024-12-07T09:20:03.490+0000] {logging_mixin.py:190} INFO - [2024-12-07T09:20:03.490+0000] {dag.py:4180} INFO - Setting next_dagrun for consume_1_or_2_with_dataset_expressions to None, run_after=None
[2024-12-07T09:20:03.491+0000] {logging_mixin.py:190} INFO - [2024-12-07T09:20:03.491+0000] {dag.py:4180} INFO - Setting next_dagrun for consume_1_or_both_2_and_3_with_dataset_expressions to None, run_after=None
[2024-12-07T09:20:03.492+0000] {logging_mixin.py:190} INFO - [2024-12-07T09:20:03.492+0000] {dag.py:4180} INFO - Setting next_dagrun for dataset_consumes_1 to None, run_after=None
[2024-12-07T09:20:03.493+0000] {logging_mixin.py:190} INFO - [2024-12-07T09:20:03.493+0000] {dag.py:4180} INFO - Setting next_dagrun for dataset_consumes_1_and_2 to None, run_after=None
[2024-12-07T09:20:03.495+0000] {logging_mixin.py:190} INFO - [2024-12-07T09:20:03.495+0000] {dag.py:4180} INFO - Setting next_dagrun for dataset_consumes_1_never_scheduled to None, run_after=None
[2024-12-07T09:20:03.496+0000] {logging_mixin.py:190} INFO - [2024-12-07T09:20:03.496+0000] {dag.py:4180} INFO - Setting next_dagrun for dataset_consumes_unknown_never_scheduled to None, run_after=None
[2024-12-07T09:20:03.498+0000] {logging_mixin.py:190} INFO - [2024-12-07T09:20:03.498+0000] {dag.py:4180} INFO - Setting next_dagrun for dataset_produces_1 to 2024-12-06 00:00:00+00:00, run_after=2024-12-07 00:00:00+00:00
[2024-12-07T09:20:03.500+0000] {logging_mixin.py:190} INFO - [2024-12-07T09:20:03.499+0000] {dag.py:4180} INFO - Setting next_dagrun for dataset_produces_2 to None, run_after=None
[2024-12-07T09:20:03.526+0000] {processor.py:208} INFO - Processing /home/airflow/.local/lib/python3.12/site-packages/airflow/example_dags/example_datasets.py took 0.614 seconds
[2024-12-07T09:20:34.331+0000] {processor.py:186} INFO - Started process (PID=858) to work on /home/airflow/.local/lib/python3.12/site-packages/airflow/example_dags/example_datasets.py
[2024-12-07T09:20:34.332+0000] {processor.py:914} INFO - Processing file /home/airflow/.local/lib/python3.12/site-packages/airflow/example_dags/example_datasets.py for tasks to queue
[2024-12-07T09:20:34.334+0000] {logging_mixin.py:190} INFO - [2024-12-07T09:20:34.334+0000] {dagbag.py:588} INFO - Filling up the DagBag from /home/airflow/.local/lib/python3.12/site-packages/airflow/example_dags/example_datasets.py
[2024-12-07T09:20:34.881+0000] {processor.py:925} INFO - DAG(s) 'conditional_dataset_and_time_based_timetable', 'consume_1_or_both_2_and_3_with_dataset_expressions', 'dataset_consumes_1_never_scheduled', 'dataset_consumes_1_and_2', 'consume_1_or_2_with_dataset_expressions', 'dataset_consumes_unknown_never_scheduled', 'consume_1_and_2_with_dataset_expressions', 'dataset_produces_2', 'dataset_consumes_1', 'dataset_produces_1' retrieved from /home/airflow/.local/lib/python3.12/site-packages/airflow/example_dags/example_datasets.py
[2024-12-07T09:20:34.912+0000] {logging_mixin.py:190} INFO - [2024-12-07T09:20:34.912+0000] {dag.py:3239} INFO - Sync 10 DAGs
[2024-12-07T09:20:34.932+0000] {logging_mixin.py:190} INFO - [2024-12-07T09:20:34.931+0000] {dag.py:4180} INFO - Setting next_dagrun for conditional_dataset_and_time_based_timetable to 2024-12-04 01:00:00+00:00, run_after=2024-12-04 01:00:00+00:00
[2024-12-07T09:20:34.934+0000] {logging_mixin.py:190} INFO - [2024-12-07T09:20:34.934+0000] {dag.py:4180} INFO - Setting next_dagrun for consume_1_and_2_with_dataset_expressions to None, run_after=None
[2024-12-07T09:20:34.935+0000] {logging_mixin.py:190} INFO - [2024-12-07T09:20:34.935+0000] {dag.py:4180} INFO - Setting next_dagrun for consume_1_or_2_with_dataset_expressions to None, run_after=None
[2024-12-07T09:20:34.936+0000] {logging_mixin.py:190} INFO - [2024-12-07T09:20:34.936+0000] {dag.py:4180} INFO - Setting next_dagrun for consume_1_or_both_2_and_3_with_dataset_expressions to None, run_after=None
[2024-12-07T09:20:34.937+0000] {logging_mixin.py:190} INFO - [2024-12-07T09:20:34.937+0000] {dag.py:4180} INFO - Setting next_dagrun for dataset_consumes_1 to None, run_after=None
[2024-12-07T09:20:34.938+0000] {logging_mixin.py:190} INFO - [2024-12-07T09:20:34.938+0000] {dag.py:4180} INFO - Setting next_dagrun for dataset_consumes_1_and_2 to None, run_after=None
[2024-12-07T09:20:34.939+0000] {logging_mixin.py:190} INFO - [2024-12-07T09:20:34.939+0000] {dag.py:4180} INFO - Setting next_dagrun for dataset_consumes_1_never_scheduled to None, run_after=None
[2024-12-07T09:20:34.940+0000] {logging_mixin.py:190} INFO - [2024-12-07T09:20:34.940+0000] {dag.py:4180} INFO - Setting next_dagrun for dataset_consumes_unknown_never_scheduled to None, run_after=None
[2024-12-07T09:20:34.942+0000] {logging_mixin.py:190} INFO - [2024-12-07T09:20:34.942+0000] {dag.py:4180} INFO - Setting next_dagrun for dataset_produces_1 to 2024-12-06 00:00:00+00:00, run_after=2024-12-07 00:00:00+00:00
[2024-12-07T09:20:34.943+0000] {logging_mixin.py:190} INFO - [2024-12-07T09:20:34.943+0000] {dag.py:4180} INFO - Setting next_dagrun for dataset_produces_2 to None, run_after=None
[2024-12-07T09:20:34.970+0000] {processor.py:208} INFO - Processing /home/airflow/.local/lib/python3.12/site-packages/airflow/example_dags/example_datasets.py took 0.645 seconds
[2024-12-07T09:21:05.467+0000] {processor.py:186} INFO - Started process (PID=922) to work on /home/airflow/.local/lib/python3.12/site-packages/airflow/example_dags/example_datasets.py
[2024-12-07T09:21:05.468+0000] {processor.py:914} INFO - Processing file /home/airflow/.local/lib/python3.12/site-packages/airflow/example_dags/example_datasets.py for tasks to queue
[2024-12-07T09:21:05.470+0000] {logging_mixin.py:190} INFO - [2024-12-07T09:21:05.470+0000] {dagbag.py:588} INFO - Filling up the DagBag from /home/airflow/.local/lib/python3.12/site-packages/airflow/example_dags/example_datasets.py
[2024-12-07T09:21:06.086+0000] {processor.py:925} INFO - DAG(s) 'consume_1_and_2_with_dataset_expressions', 'consume_1_or_both_2_and_3_with_dataset_expressions', 'dataset_produces_1', 'conditional_dataset_and_time_based_timetable', 'dataset_consumes_unknown_never_scheduled', 'consume_1_or_2_with_dataset_expressions', 'dataset_produces_2', 'dataset_consumes_1_and_2', 'dataset_consumes_1_never_scheduled', 'dataset_consumes_1' retrieved from /home/airflow/.local/lib/python3.12/site-packages/airflow/example_dags/example_datasets.py
[2024-12-07T09:21:06.118+0000] {logging_mixin.py:190} INFO - [2024-12-07T09:21:06.118+0000] {dag.py:3239} INFO - Sync 10 DAGs
[2024-12-07T09:21:06.139+0000] {logging_mixin.py:190} INFO - [2024-12-07T09:21:06.138+0000] {dag.py:4180} INFO - Setting next_dagrun for conditional_dataset_and_time_based_timetable to 2024-12-04 01:00:00+00:00, run_after=2024-12-04 01:00:00+00:00
[2024-12-07T09:21:06.142+0000] {logging_mixin.py:190} INFO - [2024-12-07T09:21:06.142+0000] {dag.py:4180} INFO - Setting next_dagrun for consume_1_and_2_with_dataset_expressions to None, run_after=None
[2024-12-07T09:21:06.143+0000] {logging_mixin.py:190} INFO - [2024-12-07T09:21:06.143+0000] {dag.py:4180} INFO - Setting next_dagrun for consume_1_or_2_with_dataset_expressions to None, run_after=None
[2024-12-07T09:21:06.144+0000] {logging_mixin.py:190} INFO - [2024-12-07T09:21:06.144+0000] {dag.py:4180} INFO - Setting next_dagrun for consume_1_or_both_2_and_3_with_dataset_expressions to None, run_after=None
[2024-12-07T09:21:06.145+0000] {logging_mixin.py:190} INFO - [2024-12-07T09:21:06.145+0000] {dag.py:4180} INFO - Setting next_dagrun for dataset_consumes_1 to None, run_after=None
[2024-12-07T09:21:06.146+0000] {logging_mixin.py:190} INFO - [2024-12-07T09:21:06.145+0000] {dag.py:4180} INFO - Setting next_dagrun for dataset_consumes_1_and_2 to None, run_after=None
[2024-12-07T09:21:06.146+0000] {logging_mixin.py:190} INFO - [2024-12-07T09:21:06.146+0000] {dag.py:4180} INFO - Setting next_dagrun for dataset_consumes_1_never_scheduled to None, run_after=None
[2024-12-07T09:21:06.147+0000] {logging_mixin.py:190} INFO - [2024-12-07T09:21:06.147+0000] {dag.py:4180} INFO - Setting next_dagrun for dataset_consumes_unknown_never_scheduled to None, run_after=None
[2024-12-07T09:21:06.149+0000] {logging_mixin.py:190} INFO - [2024-12-07T09:21:06.149+0000] {dag.py:4180} INFO - Setting next_dagrun for dataset_produces_1 to 2024-12-06 00:00:00+00:00, run_after=2024-12-07 00:00:00+00:00
[2024-12-07T09:21:06.150+0000] {logging_mixin.py:190} INFO - [2024-12-07T09:21:06.150+0000] {dag.py:4180} INFO - Setting next_dagrun for dataset_produces_2 to None, run_after=None
[2024-12-07T09:21:06.175+0000] {processor.py:208} INFO - Processing /home/airflow/.local/lib/python3.12/site-packages/airflow/example_dags/example_datasets.py took 0.713 seconds
[2024-12-07T09:21:36.566+0000] {processor.py:186} INFO - Started process (PID=986) to work on /home/airflow/.local/lib/python3.12/site-packages/airflow/example_dags/example_datasets.py
[2024-12-07T09:21:36.567+0000] {processor.py:914} INFO - Processing file /home/airflow/.local/lib/python3.12/site-packages/airflow/example_dags/example_datasets.py for tasks to queue
[2024-12-07T09:21:36.569+0000] {logging_mixin.py:190} INFO - [2024-12-07T09:21:36.569+0000] {dagbag.py:588} INFO - Filling up the DagBag from /home/airflow/.local/lib/python3.12/site-packages/airflow/example_dags/example_datasets.py
[2024-12-07T09:21:37.118+0000] {processor.py:925} INFO - DAG(s) 'conditional_dataset_and_time_based_timetable', 'dataset_produces_1', 'consume_1_or_both_2_and_3_with_dataset_expressions', 'dataset_consumes_1_and_2', 'consume_1_or_2_with_dataset_expressions', 'dataset_consumes_unknown_never_scheduled', 'consume_1_and_2_with_dataset_expressions', 'dataset_consumes_1_never_scheduled', 'dataset_produces_2', 'dataset_consumes_1' retrieved from /home/airflow/.local/lib/python3.12/site-packages/airflow/example_dags/example_datasets.py
[2024-12-07T09:21:37.154+0000] {logging_mixin.py:190} INFO - [2024-12-07T09:21:37.154+0000] {dag.py:3239} INFO - Sync 10 DAGs
[2024-12-07T09:21:37.183+0000] {logging_mixin.py:190} INFO - [2024-12-07T09:21:37.183+0000] {dag.py:4180} INFO - Setting next_dagrun for conditional_dataset_and_time_based_timetable to 2024-12-04 01:00:00+00:00, run_after=2024-12-04 01:00:00+00:00
[2024-12-07T09:21:37.186+0000] {logging_mixin.py:190} INFO - [2024-12-07T09:21:37.186+0000] {dag.py:4180} INFO - Setting next_dagrun for consume_1_and_2_with_dataset_expressions to None, run_after=None
[2024-12-07T09:21:37.188+0000] {logging_mixin.py:190} INFO - [2024-12-07T09:21:37.187+0000] {dag.py:4180} INFO - Setting next_dagrun for consume_1_or_2_with_dataset_expressions to None, run_after=None
[2024-12-07T09:21:37.189+0000] {logging_mixin.py:190} INFO - [2024-12-07T09:21:37.189+0000] {dag.py:4180} INFO - Setting next_dagrun for consume_1_or_both_2_and_3_with_dataset_expressions to None, run_after=None
[2024-12-07T09:21:37.190+0000] {logging_mixin.py:190} INFO - [2024-12-07T09:21:37.190+0000] {dag.py:4180} INFO - Setting next_dagrun for dataset_consumes_1 to None, run_after=None
[2024-12-07T09:21:37.191+0000] {logging_mixin.py:190} INFO - [2024-12-07T09:21:37.191+0000] {dag.py:4180} INFO - Setting next_dagrun for dataset_consumes_1_and_2 to None, run_after=None
[2024-12-07T09:21:37.192+0000] {logging_mixin.py:190} INFO - [2024-12-07T09:21:37.192+0000] {dag.py:4180} INFO - Setting next_dagrun for dataset_consumes_1_never_scheduled to None, run_after=None
[2024-12-07T09:21:37.193+0000] {logging_mixin.py:190} INFO - [2024-12-07T09:21:37.193+0000] {dag.py:4180} INFO - Setting next_dagrun for dataset_consumes_unknown_never_scheduled to None, run_after=None
[2024-12-07T09:21:37.196+0000] {logging_mixin.py:190} INFO - [2024-12-07T09:21:37.195+0000] {dag.py:4180} INFO - Setting next_dagrun for dataset_produces_1 to 2024-12-06 00:00:00+00:00, run_after=2024-12-07 00:00:00+00:00
[2024-12-07T09:21:37.197+0000] {logging_mixin.py:190} INFO - [2024-12-07T09:21:37.197+0000] {dag.py:4180} INFO - Setting next_dagrun for dataset_produces_2 to None, run_after=None
[2024-12-07T09:21:37.222+0000] {processor.py:208} INFO - Processing /home/airflow/.local/lib/python3.12/site-packages/airflow/example_dags/example_datasets.py took 0.661 seconds
[2024-12-07T09:22:07.849+0000] {processor.py:186} INFO - Started process (PID=1050) to work on /home/airflow/.local/lib/python3.12/site-packages/airflow/example_dags/example_datasets.py
[2024-12-07T09:22:07.850+0000] {processor.py:914} INFO - Processing file /home/airflow/.local/lib/python3.12/site-packages/airflow/example_dags/example_datasets.py for tasks to queue
[2024-12-07T09:22:07.851+0000] {logging_mixin.py:190} INFO - [2024-12-07T09:22:07.851+0000] {dagbag.py:588} INFO - Filling up the DagBag from /home/airflow/.local/lib/python3.12/site-packages/airflow/example_dags/example_datasets.py
[2024-12-07T09:22:08.409+0000] {processor.py:925} INFO - DAG(s) 'dataset_consumes_1_never_scheduled', 'dataset_produces_1', 'conditional_dataset_and_time_based_timetable', 'dataset_consumes_unknown_never_scheduled', 'dataset_produces_2', 'consume_1_and_2_with_dataset_expressions', 'consume_1_or_both_2_and_3_with_dataset_expressions', 'dataset_consumes_1_and_2', 'consume_1_or_2_with_dataset_expressions', 'dataset_consumes_1' retrieved from /home/airflow/.local/lib/python3.12/site-packages/airflow/example_dags/example_datasets.py
[2024-12-07T09:22:08.451+0000] {logging_mixin.py:190} INFO - [2024-12-07T09:22:08.451+0000] {dag.py:3239} INFO - Sync 10 DAGs
[2024-12-07T09:22:08.479+0000] {logging_mixin.py:190} INFO - [2024-12-07T09:22:08.479+0000] {dag.py:4180} INFO - Setting next_dagrun for conditional_dataset_and_time_based_timetable to 2024-12-04 01:00:00+00:00, run_after=2024-12-04 01:00:00+00:00
[2024-12-07T09:22:08.482+0000] {logging_mixin.py:190} INFO - [2024-12-07T09:22:08.482+0000] {dag.py:4180} INFO - Setting next_dagrun for consume_1_and_2_with_dataset_expressions to None, run_after=None
[2024-12-07T09:22:08.483+0000] {logging_mixin.py:190} INFO - [2024-12-07T09:22:08.483+0000] {dag.py:4180} INFO - Setting next_dagrun for consume_1_or_2_with_dataset_expressions to None, run_after=None
[2024-12-07T09:22:08.484+0000] {logging_mixin.py:190} INFO - [2024-12-07T09:22:08.483+0000] {dag.py:4180} INFO - Setting next_dagrun for consume_1_or_both_2_and_3_with_dataset_expressions to None, run_after=None
[2024-12-07T09:22:08.484+0000] {logging_mixin.py:190} INFO - [2024-12-07T09:22:08.484+0000] {dag.py:4180} INFO - Setting next_dagrun for dataset_consumes_1 to None, run_after=None
[2024-12-07T09:22:08.485+0000] {logging_mixin.py:190} INFO - [2024-12-07T09:22:08.485+0000] {dag.py:4180} INFO - Setting next_dagrun for dataset_consumes_1_and_2 to None, run_after=None
[2024-12-07T09:22:08.486+0000] {logging_mixin.py:190} INFO - [2024-12-07T09:22:08.486+0000] {dag.py:4180} INFO - Setting next_dagrun for dataset_consumes_1_never_scheduled to None, run_after=None
[2024-12-07T09:22:08.488+0000] {logging_mixin.py:190} INFO - [2024-12-07T09:22:08.488+0000] {dag.py:4180} INFO - Setting next_dagrun for dataset_consumes_unknown_never_scheduled to None, run_after=None
[2024-12-07T09:22:08.490+0000] {logging_mixin.py:190} INFO - [2024-12-07T09:22:08.490+0000] {dag.py:4180} INFO - Setting next_dagrun for dataset_produces_1 to 2024-12-06 00:00:00+00:00, run_after=2024-12-07 00:00:00+00:00
[2024-12-07T09:22:08.491+0000] {logging_mixin.py:190} INFO - [2024-12-07T09:22:08.491+0000] {dag.py:4180} INFO - Setting next_dagrun for dataset_produces_2 to None, run_after=None
[2024-12-07T09:22:08.515+0000] {processor.py:208} INFO - Processing /home/airflow/.local/lib/python3.12/site-packages/airflow/example_dags/example_datasets.py took 0.670 seconds
[2024-12-07T09:22:38.906+0000] {processor.py:186} INFO - Started process (PID=1114) to work on /home/airflow/.local/lib/python3.12/site-packages/airflow/example_dags/example_datasets.py
[2024-12-07T09:22:38.907+0000] {processor.py:914} INFO - Processing file /home/airflow/.local/lib/python3.12/site-packages/airflow/example_dags/example_datasets.py for tasks to queue
[2024-12-07T09:22:38.908+0000] {logging_mixin.py:190} INFO - [2024-12-07T09:22:38.908+0000] {dagbag.py:588} INFO - Filling up the DagBag from /home/airflow/.local/lib/python3.12/site-packages/airflow/example_dags/example_datasets.py
[2024-12-07T09:22:39.465+0000] {processor.py:925} INFO - DAG(s) 'consume_1_and_2_with_dataset_expressions', 'dataset_produces_2', 'dataset_consumes_1', 'dataset_consumes_unknown_never_scheduled', 'conditional_dataset_and_time_based_timetable', 'dataset_produces_1', 'dataset_consumes_1_never_scheduled', 'consume_1_or_2_with_dataset_expressions', 'consume_1_or_both_2_and_3_with_dataset_expressions', 'dataset_consumes_1_and_2' retrieved from /home/airflow/.local/lib/python3.12/site-packages/airflow/example_dags/example_datasets.py
[2024-12-07T09:22:39.498+0000] {logging_mixin.py:190} INFO - [2024-12-07T09:22:39.497+0000] {dag.py:3239} INFO - Sync 10 DAGs
[2024-12-07T09:22:39.519+0000] {logging_mixin.py:190} INFO - [2024-12-07T09:22:39.518+0000] {dag.py:4180} INFO - Setting next_dagrun for conditional_dataset_and_time_based_timetable to 2024-12-04 01:00:00+00:00, run_after=2024-12-04 01:00:00+00:00
[2024-12-07T09:22:39.522+0000] {logging_mixin.py:190} INFO - [2024-12-07T09:22:39.522+0000] {dag.py:4180} INFO - Setting next_dagrun for consume_1_and_2_with_dataset_expressions to None, run_after=None
[2024-12-07T09:22:39.523+0000] {logging_mixin.py:190} INFO - [2024-12-07T09:22:39.523+0000] {dag.py:4180} INFO - Setting next_dagrun for consume_1_or_2_with_dataset_expressions to None, run_after=None
[2024-12-07T09:22:39.524+0000] {logging_mixin.py:190} INFO - [2024-12-07T09:22:39.524+0000] {dag.py:4180} INFO - Setting next_dagrun for consume_1_or_both_2_and_3_with_dataset_expressions to None, run_after=None
[2024-12-07T09:22:39.525+0000] {logging_mixin.py:190} INFO - [2024-12-07T09:22:39.525+0000] {dag.py:4180} INFO - Setting next_dagrun for dataset_consumes_1 to None, run_after=None
[2024-12-07T09:22:39.526+0000] {logging_mixin.py:190} INFO - [2024-12-07T09:22:39.525+0000] {dag.py:4180} INFO - Setting next_dagrun for dataset_consumes_1_and_2 to None, run_after=None
[2024-12-07T09:22:39.527+0000] {logging_mixin.py:190} INFO - [2024-12-07T09:22:39.526+0000] {dag.py:4180} INFO - Setting next_dagrun for dataset_consumes_1_never_scheduled to None, run_after=None
[2024-12-07T09:22:39.527+0000] {logging_mixin.py:190} INFO - [2024-12-07T09:22:39.527+0000] {dag.py:4180} INFO - Setting next_dagrun for dataset_consumes_unknown_never_scheduled to None, run_after=None
[2024-12-07T09:22:39.529+0000] {logging_mixin.py:190} INFO - [2024-12-07T09:22:39.529+0000] {dag.py:4180} INFO - Setting next_dagrun for dataset_produces_1 to 2024-12-06 00:00:00+00:00, run_after=2024-12-07 00:00:00+00:00
[2024-12-07T09:22:39.530+0000] {logging_mixin.py:190} INFO - [2024-12-07T09:22:39.530+0000] {dag.py:4180} INFO - Setting next_dagrun for dataset_produces_2 to None, run_after=None
[2024-12-07T09:22:39.557+0000] {processor.py:208} INFO - Processing /home/airflow/.local/lib/python3.12/site-packages/airflow/example_dags/example_datasets.py took 0.656 seconds
[2024-12-07T09:23:10.391+0000] {processor.py:186} INFO - Started process (PID=1178) to work on /home/airflow/.local/lib/python3.12/site-packages/airflow/example_dags/example_datasets.py
[2024-12-07T09:23:10.392+0000] {processor.py:914} INFO - Processing file /home/airflow/.local/lib/python3.12/site-packages/airflow/example_dags/example_datasets.py for tasks to queue
[2024-12-07T09:23:10.393+0000] {logging_mixin.py:190} INFO - [2024-12-07T09:23:10.393+0000] {dagbag.py:588} INFO - Filling up the DagBag from /home/airflow/.local/lib/python3.12/site-packages/airflow/example_dags/example_datasets.py
[2024-12-07T09:23:10.909+0000] {processor.py:925} INFO - DAG(s) 'consume_1_and_2_with_dataset_expressions', 'consume_1_or_2_with_dataset_expressions', 'dataset_produces_2', 'conditional_dataset_and_time_based_timetable', 'dataset_consumes_1_never_scheduled', 'dataset_consumes_1', 'consume_1_or_both_2_and_3_with_dataset_expressions', 'dataset_produces_1', 'dataset_consumes_unknown_never_scheduled', 'dataset_consumes_1_and_2' retrieved from /home/airflow/.local/lib/python3.12/site-packages/airflow/example_dags/example_datasets.py
[2024-12-07T09:23:10.944+0000] {logging_mixin.py:190} INFO - [2024-12-07T09:23:10.944+0000] {dag.py:3239} INFO - Sync 10 DAGs
[2024-12-07T09:23:10.966+0000] {logging_mixin.py:190} INFO - [2024-12-07T09:23:10.966+0000] {dag.py:4180} INFO - Setting next_dagrun for conditional_dataset_and_time_based_timetable to 2024-12-04 01:00:00+00:00, run_after=2024-12-04 01:00:00+00:00
[2024-12-07T09:23:10.969+0000] {logging_mixin.py:190} INFO - [2024-12-07T09:23:10.969+0000] {dag.py:4180} INFO - Setting next_dagrun for consume_1_and_2_with_dataset_expressions to None, run_after=None
[2024-12-07T09:23:10.970+0000] {logging_mixin.py:190} INFO - [2024-12-07T09:23:10.970+0000] {dag.py:4180} INFO - Setting next_dagrun for consume_1_or_2_with_dataset_expressions to None, run_after=None
[2024-12-07T09:23:10.971+0000] {logging_mixin.py:190} INFO - [2024-12-07T09:23:10.970+0000] {dag.py:4180} INFO - Setting next_dagrun for consume_1_or_both_2_and_3_with_dataset_expressions to None, run_after=None
[2024-12-07T09:23:10.971+0000] {logging_mixin.py:190} INFO - [2024-12-07T09:23:10.971+0000] {dag.py:4180} INFO - Setting next_dagrun for dataset_consumes_1 to None, run_after=None
[2024-12-07T09:23:10.972+0000] {logging_mixin.py:190} INFO - [2024-12-07T09:23:10.972+0000] {dag.py:4180} INFO - Setting next_dagrun for dataset_consumes_1_and_2 to None, run_after=None
[2024-12-07T09:23:10.973+0000] {logging_mixin.py:190} INFO - [2024-12-07T09:23:10.973+0000] {dag.py:4180} INFO - Setting next_dagrun for dataset_consumes_1_never_scheduled to None, run_after=None
[2024-12-07T09:23:10.974+0000] {logging_mixin.py:190} INFO - [2024-12-07T09:23:10.974+0000] {dag.py:4180} INFO - Setting next_dagrun for dataset_consumes_unknown_never_scheduled to None, run_after=None
[2024-12-07T09:23:10.976+0000] {logging_mixin.py:190} INFO - [2024-12-07T09:23:10.976+0000] {dag.py:4180} INFO - Setting next_dagrun for dataset_produces_1 to 2024-12-06 00:00:00+00:00, run_after=2024-12-07 00:00:00+00:00
[2024-12-07T09:23:10.977+0000] {logging_mixin.py:190} INFO - [2024-12-07T09:23:10.977+0000] {dag.py:4180} INFO - Setting next_dagrun for dataset_produces_2 to None, run_after=None
[2024-12-07T09:23:11.007+0000] {processor.py:208} INFO - Processing /home/airflow/.local/lib/python3.12/site-packages/airflow/example_dags/example_datasets.py took 0.620 seconds
[2024-12-07T09:23:41.570+0000] {processor.py:186} INFO - Started process (PID=1242) to work on /home/airflow/.local/lib/python3.12/site-packages/airflow/example_dags/example_datasets.py
[2024-12-07T09:23:41.570+0000] {processor.py:914} INFO - Processing file /home/airflow/.local/lib/python3.12/site-packages/airflow/example_dags/example_datasets.py for tasks to queue
[2024-12-07T09:23:41.572+0000] {logging_mixin.py:190} INFO - [2024-12-07T09:23:41.571+0000] {dagbag.py:588} INFO - Filling up the DagBag from /home/airflow/.local/lib/python3.12/site-packages/airflow/example_dags/example_datasets.py
[2024-12-07T09:23:42.076+0000] {processor.py:925} INFO - DAG(s) 'dataset_produces_1', 'dataset_consumes_unknown_never_scheduled', 'consume_1_and_2_with_dataset_expressions', 'consume_1_or_both_2_and_3_with_dataset_expressions', 'conditional_dataset_and_time_based_timetable', 'dataset_consumes_1', 'dataset_consumes_1_never_scheduled', 'dataset_produces_2', 'consume_1_or_2_with_dataset_expressions', 'dataset_consumes_1_and_2' retrieved from /home/airflow/.local/lib/python3.12/site-packages/airflow/example_dags/example_datasets.py
[2024-12-07T09:23:42.108+0000] {logging_mixin.py:190} INFO - [2024-12-07T09:23:42.108+0000] {dag.py:3239} INFO - Sync 10 DAGs
[2024-12-07T09:23:42.128+0000] {logging_mixin.py:190} INFO - [2024-12-07T09:23:42.128+0000] {dag.py:4180} INFO - Setting next_dagrun for conditional_dataset_and_time_based_timetable to 2024-12-04 01:00:00+00:00, run_after=2024-12-04 01:00:00+00:00
[2024-12-07T09:23:42.131+0000] {logging_mixin.py:190} INFO - [2024-12-07T09:23:42.131+0000] {dag.py:4180} INFO - Setting next_dagrun for consume_1_and_2_with_dataset_expressions to None, run_after=None
[2024-12-07T09:23:42.132+0000] {logging_mixin.py:190} INFO - [2024-12-07T09:23:42.132+0000] {dag.py:4180} INFO - Setting next_dagrun for consume_1_or_2_with_dataset_expressions to None, run_after=None
[2024-12-07T09:23:42.133+0000] {logging_mixin.py:190} INFO - [2024-12-07T09:23:42.133+0000] {dag.py:4180} INFO - Setting next_dagrun for consume_1_or_both_2_and_3_with_dataset_expressions to None, run_after=None
[2024-12-07T09:23:42.134+0000] {logging_mixin.py:190} INFO - [2024-12-07T09:23:42.134+0000] {dag.py:4180} INFO - Setting next_dagrun for dataset_consumes_1 to None, run_after=None
[2024-12-07T09:23:42.135+0000] {logging_mixin.py:190} INFO - [2024-12-07T09:23:42.135+0000] {dag.py:4180} INFO - Setting next_dagrun for dataset_consumes_1_and_2 to None, run_after=None
[2024-12-07T09:23:42.136+0000] {logging_mixin.py:190} INFO - [2024-12-07T09:23:42.136+0000] {dag.py:4180} INFO - Setting next_dagrun for dataset_consumes_1_never_scheduled to None, run_after=None
[2024-12-07T09:23:42.137+0000] {logging_mixin.py:190} INFO - [2024-12-07T09:23:42.136+0000] {dag.py:4180} INFO - Setting next_dagrun for dataset_consumes_unknown_never_scheduled to None, run_after=None
[2024-12-07T09:23:42.139+0000] {logging_mixin.py:190} INFO - [2024-12-07T09:23:42.139+0000] {dag.py:4180} INFO - Setting next_dagrun for dataset_produces_1 to 2024-12-06 00:00:00+00:00, run_after=2024-12-07 00:00:00+00:00
[2024-12-07T09:23:42.140+0000] {logging_mixin.py:190} INFO - [2024-12-07T09:23:42.140+0000] {dag.py:4180} INFO - Setting next_dagrun for dataset_produces_2 to None, run_after=None
[2024-12-07T09:23:42.171+0000] {processor.py:208} INFO - Processing /home/airflow/.local/lib/python3.12/site-packages/airflow/example_dags/example_datasets.py took 0.606 seconds
[2024-12-07T09:24:12.816+0000] {processor.py:186} INFO - Started process (PID=1306) to work on /home/airflow/.local/lib/python3.12/site-packages/airflow/example_dags/example_datasets.py
[2024-12-07T09:24:12.817+0000] {processor.py:914} INFO - Processing file /home/airflow/.local/lib/python3.12/site-packages/airflow/example_dags/example_datasets.py for tasks to queue
[2024-12-07T09:24:12.818+0000] {logging_mixin.py:190} INFO - [2024-12-07T09:24:12.818+0000] {dagbag.py:588} INFO - Filling up the DagBag from /home/airflow/.local/lib/python3.12/site-packages/airflow/example_dags/example_datasets.py
[2024-12-07T09:24:13.323+0000] {processor.py:925} INFO - DAG(s) 'dataset_produces_2', 'conditional_dataset_and_time_based_timetable', 'consume_1_or_both_2_and_3_with_dataset_expressions', 'dataset_consumes_1', 'consume_1_or_2_with_dataset_expressions', 'dataset_consumes_1_never_scheduled', 'dataset_consumes_unknown_never_scheduled', 'dataset_consumes_1_and_2', 'consume_1_and_2_with_dataset_expressions', 'dataset_produces_1' retrieved from /home/airflow/.local/lib/python3.12/site-packages/airflow/example_dags/example_datasets.py
[2024-12-07T09:24:13.359+0000] {logging_mixin.py:190} INFO - [2024-12-07T09:24:13.359+0000] {dag.py:3239} INFO - Sync 10 DAGs
[2024-12-07T09:24:13.388+0000] {logging_mixin.py:190} INFO - [2024-12-07T09:24:13.387+0000] {dag.py:4180} INFO - Setting next_dagrun for conditional_dataset_and_time_based_timetable to 2024-12-04 01:00:00+00:00, run_after=2024-12-04 01:00:00+00:00
[2024-12-07T09:24:13.391+0000] {logging_mixin.py:190} INFO - [2024-12-07T09:24:13.391+0000] {dag.py:4180} INFO - Setting next_dagrun for consume_1_and_2_with_dataset_expressions to None, run_after=None
[2024-12-07T09:24:13.393+0000] {logging_mixin.py:190} INFO - [2024-12-07T09:24:13.392+0000] {dag.py:4180} INFO - Setting next_dagrun for consume_1_or_2_with_dataset_expressions to None, run_after=None
[2024-12-07T09:24:13.394+0000] {logging_mixin.py:190} INFO - [2024-12-07T09:24:13.393+0000] {dag.py:4180} INFO - Setting next_dagrun for consume_1_or_both_2_and_3_with_dataset_expressions to None, run_after=None
[2024-12-07T09:24:13.395+0000] {logging_mixin.py:190} INFO - [2024-12-07T09:24:13.395+0000] {dag.py:4180} INFO - Setting next_dagrun for dataset_consumes_1 to None, run_after=None
[2024-12-07T09:24:13.396+0000] {logging_mixin.py:190} INFO - [2024-12-07T09:24:13.396+0000] {dag.py:4180} INFO - Setting next_dagrun for dataset_consumes_1_and_2 to None, run_after=None
[2024-12-07T09:24:13.397+0000] {logging_mixin.py:190} INFO - [2024-12-07T09:24:13.397+0000] {dag.py:4180} INFO - Setting next_dagrun for dataset_consumes_1_never_scheduled to None, run_after=None
[2024-12-07T09:24:13.398+0000] {logging_mixin.py:190} INFO - [2024-12-07T09:24:13.398+0000] {dag.py:4180} INFO - Setting next_dagrun for dataset_consumes_unknown_never_scheduled to None, run_after=None
[2024-12-07T09:24:13.400+0000] {logging_mixin.py:190} INFO - [2024-12-07T09:24:13.400+0000] {dag.py:4180} INFO - Setting next_dagrun for dataset_produces_1 to 2024-12-06 00:00:00+00:00, run_after=2024-12-07 00:00:00+00:00
[2024-12-07T09:24:13.402+0000] {logging_mixin.py:190} INFO - [2024-12-07T09:24:13.401+0000] {dag.py:4180} INFO - Setting next_dagrun for dataset_produces_2 to None, run_after=None
[2024-12-07T09:24:13.427+0000] {processor.py:208} INFO - Processing /home/airflow/.local/lib/python3.12/site-packages/airflow/example_dags/example_datasets.py took 0.616 seconds
[2024-12-07T09:24:44.094+0000] {processor.py:186} INFO - Started process (PID=1370) to work on /home/airflow/.local/lib/python3.12/site-packages/airflow/example_dags/example_datasets.py
[2024-12-07T09:24:44.094+0000] {processor.py:914} INFO - Processing file /home/airflow/.local/lib/python3.12/site-packages/airflow/example_dags/example_datasets.py for tasks to queue
[2024-12-07T09:24:44.096+0000] {logging_mixin.py:190} INFO - [2024-12-07T09:24:44.096+0000] {dagbag.py:588} INFO - Filling up the DagBag from /home/airflow/.local/lib/python3.12/site-packages/airflow/example_dags/example_datasets.py
[2024-12-07T09:24:44.652+0000] {processor.py:925} INFO - DAG(s) 'dataset_consumes_1_and_2', 'dataset_consumes_1', 'dataset_consumes_unknown_never_scheduled', 'dataset_consumes_1_never_scheduled', 'consume_1_and_2_with_dataset_expressions', 'conditional_dataset_and_time_based_timetable', 'consume_1_or_2_with_dataset_expressions', 'dataset_produces_2', 'dataset_produces_1', 'consume_1_or_both_2_and_3_with_dataset_expressions' retrieved from /home/airflow/.local/lib/python3.12/site-packages/airflow/example_dags/example_datasets.py
[2024-12-07T09:24:44.697+0000] {logging_mixin.py:190} INFO - [2024-12-07T09:24:44.697+0000] {dag.py:3239} INFO - Sync 10 DAGs
[2024-12-07T09:24:44.727+0000] {logging_mixin.py:190} INFO - [2024-12-07T09:24:44.727+0000] {dag.py:4180} INFO - Setting next_dagrun for conditional_dataset_and_time_based_timetable to 2024-12-04 01:00:00+00:00, run_after=2024-12-04 01:00:00+00:00
[2024-12-07T09:24:44.731+0000] {logging_mixin.py:190} INFO - [2024-12-07T09:24:44.731+0000] {dag.py:4180} INFO - Setting next_dagrun for consume_1_and_2_with_dataset_expressions to None, run_after=None
[2024-12-07T09:24:44.732+0000] {logging_mixin.py:190} INFO - [2024-12-07T09:24:44.732+0000] {dag.py:4180} INFO - Setting next_dagrun for consume_1_or_2_with_dataset_expressions to None, run_after=None
[2024-12-07T09:24:44.733+0000] {logging_mixin.py:190} INFO - [2024-12-07T09:24:44.733+0000] {dag.py:4180} INFO - Setting next_dagrun for consume_1_or_both_2_and_3_with_dataset_expressions to None, run_after=None
[2024-12-07T09:24:44.735+0000] {logging_mixin.py:190} INFO - [2024-12-07T09:24:44.734+0000] {dag.py:4180} INFO - Setting next_dagrun for dataset_consumes_1 to None, run_after=None
[2024-12-07T09:24:44.736+0000] {logging_mixin.py:190} INFO - [2024-12-07T09:24:44.735+0000] {dag.py:4180} INFO - Setting next_dagrun for dataset_consumes_1_and_2 to None, run_after=None
[2024-12-07T09:24:44.737+0000] {logging_mixin.py:190} INFO - [2024-12-07T09:24:44.737+0000] {dag.py:4180} INFO - Setting next_dagrun for dataset_consumes_1_never_scheduled to None, run_after=None
[2024-12-07T09:24:44.738+0000] {logging_mixin.py:190} INFO - [2024-12-07T09:24:44.738+0000] {dag.py:4180} INFO - Setting next_dagrun for dataset_consumes_unknown_never_scheduled to None, run_after=None
[2024-12-07T09:24:44.741+0000] {logging_mixin.py:190} INFO - [2024-12-07T09:24:44.740+0000] {dag.py:4180} INFO - Setting next_dagrun for dataset_produces_1 to 2024-12-06 00:00:00+00:00, run_after=2024-12-07 00:00:00+00:00
[2024-12-07T09:24:44.742+0000] {logging_mixin.py:190} INFO - [2024-12-07T09:24:44.741+0000] {dag.py:4180} INFO - Setting next_dagrun for dataset_produces_2 to None, run_after=None
[2024-12-07T09:24:44.768+0000] {processor.py:208} INFO - Processing /home/airflow/.local/lib/python3.12/site-packages/airflow/example_dags/example_datasets.py took 0.679 seconds
[2024-12-07T09:25:15.248+0000] {processor.py:186} INFO - Started process (PID=1440) to work on /home/airflow/.local/lib/python3.12/site-packages/airflow/example_dags/example_datasets.py
[2024-12-07T09:25:15.249+0000] {processor.py:914} INFO - Processing file /home/airflow/.local/lib/python3.12/site-packages/airflow/example_dags/example_datasets.py for tasks to queue
[2024-12-07T09:25:15.250+0000] {logging_mixin.py:190} INFO - [2024-12-07T09:25:15.250+0000] {dagbag.py:588} INFO - Filling up the DagBag from /home/airflow/.local/lib/python3.12/site-packages/airflow/example_dags/example_datasets.py
[2024-12-07T09:25:15.814+0000] {processor.py:925} INFO - DAG(s) 'dataset_consumes_1', 'dataset_consumes_unknown_never_scheduled', 'consume_1_and_2_with_dataset_expressions', 'dataset_produces_2', 'conditional_dataset_and_time_based_timetable', 'consume_1_or_both_2_and_3_with_dataset_expressions', 'dataset_consumes_1_never_scheduled', 'dataset_produces_1', 'consume_1_or_2_with_dataset_expressions', 'dataset_consumes_1_and_2' retrieved from /home/airflow/.local/lib/python3.12/site-packages/airflow/example_dags/example_datasets.py
[2024-12-07T09:25:15.857+0000] {logging_mixin.py:190} INFO - [2024-12-07T09:25:15.856+0000] {dag.py:3239} INFO - Sync 10 DAGs
[2024-12-07T09:25:15.878+0000] {logging_mixin.py:190} INFO - [2024-12-07T09:25:15.877+0000] {dag.py:4180} INFO - Setting next_dagrun for conditional_dataset_and_time_based_timetable to 2024-12-04 01:00:00+00:00, run_after=2024-12-04 01:00:00+00:00
[2024-12-07T09:25:15.880+0000] {logging_mixin.py:190} INFO - [2024-12-07T09:25:15.880+0000] {dag.py:4180} INFO - Setting next_dagrun for consume_1_and_2_with_dataset_expressions to None, run_after=None
[2024-12-07T09:25:15.881+0000] {logging_mixin.py:190} INFO - [2024-12-07T09:25:15.881+0000] {dag.py:4180} INFO - Setting next_dagrun for consume_1_or_2_with_dataset_expressions to None, run_after=None
[2024-12-07T09:25:15.882+0000] {logging_mixin.py:190} INFO - [2024-12-07T09:25:15.882+0000] {dag.py:4180} INFO - Setting next_dagrun for consume_1_or_both_2_and_3_with_dataset_expressions to None, run_after=None
[2024-12-07T09:25:15.883+0000] {logging_mixin.py:190} INFO - [2024-12-07T09:25:15.883+0000] {dag.py:4180} INFO - Setting next_dagrun for dataset_consumes_1 to None, run_after=None
[2024-12-07T09:25:15.884+0000] {logging_mixin.py:190} INFO - [2024-12-07T09:25:15.884+0000] {dag.py:4180} INFO - Setting next_dagrun for dataset_consumes_1_and_2 to None, run_after=None
[2024-12-07T09:25:15.886+0000] {logging_mixin.py:190} INFO - [2024-12-07T09:25:15.885+0000] {dag.py:4180} INFO - Setting next_dagrun for dataset_consumes_1_never_scheduled to None, run_after=None
[2024-12-07T09:25:15.887+0000] {logging_mixin.py:190} INFO - [2024-12-07T09:25:15.887+0000] {dag.py:4180} INFO - Setting next_dagrun for dataset_consumes_unknown_never_scheduled to None, run_after=None
[2024-12-07T09:25:15.889+0000] {logging_mixin.py:190} INFO - [2024-12-07T09:25:15.889+0000] {dag.py:4180} INFO - Setting next_dagrun for dataset_produces_1 to 2024-12-06 00:00:00+00:00, run_after=2024-12-07 00:00:00+00:00
[2024-12-07T09:25:15.891+0000] {logging_mixin.py:190} INFO - [2024-12-07T09:25:15.890+0000] {dag.py:4180} INFO - Setting next_dagrun for dataset_produces_2 to None, run_after=None
[2024-12-07T09:25:15.917+0000] {processor.py:208} INFO - Processing /home/airflow/.local/lib/python3.12/site-packages/airflow/example_dags/example_datasets.py took 0.673 seconds
[2024-12-07T09:25:46.867+0000] {processor.py:186} INFO - Started process (PID=1505) to work on /home/airflow/.local/lib/python3.12/site-packages/airflow/example_dags/example_datasets.py
[2024-12-07T09:25:46.867+0000] {processor.py:914} INFO - Processing file /home/airflow/.local/lib/python3.12/site-packages/airflow/example_dags/example_datasets.py for tasks to queue
[2024-12-07T09:25:46.869+0000] {logging_mixin.py:190} INFO - [2024-12-07T09:25:46.869+0000] {dagbag.py:588} INFO - Filling up the DagBag from /home/airflow/.local/lib/python3.12/site-packages/airflow/example_dags/example_datasets.py
[2024-12-07T09:25:47.372+0000] {processor.py:925} INFO - DAG(s) 'consume_1_or_2_with_dataset_expressions', 'dataset_produces_2', 'conditional_dataset_and_time_based_timetable', 'dataset_produces_1', 'dataset_consumes_unknown_never_scheduled', 'dataset_consumes_1_and_2', 'dataset_consumes_1', 'consume_1_or_both_2_and_3_with_dataset_expressions', 'dataset_consumes_1_never_scheduled', 'consume_1_and_2_with_dataset_expressions' retrieved from /home/airflow/.local/lib/python3.12/site-packages/airflow/example_dags/example_datasets.py
[2024-12-07T09:25:47.408+0000] {logging_mixin.py:190} INFO - [2024-12-07T09:25:47.407+0000] {dag.py:3239} INFO - Sync 10 DAGs
[2024-12-07T09:25:47.437+0000] {logging_mixin.py:190} INFO - [2024-12-07T09:25:47.436+0000] {dag.py:4180} INFO - Setting next_dagrun for conditional_dataset_and_time_based_timetable to 2024-12-04 01:00:00+00:00, run_after=2024-12-04 01:00:00+00:00
[2024-12-07T09:25:47.442+0000] {logging_mixin.py:190} INFO - [2024-12-07T09:25:47.442+0000] {dag.py:4180} INFO - Setting next_dagrun for consume_1_and_2_with_dataset_expressions to None, run_after=None
[2024-12-07T09:25:47.443+0000] {logging_mixin.py:190} INFO - [2024-12-07T09:25:47.443+0000] {dag.py:4180} INFO - Setting next_dagrun for consume_1_or_2_with_dataset_expressions to None, run_after=None
[2024-12-07T09:25:47.445+0000] {logging_mixin.py:190} INFO - [2024-12-07T09:25:47.445+0000] {dag.py:4180} INFO - Setting next_dagrun for consume_1_or_both_2_and_3_with_dataset_expressions to None, run_after=None
[2024-12-07T09:25:47.446+0000] {logging_mixin.py:190} INFO - [2024-12-07T09:25:47.445+0000] {dag.py:4180} INFO - Setting next_dagrun for dataset_consumes_1 to None, run_after=None
[2024-12-07T09:25:47.447+0000] {logging_mixin.py:190} INFO - [2024-12-07T09:25:47.446+0000] {dag.py:4180} INFO - Setting next_dagrun for dataset_consumes_1_and_2 to None, run_after=None
[2024-12-07T09:25:47.448+0000] {logging_mixin.py:190} INFO - [2024-12-07T09:25:47.448+0000] {dag.py:4180} INFO - Setting next_dagrun for dataset_consumes_1_never_scheduled to None, run_after=None
[2024-12-07T09:25:47.449+0000] {logging_mixin.py:190} INFO - [2024-12-07T09:25:47.449+0000] {dag.py:4180} INFO - Setting next_dagrun for dataset_consumes_unknown_never_scheduled to None, run_after=None
[2024-12-07T09:25:47.452+0000] {logging_mixin.py:190} INFO - [2024-12-07T09:25:47.452+0000] {dag.py:4180} INFO - Setting next_dagrun for dataset_produces_1 to 2024-12-06 00:00:00+00:00, run_after=2024-12-07 00:00:00+00:00
[2024-12-07T09:25:47.453+0000] {logging_mixin.py:190} INFO - [2024-12-07T09:25:47.453+0000] {dag.py:4180} INFO - Setting next_dagrun for dataset_produces_2 to None, run_after=None
[2024-12-07T09:25:47.485+0000] {processor.py:208} INFO - Processing /home/airflow/.local/lib/python3.12/site-packages/airflow/example_dags/example_datasets.py took 0.623 seconds
