[2024-12-07T09:14:21.914+0000] {processor.py:186} INFO - Started process (PID=112) to work on /home/airflow/.local/lib/python3.12/site-packages/airflow/example_dags/example_sla_dag.py
[2024-12-07T09:14:21.914+0000] {processor.py:914} INFO - Processing file /home/airflow/.local/lib/python3.12/site-packages/airflow/example_dags/example_sla_dag.py for tasks to queue
[2024-12-07T09:14:21.917+0000] {logging_mixin.py:190} INFO - [2024-12-07T09:14:21.917+0000] {dagbag.py:588} INFO - Filling up the DagBag from /home/airflow/.local/lib/python3.12/site-packages/airflow/example_dags/example_sla_dag.py
[2024-12-07T09:14:21.928+0000] {processor.py:925} INFO - DAG(s) 'example_sla_dag' retrieved from /home/airflow/.local/lib/python3.12/site-packages/airflow/example_dags/example_sla_dag.py
[2024-12-07T09:14:22.047+0000] {logging_mixin.py:190} INFO - [2024-12-07T09:14:22.047+0000] {override.py:1911} INFO - Created Permission View: can edit on DAG:example_sla_dag
[2024-12-07T09:14:22.056+0000] {logging_mixin.py:190} INFO - [2024-12-07T09:14:22.056+0000] {override.py:1911} INFO - Created Permission View: can delete on DAG:example_sla_dag
[2024-12-07T09:14:22.061+0000] {logging_mixin.py:190} INFO - [2024-12-07T09:14:22.061+0000] {override.py:1911} INFO - Created Permission View: can read on DAG:example_sla_dag
[2024-12-07T09:14:22.067+0000] {logging_mixin.py:190} INFO - [2024-12-07T09:14:22.067+0000] {override.py:1911} INFO - Created Permission View: can create on DAG Run:example_sla_dag
[2024-12-07T09:14:22.073+0000] {logging_mixin.py:190} INFO - [2024-12-07T09:14:22.072+0000] {override.py:1911} INFO - Created Permission View: menu access on DAG Run:example_sla_dag
[2024-12-07T09:14:22.078+0000] {logging_mixin.py:190} INFO - [2024-12-07T09:14:22.078+0000] {override.py:1911} INFO - Created Permission View: can delete on DAG Run:example_sla_dag
[2024-12-07T09:14:22.084+0000] {logging_mixin.py:190} INFO - [2024-12-07T09:14:22.083+0000] {override.py:1911} INFO - Created Permission View: can read on DAG Run:example_sla_dag
[2024-12-07T09:14:22.084+0000] {logging_mixin.py:190} INFO - [2024-12-07T09:14:22.084+0000] {dag.py:3239} INFO - Sync 1 DAGs
[2024-12-07T09:14:22.100+0000] {logging_mixin.py:190} INFO - [2024-12-07T09:14:22.100+0000] {dag.py:3262} INFO - Creating ORM DAG for example_sla_dag
[2024-12-07T09:14:22.114+0000] {logging_mixin.py:190} INFO - [2024-12-07T09:14:22.114+0000] {dag.py:4180} INFO - Setting next_dagrun for example_sla_dag to 2024-12-07 09:12:00+00:00, run_after=2024-12-07 09:14:00+00:00
[2024-12-07T09:14:22.128+0000] {processor.py:208} INFO - Processing /home/airflow/.local/lib/python3.12/site-packages/airflow/example_dags/example_sla_dag.py took 0.220 seconds
[2024-12-07T09:14:52.582+0000] {processor.py:186} INFO - Started process (PID=175) to work on /home/airflow/.local/lib/python3.12/site-packages/airflow/example_dags/example_sla_dag.py
[2024-12-07T09:14:52.583+0000] {processor.py:914} INFO - Processing file /home/airflow/.local/lib/python3.12/site-packages/airflow/example_dags/example_sla_dag.py for tasks to queue
[2024-12-07T09:14:52.585+0000] {logging_mixin.py:190} INFO - [2024-12-07T09:14:52.584+0000] {dagbag.py:588} INFO - Filling up the DagBag from /home/airflow/.local/lib/python3.12/site-packages/airflow/example_dags/example_sla_dag.py
[2024-12-07T09:14:52.592+0000] {processor.py:925} INFO - DAG(s) 'example_sla_dag' retrieved from /home/airflow/.local/lib/python3.12/site-packages/airflow/example_dags/example_sla_dag.py
[2024-12-07T09:14:52.609+0000] {logging_mixin.py:190} INFO - [2024-12-07T09:14:52.609+0000] {dag.py:3239} INFO - Sync 1 DAGs
[2024-12-07T09:14:52.629+0000] {logging_mixin.py:190} INFO - [2024-12-07T09:14:52.629+0000] {dag.py:4180} INFO - Setting next_dagrun for example_sla_dag to 2024-12-07 09:12:00+00:00, run_after=2024-12-07 09:14:00+00:00
[2024-12-07T09:14:52.642+0000] {processor.py:208} INFO - Processing /home/airflow/.local/lib/python3.12/site-packages/airflow/example_dags/example_sla_dag.py took 0.065 seconds
[2024-12-07T09:15:22.698+0000] {processor.py:186} INFO - Started process (PID=237) to work on /home/airflow/.local/lib/python3.12/site-packages/airflow/example_dags/example_sla_dag.py
[2024-12-07T09:15:22.698+0000] {processor.py:914} INFO - Processing file /home/airflow/.local/lib/python3.12/site-packages/airflow/example_dags/example_sla_dag.py for tasks to queue
[2024-12-07T09:15:22.700+0000] {logging_mixin.py:190} INFO - [2024-12-07T09:15:22.700+0000] {dagbag.py:588} INFO - Filling up the DagBag from /home/airflow/.local/lib/python3.12/site-packages/airflow/example_dags/example_sla_dag.py
[2024-12-07T09:15:22.707+0000] {processor.py:925} INFO - DAG(s) 'example_sla_dag' retrieved from /home/airflow/.local/lib/python3.12/site-packages/airflow/example_dags/example_sla_dag.py
[2024-12-07T09:15:22.723+0000] {logging_mixin.py:190} INFO - [2024-12-07T09:15:22.723+0000] {dag.py:3239} INFO - Sync 1 DAGs
[2024-12-07T09:15:22.743+0000] {logging_mixin.py:190} INFO - [2024-12-07T09:15:22.743+0000] {dag.py:4180} INFO - Setting next_dagrun for example_sla_dag to 2024-12-07 09:12:00+00:00, run_after=2024-12-07 09:14:00+00:00
[2024-12-07T09:15:22.754+0000] {processor.py:208} INFO - Processing /home/airflow/.local/lib/python3.12/site-packages/airflow/example_dags/example_sla_dag.py took 0.061 seconds
[2024-12-07T09:15:53.739+0000] {processor.py:186} INFO - Started process (PID=300) to work on /home/airflow/.local/lib/python3.12/site-packages/airflow/example_dags/example_sla_dag.py
[2024-12-07T09:15:53.740+0000] {processor.py:914} INFO - Processing file /home/airflow/.local/lib/python3.12/site-packages/airflow/example_dags/example_sla_dag.py for tasks to queue
[2024-12-07T09:15:53.741+0000] {logging_mixin.py:190} INFO - [2024-12-07T09:15:53.741+0000] {dagbag.py:588} INFO - Filling up the DagBag from /home/airflow/.local/lib/python3.12/site-packages/airflow/example_dags/example_sla_dag.py
[2024-12-07T09:15:53.750+0000] {processor.py:925} INFO - DAG(s) 'example_sla_dag' retrieved from /home/airflow/.local/lib/python3.12/site-packages/airflow/example_dags/example_sla_dag.py
[2024-12-07T09:15:53.765+0000] {logging_mixin.py:190} INFO - [2024-12-07T09:15:53.765+0000] {dag.py:3239} INFO - Sync 1 DAGs
[2024-12-07T09:15:53.786+0000] {logging_mixin.py:190} INFO - [2024-12-07T09:15:53.786+0000] {dag.py:4180} INFO - Setting next_dagrun for example_sla_dag to 2024-12-07 09:12:00+00:00, run_after=2024-12-07 09:14:00+00:00
[2024-12-07T09:15:53.798+0000] {processor.py:208} INFO - Processing /home/airflow/.local/lib/python3.12/site-packages/airflow/example_dags/example_sla_dag.py took 0.064 seconds
[2024-12-07T09:16:24.689+0000] {processor.py:186} INFO - Started process (PID=363) to work on /home/airflow/.local/lib/python3.12/site-packages/airflow/example_dags/example_sla_dag.py
[2024-12-07T09:16:24.690+0000] {processor.py:914} INFO - Processing file /home/airflow/.local/lib/python3.12/site-packages/airflow/example_dags/example_sla_dag.py for tasks to queue
[2024-12-07T09:16:24.692+0000] {logging_mixin.py:190} INFO - [2024-12-07T09:16:24.691+0000] {dagbag.py:588} INFO - Filling up the DagBag from /home/airflow/.local/lib/python3.12/site-packages/airflow/example_dags/example_sla_dag.py
[2024-12-07T09:16:24.700+0000] {processor.py:925} INFO - DAG(s) 'example_sla_dag' retrieved from /home/airflow/.local/lib/python3.12/site-packages/airflow/example_dags/example_sla_dag.py
[2024-12-07T09:16:24.716+0000] {logging_mixin.py:190} INFO - [2024-12-07T09:16:24.716+0000] {dag.py:3239} INFO - Sync 1 DAGs
[2024-12-07T09:16:24.741+0000] {logging_mixin.py:190} INFO - [2024-12-07T09:16:24.741+0000] {dag.py:4180} INFO - Setting next_dagrun for example_sla_dag to 2024-12-07 09:14:00+00:00, run_after=2024-12-07 09:16:00+00:00
[2024-12-07T09:16:24.754+0000] {processor.py:208} INFO - Processing /home/airflow/.local/lib/python3.12/site-packages/airflow/example_dags/example_sla_dag.py took 0.069 seconds
[2024-12-07T09:16:56.203+0000] {processor.py:186} INFO - Started process (PID=427) to work on /home/airflow/.local/lib/python3.12/site-packages/airflow/example_dags/example_sla_dag.py
[2024-12-07T09:16:56.203+0000] {processor.py:914} INFO - Processing file /home/airflow/.local/lib/python3.12/site-packages/airflow/example_dags/example_sla_dag.py for tasks to queue
[2024-12-07T09:16:56.205+0000] {logging_mixin.py:190} INFO - [2024-12-07T09:16:56.205+0000] {dagbag.py:588} INFO - Filling up the DagBag from /home/airflow/.local/lib/python3.12/site-packages/airflow/example_dags/example_sla_dag.py
[2024-12-07T09:16:56.213+0000] {processor.py:925} INFO - DAG(s) 'example_sla_dag' retrieved from /home/airflow/.local/lib/python3.12/site-packages/airflow/example_dags/example_sla_dag.py
[2024-12-07T09:16:56.227+0000] {logging_mixin.py:190} INFO - [2024-12-07T09:16:56.227+0000] {dag.py:3239} INFO - Sync 1 DAGs
[2024-12-07T09:16:56.254+0000] {logging_mixin.py:190} INFO - [2024-12-07T09:16:56.253+0000] {dag.py:4180} INFO - Setting next_dagrun for example_sla_dag to 2024-12-07 09:14:00+00:00, run_after=2024-12-07 09:16:00+00:00
[2024-12-07T09:16:56.270+0000] {processor.py:208} INFO - Processing /home/airflow/.local/lib/python3.12/site-packages/airflow/example_dags/example_sla_dag.py took 0.071 seconds
[2024-12-07T09:17:27.896+0000] {processor.py:186} INFO - Started process (PID=491) to work on /home/airflow/.local/lib/python3.12/site-packages/airflow/example_dags/example_sla_dag.py
[2024-12-07T09:17:27.897+0000] {processor.py:914} INFO - Processing file /home/airflow/.local/lib/python3.12/site-packages/airflow/example_dags/example_sla_dag.py for tasks to queue
[2024-12-07T09:17:27.899+0000] {logging_mixin.py:190} INFO - [2024-12-07T09:17:27.899+0000] {dagbag.py:588} INFO - Filling up the DagBag from /home/airflow/.local/lib/python3.12/site-packages/airflow/example_dags/example_sla_dag.py
[2024-12-07T09:17:27.907+0000] {processor.py:925} INFO - DAG(s) 'example_sla_dag' retrieved from /home/airflow/.local/lib/python3.12/site-packages/airflow/example_dags/example_sla_dag.py
[2024-12-07T09:17:27.922+0000] {logging_mixin.py:190} INFO - [2024-12-07T09:17:27.922+0000] {dag.py:3239} INFO - Sync 1 DAGs
[2024-12-07T09:17:27.942+0000] {logging_mixin.py:190} INFO - [2024-12-07T09:17:27.942+0000] {dag.py:4180} INFO - Setting next_dagrun for example_sla_dag to 2024-12-07 09:14:00+00:00, run_after=2024-12-07 09:16:00+00:00
[2024-12-07T09:17:27.955+0000] {processor.py:208} INFO - Processing /home/airflow/.local/lib/python3.12/site-packages/airflow/example_dags/example_sla_dag.py took 0.063 seconds
[2024-12-07T09:17:58.993+0000] {processor.py:186} INFO - Started process (PID=555) to work on /home/airflow/.local/lib/python3.12/site-packages/airflow/example_dags/example_sla_dag.py
[2024-12-07T09:17:58.994+0000] {processor.py:914} INFO - Processing file /home/airflow/.local/lib/python3.12/site-packages/airflow/example_dags/example_sla_dag.py for tasks to queue
[2024-12-07T09:17:58.996+0000] {logging_mixin.py:190} INFO - [2024-12-07T09:17:58.995+0000] {dagbag.py:588} INFO - Filling up the DagBag from /home/airflow/.local/lib/python3.12/site-packages/airflow/example_dags/example_sla_dag.py
[2024-12-07T09:17:59.006+0000] {processor.py:925} INFO - DAG(s) 'example_sla_dag' retrieved from /home/airflow/.local/lib/python3.12/site-packages/airflow/example_dags/example_sla_dag.py
[2024-12-07T09:17:59.026+0000] {logging_mixin.py:190} INFO - [2024-12-07T09:17:59.025+0000] {dag.py:3239} INFO - Sync 1 DAGs
[2024-12-07T09:17:59.051+0000] {logging_mixin.py:190} INFO - [2024-12-07T09:17:59.051+0000] {dag.py:4180} INFO - Setting next_dagrun for example_sla_dag to 2024-12-07 09:14:00+00:00, run_after=2024-12-07 09:16:00+00:00
[2024-12-07T09:17:59.063+0000] {processor.py:208} INFO - Processing /home/airflow/.local/lib/python3.12/site-packages/airflow/example_dags/example_sla_dag.py took 0.076 seconds
[2024-12-07T09:18:30.846+0000] {processor.py:186} INFO - Started process (PID=618) to work on /home/airflow/.local/lib/python3.12/site-packages/airflow/example_dags/example_sla_dag.py
[2024-12-07T09:18:30.847+0000] {processor.py:914} INFO - Processing file /home/airflow/.local/lib/python3.12/site-packages/airflow/example_dags/example_sla_dag.py for tasks to queue
[2024-12-07T09:18:30.849+0000] {logging_mixin.py:190} INFO - [2024-12-07T09:18:30.848+0000] {dagbag.py:588} INFO - Filling up the DagBag from /home/airflow/.local/lib/python3.12/site-packages/airflow/example_dags/example_sla_dag.py
[2024-12-07T09:18:30.857+0000] {processor.py:925} INFO - DAG(s) 'example_sla_dag' retrieved from /home/airflow/.local/lib/python3.12/site-packages/airflow/example_dags/example_sla_dag.py
[2024-12-07T09:18:30.873+0000] {logging_mixin.py:190} INFO - [2024-12-07T09:18:30.873+0000] {dag.py:3239} INFO - Sync 1 DAGs
[2024-12-07T09:18:30.893+0000] {logging_mixin.py:190} INFO - [2024-12-07T09:18:30.893+0000] {dag.py:4180} INFO - Setting next_dagrun for example_sla_dag to 2024-12-07 09:16:00+00:00, run_after=2024-12-07 09:18:00+00:00
[2024-12-07T09:18:30.905+0000] {processor.py:208} INFO - Processing /home/airflow/.local/lib/python3.12/site-packages/airflow/example_dags/example_sla_dag.py took 0.063 seconds
[2024-12-07T09:19:02.452+0000] {processor.py:186} INFO - Started process (PID=681) to work on /home/airflow/.local/lib/python3.12/site-packages/airflow/example_dags/example_sla_dag.py
[2024-12-07T09:19:02.453+0000] {processor.py:914} INFO - Processing file /home/airflow/.local/lib/python3.12/site-packages/airflow/example_dags/example_sla_dag.py for tasks to queue
[2024-12-07T09:19:02.454+0000] {logging_mixin.py:190} INFO - [2024-12-07T09:19:02.454+0000] {dagbag.py:588} INFO - Filling up the DagBag from /home/airflow/.local/lib/python3.12/site-packages/airflow/example_dags/example_sla_dag.py
[2024-12-07T09:19:02.462+0000] {processor.py:925} INFO - DAG(s) 'example_sla_dag' retrieved from /home/airflow/.local/lib/python3.12/site-packages/airflow/example_dags/example_sla_dag.py
[2024-12-07T09:19:02.477+0000] {logging_mixin.py:190} INFO - [2024-12-07T09:19:02.477+0000] {dag.py:3239} INFO - Sync 1 DAGs
[2024-12-07T09:19:02.504+0000] {logging_mixin.py:190} INFO - [2024-12-07T09:19:02.504+0000] {dag.py:4180} INFO - Setting next_dagrun for example_sla_dag to 2024-12-07 09:16:00+00:00, run_after=2024-12-07 09:18:00+00:00
[2024-12-07T09:19:02.519+0000] {processor.py:208} INFO - Processing /home/airflow/.local/lib/python3.12/site-packages/airflow/example_dags/example_sla_dag.py took 0.072 seconds
[2024-12-07T09:19:33.228+0000] {processor.py:186} INFO - Started process (PID=746) to work on /home/airflow/.local/lib/python3.12/site-packages/airflow/example_dags/example_sla_dag.py
[2024-12-07T09:19:33.229+0000] {processor.py:914} INFO - Processing file /home/airflow/.local/lib/python3.12/site-packages/airflow/example_dags/example_sla_dag.py for tasks to queue
[2024-12-07T09:19:33.231+0000] {logging_mixin.py:190} INFO - [2024-12-07T09:19:33.230+0000] {dagbag.py:588} INFO - Filling up the DagBag from /home/airflow/.local/lib/python3.12/site-packages/airflow/example_dags/example_sla_dag.py
[2024-12-07T09:19:33.238+0000] {processor.py:925} INFO - DAG(s) 'example_sla_dag' retrieved from /home/airflow/.local/lib/python3.12/site-packages/airflow/example_dags/example_sla_dag.py
[2024-12-07T09:19:33.253+0000] {logging_mixin.py:190} INFO - [2024-12-07T09:19:33.253+0000] {dag.py:3239} INFO - Sync 1 DAGs
[2024-12-07T09:19:33.272+0000] {logging_mixin.py:190} INFO - [2024-12-07T09:19:33.272+0000] {dag.py:4180} INFO - Setting next_dagrun for example_sla_dag to 2024-12-07 09:16:00+00:00, run_after=2024-12-07 09:18:00+00:00
[2024-12-07T09:19:33.285+0000] {processor.py:208} INFO - Processing /home/airflow/.local/lib/python3.12/site-packages/airflow/example_dags/example_sla_dag.py took 0.061 seconds
[2024-12-07T09:20:04.351+0000] {processor.py:186} INFO - Started process (PID=810) to work on /home/airflow/.local/lib/python3.12/site-packages/airflow/example_dags/example_sla_dag.py
[2024-12-07T09:20:04.353+0000] {processor.py:914} INFO - Processing file /home/airflow/.local/lib/python3.12/site-packages/airflow/example_dags/example_sla_dag.py for tasks to queue
[2024-12-07T09:20:04.354+0000] {logging_mixin.py:190} INFO - [2024-12-07T09:20:04.354+0000] {dagbag.py:588} INFO - Filling up the DagBag from /home/airflow/.local/lib/python3.12/site-packages/airflow/example_dags/example_sla_dag.py
[2024-12-07T09:20:04.362+0000] {processor.py:925} INFO - DAG(s) 'example_sla_dag' retrieved from /home/airflow/.local/lib/python3.12/site-packages/airflow/example_dags/example_sla_dag.py
[2024-12-07T09:20:04.379+0000] {logging_mixin.py:190} INFO - [2024-12-07T09:20:04.379+0000] {dag.py:3239} INFO - Sync 1 DAGs
[2024-12-07T09:20:04.404+0000] {logging_mixin.py:190} INFO - [2024-12-07T09:20:04.403+0000] {dag.py:4180} INFO - Setting next_dagrun for example_sla_dag to 2024-12-07 09:18:00+00:00, run_after=2024-12-07 09:20:00+00:00
[2024-12-07T09:20:04.418+0000] {processor.py:208} INFO - Processing /home/airflow/.local/lib/python3.12/site-packages/airflow/example_dags/example_sla_dag.py took 0.071 seconds
[2024-12-07T09:20:35.790+0000] {processor.py:186} INFO - Started process (PID=875) to work on /home/airflow/.local/lib/python3.12/site-packages/airflow/example_dags/example_sla_dag.py
[2024-12-07T09:20:35.790+0000] {processor.py:914} INFO - Processing file /home/airflow/.local/lib/python3.12/site-packages/airflow/example_dags/example_sla_dag.py for tasks to queue
[2024-12-07T09:20:35.792+0000] {logging_mixin.py:190} INFO - [2024-12-07T09:20:35.792+0000] {dagbag.py:588} INFO - Filling up the DagBag from /home/airflow/.local/lib/python3.12/site-packages/airflow/example_dags/example_sla_dag.py
[2024-12-07T09:20:35.799+0000] {processor.py:925} INFO - DAG(s) 'example_sla_dag' retrieved from /home/airflow/.local/lib/python3.12/site-packages/airflow/example_dags/example_sla_dag.py
[2024-12-07T09:20:35.815+0000] {logging_mixin.py:190} INFO - [2024-12-07T09:20:35.815+0000] {dag.py:3239} INFO - Sync 1 DAGs
[2024-12-07T09:20:35.834+0000] {logging_mixin.py:190} INFO - [2024-12-07T09:20:35.834+0000] {dag.py:4180} INFO - Setting next_dagrun for example_sla_dag to 2024-12-07 09:18:00+00:00, run_after=2024-12-07 09:20:00+00:00
[2024-12-07T09:20:35.846+0000] {processor.py:208} INFO - Processing /home/airflow/.local/lib/python3.12/site-packages/airflow/example_dags/example_sla_dag.py took 0.060 seconds
[2024-12-07T09:21:07.067+0000] {processor.py:186} INFO - Started process (PID=939) to work on /home/airflow/.local/lib/python3.12/site-packages/airflow/example_dags/example_sla_dag.py
[2024-12-07T09:21:07.067+0000] {processor.py:914} INFO - Processing file /home/airflow/.local/lib/python3.12/site-packages/airflow/example_dags/example_sla_dag.py for tasks to queue
[2024-12-07T09:21:07.069+0000] {logging_mixin.py:190} INFO - [2024-12-07T09:21:07.069+0000] {dagbag.py:588} INFO - Filling up the DagBag from /home/airflow/.local/lib/python3.12/site-packages/airflow/example_dags/example_sla_dag.py
[2024-12-07T09:21:07.077+0000] {processor.py:925} INFO - DAG(s) 'example_sla_dag' retrieved from /home/airflow/.local/lib/python3.12/site-packages/airflow/example_dags/example_sla_dag.py
[2024-12-07T09:21:07.091+0000] {logging_mixin.py:190} INFO - [2024-12-07T09:21:07.091+0000] {dag.py:3239} INFO - Sync 1 DAGs
[2024-12-07T09:21:07.110+0000] {logging_mixin.py:190} INFO - [2024-12-07T09:21:07.109+0000] {dag.py:4180} INFO - Setting next_dagrun for example_sla_dag to 2024-12-07 09:18:00+00:00, run_after=2024-12-07 09:20:00+00:00
[2024-12-07T09:21:07.122+0000] {processor.py:208} INFO - Processing /home/airflow/.local/lib/python3.12/site-packages/airflow/example_dags/example_sla_dag.py took 0.060 seconds
[2024-12-07T09:21:38.504+0000] {processor.py:186} INFO - Started process (PID=1003) to work on /home/airflow/.local/lib/python3.12/site-packages/airflow/example_dags/example_sla_dag.py
[2024-12-07T09:21:38.504+0000] {processor.py:914} INFO - Processing file /home/airflow/.local/lib/python3.12/site-packages/airflow/example_dags/example_sla_dag.py for tasks to queue
[2024-12-07T09:21:38.506+0000] {logging_mixin.py:190} INFO - [2024-12-07T09:21:38.506+0000] {dagbag.py:588} INFO - Filling up the DagBag from /home/airflow/.local/lib/python3.12/site-packages/airflow/example_dags/example_sla_dag.py
[2024-12-07T09:21:38.514+0000] {processor.py:925} INFO - DAG(s) 'example_sla_dag' retrieved from /home/airflow/.local/lib/python3.12/site-packages/airflow/example_dags/example_sla_dag.py
[2024-12-07T09:21:38.530+0000] {logging_mixin.py:190} INFO - [2024-12-07T09:21:38.530+0000] {dag.py:3239} INFO - Sync 1 DAGs
[2024-12-07T09:21:38.556+0000] {logging_mixin.py:190} INFO - [2024-12-07T09:21:38.556+0000] {dag.py:4180} INFO - Setting next_dagrun for example_sla_dag to 2024-12-07 09:18:00+00:00, run_after=2024-12-07 09:20:00+00:00
[2024-12-07T09:21:38.571+0000] {processor.py:208} INFO - Processing /home/airflow/.local/lib/python3.12/site-packages/airflow/example_dags/example_sla_dag.py took 0.073 seconds
[2024-12-07T09:22:09.305+0000] {processor.py:186} INFO - Started process (PID=1067) to work on /home/airflow/.local/lib/python3.12/site-packages/airflow/example_dags/example_sla_dag.py
[2024-12-07T09:22:09.306+0000] {processor.py:914} INFO - Processing file /home/airflow/.local/lib/python3.12/site-packages/airflow/example_dags/example_sla_dag.py for tasks to queue
[2024-12-07T09:22:09.307+0000] {logging_mixin.py:190} INFO - [2024-12-07T09:22:09.307+0000] {dagbag.py:588} INFO - Filling up the DagBag from /home/airflow/.local/lib/python3.12/site-packages/airflow/example_dags/example_sla_dag.py
[2024-12-07T09:22:09.315+0000] {processor.py:925} INFO - DAG(s) 'example_sla_dag' retrieved from /home/airflow/.local/lib/python3.12/site-packages/airflow/example_dags/example_sla_dag.py
[2024-12-07T09:22:09.330+0000] {logging_mixin.py:190} INFO - [2024-12-07T09:22:09.330+0000] {dag.py:3239} INFO - Sync 1 DAGs
[2024-12-07T09:22:09.354+0000] {logging_mixin.py:190} INFO - [2024-12-07T09:22:09.354+0000] {dag.py:4180} INFO - Setting next_dagrun for example_sla_dag to 2024-12-07 09:20:00+00:00, run_after=2024-12-07 09:22:00+00:00
[2024-12-07T09:22:09.368+0000] {processor.py:208} INFO - Processing /home/airflow/.local/lib/python3.12/site-packages/airflow/example_dags/example_sla_dag.py took 0.067 seconds
[2024-12-07T09:22:40.345+0000] {processor.py:186} INFO - Started process (PID=1131) to work on /home/airflow/.local/lib/python3.12/site-packages/airflow/example_dags/example_sla_dag.py
[2024-12-07T09:22:40.346+0000] {processor.py:914} INFO - Processing file /home/airflow/.local/lib/python3.12/site-packages/airflow/example_dags/example_sla_dag.py for tasks to queue
[2024-12-07T09:22:40.348+0000] {logging_mixin.py:190} INFO - [2024-12-07T09:22:40.348+0000] {dagbag.py:588} INFO - Filling up the DagBag from /home/airflow/.local/lib/python3.12/site-packages/airflow/example_dags/example_sla_dag.py
[2024-12-07T09:22:40.356+0000] {processor.py:925} INFO - DAG(s) 'example_sla_dag' retrieved from /home/airflow/.local/lib/python3.12/site-packages/airflow/example_dags/example_sla_dag.py
[2024-12-07T09:22:40.371+0000] {logging_mixin.py:190} INFO - [2024-12-07T09:22:40.370+0000] {dag.py:3239} INFO - Sync 1 DAGs
[2024-12-07T09:22:40.392+0000] {logging_mixin.py:190} INFO - [2024-12-07T09:22:40.391+0000] {dag.py:4180} INFO - Setting next_dagrun for example_sla_dag to 2024-12-07 09:20:00+00:00, run_after=2024-12-07 09:22:00+00:00
[2024-12-07T09:22:40.404+0000] {processor.py:208} INFO - Processing /home/airflow/.local/lib/python3.12/site-packages/airflow/example_dags/example_sla_dag.py took 0.063 seconds
[2024-12-07T09:23:11.736+0000] {processor.py:186} INFO - Started process (PID=1195) to work on /home/airflow/.local/lib/python3.12/site-packages/airflow/example_dags/example_sla_dag.py
[2024-12-07T09:23:11.737+0000] {processor.py:914} INFO - Processing file /home/airflow/.local/lib/python3.12/site-packages/airflow/example_dags/example_sla_dag.py for tasks to queue
[2024-12-07T09:23:11.738+0000] {logging_mixin.py:190} INFO - [2024-12-07T09:23:11.738+0000] {dagbag.py:588} INFO - Filling up the DagBag from /home/airflow/.local/lib/python3.12/site-packages/airflow/example_dags/example_sla_dag.py
[2024-12-07T09:23:11.746+0000] {processor.py:925} INFO - DAG(s) 'example_sla_dag' retrieved from /home/airflow/.local/lib/python3.12/site-packages/airflow/example_dags/example_sla_dag.py
[2024-12-07T09:23:11.765+0000] {logging_mixin.py:190} INFO - [2024-12-07T09:23:11.764+0000] {dag.py:3239} INFO - Sync 1 DAGs
[2024-12-07T09:23:11.785+0000] {logging_mixin.py:190} INFO - [2024-12-07T09:23:11.785+0000] {dag.py:4180} INFO - Setting next_dagrun for example_sla_dag to 2024-12-07 09:20:00+00:00, run_after=2024-12-07 09:22:00+00:00
[2024-12-07T09:23:11.797+0000] {processor.py:208} INFO - Processing /home/airflow/.local/lib/python3.12/site-packages/airflow/example_dags/example_sla_dag.py took 0.066 seconds
[2024-12-07T09:23:43.427+0000] {processor.py:186} INFO - Started process (PID=1259) to work on /home/airflow/.local/lib/python3.12/site-packages/airflow/example_dags/example_sla_dag.py
[2024-12-07T09:23:43.427+0000] {processor.py:914} INFO - Processing file /home/airflow/.local/lib/python3.12/site-packages/airflow/example_dags/example_sla_dag.py for tasks to queue
[2024-12-07T09:23:43.429+0000] {logging_mixin.py:190} INFO - [2024-12-07T09:23:43.428+0000] {dagbag.py:588} INFO - Filling up the DagBag from /home/airflow/.local/lib/python3.12/site-packages/airflow/example_dags/example_sla_dag.py
[2024-12-07T09:23:43.437+0000] {processor.py:925} INFO - DAG(s) 'example_sla_dag' retrieved from /home/airflow/.local/lib/python3.12/site-packages/airflow/example_dags/example_sla_dag.py
[2024-12-07T09:23:43.451+0000] {logging_mixin.py:190} INFO - [2024-12-07T09:23:43.451+0000] {dag.py:3239} INFO - Sync 1 DAGs
[2024-12-07T09:23:43.469+0000] {logging_mixin.py:190} INFO - [2024-12-07T09:23:43.469+0000] {dag.py:4180} INFO - Setting next_dagrun for example_sla_dag to 2024-12-07 09:20:00+00:00, run_after=2024-12-07 09:22:00+00:00
[2024-12-07T09:23:43.484+0000] {processor.py:208} INFO - Processing /home/airflow/.local/lib/python3.12/site-packages/airflow/example_dags/example_sla_dag.py took 0.061 seconds
[2024-12-07T09:24:14.395+0000] {processor.py:186} INFO - Started process (PID=1329) to work on /home/airflow/.local/lib/python3.12/site-packages/airflow/example_dags/example_sla_dag.py
[2024-12-07T09:24:14.396+0000] {processor.py:914} INFO - Processing file /home/airflow/.local/lib/python3.12/site-packages/airflow/example_dags/example_sla_dag.py for tasks to queue
[2024-12-07T09:24:14.397+0000] {logging_mixin.py:190} INFO - [2024-12-07T09:24:14.397+0000] {dagbag.py:588} INFO - Filling up the DagBag from /home/airflow/.local/lib/python3.12/site-packages/airflow/example_dags/example_sla_dag.py
[2024-12-07T09:24:14.405+0000] {processor.py:925} INFO - DAG(s) 'example_sla_dag' retrieved from /home/airflow/.local/lib/python3.12/site-packages/airflow/example_dags/example_sla_dag.py
[2024-12-07T09:24:14.421+0000] {logging_mixin.py:190} INFO - [2024-12-07T09:24:14.420+0000] {dag.py:3239} INFO - Sync 1 DAGs
[2024-12-07T09:24:14.440+0000] {logging_mixin.py:190} INFO - [2024-12-07T09:24:14.439+0000] {dag.py:4180} INFO - Setting next_dagrun for example_sla_dag to 2024-12-07 09:22:00+00:00, run_after=2024-12-07 09:24:00+00:00
[2024-12-07T09:24:14.452+0000] {processor.py:208} INFO - Processing /home/airflow/.local/lib/python3.12/site-packages/airflow/example_dags/example_sla_dag.py took 0.061 seconds
[2024-12-07T09:24:45.605+0000] {processor.py:186} INFO - Started process (PID=1393) to work on /home/airflow/.local/lib/python3.12/site-packages/airflow/example_dags/example_sla_dag.py
[2024-12-07T09:24:45.606+0000] {processor.py:914} INFO - Processing file /home/airflow/.local/lib/python3.12/site-packages/airflow/example_dags/example_sla_dag.py for tasks to queue
[2024-12-07T09:24:45.607+0000] {logging_mixin.py:190} INFO - [2024-12-07T09:24:45.607+0000] {dagbag.py:588} INFO - Filling up the DagBag from /home/airflow/.local/lib/python3.12/site-packages/airflow/example_dags/example_sla_dag.py
[2024-12-07T09:24:45.615+0000] {processor.py:925} INFO - DAG(s) 'example_sla_dag' retrieved from /home/airflow/.local/lib/python3.12/site-packages/airflow/example_dags/example_sla_dag.py
[2024-12-07T09:24:45.629+0000] {logging_mixin.py:190} INFO - [2024-12-07T09:24:45.629+0000] {dag.py:3239} INFO - Sync 1 DAGs
[2024-12-07T09:24:45.648+0000] {logging_mixin.py:190} INFO - [2024-12-07T09:24:45.647+0000] {dag.py:4180} INFO - Setting next_dagrun for example_sla_dag to 2024-12-07 09:22:00+00:00, run_after=2024-12-07 09:24:00+00:00
[2024-12-07T09:24:45.660+0000] {processor.py:208} INFO - Processing /home/airflow/.local/lib/python3.12/site-packages/airflow/example_dags/example_sla_dag.py took 0.059 seconds
[2024-12-07T09:25:17.373+0000] {processor.py:186} INFO - Started process (PID=1458) to work on /home/airflow/.local/lib/python3.12/site-packages/airflow/example_dags/example_sla_dag.py
[2024-12-07T09:25:17.374+0000] {processor.py:914} INFO - Processing file /home/airflow/.local/lib/python3.12/site-packages/airflow/example_dags/example_sla_dag.py for tasks to queue
[2024-12-07T09:25:17.377+0000] {logging_mixin.py:190} INFO - [2024-12-07T09:25:17.376+0000] {dagbag.py:588} INFO - Filling up the DagBag from /home/airflow/.local/lib/python3.12/site-packages/airflow/example_dags/example_sla_dag.py
[2024-12-07T09:25:17.387+0000] {processor.py:925} INFO - DAG(s) 'example_sla_dag' retrieved from /home/airflow/.local/lib/python3.12/site-packages/airflow/example_dags/example_sla_dag.py
[2024-12-07T09:25:17.407+0000] {logging_mixin.py:190} INFO - [2024-12-07T09:25:17.407+0000] {dag.py:3239} INFO - Sync 1 DAGs
[2024-12-07T09:25:17.427+0000] {logging_mixin.py:190} INFO - [2024-12-07T09:25:17.427+0000] {dag.py:4180} INFO - Setting next_dagrun for example_sla_dag to 2024-12-07 09:22:00+00:00, run_after=2024-12-07 09:24:00+00:00
[2024-12-07T09:25:17.439+0000] {processor.py:208} INFO - Processing /home/airflow/.local/lib/python3.12/site-packages/airflow/example_dags/example_sla_dag.py took 0.075 seconds
[2024-12-07T09:25:48.294+0000] {processor.py:186} INFO - Started process (PID=1522) to work on /home/airflow/.local/lib/python3.12/site-packages/airflow/example_dags/example_sla_dag.py
[2024-12-07T09:25:48.295+0000] {processor.py:914} INFO - Processing file /home/airflow/.local/lib/python3.12/site-packages/airflow/example_dags/example_sla_dag.py for tasks to queue
[2024-12-07T09:25:48.297+0000] {logging_mixin.py:190} INFO - [2024-12-07T09:25:48.296+0000] {dagbag.py:588} INFO - Filling up the DagBag from /home/airflow/.local/lib/python3.12/site-packages/airflow/example_dags/example_sla_dag.py
[2024-12-07T09:25:48.305+0000] {processor.py:925} INFO - DAG(s) 'example_sla_dag' retrieved from /home/airflow/.local/lib/python3.12/site-packages/airflow/example_dags/example_sla_dag.py
[2024-12-07T09:25:48.321+0000] {logging_mixin.py:190} INFO - [2024-12-07T09:25:48.321+0000] {dag.py:3239} INFO - Sync 1 DAGs
[2024-12-07T09:25:48.345+0000] {logging_mixin.py:190} INFO - [2024-12-07T09:25:48.345+0000] {dag.py:4180} INFO - Setting next_dagrun for example_sla_dag to 2024-12-07 09:22:00+00:00, run_after=2024-12-07 09:24:00+00:00
[2024-12-07T09:25:48.359+0000] {processor.py:208} INFO - Processing /home/airflow/.local/lib/python3.12/site-packages/airflow/example_dags/example_sla_dag.py took 0.072 seconds
