[2024-12-07T09:14:21.068+0000] {processor.py:186} INFO - Started process (PID=109) to work on /home/airflow/.local/lib/python3.12/site-packages/airflow/example_dags/example_bash_decorator.py
[2024-12-07T09:14:21.069+0000] {processor.py:914} INFO - Processing file /home/airflow/.local/lib/python3.12/site-packages/airflow/example_dags/example_bash_decorator.py for tasks to queue
[2024-12-07T09:14:21.071+0000] {logging_mixin.py:190} INFO - [2024-12-07T09:14:21.071+0000] {dagbag.py:588} INFO - Filling up the DagBag from /home/airflow/.local/lib/python3.12/site-packages/airflow/example_dags/example_bash_decorator.py
[2024-12-07T09:14:21.089+0000] {processor.py:925} INFO - DAG(s) 'example_bash_decorator' retrieved from /home/airflow/.local/lib/python3.12/site-packages/airflow/example_dags/example_bash_decorator.py
[2024-12-07T09:14:21.229+0000] {logging_mixin.py:190} INFO - [2024-12-07T09:14:21.228+0000] {override.py:1911} INFO - Created Permission View: can edit on DAG:example_bash_decorator
[2024-12-07T09:14:21.238+0000] {logging_mixin.py:190} INFO - [2024-12-07T09:14:21.237+0000] {override.py:1911} INFO - Created Permission View: can delete on DAG:example_bash_decorator
[2024-12-07T09:14:21.243+0000] {logging_mixin.py:190} INFO - [2024-12-07T09:14:21.243+0000] {override.py:1911} INFO - Created Permission View: can read on DAG:example_bash_decorator
[2024-12-07T09:14:21.249+0000] {logging_mixin.py:190} INFO - [2024-12-07T09:14:21.248+0000] {override.py:1911} INFO - Created Permission View: can create on DAG Run:example_bash_decorator
[2024-12-07T09:14:21.254+0000] {logging_mixin.py:190} INFO - [2024-12-07T09:14:21.254+0000] {override.py:1911} INFO - Created Permission View: menu access on DAG Run:example_bash_decorator
[2024-12-07T09:14:21.260+0000] {logging_mixin.py:190} INFO - [2024-12-07T09:14:21.259+0000] {override.py:1911} INFO - Created Permission View: can delete on DAG Run:example_bash_decorator
[2024-12-07T09:14:21.265+0000] {logging_mixin.py:190} INFO - [2024-12-07T09:14:21.265+0000] {override.py:1911} INFO - Created Permission View: can read on DAG Run:example_bash_decorator
[2024-12-07T09:14:21.265+0000] {logging_mixin.py:190} INFO - [2024-12-07T09:14:21.265+0000] {dag.py:3239} INFO - Sync 1 DAGs
[2024-12-07T09:14:21.281+0000] {logging_mixin.py:190} INFO - [2024-12-07T09:14:21.280+0000] {dag.py:3262} INFO - Creating ORM DAG for example_bash_decorator
[2024-12-07T09:14:21.281+0000] {logging_mixin.py:190} INFO - [2024-12-07T09:14:21.281+0000] {dag.py:4180} INFO - Setting next_dagrun for example_bash_decorator to None, run_after=None
[2024-12-07T09:14:21.294+0000] {processor.py:208} INFO - Processing /home/airflow/.local/lib/python3.12/site-packages/airflow/example_dags/example_bash_decorator.py took 0.232 seconds
[2024-12-07T09:14:51.355+0000] {processor.py:186} INFO - Started process (PID=171) to work on /home/airflow/.local/lib/python3.12/site-packages/airflow/example_dags/example_bash_decorator.py
[2024-12-07T09:14:51.356+0000] {processor.py:914} INFO - Processing file /home/airflow/.local/lib/python3.12/site-packages/airflow/example_dags/example_bash_decorator.py for tasks to queue
[2024-12-07T09:14:51.357+0000] {logging_mixin.py:190} INFO - [2024-12-07T09:14:51.357+0000] {dagbag.py:588} INFO - Filling up the DagBag from /home/airflow/.local/lib/python3.12/site-packages/airflow/example_dags/example_bash_decorator.py
[2024-12-07T09:14:51.369+0000] {processor.py:925} INFO - DAG(s) 'example_bash_decorator' retrieved from /home/airflow/.local/lib/python3.12/site-packages/airflow/example_dags/example_bash_decorator.py
[2024-12-07T09:14:51.391+0000] {logging_mixin.py:190} INFO - [2024-12-07T09:14:51.391+0000] {dag.py:3239} INFO - Sync 1 DAGs
[2024-12-07T09:14:51.402+0000] {logging_mixin.py:190} INFO - [2024-12-07T09:14:51.402+0000] {dag.py:4180} INFO - Setting next_dagrun for example_bash_decorator to None, run_after=None
[2024-12-07T09:14:51.414+0000] {processor.py:208} INFO - Processing /home/airflow/.local/lib/python3.12/site-packages/airflow/example_dags/example_bash_decorator.py took 0.063 seconds
[2024-12-07T09:15:22.537+0000] {processor.py:186} INFO - Started process (PID=234) to work on /home/airflow/.local/lib/python3.12/site-packages/airflow/example_dags/example_bash_decorator.py
[2024-12-07T09:15:22.538+0000] {processor.py:914} INFO - Processing file /home/airflow/.local/lib/python3.12/site-packages/airflow/example_dags/example_bash_decorator.py for tasks to queue
[2024-12-07T09:15:22.540+0000] {logging_mixin.py:190} INFO - [2024-12-07T09:15:22.540+0000] {dagbag.py:588} INFO - Filling up the DagBag from /home/airflow/.local/lib/python3.12/site-packages/airflow/example_dags/example_bash_decorator.py
[2024-12-07T09:15:22.552+0000] {processor.py:925} INFO - DAG(s) 'example_bash_decorator' retrieved from /home/airflow/.local/lib/python3.12/site-packages/airflow/example_dags/example_bash_decorator.py
[2024-12-07T09:15:22.569+0000] {logging_mixin.py:190} INFO - [2024-12-07T09:15:22.569+0000] {dag.py:3239} INFO - Sync 1 DAGs
[2024-12-07T09:15:22.581+0000] {logging_mixin.py:190} INFO - [2024-12-07T09:15:22.581+0000] {dag.py:4180} INFO - Setting next_dagrun for example_bash_decorator to None, run_after=None
[2024-12-07T09:15:22.596+0000] {processor.py:208} INFO - Processing /home/airflow/.local/lib/python3.12/site-packages/airflow/example_dags/example_bash_decorator.py took 0.064 seconds
[2024-12-07T09:15:53.632+0000] {processor.py:186} INFO - Started process (PID=297) to work on /home/airflow/.local/lib/python3.12/site-packages/airflow/example_dags/example_bash_decorator.py
[2024-12-07T09:15:53.633+0000] {processor.py:914} INFO - Processing file /home/airflow/.local/lib/python3.12/site-packages/airflow/example_dags/example_bash_decorator.py for tasks to queue
[2024-12-07T09:15:53.635+0000] {logging_mixin.py:190} INFO - [2024-12-07T09:15:53.635+0000] {dagbag.py:588} INFO - Filling up the DagBag from /home/airflow/.local/lib/python3.12/site-packages/airflow/example_dags/example_bash_decorator.py
[2024-12-07T09:15:53.648+0000] {processor.py:925} INFO - DAG(s) 'example_bash_decorator' retrieved from /home/airflow/.local/lib/python3.12/site-packages/airflow/example_dags/example_bash_decorator.py
[2024-12-07T09:15:53.669+0000] {logging_mixin.py:190} INFO - [2024-12-07T09:15:53.669+0000] {dag.py:3239} INFO - Sync 1 DAGs
[2024-12-07T09:15:53.684+0000] {logging_mixin.py:190} INFO - [2024-12-07T09:15:53.683+0000] {dag.py:4180} INFO - Setting next_dagrun for example_bash_decorator to None, run_after=None
[2024-12-07T09:15:53.698+0000] {processor.py:208} INFO - Processing /home/airflow/.local/lib/python3.12/site-packages/airflow/example_dags/example_bash_decorator.py took 0.071 seconds
[2024-12-07T09:16:24.596+0000] {processor.py:186} INFO - Started process (PID=360) to work on /home/airflow/.local/lib/python3.12/site-packages/airflow/example_dags/example_bash_decorator.py
[2024-12-07T09:16:24.597+0000] {processor.py:914} INFO - Processing file /home/airflow/.local/lib/python3.12/site-packages/airflow/example_dags/example_bash_decorator.py for tasks to queue
[2024-12-07T09:16:24.598+0000] {logging_mixin.py:190} INFO - [2024-12-07T09:16:24.598+0000] {dagbag.py:588} INFO - Filling up the DagBag from /home/airflow/.local/lib/python3.12/site-packages/airflow/example_dags/example_bash_decorator.py
[2024-12-07T09:16:24.610+0000] {processor.py:925} INFO - DAG(s) 'example_bash_decorator' retrieved from /home/airflow/.local/lib/python3.12/site-packages/airflow/example_dags/example_bash_decorator.py
[2024-12-07T09:16:24.628+0000] {logging_mixin.py:190} INFO - [2024-12-07T09:16:24.627+0000] {dag.py:3239} INFO - Sync 1 DAGs
[2024-12-07T09:16:24.638+0000] {logging_mixin.py:190} INFO - [2024-12-07T09:16:24.638+0000] {dag.py:4180} INFO - Setting next_dagrun for example_bash_decorator to None, run_after=None
[2024-12-07T09:16:24.650+0000] {processor.py:208} INFO - Processing /home/airflow/.local/lib/python3.12/site-packages/airflow/example_dags/example_bash_decorator.py took 0.058 seconds
[2024-12-07T09:16:56.033+0000] {processor.py:186} INFO - Started process (PID=424) to work on /home/airflow/.local/lib/python3.12/site-packages/airflow/example_dags/example_bash_decorator.py
[2024-12-07T09:16:56.033+0000] {processor.py:914} INFO - Processing file /home/airflow/.local/lib/python3.12/site-packages/airflow/example_dags/example_bash_decorator.py for tasks to queue
[2024-12-07T09:16:56.035+0000] {logging_mixin.py:190} INFO - [2024-12-07T09:16:56.034+0000] {dagbag.py:588} INFO - Filling up the DagBag from /home/airflow/.local/lib/python3.12/site-packages/airflow/example_dags/example_bash_decorator.py
[2024-12-07T09:16:56.046+0000] {processor.py:925} INFO - DAG(s) 'example_bash_decorator' retrieved from /home/airflow/.local/lib/python3.12/site-packages/airflow/example_dags/example_bash_decorator.py
[2024-12-07T09:16:56.071+0000] {logging_mixin.py:190} INFO - [2024-12-07T09:16:56.070+0000] {dag.py:3239} INFO - Sync 1 DAGs
[2024-12-07T09:16:56.082+0000] {logging_mixin.py:190} INFO - [2024-12-07T09:16:56.082+0000] {dag.py:4180} INFO - Setting next_dagrun for example_bash_decorator to None, run_after=None
[2024-12-07T09:16:56.094+0000] {processor.py:208} INFO - Processing /home/airflow/.local/lib/python3.12/site-packages/airflow/example_dags/example_bash_decorator.py took 0.066 seconds
[2024-12-07T09:17:27.568+0000] {processor.py:186} INFO - Started process (PID=488) to work on /home/airflow/.local/lib/python3.12/site-packages/airflow/example_dags/example_bash_decorator.py
[2024-12-07T09:17:27.569+0000] {processor.py:914} INFO - Processing file /home/airflow/.local/lib/python3.12/site-packages/airflow/example_dags/example_bash_decorator.py for tasks to queue
[2024-12-07T09:17:27.571+0000] {logging_mixin.py:190} INFO - [2024-12-07T09:17:27.571+0000] {dagbag.py:588} INFO - Filling up the DagBag from /home/airflow/.local/lib/python3.12/site-packages/airflow/example_dags/example_bash_decorator.py
[2024-12-07T09:17:27.587+0000] {processor.py:925} INFO - DAG(s) 'example_bash_decorator' retrieved from /home/airflow/.local/lib/python3.12/site-packages/airflow/example_dags/example_bash_decorator.py
[2024-12-07T09:17:27.614+0000] {logging_mixin.py:190} INFO - [2024-12-07T09:17:27.613+0000] {dag.py:3239} INFO - Sync 1 DAGs
[2024-12-07T09:17:27.630+0000] {logging_mixin.py:190} INFO - [2024-12-07T09:17:27.630+0000] {dag.py:4180} INFO - Setting next_dagrun for example_bash_decorator to None, run_after=None
[2024-12-07T09:17:27.647+0000] {processor.py:208} INFO - Processing /home/airflow/.local/lib/python3.12/site-packages/airflow/example_dags/example_bash_decorator.py took 0.084 seconds
[2024-12-07T09:17:58.690+0000] {processor.py:186} INFO - Started process (PID=552) to work on /home/airflow/.local/lib/python3.12/site-packages/airflow/example_dags/example_bash_decorator.py
[2024-12-07T09:17:58.691+0000] {processor.py:914} INFO - Processing file /home/airflow/.local/lib/python3.12/site-packages/airflow/example_dags/example_bash_decorator.py for tasks to queue
[2024-12-07T09:17:58.692+0000] {logging_mixin.py:190} INFO - [2024-12-07T09:17:58.692+0000] {dagbag.py:588} INFO - Filling up the DagBag from /home/airflow/.local/lib/python3.12/site-packages/airflow/example_dags/example_bash_decorator.py
[2024-12-07T09:17:58.703+0000] {processor.py:925} INFO - DAG(s) 'example_bash_decorator' retrieved from /home/airflow/.local/lib/python3.12/site-packages/airflow/example_dags/example_bash_decorator.py
[2024-12-07T09:17:58.721+0000] {logging_mixin.py:190} INFO - [2024-12-07T09:17:58.721+0000] {dag.py:3239} INFO - Sync 1 DAGs
[2024-12-07T09:17:58.732+0000] {logging_mixin.py:190} INFO - [2024-12-07T09:17:58.731+0000] {dag.py:4180} INFO - Setting next_dagrun for example_bash_decorator to None, run_after=None
[2024-12-07T09:17:58.744+0000] {processor.py:208} INFO - Processing /home/airflow/.local/lib/python3.12/site-packages/airflow/example_dags/example_bash_decorator.py took 0.058 seconds
[2024-12-07T09:18:30.688+0000] {processor.py:186} INFO - Started process (PID=615) to work on /home/airflow/.local/lib/python3.12/site-packages/airflow/example_dags/example_bash_decorator.py
[2024-12-07T09:18:30.689+0000] {processor.py:914} INFO - Processing file /home/airflow/.local/lib/python3.12/site-packages/airflow/example_dags/example_bash_decorator.py for tasks to queue
[2024-12-07T09:18:30.691+0000] {logging_mixin.py:190} INFO - [2024-12-07T09:18:30.690+0000] {dagbag.py:588} INFO - Filling up the DagBag from /home/airflow/.local/lib/python3.12/site-packages/airflow/example_dags/example_bash_decorator.py
[2024-12-07T09:18:30.702+0000] {processor.py:925} INFO - DAG(s) 'example_bash_decorator' retrieved from /home/airflow/.local/lib/python3.12/site-packages/airflow/example_dags/example_bash_decorator.py
[2024-12-07T09:18:30.724+0000] {logging_mixin.py:190} INFO - [2024-12-07T09:18:30.724+0000] {dag.py:3239} INFO - Sync 1 DAGs
[2024-12-07T09:18:30.739+0000] {logging_mixin.py:190} INFO - [2024-12-07T09:18:30.738+0000] {dag.py:4180} INFO - Setting next_dagrun for example_bash_decorator to None, run_after=None
[2024-12-07T09:18:30.753+0000] {processor.py:208} INFO - Processing /home/airflow/.local/lib/python3.12/site-packages/airflow/example_dags/example_bash_decorator.py took 0.069 seconds
[2024-12-07T09:19:02.300+0000] {processor.py:186} INFO - Started process (PID=678) to work on /home/airflow/.local/lib/python3.12/site-packages/airflow/example_dags/example_bash_decorator.py
[2024-12-07T09:19:02.301+0000] {processor.py:914} INFO - Processing file /home/airflow/.local/lib/python3.12/site-packages/airflow/example_dags/example_bash_decorator.py for tasks to queue
[2024-12-07T09:19:02.303+0000] {logging_mixin.py:190} INFO - [2024-12-07T09:19:02.302+0000] {dagbag.py:588} INFO - Filling up the DagBag from /home/airflow/.local/lib/python3.12/site-packages/airflow/example_dags/example_bash_decorator.py
[2024-12-07T09:19:02.314+0000] {processor.py:925} INFO - DAG(s) 'example_bash_decorator' retrieved from /home/airflow/.local/lib/python3.12/site-packages/airflow/example_dags/example_bash_decorator.py
[2024-12-07T09:19:02.332+0000] {logging_mixin.py:190} INFO - [2024-12-07T09:19:02.331+0000] {dag.py:3239} INFO - Sync 1 DAGs
[2024-12-07T09:19:02.342+0000] {logging_mixin.py:190} INFO - [2024-12-07T09:19:02.342+0000] {dag.py:4180} INFO - Setting next_dagrun for example_bash_decorator to None, run_after=None
[2024-12-07T09:19:02.355+0000] {processor.py:208} INFO - Processing /home/airflow/.local/lib/python3.12/site-packages/airflow/example_dags/example_bash_decorator.py took 0.059 seconds
[2024-12-07T09:19:32.949+0000] {processor.py:186} INFO - Started process (PID=743) to work on /home/airflow/.local/lib/python3.12/site-packages/airflow/example_dags/example_bash_decorator.py
[2024-12-07T09:19:32.949+0000] {processor.py:914} INFO - Processing file /home/airflow/.local/lib/python3.12/site-packages/airflow/example_dags/example_bash_decorator.py for tasks to queue
[2024-12-07T09:19:32.952+0000] {logging_mixin.py:190} INFO - [2024-12-07T09:19:32.951+0000] {dagbag.py:588} INFO - Filling up the DagBag from /home/airflow/.local/lib/python3.12/site-packages/airflow/example_dags/example_bash_decorator.py
[2024-12-07T09:19:32.968+0000] {processor.py:925} INFO - DAG(s) 'example_bash_decorator' retrieved from /home/airflow/.local/lib/python3.12/site-packages/airflow/example_dags/example_bash_decorator.py
[2024-12-07T09:19:32.994+0000] {logging_mixin.py:190} INFO - [2024-12-07T09:19:32.993+0000] {dag.py:3239} INFO - Sync 1 DAGs
[2024-12-07T09:19:33.010+0000] {logging_mixin.py:190} INFO - [2024-12-07T09:19:33.009+0000] {dag.py:4180} INFO - Setting next_dagrun for example_bash_decorator to None, run_after=None
[2024-12-07T09:19:33.026+0000] {processor.py:208} INFO - Processing /home/airflow/.local/lib/python3.12/site-packages/airflow/example_dags/example_bash_decorator.py took 0.083 seconds
[2024-12-07T09:20:04.110+0000] {processor.py:186} INFO - Started process (PID=807) to work on /home/airflow/.local/lib/python3.12/site-packages/airflow/example_dags/example_bash_decorator.py
[2024-12-07T09:20:04.110+0000] {processor.py:914} INFO - Processing file /home/airflow/.local/lib/python3.12/site-packages/airflow/example_dags/example_bash_decorator.py for tasks to queue
[2024-12-07T09:20:04.112+0000] {logging_mixin.py:190} INFO - [2024-12-07T09:20:04.112+0000] {dagbag.py:588} INFO - Filling up the DagBag from /home/airflow/.local/lib/python3.12/site-packages/airflow/example_dags/example_bash_decorator.py
[2024-12-07T09:20:04.123+0000] {processor.py:925} INFO - DAG(s) 'example_bash_decorator' retrieved from /home/airflow/.local/lib/python3.12/site-packages/airflow/example_dags/example_bash_decorator.py
[2024-12-07T09:20:04.141+0000] {logging_mixin.py:190} INFO - [2024-12-07T09:20:04.141+0000] {dag.py:3239} INFO - Sync 1 DAGs
[2024-12-07T09:20:04.151+0000] {logging_mixin.py:190} INFO - [2024-12-07T09:20:04.151+0000] {dag.py:4180} INFO - Setting next_dagrun for example_bash_decorator to None, run_after=None
[2024-12-07T09:20:04.163+0000] {processor.py:208} INFO - Processing /home/airflow/.local/lib/python3.12/site-packages/airflow/example_dags/example_bash_decorator.py took 0.058 seconds
[2024-12-07T09:20:35.536+0000] {processor.py:186} INFO - Started process (PID=871) to work on /home/airflow/.local/lib/python3.12/site-packages/airflow/example_dags/example_bash_decorator.py
[2024-12-07T09:20:35.536+0000] {processor.py:914} INFO - Processing file /home/airflow/.local/lib/python3.12/site-packages/airflow/example_dags/example_bash_decorator.py for tasks to queue
[2024-12-07T09:20:35.538+0000] {logging_mixin.py:190} INFO - [2024-12-07T09:20:35.538+0000] {dagbag.py:588} INFO - Filling up the DagBag from /home/airflow/.local/lib/python3.12/site-packages/airflow/example_dags/example_bash_decorator.py
[2024-12-07T09:20:35.552+0000] {processor.py:925} INFO - DAG(s) 'example_bash_decorator' retrieved from /home/airflow/.local/lib/python3.12/site-packages/airflow/example_dags/example_bash_decorator.py
[2024-12-07T09:20:35.573+0000] {logging_mixin.py:190} INFO - [2024-12-07T09:20:35.573+0000] {dag.py:3239} INFO - Sync 1 DAGs
[2024-12-07T09:20:35.588+0000] {logging_mixin.py:190} INFO - [2024-12-07T09:20:35.588+0000] {dag.py:4180} INFO - Setting next_dagrun for example_bash_decorator to None, run_after=None
[2024-12-07T09:20:35.602+0000] {processor.py:208} INFO - Processing /home/airflow/.local/lib/python3.12/site-packages/airflow/example_dags/example_bash_decorator.py took 0.070 seconds
[2024-12-07T09:21:06.805+0000] {processor.py:186} INFO - Started process (PID=936) to work on /home/airflow/.local/lib/python3.12/site-packages/airflow/example_dags/example_bash_decorator.py
[2024-12-07T09:21:06.806+0000] {processor.py:914} INFO - Processing file /home/airflow/.local/lib/python3.12/site-packages/airflow/example_dags/example_bash_decorator.py for tasks to queue
[2024-12-07T09:21:06.807+0000] {logging_mixin.py:190} INFO - [2024-12-07T09:21:06.807+0000] {dagbag.py:588} INFO - Filling up the DagBag from /home/airflow/.local/lib/python3.12/site-packages/airflow/example_dags/example_bash_decorator.py
[2024-12-07T09:21:06.823+0000] {processor.py:925} INFO - DAG(s) 'example_bash_decorator' retrieved from /home/airflow/.local/lib/python3.12/site-packages/airflow/example_dags/example_bash_decorator.py
[2024-12-07T09:21:06.849+0000] {logging_mixin.py:190} INFO - [2024-12-07T09:21:06.849+0000] {dag.py:3239} INFO - Sync 1 DAGs
[2024-12-07T09:21:06.863+0000] {logging_mixin.py:190} INFO - [2024-12-07T09:21:06.863+0000] {dag.py:4180} INFO - Setting next_dagrun for example_bash_decorator to None, run_after=None
[2024-12-07T09:21:06.877+0000] {processor.py:208} INFO - Processing /home/airflow/.local/lib/python3.12/site-packages/airflow/example_dags/example_bash_decorator.py took 0.076 seconds
[2024-12-07T09:21:38.350+0000] {processor.py:186} INFO - Started process (PID=1000) to work on /home/airflow/.local/lib/python3.12/site-packages/airflow/example_dags/example_bash_decorator.py
[2024-12-07T09:21:38.351+0000] {processor.py:914} INFO - Processing file /home/airflow/.local/lib/python3.12/site-packages/airflow/example_dags/example_bash_decorator.py for tasks to queue
[2024-12-07T09:21:38.352+0000] {logging_mixin.py:190} INFO - [2024-12-07T09:21:38.352+0000] {dagbag.py:588} INFO - Filling up the DagBag from /home/airflow/.local/lib/python3.12/site-packages/airflow/example_dags/example_bash_decorator.py
[2024-12-07T09:21:38.364+0000] {processor.py:925} INFO - DAG(s) 'example_bash_decorator' retrieved from /home/airflow/.local/lib/python3.12/site-packages/airflow/example_dags/example_bash_decorator.py
[2024-12-07T09:21:38.382+0000] {logging_mixin.py:190} INFO - [2024-12-07T09:21:38.382+0000] {dag.py:3239} INFO - Sync 1 DAGs
[2024-12-07T09:21:38.392+0000] {logging_mixin.py:190} INFO - [2024-12-07T09:21:38.392+0000] {dag.py:4180} INFO - Setting next_dagrun for example_bash_decorator to None, run_after=None
[2024-12-07T09:21:38.406+0000] {processor.py:208} INFO - Processing /home/airflow/.local/lib/python3.12/site-packages/airflow/example_dags/example_bash_decorator.py took 0.060 seconds
[2024-12-07T09:22:09.053+0000] {processor.py:186} INFO - Started process (PID=1064) to work on /home/airflow/.local/lib/python3.12/site-packages/airflow/example_dags/example_bash_decorator.py
[2024-12-07T09:22:09.053+0000] {processor.py:914} INFO - Processing file /home/airflow/.local/lib/python3.12/site-packages/airflow/example_dags/example_bash_decorator.py for tasks to queue
[2024-12-07T09:22:09.055+0000] {logging_mixin.py:190} INFO - [2024-12-07T09:22:09.055+0000] {dagbag.py:588} INFO - Filling up the DagBag from /home/airflow/.local/lib/python3.12/site-packages/airflow/example_dags/example_bash_decorator.py
[2024-12-07T09:22:09.066+0000] {processor.py:925} INFO - DAG(s) 'example_bash_decorator' retrieved from /home/airflow/.local/lib/python3.12/site-packages/airflow/example_dags/example_bash_decorator.py
[2024-12-07T09:22:09.089+0000] {logging_mixin.py:190} INFO - [2024-12-07T09:22:09.089+0000] {dag.py:3239} INFO - Sync 1 DAGs
[2024-12-07T09:22:09.104+0000] {logging_mixin.py:190} INFO - [2024-12-07T09:22:09.104+0000] {dag.py:4180} INFO - Setting next_dagrun for example_bash_decorator to None, run_after=None
[2024-12-07T09:22:09.120+0000] {processor.py:208} INFO - Processing /home/airflow/.local/lib/python3.12/site-packages/airflow/example_dags/example_bash_decorator.py took 0.072 seconds
[2024-12-07T09:22:40.099+0000] {processor.py:186} INFO - Started process (PID=1128) to work on /home/airflow/.local/lib/python3.12/site-packages/airflow/example_dags/example_bash_decorator.py
[2024-12-07T09:22:40.100+0000] {processor.py:914} INFO - Processing file /home/airflow/.local/lib/python3.12/site-packages/airflow/example_dags/example_bash_decorator.py for tasks to queue
[2024-12-07T09:22:40.101+0000] {logging_mixin.py:190} INFO - [2024-12-07T09:22:40.101+0000] {dagbag.py:588} INFO - Filling up the DagBag from /home/airflow/.local/lib/python3.12/site-packages/airflow/example_dags/example_bash_decorator.py
[2024-12-07T09:22:40.112+0000] {processor.py:925} INFO - DAG(s) 'example_bash_decorator' retrieved from /home/airflow/.local/lib/python3.12/site-packages/airflow/example_dags/example_bash_decorator.py
[2024-12-07T09:22:40.130+0000] {logging_mixin.py:190} INFO - [2024-12-07T09:22:40.130+0000] {dag.py:3239} INFO - Sync 1 DAGs
[2024-12-07T09:22:40.140+0000] {logging_mixin.py:190} INFO - [2024-12-07T09:22:40.140+0000] {dag.py:4180} INFO - Setting next_dagrun for example_bash_decorator to None, run_after=None
[2024-12-07T09:22:40.153+0000] {processor.py:208} INFO - Processing /home/airflow/.local/lib/python3.12/site-packages/airflow/example_dags/example_bash_decorator.py took 0.058 seconds
[2024-12-07T09:23:11.549+0000] {processor.py:186} INFO - Started process (PID=1191) to work on /home/airflow/.local/lib/python3.12/site-packages/airflow/example_dags/example_bash_decorator.py
[2024-12-07T09:23:11.550+0000] {processor.py:914} INFO - Processing file /home/airflow/.local/lib/python3.12/site-packages/airflow/example_dags/example_bash_decorator.py for tasks to queue
[2024-12-07T09:23:11.551+0000] {logging_mixin.py:190} INFO - [2024-12-07T09:23:11.551+0000] {dagbag.py:588} INFO - Filling up the DagBag from /home/airflow/.local/lib/python3.12/site-packages/airflow/example_dags/example_bash_decorator.py
[2024-12-07T09:23:11.566+0000] {processor.py:925} INFO - DAG(s) 'example_bash_decorator' retrieved from /home/airflow/.local/lib/python3.12/site-packages/airflow/example_dags/example_bash_decorator.py
[2024-12-07T09:23:11.588+0000] {logging_mixin.py:190} INFO - [2024-12-07T09:23:11.588+0000] {dag.py:3239} INFO - Sync 1 DAGs
[2024-12-07T09:23:11.600+0000] {logging_mixin.py:190} INFO - [2024-12-07T09:23:11.600+0000] {dag.py:4180} INFO - Setting next_dagrun for example_bash_decorator to None, run_after=None
[2024-12-07T09:23:11.615+0000] {processor.py:208} INFO - Processing /home/airflow/.local/lib/python3.12/site-packages/airflow/example_dags/example_bash_decorator.py took 0.070 seconds
[2024-12-07T09:23:43.275+0000] {processor.py:186} INFO - Started process (PID=1256) to work on /home/airflow/.local/lib/python3.12/site-packages/airflow/example_dags/example_bash_decorator.py
[2024-12-07T09:23:43.275+0000] {processor.py:914} INFO - Processing file /home/airflow/.local/lib/python3.12/site-packages/airflow/example_dags/example_bash_decorator.py for tasks to queue
[2024-12-07T09:23:43.277+0000] {logging_mixin.py:190} INFO - [2024-12-07T09:23:43.277+0000] {dagbag.py:588} INFO - Filling up the DagBag from /home/airflow/.local/lib/python3.12/site-packages/airflow/example_dags/example_bash_decorator.py
[2024-12-07T09:23:43.289+0000] {processor.py:925} INFO - DAG(s) 'example_bash_decorator' retrieved from /home/airflow/.local/lib/python3.12/site-packages/airflow/example_dags/example_bash_decorator.py
[2024-12-07T09:23:43.307+0000] {logging_mixin.py:190} INFO - [2024-12-07T09:23:43.307+0000] {dag.py:3239} INFO - Sync 1 DAGs
[2024-12-07T09:23:43.317+0000] {logging_mixin.py:190} INFO - [2024-12-07T09:23:43.317+0000] {dag.py:4180} INFO - Setting next_dagrun for example_bash_decorator to None, run_after=None
[2024-12-07T09:23:43.329+0000] {processor.py:208} INFO - Processing /home/airflow/.local/lib/python3.12/site-packages/airflow/example_dags/example_bash_decorator.py took 0.060 seconds
[2024-12-07T09:24:14.106+0000] {processor.py:186} INFO - Started process (PID=1320) to work on /home/airflow/.local/lib/python3.12/site-packages/airflow/example_dags/example_bash_decorator.py
[2024-12-07T09:24:14.107+0000] {processor.py:914} INFO - Processing file /home/airflow/.local/lib/python3.12/site-packages/airflow/example_dags/example_bash_decorator.py for tasks to queue
[2024-12-07T09:24:14.108+0000] {logging_mixin.py:190} INFO - [2024-12-07T09:24:14.108+0000] {dagbag.py:588} INFO - Filling up the DagBag from /home/airflow/.local/lib/python3.12/site-packages/airflow/example_dags/example_bash_decorator.py
[2024-12-07T09:24:14.123+0000] {processor.py:925} INFO - DAG(s) 'example_bash_decorator' retrieved from /home/airflow/.local/lib/python3.12/site-packages/airflow/example_dags/example_bash_decorator.py
[2024-12-07T09:24:14.149+0000] {logging_mixin.py:190} INFO - [2024-12-07T09:24:14.148+0000] {dag.py:3239} INFO - Sync 1 DAGs
[2024-12-07T09:24:14.163+0000] {logging_mixin.py:190} INFO - [2024-12-07T09:24:14.163+0000] {dag.py:4180} INFO - Setting next_dagrun for example_bash_decorator to None, run_after=None
[2024-12-07T09:24:14.179+0000] {processor.py:208} INFO - Processing /home/airflow/.local/lib/python3.12/site-packages/airflow/example_dags/example_bash_decorator.py took 0.077 seconds
[2024-12-07T09:24:45.334+0000] {processor.py:186} INFO - Started process (PID=1390) to work on /home/airflow/.local/lib/python3.12/site-packages/airflow/example_dags/example_bash_decorator.py
[2024-12-07T09:24:45.335+0000] {processor.py:914} INFO - Processing file /home/airflow/.local/lib/python3.12/site-packages/airflow/example_dags/example_bash_decorator.py for tasks to queue
[2024-12-07T09:24:45.337+0000] {logging_mixin.py:190} INFO - [2024-12-07T09:24:45.337+0000] {dagbag.py:588} INFO - Filling up the DagBag from /home/airflow/.local/lib/python3.12/site-packages/airflow/example_dags/example_bash_decorator.py
[2024-12-07T09:24:45.354+0000] {processor.py:925} INFO - DAG(s) 'example_bash_decorator' retrieved from /home/airflow/.local/lib/python3.12/site-packages/airflow/example_dags/example_bash_decorator.py
[2024-12-07T09:24:45.379+0000] {logging_mixin.py:190} INFO - [2024-12-07T09:24:45.378+0000] {dag.py:3239} INFO - Sync 1 DAGs
[2024-12-07T09:24:45.394+0000] {logging_mixin.py:190} INFO - [2024-12-07T09:24:45.394+0000] {dag.py:4180} INFO - Setting next_dagrun for example_bash_decorator to None, run_after=None
[2024-12-07T09:24:45.411+0000] {processor.py:208} INFO - Processing /home/airflow/.local/lib/python3.12/site-packages/airflow/example_dags/example_bash_decorator.py took 0.083 seconds
[2024-12-07T09:25:17.187+0000] {processor.py:186} INFO - Started process (PID=1455) to work on /home/airflow/.local/lib/python3.12/site-packages/airflow/example_dags/example_bash_decorator.py
[2024-12-07T09:25:17.188+0000] {processor.py:914} INFO - Processing file /home/airflow/.local/lib/python3.12/site-packages/airflow/example_dags/example_bash_decorator.py for tasks to queue
[2024-12-07T09:25:17.190+0000] {logging_mixin.py:190} INFO - [2024-12-07T09:25:17.190+0000] {dagbag.py:588} INFO - Filling up the DagBag from /home/airflow/.local/lib/python3.12/site-packages/airflow/example_dags/example_bash_decorator.py
[2024-12-07T09:25:17.202+0000] {processor.py:925} INFO - DAG(s) 'example_bash_decorator' retrieved from /home/airflow/.local/lib/python3.12/site-packages/airflow/example_dags/example_bash_decorator.py
[2024-12-07T09:25:17.221+0000] {logging_mixin.py:190} INFO - [2024-12-07T09:25:17.221+0000] {dag.py:3239} INFO - Sync 1 DAGs
[2024-12-07T09:25:17.233+0000] {logging_mixin.py:190} INFO - [2024-12-07T09:25:17.233+0000] {dag.py:4180} INFO - Setting next_dagrun for example_bash_decorator to None, run_after=None
[2024-12-07T09:25:17.247+0000] {processor.py:208} INFO - Processing /home/airflow/.local/lib/python3.12/site-packages/airflow/example_dags/example_bash_decorator.py took 0.063 seconds
[2024-12-07T09:25:48.033+0000] {processor.py:186} INFO - Started process (PID=1519) to work on /home/airflow/.local/lib/python3.12/site-packages/airflow/example_dags/example_bash_decorator.py
[2024-12-07T09:25:48.034+0000] {processor.py:914} INFO - Processing file /home/airflow/.local/lib/python3.12/site-packages/airflow/example_dags/example_bash_decorator.py for tasks to queue
[2024-12-07T09:25:48.035+0000] {logging_mixin.py:190} INFO - [2024-12-07T09:25:48.035+0000] {dagbag.py:588} INFO - Filling up the DagBag from /home/airflow/.local/lib/python3.12/site-packages/airflow/example_dags/example_bash_decorator.py
[2024-12-07T09:25:48.046+0000] {processor.py:925} INFO - DAG(s) 'example_bash_decorator' retrieved from /home/airflow/.local/lib/python3.12/site-packages/airflow/example_dags/example_bash_decorator.py
[2024-12-07T09:25:48.069+0000] {logging_mixin.py:190} INFO - [2024-12-07T09:25:48.069+0000] {dag.py:3239} INFO - Sync 1 DAGs
[2024-12-07T09:25:48.086+0000] {logging_mixin.py:190} INFO - [2024-12-07T09:25:48.086+0000] {dag.py:4180} INFO - Setting next_dagrun for example_bash_decorator to None, run_after=None
[2024-12-07T09:25:48.101+0000] {processor.py:208} INFO - Processing /home/airflow/.local/lib/python3.12/site-packages/airflow/example_dags/example_bash_decorator.py took 0.072 seconds
