[2024-12-07T09:14:21.339+0000] {processor.py:186} INFO - Started process (PID=110) to work on /home/airflow/.local/lib/python3.12/site-packages/airflow/example_dags/example_sensors.py
[2024-12-07T09:14:21.340+0000] {processor.py:914} INFO - Processing file /home/airflow/.local/lib/python3.12/site-packages/airflow/example_dags/example_sensors.py for tasks to queue
[2024-12-07T09:14:21.342+0000] {logging_mixin.py:190} INFO - [2024-12-07T09:14:21.342+0000] {dagbag.py:588} INFO - Filling up the DagBag from /home/airflow/.local/lib/python3.12/site-packages/airflow/example_dags/example_sensors.py
[2024-12-07T09:14:21.355+0000] {processor.py:925} INFO - DAG(s) 'example_sensors' retrieved from /home/airflow/.local/lib/python3.12/site-packages/airflow/example_dags/example_sensors.py
[2024-12-07T09:14:21.484+0000] {logging_mixin.py:190} INFO - [2024-12-07T09:14:21.482+0000] {override.py:1911} INFO - Created Permission View: can edit on DAG:example_sensors
[2024-12-07T09:14:21.502+0000] {logging_mixin.py:190} INFO - [2024-12-07T09:14:21.502+0000] {override.py:1911} INFO - Created Permission View: can delete on DAG:example_sensors
[2024-12-07T09:14:21.507+0000] {logging_mixin.py:190} INFO - [2024-12-07T09:14:21.507+0000] {override.py:1911} INFO - Created Permission View: can read on DAG:example_sensors
[2024-12-07T09:14:21.513+0000] {logging_mixin.py:190} INFO - [2024-12-07T09:14:21.513+0000] {override.py:1911} INFO - Created Permission View: can create on DAG Run:example_sensors
[2024-12-07T09:14:21.518+0000] {logging_mixin.py:190} INFO - [2024-12-07T09:14:21.518+0000] {override.py:1911} INFO - Created Permission View: menu access on DAG Run:example_sensors
[2024-12-07T09:14:21.524+0000] {logging_mixin.py:190} INFO - [2024-12-07T09:14:21.523+0000] {override.py:1911} INFO - Created Permission View: can delete on DAG Run:example_sensors
[2024-12-07T09:14:21.529+0000] {logging_mixin.py:190} INFO - [2024-12-07T09:14:21.529+0000] {override.py:1911} INFO - Created Permission View: can read on DAG Run:example_sensors
[2024-12-07T09:14:21.529+0000] {logging_mixin.py:190} INFO - [2024-12-07T09:14:21.529+0000] {dag.py:3239} INFO - Sync 1 DAGs
[2024-12-07T09:14:21.545+0000] {logging_mixin.py:190} INFO - [2024-12-07T09:14:21.545+0000] {dag.py:3262} INFO - Creating ORM DAG for example_sensors
[2024-12-07T09:14:21.546+0000] {logging_mixin.py:190} INFO - [2024-12-07T09:14:21.546+0000] {dag.py:4180} INFO - Setting next_dagrun for example_sensors to None, run_after=None
[2024-12-07T09:14:21.565+0000] {processor.py:208} INFO - Processing /home/airflow/.local/lib/python3.12/site-packages/airflow/example_dags/example_sensors.py took 0.231 seconds
[2024-12-07T09:14:52.423+0000] {processor.py:186} INFO - Started process (PID=173) to work on /home/airflow/.local/lib/python3.12/site-packages/airflow/example_dags/example_sensors.py
[2024-12-07T09:14:52.423+0000] {processor.py:914} INFO - Processing file /home/airflow/.local/lib/python3.12/site-packages/airflow/example_dags/example_sensors.py for tasks to queue
[2024-12-07T09:14:52.425+0000] {logging_mixin.py:190} INFO - [2024-12-07T09:14:52.425+0000] {dagbag.py:588} INFO - Filling up the DagBag from /home/airflow/.local/lib/python3.12/site-packages/airflow/example_dags/example_sensors.py
[2024-12-07T09:14:52.434+0000] {processor.py:925} INFO - DAG(s) 'example_sensors' retrieved from /home/airflow/.local/lib/python3.12/site-packages/airflow/example_dags/example_sensors.py
[2024-12-07T09:14:52.453+0000] {logging_mixin.py:190} INFO - [2024-12-07T09:14:52.453+0000] {dag.py:3239} INFO - Sync 1 DAGs
[2024-12-07T09:14:52.464+0000] {logging_mixin.py:190} INFO - [2024-12-07T09:14:52.463+0000] {dag.py:4180} INFO - Setting next_dagrun for example_sensors to None, run_after=None
[2024-12-07T09:14:52.476+0000] {processor.py:208} INFO - Processing /home/airflow/.local/lib/python3.12/site-packages/airflow/example_dags/example_sensors.py took 0.057 seconds
[2024-12-07T09:15:22.561+0000] {processor.py:186} INFO - Started process (PID=235) to work on /home/airflow/.local/lib/python3.12/site-packages/airflow/example_dags/example_sensors.py
[2024-12-07T09:15:22.561+0000] {processor.py:914} INFO - Processing file /home/airflow/.local/lib/python3.12/site-packages/airflow/example_dags/example_sensors.py for tasks to queue
[2024-12-07T09:15:22.563+0000] {logging_mixin.py:190} INFO - [2024-12-07T09:15:22.563+0000] {dagbag.py:588} INFO - Filling up the DagBag from /home/airflow/.local/lib/python3.12/site-packages/airflow/example_dags/example_sensors.py
[2024-12-07T09:15:22.571+0000] {processor.py:925} INFO - DAG(s) 'example_sensors' retrieved from /home/airflow/.local/lib/python3.12/site-packages/airflow/example_dags/example_sensors.py
[2024-12-07T09:15:22.595+0000] {logging_mixin.py:190} INFO - [2024-12-07T09:15:22.595+0000] {dag.py:3239} INFO - Sync 1 DAGs
[2024-12-07T09:15:22.608+0000] {logging_mixin.py:190} INFO - [2024-12-07T09:15:22.608+0000] {dag.py:4180} INFO - Setting next_dagrun for example_sensors to None, run_after=None
[2024-12-07T09:15:22.622+0000] {processor.py:208} INFO - Processing /home/airflow/.local/lib/python3.12/site-packages/airflow/example_dags/example_sensors.py took 0.065 seconds
[2024-12-07T09:15:53.650+0000] {processor.py:186} INFO - Started process (PID=298) to work on /home/airflow/.local/lib/python3.12/site-packages/airflow/example_dags/example_sensors.py
[2024-12-07T09:15:53.650+0000] {processor.py:914} INFO - Processing file /home/airflow/.local/lib/python3.12/site-packages/airflow/example_dags/example_sensors.py for tasks to queue
[2024-12-07T09:15:53.652+0000] {logging_mixin.py:190} INFO - [2024-12-07T09:15:53.652+0000] {dagbag.py:588} INFO - Filling up the DagBag from /home/airflow/.local/lib/python3.12/site-packages/airflow/example_dags/example_sensors.py
[2024-12-07T09:15:53.663+0000] {processor.py:925} INFO - DAG(s) 'example_sensors' retrieved from /home/airflow/.local/lib/python3.12/site-packages/airflow/example_dags/example_sensors.py
[2024-12-07T09:15:53.687+0000] {logging_mixin.py:190} INFO - [2024-12-07T09:15:53.687+0000] {dag.py:3239} INFO - Sync 1 DAGs
[2024-12-07T09:15:53.701+0000] {logging_mixin.py:190} INFO - [2024-12-07T09:15:53.701+0000] {dag.py:4180} INFO - Setting next_dagrun for example_sensors to None, run_after=None
[2024-12-07T09:15:53.713+0000] {processor.py:208} INFO - Processing /home/airflow/.local/lib/python3.12/site-packages/airflow/example_dags/example_sensors.py took 0.068 seconds
[2024-12-07T09:16:24.608+0000] {processor.py:186} INFO - Started process (PID=361) to work on /home/airflow/.local/lib/python3.12/site-packages/airflow/example_dags/example_sensors.py
[2024-12-07T09:16:24.609+0000] {processor.py:914} INFO - Processing file /home/airflow/.local/lib/python3.12/site-packages/airflow/example_dags/example_sensors.py for tasks to queue
[2024-12-07T09:16:24.610+0000] {logging_mixin.py:190} INFO - [2024-12-07T09:16:24.610+0000] {dagbag.py:588} INFO - Filling up the DagBag from /home/airflow/.local/lib/python3.12/site-packages/airflow/example_dags/example_sensors.py
[2024-12-07T09:16:24.618+0000] {processor.py:925} INFO - DAG(s) 'example_sensors' retrieved from /home/airflow/.local/lib/python3.12/site-packages/airflow/example_dags/example_sensors.py
[2024-12-07T09:16:24.637+0000] {logging_mixin.py:190} INFO - [2024-12-07T09:16:24.637+0000] {dag.py:3239} INFO - Sync 1 DAGs
[2024-12-07T09:16:24.647+0000] {logging_mixin.py:190} INFO - [2024-12-07T09:16:24.647+0000] {dag.py:4180} INFO - Setting next_dagrun for example_sensors to None, run_after=None
[2024-12-07T09:16:24.664+0000] {processor.py:208} INFO - Processing /home/airflow/.local/lib/python3.12/site-packages/airflow/example_dags/example_sensors.py took 0.060 seconds
[2024-12-07T09:16:56.123+0000] {processor.py:186} INFO - Started process (PID=425) to work on /home/airflow/.local/lib/python3.12/site-packages/airflow/example_dags/example_sensors.py
[2024-12-07T09:16:56.124+0000] {processor.py:914} INFO - Processing file /home/airflow/.local/lib/python3.12/site-packages/airflow/example_dags/example_sensors.py for tasks to queue
[2024-12-07T09:16:56.125+0000] {logging_mixin.py:190} INFO - [2024-12-07T09:16:56.125+0000] {dagbag.py:588} INFO - Filling up the DagBag from /home/airflow/.local/lib/python3.12/site-packages/airflow/example_dags/example_sensors.py
[2024-12-07T09:16:56.135+0000] {processor.py:925} INFO - DAG(s) 'example_sensors' retrieved from /home/airflow/.local/lib/python3.12/site-packages/airflow/example_dags/example_sensors.py
[2024-12-07T09:16:56.156+0000] {logging_mixin.py:190} INFO - [2024-12-07T09:16:56.155+0000] {dag.py:3239} INFO - Sync 1 DAGs
[2024-12-07T09:16:56.166+0000] {logging_mixin.py:190} INFO - [2024-12-07T09:16:56.166+0000] {dag.py:4180} INFO - Setting next_dagrun for example_sensors to None, run_after=None
[2024-12-07T09:16:56.179+0000] {processor.py:208} INFO - Processing /home/airflow/.local/lib/python3.12/site-packages/airflow/example_dags/example_sensors.py took 0.062 seconds
[2024-12-07T09:17:27.681+0000] {processor.py:186} INFO - Started process (PID=489) to work on /home/airflow/.local/lib/python3.12/site-packages/airflow/example_dags/example_sensors.py
[2024-12-07T09:17:27.682+0000] {processor.py:914} INFO - Processing file /home/airflow/.local/lib/python3.12/site-packages/airflow/example_dags/example_sensors.py for tasks to queue
[2024-12-07T09:17:27.684+0000] {logging_mixin.py:190} INFO - [2024-12-07T09:17:27.684+0000] {dagbag.py:588} INFO - Filling up the DagBag from /home/airflow/.local/lib/python3.12/site-packages/airflow/example_dags/example_sensors.py
[2024-12-07T09:17:27.696+0000] {processor.py:925} INFO - DAG(s) 'example_sensors' retrieved from /home/airflow/.local/lib/python3.12/site-packages/airflow/example_dags/example_sensors.py
[2024-12-07T09:17:27.725+0000] {logging_mixin.py:190} INFO - [2024-12-07T09:17:27.724+0000] {dag.py:3239} INFO - Sync 1 DAGs
[2024-12-07T09:17:27.749+0000] {logging_mixin.py:190} INFO - [2024-12-07T09:17:27.748+0000] {dag.py:4180} INFO - Setting next_dagrun for example_sensors to None, run_after=None
[2024-12-07T09:17:27.766+0000] {processor.py:208} INFO - Processing /home/airflow/.local/lib/python3.12/site-packages/airflow/example_dags/example_sensors.py took 0.091 seconds
[2024-12-07T09:17:58.769+0000] {processor.py:186} INFO - Started process (PID=553) to work on /home/airflow/.local/lib/python3.12/site-packages/airflow/example_dags/example_sensors.py
[2024-12-07T09:17:58.769+0000] {processor.py:914} INFO - Processing file /home/airflow/.local/lib/python3.12/site-packages/airflow/example_dags/example_sensors.py for tasks to queue
[2024-12-07T09:17:58.771+0000] {logging_mixin.py:190} INFO - [2024-12-07T09:17:58.771+0000] {dagbag.py:588} INFO - Filling up the DagBag from /home/airflow/.local/lib/python3.12/site-packages/airflow/example_dags/example_sensors.py
[2024-12-07T09:17:58.779+0000] {processor.py:925} INFO - DAG(s) 'example_sensors' retrieved from /home/airflow/.local/lib/python3.12/site-packages/airflow/example_dags/example_sensors.py
[2024-12-07T09:17:58.806+0000] {logging_mixin.py:190} INFO - [2024-12-07T09:17:58.806+0000] {dag.py:3239} INFO - Sync 1 DAGs
[2024-12-07T09:17:58.822+0000] {logging_mixin.py:190} INFO - [2024-12-07T09:17:58.821+0000] {dag.py:4180} INFO - Setting next_dagrun for example_sensors to None, run_after=None
[2024-12-07T09:17:58.839+0000] {processor.py:208} INFO - Processing /home/airflow/.local/lib/python3.12/site-packages/airflow/example_dags/example_sensors.py took 0.074 seconds
[2024-12-07T09:18:30.696+0000] {processor.py:186} INFO - Started process (PID=616) to work on /home/airflow/.local/lib/python3.12/site-packages/airflow/example_dags/example_sensors.py
[2024-12-07T09:18:30.697+0000] {processor.py:914} INFO - Processing file /home/airflow/.local/lib/python3.12/site-packages/airflow/example_dags/example_sensors.py for tasks to queue
[2024-12-07T09:18:30.698+0000] {logging_mixin.py:190} INFO - [2024-12-07T09:18:30.698+0000] {dagbag.py:588} INFO - Filling up the DagBag from /home/airflow/.local/lib/python3.12/site-packages/airflow/example_dags/example_sensors.py
[2024-12-07T09:18:30.706+0000] {processor.py:925} INFO - DAG(s) 'example_sensors' retrieved from /home/airflow/.local/lib/python3.12/site-packages/airflow/example_dags/example_sensors.py
[2024-12-07T09:18:30.731+0000] {logging_mixin.py:190} INFO - [2024-12-07T09:18:30.731+0000] {dag.py:3239} INFO - Sync 1 DAGs
[2024-12-07T09:18:30.745+0000] {logging_mixin.py:190} INFO - [2024-12-07T09:18:30.745+0000] {dag.py:4180} INFO - Setting next_dagrun for example_sensors to None, run_after=None
[2024-12-07T09:18:30.759+0000] {processor.py:208} INFO - Processing /home/airflow/.local/lib/python3.12/site-packages/airflow/example_dags/example_sensors.py took 0.067 seconds
[2024-12-07T09:19:02.307+0000] {processor.py:186} INFO - Started process (PID=679) to work on /home/airflow/.local/lib/python3.12/site-packages/airflow/example_dags/example_sensors.py
[2024-12-07T09:19:02.308+0000] {processor.py:914} INFO - Processing file /home/airflow/.local/lib/python3.12/site-packages/airflow/example_dags/example_sensors.py for tasks to queue
[2024-12-07T09:19:02.309+0000] {logging_mixin.py:190} INFO - [2024-12-07T09:19:02.309+0000] {dagbag.py:588} INFO - Filling up the DagBag from /home/airflow/.local/lib/python3.12/site-packages/airflow/example_dags/example_sensors.py
[2024-12-07T09:19:02.317+0000] {processor.py:925} INFO - DAG(s) 'example_sensors' retrieved from /home/airflow/.local/lib/python3.12/site-packages/airflow/example_dags/example_sensors.py
[2024-12-07T09:19:02.335+0000] {logging_mixin.py:190} INFO - [2024-12-07T09:19:02.335+0000] {dag.py:3239} INFO - Sync 1 DAGs
[2024-12-07T09:19:02.346+0000] {logging_mixin.py:190} INFO - [2024-12-07T09:19:02.346+0000] {dag.py:4180} INFO - Setting next_dagrun for example_sensors to None, run_after=None
[2024-12-07T09:19:02.359+0000] {processor.py:208} INFO - Processing /home/airflow/.local/lib/python3.12/site-packages/airflow/example_dags/example_sensors.py took 0.056 seconds
[2024-12-07T09:19:33.059+0000] {processor.py:186} INFO - Started process (PID=744) to work on /home/airflow/.local/lib/python3.12/site-packages/airflow/example_dags/example_sensors.py
[2024-12-07T09:19:33.059+0000] {processor.py:914} INFO - Processing file /home/airflow/.local/lib/python3.12/site-packages/airflow/example_dags/example_sensors.py for tasks to queue
[2024-12-07T09:19:33.062+0000] {logging_mixin.py:190} INFO - [2024-12-07T09:19:33.061+0000] {dagbag.py:588} INFO - Filling up the DagBag from /home/airflow/.local/lib/python3.12/site-packages/airflow/example_dags/example_sensors.py
[2024-12-07T09:19:33.073+0000] {processor.py:925} INFO - DAG(s) 'example_sensors' retrieved from /home/airflow/.local/lib/python3.12/site-packages/airflow/example_dags/example_sensors.py
[2024-12-07T09:19:33.104+0000] {logging_mixin.py:190} INFO - [2024-12-07T09:19:33.103+0000] {dag.py:3239} INFO - Sync 1 DAGs
[2024-12-07T09:19:33.118+0000] {logging_mixin.py:190} INFO - [2024-12-07T09:19:33.118+0000] {dag.py:4180} INFO - Setting next_dagrun for example_sensors to None, run_after=None
[2024-12-07T09:19:33.130+0000] {processor.py:208} INFO - Processing /home/airflow/.local/lib/python3.12/site-packages/airflow/example_dags/example_sensors.py took 0.078 seconds
[2024-12-07T09:20:04.187+0000] {processor.py:186} INFO - Started process (PID=808) to work on /home/airflow/.local/lib/python3.12/site-packages/airflow/example_dags/example_sensors.py
[2024-12-07T09:20:04.187+0000] {processor.py:914} INFO - Processing file /home/airflow/.local/lib/python3.12/site-packages/airflow/example_dags/example_sensors.py for tasks to queue
[2024-12-07T09:20:04.189+0000] {logging_mixin.py:190} INFO - [2024-12-07T09:20:04.189+0000] {dagbag.py:588} INFO - Filling up the DagBag from /home/airflow/.local/lib/python3.12/site-packages/airflow/example_dags/example_sensors.py
[2024-12-07T09:20:04.197+0000] {processor.py:925} INFO - DAG(s) 'example_sensors' retrieved from /home/airflow/.local/lib/python3.12/site-packages/airflow/example_dags/example_sensors.py
[2024-12-07T09:20:04.216+0000] {logging_mixin.py:190} INFO - [2024-12-07T09:20:04.216+0000] {dag.py:3239} INFO - Sync 1 DAGs
[2024-12-07T09:20:04.227+0000] {logging_mixin.py:190} INFO - [2024-12-07T09:20:04.226+0000] {dag.py:4180} INFO - Setting next_dagrun for example_sensors to None, run_after=None
[2024-12-07T09:20:04.239+0000] {processor.py:208} INFO - Processing /home/airflow/.local/lib/python3.12/site-packages/airflow/example_dags/example_sensors.py took 0.057 seconds
[2024-12-07T09:20:35.617+0000] {processor.py:186} INFO - Started process (PID=872) to work on /home/airflow/.local/lib/python3.12/site-packages/airflow/example_dags/example_sensors.py
[2024-12-07T09:20:35.618+0000] {processor.py:914} INFO - Processing file /home/airflow/.local/lib/python3.12/site-packages/airflow/example_dags/example_sensors.py for tasks to queue
[2024-12-07T09:20:35.619+0000] {logging_mixin.py:190} INFO - [2024-12-07T09:20:35.619+0000] {dagbag.py:588} INFO - Filling up the DagBag from /home/airflow/.local/lib/python3.12/site-packages/airflow/example_dags/example_sensors.py
[2024-12-07T09:20:35.627+0000] {processor.py:925} INFO - DAG(s) 'example_sensors' retrieved from /home/airflow/.local/lib/python3.12/site-packages/airflow/example_dags/example_sensors.py
[2024-12-07T09:20:35.646+0000] {logging_mixin.py:190} INFO - [2024-12-07T09:20:35.646+0000] {dag.py:3239} INFO - Sync 1 DAGs
[2024-12-07T09:20:35.657+0000] {logging_mixin.py:190} INFO - [2024-12-07T09:20:35.657+0000] {dag.py:4180} INFO - Setting next_dagrun for example_sensors to None, run_after=None
[2024-12-07T09:20:35.669+0000] {processor.py:208} INFO - Processing /home/airflow/.local/lib/python3.12/site-packages/airflow/example_dags/example_sensors.py took 0.056 seconds
[2024-12-07T09:21:06.907+0000] {processor.py:186} INFO - Started process (PID=937) to work on /home/airflow/.local/lib/python3.12/site-packages/airflow/example_dags/example_sensors.py
[2024-12-07T09:21:06.908+0000] {processor.py:914} INFO - Processing file /home/airflow/.local/lib/python3.12/site-packages/airflow/example_dags/example_sensors.py for tasks to queue
[2024-12-07T09:21:06.910+0000] {logging_mixin.py:190} INFO - [2024-12-07T09:21:06.909+0000] {dagbag.py:588} INFO - Filling up the DagBag from /home/airflow/.local/lib/python3.12/site-packages/airflow/example_dags/example_sensors.py
[2024-12-07T09:21:06.918+0000] {processor.py:925} INFO - DAG(s) 'example_sensors' retrieved from /home/airflow/.local/lib/python3.12/site-packages/airflow/example_dags/example_sensors.py
[2024-12-07T09:21:06.937+0000] {logging_mixin.py:190} INFO - [2024-12-07T09:21:06.937+0000] {dag.py:3239} INFO - Sync 1 DAGs
[2024-12-07T09:21:06.947+0000] {logging_mixin.py:190} INFO - [2024-12-07T09:21:06.947+0000] {dag.py:4180} INFO - Setting next_dagrun for example_sensors to None, run_after=None
[2024-12-07T09:21:06.960+0000] {processor.py:208} INFO - Processing /home/airflow/.local/lib/python3.12/site-packages/airflow/example_dags/example_sensors.py took 0.057 seconds
[2024-12-07T09:21:38.357+0000] {processor.py:186} INFO - Started process (PID=1001) to work on /home/airflow/.local/lib/python3.12/site-packages/airflow/example_dags/example_sensors.py
[2024-12-07T09:21:38.357+0000] {processor.py:914} INFO - Processing file /home/airflow/.local/lib/python3.12/site-packages/airflow/example_dags/example_sensors.py for tasks to queue
[2024-12-07T09:21:38.359+0000] {logging_mixin.py:190} INFO - [2024-12-07T09:21:38.359+0000] {dagbag.py:588} INFO - Filling up the DagBag from /home/airflow/.local/lib/python3.12/site-packages/airflow/example_dags/example_sensors.py
[2024-12-07T09:21:38.367+0000] {processor.py:925} INFO - DAG(s) 'example_sensors' retrieved from /home/airflow/.local/lib/python3.12/site-packages/airflow/example_dags/example_sensors.py
[2024-12-07T09:21:38.386+0000] {logging_mixin.py:190} INFO - [2024-12-07T09:21:38.386+0000] {dag.py:3239} INFO - Sync 1 DAGs
[2024-12-07T09:21:38.396+0000] {logging_mixin.py:190} INFO - [2024-12-07T09:21:38.396+0000] {dag.py:4180} INFO - Setting next_dagrun for example_sensors to None, run_after=None
[2024-12-07T09:21:38.410+0000] {processor.py:208} INFO - Processing /home/airflow/.local/lib/python3.12/site-packages/airflow/example_dags/example_sensors.py took 0.057 seconds
[2024-12-07T09:22:09.149+0000] {processor.py:186} INFO - Started process (PID=1065) to work on /home/airflow/.local/lib/python3.12/site-packages/airflow/example_dags/example_sensors.py
[2024-12-07T09:22:09.150+0000] {processor.py:914} INFO - Processing file /home/airflow/.local/lib/python3.12/site-packages/airflow/example_dags/example_sensors.py for tasks to queue
[2024-12-07T09:22:09.151+0000] {logging_mixin.py:190} INFO - [2024-12-07T09:22:09.151+0000] {dagbag.py:588} INFO - Filling up the DagBag from /home/airflow/.local/lib/python3.12/site-packages/airflow/example_dags/example_sensors.py
[2024-12-07T09:22:09.159+0000] {processor.py:925} INFO - DAG(s) 'example_sensors' retrieved from /home/airflow/.local/lib/python3.12/site-packages/airflow/example_dags/example_sensors.py
[2024-12-07T09:22:09.178+0000] {logging_mixin.py:190} INFO - [2024-12-07T09:22:09.178+0000] {dag.py:3239} INFO - Sync 1 DAGs
[2024-12-07T09:22:09.189+0000] {logging_mixin.py:190} INFO - [2024-12-07T09:22:09.188+0000] {dag.py:4180} INFO - Setting next_dagrun for example_sensors to None, run_after=None
[2024-12-07T09:22:09.201+0000] {processor.py:208} INFO - Processing /home/airflow/.local/lib/python3.12/site-packages/airflow/example_dags/example_sensors.py took 0.056 seconds
[2024-12-07T09:22:40.178+0000] {processor.py:186} INFO - Started process (PID=1129) to work on /home/airflow/.local/lib/python3.12/site-packages/airflow/example_dags/example_sensors.py
[2024-12-07T09:22:40.179+0000] {processor.py:914} INFO - Processing file /home/airflow/.local/lib/python3.12/site-packages/airflow/example_dags/example_sensors.py for tasks to queue
[2024-12-07T09:22:40.180+0000] {logging_mixin.py:190} INFO - [2024-12-07T09:22:40.180+0000] {dagbag.py:588} INFO - Filling up the DagBag from /home/airflow/.local/lib/python3.12/site-packages/airflow/example_dags/example_sensors.py
[2024-12-07T09:22:40.188+0000] {processor.py:925} INFO - DAG(s) 'example_sensors' retrieved from /home/airflow/.local/lib/python3.12/site-packages/airflow/example_dags/example_sensors.py
[2024-12-07T09:22:40.214+0000] {logging_mixin.py:190} INFO - [2024-12-07T09:22:40.214+0000] {dag.py:3239} INFO - Sync 1 DAGs
[2024-12-07T09:22:40.229+0000] {logging_mixin.py:190} INFO - [2024-12-07T09:22:40.228+0000] {dag.py:4180} INFO - Setting next_dagrun for example_sensors to None, run_after=None
[2024-12-07T09:22:40.244+0000] {processor.py:208} INFO - Processing /home/airflow/.local/lib/python3.12/site-packages/airflow/example_dags/example_sensors.py took 0.070 seconds
[2024-12-07T09:23:11.634+0000] {processor.py:186} INFO - Started process (PID=1192) to work on /home/airflow/.local/lib/python3.12/site-packages/airflow/example_dags/example_sensors.py
[2024-12-07T09:23:11.635+0000] {processor.py:914} INFO - Processing file /home/airflow/.local/lib/python3.12/site-packages/airflow/example_dags/example_sensors.py for tasks to queue
[2024-12-07T09:23:11.637+0000] {logging_mixin.py:190} INFO - [2024-12-07T09:23:11.636+0000] {dagbag.py:588} INFO - Filling up the DagBag from /home/airflow/.local/lib/python3.12/site-packages/airflow/example_dags/example_sensors.py
[2024-12-07T09:23:11.645+0000] {processor.py:925} INFO - DAG(s) 'example_sensors' retrieved from /home/airflow/.local/lib/python3.12/site-packages/airflow/example_dags/example_sensors.py
[2024-12-07T09:23:11.667+0000] {logging_mixin.py:190} INFO - [2024-12-07T09:23:11.667+0000] {dag.py:3239} INFO - Sync 1 DAGs
[2024-12-07T09:23:11.679+0000] {logging_mixin.py:190} INFO - [2024-12-07T09:23:11.679+0000] {dag.py:4180} INFO - Setting next_dagrun for example_sensors to None, run_after=None
[2024-12-07T09:23:11.694+0000] {processor.py:208} INFO - Processing /home/airflow/.local/lib/python3.12/site-packages/airflow/example_dags/example_sensors.py took 0.066 seconds
[2024-12-07T09:23:43.284+0000] {processor.py:186} INFO - Started process (PID=1257) to work on /home/airflow/.local/lib/python3.12/site-packages/airflow/example_dags/example_sensors.py
[2024-12-07T09:23:43.284+0000] {processor.py:914} INFO - Processing file /home/airflow/.local/lib/python3.12/site-packages/airflow/example_dags/example_sensors.py for tasks to queue
[2024-12-07T09:23:43.286+0000] {logging_mixin.py:190} INFO - [2024-12-07T09:23:43.285+0000] {dagbag.py:588} INFO - Filling up the DagBag from /home/airflow/.local/lib/python3.12/site-packages/airflow/example_dags/example_sensors.py
[2024-12-07T09:23:43.294+0000] {processor.py:925} INFO - DAG(s) 'example_sensors' retrieved from /home/airflow/.local/lib/python3.12/site-packages/airflow/example_dags/example_sensors.py
[2024-12-07T09:23:43.313+0000] {logging_mixin.py:190} INFO - [2024-12-07T09:23:43.313+0000] {dag.py:3239} INFO - Sync 1 DAGs
[2024-12-07T09:23:43.323+0000] {logging_mixin.py:190} INFO - [2024-12-07T09:23:43.323+0000] {dag.py:4180} INFO - Setting next_dagrun for example_sensors to None, run_after=None
[2024-12-07T09:23:43.336+0000] {processor.py:208} INFO - Processing /home/airflow/.local/lib/python3.12/site-packages/airflow/example_dags/example_sensors.py took 0.056 seconds
[2024-12-07T09:24:14.209+0000] {processor.py:186} INFO - Started process (PID=1321) to work on /home/airflow/.local/lib/python3.12/site-packages/airflow/example_dags/example_sensors.py
[2024-12-07T09:24:14.210+0000] {processor.py:914} INFO - Processing file /home/airflow/.local/lib/python3.12/site-packages/airflow/example_dags/example_sensors.py for tasks to queue
[2024-12-07T09:24:14.212+0000] {logging_mixin.py:190} INFO - [2024-12-07T09:24:14.211+0000] {dagbag.py:588} INFO - Filling up the DagBag from /home/airflow/.local/lib/python3.12/site-packages/airflow/example_dags/example_sensors.py
[2024-12-07T09:24:14.220+0000] {processor.py:925} INFO - DAG(s) 'example_sensors' retrieved from /home/airflow/.local/lib/python3.12/site-packages/airflow/example_dags/example_sensors.py
[2024-12-07T09:24:14.239+0000] {logging_mixin.py:190} INFO - [2024-12-07T09:24:14.239+0000] {dag.py:3239} INFO - Sync 1 DAGs
[2024-12-07T09:24:14.250+0000] {logging_mixin.py:190} INFO - [2024-12-07T09:24:14.249+0000] {dag.py:4180} INFO - Setting next_dagrun for example_sensors to None, run_after=None
[2024-12-07T09:24:14.262+0000] {processor.py:208} INFO - Processing /home/airflow/.local/lib/python3.12/site-packages/airflow/example_dags/example_sensors.py took 0.057 seconds
[2024-12-07T09:24:45.443+0000] {processor.py:186} INFO - Started process (PID=1391) to work on /home/airflow/.local/lib/python3.12/site-packages/airflow/example_dags/example_sensors.py
[2024-12-07T09:24:45.444+0000] {processor.py:914} INFO - Processing file /home/airflow/.local/lib/python3.12/site-packages/airflow/example_dags/example_sensors.py for tasks to queue
[2024-12-07T09:24:45.445+0000] {logging_mixin.py:190} INFO - [2024-12-07T09:24:45.445+0000] {dagbag.py:588} INFO - Filling up the DagBag from /home/airflow/.local/lib/python3.12/site-packages/airflow/example_dags/example_sensors.py
[2024-12-07T09:24:45.456+0000] {processor.py:925} INFO - DAG(s) 'example_sensors' retrieved from /home/airflow/.local/lib/python3.12/site-packages/airflow/example_dags/example_sensors.py
[2024-12-07T09:24:45.478+0000] {logging_mixin.py:190} INFO - [2024-12-07T09:24:45.478+0000] {dag.py:3239} INFO - Sync 1 DAGs
[2024-12-07T09:24:45.489+0000] {logging_mixin.py:190} INFO - [2024-12-07T09:24:45.489+0000] {dag.py:4180} INFO - Setting next_dagrun for example_sensors to None, run_after=None
[2024-12-07T09:24:45.501+0000] {processor.py:208} INFO - Processing /home/airflow/.local/lib/python3.12/site-packages/airflow/example_dags/example_sensors.py took 0.062 seconds
[2024-12-07T09:25:17.195+0000] {processor.py:186} INFO - Started process (PID=1456) to work on /home/airflow/.local/lib/python3.12/site-packages/airflow/example_dags/example_sensors.py
[2024-12-07T09:25:17.196+0000] {processor.py:914} INFO - Processing file /home/airflow/.local/lib/python3.12/site-packages/airflow/example_dags/example_sensors.py for tasks to queue
[2024-12-07T09:25:17.197+0000] {logging_mixin.py:190} INFO - [2024-12-07T09:25:17.197+0000] {dagbag.py:588} INFO - Filling up the DagBag from /home/airflow/.local/lib/python3.12/site-packages/airflow/example_dags/example_sensors.py
[2024-12-07T09:25:17.205+0000] {processor.py:925} INFO - DAG(s) 'example_sensors' retrieved from /home/airflow/.local/lib/python3.12/site-packages/airflow/example_dags/example_sensors.py
[2024-12-07T09:25:17.226+0000] {logging_mixin.py:190} INFO - [2024-12-07T09:25:17.225+0000] {dag.py:3239} INFO - Sync 1 DAGs
[2024-12-07T09:25:17.240+0000] {logging_mixin.py:190} INFO - [2024-12-07T09:25:17.240+0000] {dag.py:4180} INFO - Setting next_dagrun for example_sensors to None, run_after=None
[2024-12-07T09:25:17.256+0000] {processor.py:208} INFO - Processing /home/airflow/.local/lib/python3.12/site-packages/airflow/example_dags/example_sensors.py took 0.065 seconds
[2024-12-07T09:25:48.128+0000] {processor.py:186} INFO - Started process (PID=1520) to work on /home/airflow/.local/lib/python3.12/site-packages/airflow/example_dags/example_sensors.py
[2024-12-07T09:25:48.129+0000] {processor.py:914} INFO - Processing file /home/airflow/.local/lib/python3.12/site-packages/airflow/example_dags/example_sensors.py for tasks to queue
[2024-12-07T09:25:48.130+0000] {logging_mixin.py:190} INFO - [2024-12-07T09:25:48.130+0000] {dagbag.py:588} INFO - Filling up the DagBag from /home/airflow/.local/lib/python3.12/site-packages/airflow/example_dags/example_sensors.py
[2024-12-07T09:25:48.138+0000] {processor.py:925} INFO - DAG(s) 'example_sensors' retrieved from /home/airflow/.local/lib/python3.12/site-packages/airflow/example_dags/example_sensors.py
[2024-12-07T09:25:48.158+0000] {logging_mixin.py:190} INFO - [2024-12-07T09:25:48.157+0000] {dag.py:3239} INFO - Sync 1 DAGs
[2024-12-07T09:25:48.168+0000] {logging_mixin.py:190} INFO - [2024-12-07T09:25:48.168+0000] {dag.py:4180} INFO - Setting next_dagrun for example_sensors to None, run_after=None
[2024-12-07T09:25:48.180+0000] {processor.py:208} INFO - Processing /home/airflow/.local/lib/python3.12/site-packages/airflow/example_dags/example_sensors.py took 0.057 seconds
