[2024-12-07T09:14:23.331+0000] {processor.py:186} INFO - Started process (PID=120) to work on /home/airflow/.local/lib/python3.12/site-packages/airflow/example_dags/example_branch_python_dop_operator_3.py
[2024-12-07T09:14:23.332+0000] {processor.py:914} INFO - Processing file /home/airflow/.local/lib/python3.12/site-packages/airflow/example_dags/example_branch_python_dop_operator_3.py for tasks to queue
[2024-12-07T09:14:23.334+0000] {logging_mixin.py:190} INFO - [2024-12-07T09:14:23.333+0000] {dagbag.py:588} INFO - Filling up the DagBag from /home/airflow/.local/lib/python3.12/site-packages/airflow/example_dags/example_branch_python_dop_operator_3.py
[2024-12-07T09:14:23.346+0000] {processor.py:925} INFO - DAG(s) 'example_branch_dop_operator_v3' retrieved from /home/airflow/.local/lib/python3.12/site-packages/airflow/example_dags/example_branch_python_dop_operator_3.py
[2024-12-07T09:14:23.467+0000] {logging_mixin.py:190} INFO - [2024-12-07T09:14:23.467+0000] {override.py:1911} INFO - Created Permission View: can edit on DAG:example_branch_dop_operator_v3
[2024-12-07T09:14:23.477+0000] {logging_mixin.py:190} INFO - [2024-12-07T09:14:23.477+0000] {override.py:1911} INFO - Created Permission View: can delete on DAG:example_branch_dop_operator_v3
[2024-12-07T09:14:23.483+0000] {logging_mixin.py:190} INFO - [2024-12-07T09:14:23.483+0000] {override.py:1911} INFO - Created Permission View: can read on DAG:example_branch_dop_operator_v3
[2024-12-07T09:14:23.491+0000] {logging_mixin.py:190} INFO - [2024-12-07T09:14:23.491+0000] {override.py:1911} INFO - Created Permission View: can create on DAG Run:example_branch_dop_operator_v3
[2024-12-07T09:14:23.497+0000] {logging_mixin.py:190} INFO - [2024-12-07T09:14:23.497+0000] {override.py:1911} INFO - Created Permission View: menu access on DAG Run:example_branch_dop_operator_v3
[2024-12-07T09:14:23.503+0000] {logging_mixin.py:190} INFO - [2024-12-07T09:14:23.502+0000] {override.py:1911} INFO - Created Permission View: can delete on DAG Run:example_branch_dop_operator_v3
[2024-12-07T09:14:23.508+0000] {logging_mixin.py:190} INFO - [2024-12-07T09:14:23.508+0000] {override.py:1911} INFO - Created Permission View: can read on DAG Run:example_branch_dop_operator_v3
[2024-12-07T09:14:23.508+0000] {logging_mixin.py:190} INFO - [2024-12-07T09:14:23.508+0000] {dag.py:3239} INFO - Sync 1 DAGs
[2024-12-07T09:14:23.524+0000] {logging_mixin.py:190} INFO - [2024-12-07T09:14:23.524+0000] {dag.py:3262} INFO - Creating ORM DAG for example_branch_dop_operator_v3
[2024-12-07T09:14:23.539+0000] {logging_mixin.py:190} INFO - [2024-12-07T09:14:23.539+0000] {dag.py:4180} INFO - Setting next_dagrun for example_branch_dop_operator_v3 to 2024-12-07 09:13:00+00:00, run_after=2024-12-07 09:14:00+00:00
[2024-12-07T09:14:23.554+0000] {processor.py:208} INFO - Processing /home/airflow/.local/lib/python3.12/site-packages/airflow/example_dags/example_branch_python_dop_operator_3.py took 0.229 seconds
[2024-12-07T09:14:54.175+0000] {processor.py:186} INFO - Started process (PID=182) to work on /home/airflow/.local/lib/python3.12/site-packages/airflow/example_dags/example_branch_python_dop_operator_3.py
[2024-12-07T09:14:54.175+0000] {processor.py:914} INFO - Processing file /home/airflow/.local/lib/python3.12/site-packages/airflow/example_dags/example_branch_python_dop_operator_3.py for tasks to queue
[2024-12-07T09:14:54.177+0000] {logging_mixin.py:190} INFO - [2024-12-07T09:14:54.177+0000] {dagbag.py:588} INFO - Filling up the DagBag from /home/airflow/.local/lib/python3.12/site-packages/airflow/example_dags/example_branch_python_dop_operator_3.py
[2024-12-07T09:14:54.185+0000] {processor.py:925} INFO - DAG(s) 'example_branch_dop_operator_v3' retrieved from /home/airflow/.local/lib/python3.12/site-packages/airflow/example_dags/example_branch_python_dop_operator_3.py
[2024-12-07T09:14:54.202+0000] {logging_mixin.py:190} INFO - [2024-12-07T09:14:54.202+0000] {dag.py:3239} INFO - Sync 1 DAGs
[2024-12-07T09:14:54.231+0000] {logging_mixin.py:190} INFO - [2024-12-07T09:14:54.230+0000] {dag.py:4180} INFO - Setting next_dagrun for example_branch_dop_operator_v3 to 2024-12-07 09:13:00+00:00, run_after=2024-12-07 09:14:00+00:00
[2024-12-07T09:14:54.247+0000] {processor.py:208} INFO - Processing /home/airflow/.local/lib/python3.12/site-packages/airflow/example_dags/example_branch_python_dop_operator_3.py took 0.076 seconds
[2024-12-07T09:15:24.441+0000] {processor.py:186} INFO - Started process (PID=244) to work on /home/airflow/.local/lib/python3.12/site-packages/airflow/example_dags/example_branch_python_dop_operator_3.py
[2024-12-07T09:15:24.441+0000] {processor.py:914} INFO - Processing file /home/airflow/.local/lib/python3.12/site-packages/airflow/example_dags/example_branch_python_dop_operator_3.py for tasks to queue
[2024-12-07T09:15:24.443+0000] {logging_mixin.py:190} INFO - [2024-12-07T09:15:24.442+0000] {dagbag.py:588} INFO - Filling up the DagBag from /home/airflow/.local/lib/python3.12/site-packages/airflow/example_dags/example_branch_python_dop_operator_3.py
[2024-12-07T09:15:24.450+0000] {processor.py:925} INFO - DAG(s) 'example_branch_dop_operator_v3' retrieved from /home/airflow/.local/lib/python3.12/site-packages/airflow/example_dags/example_branch_python_dop_operator_3.py
[2024-12-07T09:15:24.465+0000] {logging_mixin.py:190} INFO - [2024-12-07T09:15:24.464+0000] {dag.py:3239} INFO - Sync 1 DAGs
[2024-12-07T09:15:24.484+0000] {logging_mixin.py:190} INFO - [2024-12-07T09:15:24.484+0000] {dag.py:4180} INFO - Setting next_dagrun for example_branch_dop_operator_v3 to 2024-12-07 09:14:00+00:00, run_after=2024-12-07 09:15:00+00:00
[2024-12-07T09:15:24.496+0000] {processor.py:208} INFO - Processing /home/airflow/.local/lib/python3.12/site-packages/airflow/example_dags/example_branch_python_dop_operator_3.py took 0.060 seconds
[2024-12-07T09:15:55.299+0000] {processor.py:186} INFO - Started process (PID=307) to work on /home/airflow/.local/lib/python3.12/site-packages/airflow/example_dags/example_branch_python_dop_operator_3.py
[2024-12-07T09:15:55.300+0000] {processor.py:914} INFO - Processing file /home/airflow/.local/lib/python3.12/site-packages/airflow/example_dags/example_branch_python_dop_operator_3.py for tasks to queue
[2024-12-07T09:15:55.301+0000] {logging_mixin.py:190} INFO - [2024-12-07T09:15:55.301+0000] {dagbag.py:588} INFO - Filling up the DagBag from /home/airflow/.local/lib/python3.12/site-packages/airflow/example_dags/example_branch_python_dop_operator_3.py
[2024-12-07T09:15:55.309+0000] {processor.py:925} INFO - DAG(s) 'example_branch_dop_operator_v3' retrieved from /home/airflow/.local/lib/python3.12/site-packages/airflow/example_dags/example_branch_python_dop_operator_3.py
[2024-12-07T09:15:55.324+0000] {logging_mixin.py:190} INFO - [2024-12-07T09:15:55.323+0000] {dag.py:3239} INFO - Sync 1 DAGs
[2024-12-07T09:15:55.342+0000] {logging_mixin.py:190} INFO - [2024-12-07T09:15:55.342+0000] {dag.py:4180} INFO - Setting next_dagrun for example_branch_dop_operator_v3 to 2024-12-07 09:14:00+00:00, run_after=2024-12-07 09:15:00+00:00
[2024-12-07T09:15:55.355+0000] {processor.py:208} INFO - Processing /home/airflow/.local/lib/python3.12/site-packages/airflow/example_dags/example_branch_python_dop_operator_3.py took 0.060 seconds
[2024-12-07T09:16:26.261+0000] {processor.py:186} INFO - Started process (PID=370) to work on /home/airflow/.local/lib/python3.12/site-packages/airflow/example_dags/example_branch_python_dop_operator_3.py
[2024-12-07T09:16:26.261+0000] {processor.py:914} INFO - Processing file /home/airflow/.local/lib/python3.12/site-packages/airflow/example_dags/example_branch_python_dop_operator_3.py for tasks to queue
[2024-12-07T09:16:26.263+0000] {logging_mixin.py:190} INFO - [2024-12-07T09:16:26.263+0000] {dagbag.py:588} INFO - Filling up the DagBag from /home/airflow/.local/lib/python3.12/site-packages/airflow/example_dags/example_branch_python_dop_operator_3.py
[2024-12-07T09:16:26.271+0000] {processor.py:925} INFO - DAG(s) 'example_branch_dop_operator_v3' retrieved from /home/airflow/.local/lib/python3.12/site-packages/airflow/example_dags/example_branch_python_dop_operator_3.py
[2024-12-07T09:16:26.285+0000] {logging_mixin.py:190} INFO - [2024-12-07T09:16:26.285+0000] {dag.py:3239} INFO - Sync 1 DAGs
[2024-12-07T09:16:26.306+0000] {logging_mixin.py:190} INFO - [2024-12-07T09:16:26.306+0000] {dag.py:4180} INFO - Setting next_dagrun for example_branch_dop_operator_v3 to 2024-12-07 09:15:00+00:00, run_after=2024-12-07 09:16:00+00:00
[2024-12-07T09:16:26.320+0000] {processor.py:208} INFO - Processing /home/airflow/.local/lib/python3.12/site-packages/airflow/example_dags/example_branch_python_dop_operator_3.py took 0.064 seconds
[2024-12-07T09:16:56.557+0000] {processor.py:186} INFO - Started process (PID=433) to work on /home/airflow/.local/lib/python3.12/site-packages/airflow/example_dags/example_branch_python_dop_operator_3.py
[2024-12-07T09:16:56.557+0000] {processor.py:914} INFO - Processing file /home/airflow/.local/lib/python3.12/site-packages/airflow/example_dags/example_branch_python_dop_operator_3.py for tasks to queue
[2024-12-07T09:16:56.559+0000] {logging_mixin.py:190} INFO - [2024-12-07T09:16:56.559+0000] {dagbag.py:588} INFO - Filling up the DagBag from /home/airflow/.local/lib/python3.12/site-packages/airflow/example_dags/example_branch_python_dop_operator_3.py
[2024-12-07T09:16:56.567+0000] {processor.py:925} INFO - DAG(s) 'example_branch_dop_operator_v3' retrieved from /home/airflow/.local/lib/python3.12/site-packages/airflow/example_dags/example_branch_python_dop_operator_3.py
[2024-12-07T09:16:56.581+0000] {logging_mixin.py:190} INFO - [2024-12-07T09:16:56.581+0000] {dag.py:3239} INFO - Sync 1 DAGs
[2024-12-07T09:16:56.600+0000] {logging_mixin.py:190} INFO - [2024-12-07T09:16:56.600+0000] {dag.py:4180} INFO - Setting next_dagrun for example_branch_dop_operator_v3 to 2024-12-07 09:15:00+00:00, run_after=2024-12-07 09:16:00+00:00
[2024-12-07T09:16:56.613+0000] {processor.py:208} INFO - Processing /home/airflow/.local/lib/python3.12/site-packages/airflow/example_dags/example_branch_python_dop_operator_3.py took 0.060 seconds
[2024-12-07T09:17:28.412+0000] {processor.py:186} INFO - Started process (PID=497) to work on /home/airflow/.local/lib/python3.12/site-packages/airflow/example_dags/example_branch_python_dop_operator_3.py
[2024-12-07T09:17:28.413+0000] {processor.py:914} INFO - Processing file /home/airflow/.local/lib/python3.12/site-packages/airflow/example_dags/example_branch_python_dop_operator_3.py for tasks to queue
[2024-12-07T09:17:28.414+0000] {logging_mixin.py:190} INFO - [2024-12-07T09:17:28.414+0000] {dagbag.py:588} INFO - Filling up the DagBag from /home/airflow/.local/lib/python3.12/site-packages/airflow/example_dags/example_branch_python_dop_operator_3.py
[2024-12-07T09:17:28.423+0000] {processor.py:925} INFO - DAG(s) 'example_branch_dop_operator_v3' retrieved from /home/airflow/.local/lib/python3.12/site-packages/airflow/example_dags/example_branch_python_dop_operator_3.py
[2024-12-07T09:17:28.440+0000] {logging_mixin.py:190} INFO - [2024-12-07T09:17:28.440+0000] {dag.py:3239} INFO - Sync 1 DAGs
[2024-12-07T09:17:28.467+0000] {logging_mixin.py:190} INFO - [2024-12-07T09:17:28.466+0000] {dag.py:4180} INFO - Setting next_dagrun for example_branch_dop_operator_v3 to 2024-12-07 09:16:00+00:00, run_after=2024-12-07 09:17:00+00:00
[2024-12-07T09:17:28.481+0000] {processor.py:208} INFO - Processing /home/airflow/.local/lib/python3.12/site-packages/airflow/example_dags/example_branch_python_dop_operator_3.py took 0.074 seconds
[2024-12-07T09:17:59.603+0000] {processor.py:186} INFO - Started process (PID=561) to work on /home/airflow/.local/lib/python3.12/site-packages/airflow/example_dags/example_branch_python_dop_operator_3.py
[2024-12-07T09:17:59.603+0000] {processor.py:914} INFO - Processing file /home/airflow/.local/lib/python3.12/site-packages/airflow/example_dags/example_branch_python_dop_operator_3.py for tasks to queue
[2024-12-07T09:17:59.605+0000] {logging_mixin.py:190} INFO - [2024-12-07T09:17:59.605+0000] {dagbag.py:588} INFO - Filling up the DagBag from /home/airflow/.local/lib/python3.12/site-packages/airflow/example_dags/example_branch_python_dop_operator_3.py
[2024-12-07T09:17:59.628+0000] {processor.py:925} INFO - DAG(s) 'example_branch_dop_operator_v3' retrieved from /home/airflow/.local/lib/python3.12/site-packages/airflow/example_dags/example_branch_python_dop_operator_3.py
[2024-12-07T09:17:59.649+0000] {logging_mixin.py:190} INFO - [2024-12-07T09:17:59.649+0000] {dag.py:3239} INFO - Sync 1 DAGs
[2024-12-07T09:17:59.694+0000] {logging_mixin.py:190} INFO - [2024-12-07T09:17:59.694+0000] {dag.py:4180} INFO - Setting next_dagrun for example_branch_dop_operator_v3 to 2024-12-07 09:16:00+00:00, run_after=2024-12-07 09:17:00+00:00
[2024-12-07T09:17:59.712+0000] {processor.py:208} INFO - Processing /home/airflow/.local/lib/python3.12/site-packages/airflow/example_dags/example_branch_python_dop_operator_3.py took 0.118 seconds
[2024-12-07T09:18:31.187+0000] {processor.py:186} INFO - Started process (PID=624) to work on /home/airflow/.local/lib/python3.12/site-packages/airflow/example_dags/example_branch_python_dop_operator_3.py
[2024-12-07T09:18:31.187+0000] {processor.py:914} INFO - Processing file /home/airflow/.local/lib/python3.12/site-packages/airflow/example_dags/example_branch_python_dop_operator_3.py for tasks to queue
[2024-12-07T09:18:31.189+0000] {logging_mixin.py:190} INFO - [2024-12-07T09:18:31.188+0000] {dagbag.py:588} INFO - Filling up the DagBag from /home/airflow/.local/lib/python3.12/site-packages/airflow/example_dags/example_branch_python_dop_operator_3.py
[2024-12-07T09:18:31.196+0000] {processor.py:925} INFO - DAG(s) 'example_branch_dop_operator_v3' retrieved from /home/airflow/.local/lib/python3.12/site-packages/airflow/example_dags/example_branch_python_dop_operator_3.py
[2024-12-07T09:18:31.212+0000] {logging_mixin.py:190} INFO - [2024-12-07T09:18:31.212+0000] {dag.py:3239} INFO - Sync 1 DAGs
[2024-12-07T09:18:31.231+0000] {logging_mixin.py:190} INFO - [2024-12-07T09:18:31.231+0000] {dag.py:4180} INFO - Setting next_dagrun for example_branch_dop_operator_v3 to 2024-12-07 09:17:00+00:00, run_after=2024-12-07 09:18:00+00:00
[2024-12-07T09:18:31.243+0000] {processor.py:208} INFO - Processing /home/airflow/.local/lib/python3.12/site-packages/airflow/example_dags/example_branch_python_dop_operator_3.py took 0.061 seconds
[2024-12-07T09:19:02.788+0000] {processor.py:186} INFO - Started process (PID=687) to work on /home/airflow/.local/lib/python3.12/site-packages/airflow/example_dags/example_branch_python_dop_operator_3.py
[2024-12-07T09:19:02.789+0000] {processor.py:914} INFO - Processing file /home/airflow/.local/lib/python3.12/site-packages/airflow/example_dags/example_branch_python_dop_operator_3.py for tasks to queue
[2024-12-07T09:19:02.791+0000] {logging_mixin.py:190} INFO - [2024-12-07T09:19:02.790+0000] {dagbag.py:588} INFO - Filling up the DagBag from /home/airflow/.local/lib/python3.12/site-packages/airflow/example_dags/example_branch_python_dop_operator_3.py
[2024-12-07T09:19:02.798+0000] {processor.py:925} INFO - DAG(s) 'example_branch_dop_operator_v3' retrieved from /home/airflow/.local/lib/python3.12/site-packages/airflow/example_dags/example_branch_python_dop_operator_3.py
[2024-12-07T09:19:02.813+0000] {logging_mixin.py:190} INFO - [2024-12-07T09:19:02.813+0000] {dag.py:3239} INFO - Sync 1 DAGs
[2024-12-07T09:19:02.832+0000] {logging_mixin.py:190} INFO - [2024-12-07T09:19:02.832+0000] {dag.py:4180} INFO - Setting next_dagrun for example_branch_dop_operator_v3 to 2024-12-07 09:18:00+00:00, run_after=2024-12-07 09:19:00+00:00
[2024-12-07T09:19:02.844+0000] {processor.py:208} INFO - Processing /home/airflow/.local/lib/python3.12/site-packages/airflow/example_dags/example_branch_python_dop_operator_3.py took 0.060 seconds
[2024-12-07T09:19:33.791+0000] {processor.py:186} INFO - Started process (PID=752) to work on /home/airflow/.local/lib/python3.12/site-packages/airflow/example_dags/example_branch_python_dop_operator_3.py
[2024-12-07T09:19:33.792+0000] {processor.py:914} INFO - Processing file /home/airflow/.local/lib/python3.12/site-packages/airflow/example_dags/example_branch_python_dop_operator_3.py for tasks to queue
[2024-12-07T09:19:33.794+0000] {logging_mixin.py:190} INFO - [2024-12-07T09:19:33.794+0000] {dagbag.py:588} INFO - Filling up the DagBag from /home/airflow/.local/lib/python3.12/site-packages/airflow/example_dags/example_branch_python_dop_operator_3.py
[2024-12-07T09:19:33.805+0000] {processor.py:925} INFO - DAG(s) 'example_branch_dop_operator_v3' retrieved from /home/airflow/.local/lib/python3.12/site-packages/airflow/example_dags/example_branch_python_dop_operator_3.py
[2024-12-07T09:19:33.821+0000] {logging_mixin.py:190} INFO - [2024-12-07T09:19:33.821+0000] {dag.py:3239} INFO - Sync 1 DAGs
[2024-12-07T09:19:33.842+0000] {logging_mixin.py:190} INFO - [2024-12-07T09:19:33.842+0000] {dag.py:4180} INFO - Setting next_dagrun for example_branch_dop_operator_v3 to 2024-12-07 09:18:00+00:00, run_after=2024-12-07 09:19:00+00:00
[2024-12-07T09:19:33.857+0000] {processor.py:208} INFO - Processing /home/airflow/.local/lib/python3.12/site-packages/airflow/example_dags/example_branch_python_dop_operator_3.py took 0.071 seconds
[2024-12-07T09:20:04.964+0000] {processor.py:186} INFO - Started process (PID=816) to work on /home/airflow/.local/lib/python3.12/site-packages/airflow/example_dags/example_branch_python_dop_operator_3.py
[2024-12-07T09:20:04.965+0000] {processor.py:914} INFO - Processing file /home/airflow/.local/lib/python3.12/site-packages/airflow/example_dags/example_branch_python_dop_operator_3.py for tasks to queue
[2024-12-07T09:20:04.966+0000] {logging_mixin.py:190} INFO - [2024-12-07T09:20:04.966+0000] {dagbag.py:588} INFO - Filling up the DagBag from /home/airflow/.local/lib/python3.12/site-packages/airflow/example_dags/example_branch_python_dop_operator_3.py
[2024-12-07T09:20:04.975+0000] {processor.py:925} INFO - DAG(s) 'example_branch_dop_operator_v3' retrieved from /home/airflow/.local/lib/python3.12/site-packages/airflow/example_dags/example_branch_python_dop_operator_3.py
[2024-12-07T09:20:04.994+0000] {logging_mixin.py:190} INFO - [2024-12-07T09:20:04.994+0000] {dag.py:3239} INFO - Sync 1 DAGs
[2024-12-07T09:20:05.023+0000] {logging_mixin.py:190} INFO - [2024-12-07T09:20:05.023+0000] {dag.py:4180} INFO - Setting next_dagrun for example_branch_dop_operator_v3 to 2024-12-07 09:19:00+00:00, run_after=2024-12-07 09:20:00+00:00
[2024-12-07T09:20:05.042+0000] {processor.py:208} INFO - Processing /home/airflow/.local/lib/python3.12/site-packages/airflow/example_dags/example_branch_python_dop_operator_3.py took 0.083 seconds
[2024-12-07T09:20:36.323+0000] {processor.py:186} INFO - Started process (PID=881) to work on /home/airflow/.local/lib/python3.12/site-packages/airflow/example_dags/example_branch_python_dop_operator_3.py
[2024-12-07T09:20:36.323+0000] {processor.py:914} INFO - Processing file /home/airflow/.local/lib/python3.12/site-packages/airflow/example_dags/example_branch_python_dop_operator_3.py for tasks to queue
[2024-12-07T09:20:36.325+0000] {logging_mixin.py:190} INFO - [2024-12-07T09:20:36.325+0000] {dagbag.py:588} INFO - Filling up the DagBag from /home/airflow/.local/lib/python3.12/site-packages/airflow/example_dags/example_branch_python_dop_operator_3.py
[2024-12-07T09:20:36.335+0000] {processor.py:925} INFO - DAG(s) 'example_branch_dop_operator_v3' retrieved from /home/airflow/.local/lib/python3.12/site-packages/airflow/example_dags/example_branch_python_dop_operator_3.py
[2024-12-07T09:20:36.351+0000] {logging_mixin.py:190} INFO - [2024-12-07T09:20:36.351+0000] {dag.py:3239} INFO - Sync 1 DAGs
[2024-12-07T09:20:36.373+0000] {logging_mixin.py:190} INFO - [2024-12-07T09:20:36.373+0000] {dag.py:4180} INFO - Setting next_dagrun for example_branch_dop_operator_v3 to 2024-12-07 09:19:00+00:00, run_after=2024-12-07 09:20:00+00:00
[2024-12-07T09:20:36.386+0000] {processor.py:208} INFO - Processing /home/airflow/.local/lib/python3.12/site-packages/airflow/example_dags/example_branch_python_dop_operator_3.py took 0.068 seconds
[2024-12-07T09:21:07.559+0000] {processor.py:186} INFO - Started process (PID=945) to work on /home/airflow/.local/lib/python3.12/site-packages/airflow/example_dags/example_branch_python_dop_operator_3.py
[2024-12-07T09:21:07.560+0000] {processor.py:914} INFO - Processing file /home/airflow/.local/lib/python3.12/site-packages/airflow/example_dags/example_branch_python_dop_operator_3.py for tasks to queue
[2024-12-07T09:21:07.561+0000] {logging_mixin.py:190} INFO - [2024-12-07T09:21:07.561+0000] {dagbag.py:588} INFO - Filling up the DagBag from /home/airflow/.local/lib/python3.12/site-packages/airflow/example_dags/example_branch_python_dop_operator_3.py
[2024-12-07T09:21:07.569+0000] {processor.py:925} INFO - DAG(s) 'example_branch_dop_operator_v3' retrieved from /home/airflow/.local/lib/python3.12/site-packages/airflow/example_dags/example_branch_python_dop_operator_3.py
[2024-12-07T09:21:07.583+0000] {logging_mixin.py:190} INFO - [2024-12-07T09:21:07.583+0000] {dag.py:3239} INFO - Sync 1 DAGs
[2024-12-07T09:21:07.602+0000] {logging_mixin.py:190} INFO - [2024-12-07T09:21:07.602+0000] {dag.py:4180} INFO - Setting next_dagrun for example_branch_dop_operator_v3 to 2024-12-07 09:20:00+00:00, run_after=2024-12-07 09:21:00+00:00
[2024-12-07T09:21:07.615+0000] {processor.py:208} INFO - Processing /home/airflow/.local/lib/python3.12/site-packages/airflow/example_dags/example_branch_python_dop_operator_3.py took 0.060 seconds
[2024-12-07T09:21:38.864+0000] {processor.py:186} INFO - Started process (PID=1009) to work on /home/airflow/.local/lib/python3.12/site-packages/airflow/example_dags/example_branch_python_dop_operator_3.py
[2024-12-07T09:21:38.864+0000] {processor.py:914} INFO - Processing file /home/airflow/.local/lib/python3.12/site-packages/airflow/example_dags/example_branch_python_dop_operator_3.py for tasks to queue
[2024-12-07T09:21:38.866+0000] {logging_mixin.py:190} INFO - [2024-12-07T09:21:38.866+0000] {dagbag.py:588} INFO - Filling up the DagBag from /home/airflow/.local/lib/python3.12/site-packages/airflow/example_dags/example_branch_python_dop_operator_3.py
[2024-12-07T09:21:38.874+0000] {processor.py:925} INFO - DAG(s) 'example_branch_dop_operator_v3' retrieved from /home/airflow/.local/lib/python3.12/site-packages/airflow/example_dags/example_branch_python_dop_operator_3.py
[2024-12-07T09:21:38.890+0000] {logging_mixin.py:190} INFO - [2024-12-07T09:21:38.890+0000] {dag.py:3239} INFO - Sync 1 DAGs
[2024-12-07T09:21:38.914+0000] {logging_mixin.py:190} INFO - [2024-12-07T09:21:38.914+0000] {dag.py:4180} INFO - Setting next_dagrun for example_branch_dop_operator_v3 to 2024-12-07 09:20:00+00:00, run_after=2024-12-07 09:21:00+00:00
[2024-12-07T09:21:38.928+0000] {processor.py:208} INFO - Processing /home/airflow/.local/lib/python3.12/site-packages/airflow/example_dags/example_branch_python_dop_operator_3.py took 0.068 seconds
[2024-12-07T09:22:09.798+0000] {processor.py:186} INFO - Started process (PID=1073) to work on /home/airflow/.local/lib/python3.12/site-packages/airflow/example_dags/example_branch_python_dop_operator_3.py
[2024-12-07T09:22:09.798+0000] {processor.py:914} INFO - Processing file /home/airflow/.local/lib/python3.12/site-packages/airflow/example_dags/example_branch_python_dop_operator_3.py for tasks to queue
[2024-12-07T09:22:09.800+0000] {logging_mixin.py:190} INFO - [2024-12-07T09:22:09.800+0000] {dagbag.py:588} INFO - Filling up the DagBag from /home/airflow/.local/lib/python3.12/site-packages/airflow/example_dags/example_branch_python_dop_operator_3.py
[2024-12-07T09:22:09.808+0000] {processor.py:925} INFO - DAG(s) 'example_branch_dop_operator_v3' retrieved from /home/airflow/.local/lib/python3.12/site-packages/airflow/example_dags/example_branch_python_dop_operator_3.py
[2024-12-07T09:22:09.825+0000] {logging_mixin.py:190} INFO - [2024-12-07T09:22:09.825+0000] {dag.py:3239} INFO - Sync 1 DAGs
[2024-12-07T09:22:09.848+0000] {logging_mixin.py:190} INFO - [2024-12-07T09:22:09.848+0000] {dag.py:4180} INFO - Setting next_dagrun for example_branch_dop_operator_v3 to 2024-12-07 09:21:00+00:00, run_after=2024-12-07 09:22:00+00:00
[2024-12-07T09:22:09.865+0000] {processor.py:208} INFO - Processing /home/airflow/.local/lib/python3.12/site-packages/airflow/example_dags/example_branch_python_dop_operator_3.py took 0.071 seconds
[2024-12-07T09:22:40.770+0000] {processor.py:186} INFO - Started process (PID=1137) to work on /home/airflow/.local/lib/python3.12/site-packages/airflow/example_dags/example_branch_python_dop_operator_3.py
[2024-12-07T09:22:40.770+0000] {processor.py:914} INFO - Processing file /home/airflow/.local/lib/python3.12/site-packages/airflow/example_dags/example_branch_python_dop_operator_3.py for tasks to queue
[2024-12-07T09:22:40.772+0000] {logging_mixin.py:190} INFO - [2024-12-07T09:22:40.772+0000] {dagbag.py:588} INFO - Filling up the DagBag from /home/airflow/.local/lib/python3.12/site-packages/airflow/example_dags/example_branch_python_dop_operator_3.py
[2024-12-07T09:22:40.780+0000] {processor.py:925} INFO - DAG(s) 'example_branch_dop_operator_v3' retrieved from /home/airflow/.local/lib/python3.12/site-packages/airflow/example_dags/example_branch_python_dop_operator_3.py
[2024-12-07T09:22:40.796+0000] {logging_mixin.py:190} INFO - [2024-12-07T09:22:40.795+0000] {dag.py:3239} INFO - Sync 1 DAGs
[2024-12-07T09:22:40.818+0000] {logging_mixin.py:190} INFO - [2024-12-07T09:22:40.817+0000] {dag.py:4180} INFO - Setting next_dagrun for example_branch_dop_operator_v3 to 2024-12-07 09:21:00+00:00, run_after=2024-12-07 09:22:00+00:00
[2024-12-07T09:22:40.831+0000] {processor.py:208} INFO - Processing /home/airflow/.local/lib/python3.12/site-packages/airflow/example_dags/example_branch_python_dop_operator_3.py took 0.065 seconds
[2024-12-07T09:23:12.373+0000] {processor.py:186} INFO - Started process (PID=1201) to work on /home/airflow/.local/lib/python3.12/site-packages/airflow/example_dags/example_branch_python_dop_operator_3.py
[2024-12-07T09:23:12.374+0000] {processor.py:914} INFO - Processing file /home/airflow/.local/lib/python3.12/site-packages/airflow/example_dags/example_branch_python_dop_operator_3.py for tasks to queue
[2024-12-07T09:23:12.375+0000] {logging_mixin.py:190} INFO - [2024-12-07T09:23:12.375+0000] {dagbag.py:588} INFO - Filling up the DagBag from /home/airflow/.local/lib/python3.12/site-packages/airflow/example_dags/example_branch_python_dop_operator_3.py
[2024-12-07T09:23:12.384+0000] {processor.py:925} INFO - DAG(s) 'example_branch_dop_operator_v3' retrieved from /home/airflow/.local/lib/python3.12/site-packages/airflow/example_dags/example_branch_python_dop_operator_3.py
[2024-12-07T09:23:12.399+0000] {logging_mixin.py:190} INFO - [2024-12-07T09:23:12.398+0000] {dag.py:3239} INFO - Sync 1 DAGs
[2024-12-07T09:23:12.419+0000] {logging_mixin.py:190} INFO - [2024-12-07T09:23:12.419+0000] {dag.py:4180} INFO - Setting next_dagrun for example_branch_dop_operator_v3 to 2024-12-07 09:22:00+00:00, run_after=2024-12-07 09:23:00+00:00
[2024-12-07T09:23:12.432+0000] {processor.py:208} INFO - Processing /home/airflow/.local/lib/python3.12/site-packages/airflow/example_dags/example_branch_python_dop_operator_3.py took 0.065 seconds
[2024-12-07T09:23:43.751+0000] {processor.py:186} INFO - Started process (PID=1265) to work on /home/airflow/.local/lib/python3.12/site-packages/airflow/example_dags/example_branch_python_dop_operator_3.py
[2024-12-07T09:23:43.751+0000] {processor.py:914} INFO - Processing file /home/airflow/.local/lib/python3.12/site-packages/airflow/example_dags/example_branch_python_dop_operator_3.py for tasks to queue
[2024-12-07T09:23:43.753+0000] {logging_mixin.py:190} INFO - [2024-12-07T09:23:43.753+0000] {dagbag.py:588} INFO - Filling up the DagBag from /home/airflow/.local/lib/python3.12/site-packages/airflow/example_dags/example_branch_python_dop_operator_3.py
[2024-12-07T09:23:43.761+0000] {processor.py:925} INFO - DAG(s) 'example_branch_dop_operator_v3' retrieved from /home/airflow/.local/lib/python3.12/site-packages/airflow/example_dags/example_branch_python_dop_operator_3.py
[2024-12-07T09:23:43.775+0000] {logging_mixin.py:190} INFO - [2024-12-07T09:23:43.775+0000] {dag.py:3239} INFO - Sync 1 DAGs
[2024-12-07T09:23:43.794+0000] {logging_mixin.py:190} INFO - [2024-12-07T09:23:43.794+0000] {dag.py:4180} INFO - Setting next_dagrun for example_branch_dop_operator_v3 to 2024-12-07 09:22:00+00:00, run_after=2024-12-07 09:23:00+00:00
[2024-12-07T09:23:43.806+0000] {processor.py:208} INFO - Processing /home/airflow/.local/lib/python3.12/site-packages/airflow/example_dags/example_branch_python_dop_operator_3.py took 0.060 seconds
[2024-12-07T09:24:14.914+0000] {processor.py:186} INFO - Started process (PID=1335) to work on /home/airflow/.local/lib/python3.12/site-packages/airflow/example_dags/example_branch_python_dop_operator_3.py
[2024-12-07T09:24:14.915+0000] {processor.py:914} INFO - Processing file /home/airflow/.local/lib/python3.12/site-packages/airflow/example_dags/example_branch_python_dop_operator_3.py for tasks to queue
[2024-12-07T09:24:14.917+0000] {logging_mixin.py:190} INFO - [2024-12-07T09:24:14.917+0000] {dagbag.py:588} INFO - Filling up the DagBag from /home/airflow/.local/lib/python3.12/site-packages/airflow/example_dags/example_branch_python_dop_operator_3.py
[2024-12-07T09:24:14.927+0000] {processor.py:925} INFO - DAG(s) 'example_branch_dop_operator_v3' retrieved from /home/airflow/.local/lib/python3.12/site-packages/airflow/example_dags/example_branch_python_dop_operator_3.py
[2024-12-07T09:24:14.948+0000] {logging_mixin.py:190} INFO - [2024-12-07T09:24:14.948+0000] {dag.py:3239} INFO - Sync 1 DAGs
[2024-12-07T09:24:14.981+0000] {logging_mixin.py:190} INFO - [2024-12-07T09:24:14.981+0000] {dag.py:4180} INFO - Setting next_dagrun for example_branch_dop_operator_v3 to 2024-12-07 09:23:00+00:00, run_after=2024-12-07 09:24:00+00:00
[2024-12-07T09:24:15.000+0000] {processor.py:208} INFO - Processing /home/airflow/.local/lib/python3.12/site-packages/airflow/example_dags/example_branch_python_dop_operator_3.py took 0.092 seconds
[2024-12-07T09:24:46.092+0000] {processor.py:186} INFO - Started process (PID=1399) to work on /home/airflow/.local/lib/python3.12/site-packages/airflow/example_dags/example_branch_python_dop_operator_3.py
[2024-12-07T09:24:46.092+0000] {processor.py:914} INFO - Processing file /home/airflow/.local/lib/python3.12/site-packages/airflow/example_dags/example_branch_python_dop_operator_3.py for tasks to queue
[2024-12-07T09:24:46.094+0000] {logging_mixin.py:190} INFO - [2024-12-07T09:24:46.094+0000] {dagbag.py:588} INFO - Filling up the DagBag from /home/airflow/.local/lib/python3.12/site-packages/airflow/example_dags/example_branch_python_dop_operator_3.py
[2024-12-07T09:24:46.102+0000] {processor.py:925} INFO - DAG(s) 'example_branch_dop_operator_v3' retrieved from /home/airflow/.local/lib/python3.12/site-packages/airflow/example_dags/example_branch_python_dop_operator_3.py
[2024-12-07T09:24:46.117+0000] {logging_mixin.py:190} INFO - [2024-12-07T09:24:46.117+0000] {dag.py:3239} INFO - Sync 1 DAGs
[2024-12-07T09:24:46.141+0000] {logging_mixin.py:190} INFO - [2024-12-07T09:24:46.141+0000] {dag.py:4180} INFO - Setting next_dagrun for example_branch_dop_operator_v3 to 2024-12-07 09:23:00+00:00, run_after=2024-12-07 09:24:00+00:00
[2024-12-07T09:24:46.153+0000] {processor.py:208} INFO - Processing /home/airflow/.local/lib/python3.12/site-packages/airflow/example_dags/example_branch_python_dop_operator_3.py took 0.066 seconds
[2024-12-07T09:25:17.705+0000] {processor.py:186} INFO - Started process (PID=1464) to work on /home/airflow/.local/lib/python3.12/site-packages/airflow/example_dags/example_branch_python_dop_operator_3.py
[2024-12-07T09:25:17.705+0000] {processor.py:914} INFO - Processing file /home/airflow/.local/lib/python3.12/site-packages/airflow/example_dags/example_branch_python_dop_operator_3.py for tasks to queue
[2024-12-07T09:25:17.707+0000] {logging_mixin.py:190} INFO - [2024-12-07T09:25:17.707+0000] {dagbag.py:588} INFO - Filling up the DagBag from /home/airflow/.local/lib/python3.12/site-packages/airflow/example_dags/example_branch_python_dop_operator_3.py
[2024-12-07T09:25:17.715+0000] {processor.py:925} INFO - DAG(s) 'example_branch_dop_operator_v3' retrieved from /home/airflow/.local/lib/python3.12/site-packages/airflow/example_dags/example_branch_python_dop_operator_3.py
[2024-12-07T09:25:17.733+0000] {logging_mixin.py:190} INFO - [2024-12-07T09:25:17.733+0000] {dag.py:3239} INFO - Sync 1 DAGs
[2024-12-07T09:25:17.762+0000] {logging_mixin.py:190} INFO - [2024-12-07T09:25:17.762+0000] {dag.py:4180} INFO - Setting next_dagrun for example_branch_dop_operator_v3 to 2024-12-07 09:24:00+00:00, run_after=2024-12-07 09:25:00+00:00
[2024-12-07T09:25:17.776+0000] {processor.py:208} INFO - Processing /home/airflow/.local/lib/python3.12/site-packages/airflow/example_dags/example_branch_python_dop_operator_3.py took 0.076 seconds
[2024-12-07T09:25:48.819+0000] {processor.py:186} INFO - Started process (PID=1528) to work on /home/airflow/.local/lib/python3.12/site-packages/airflow/example_dags/example_branch_python_dop_operator_3.py
[2024-12-07T09:25:48.820+0000] {processor.py:914} INFO - Processing file /home/airflow/.local/lib/python3.12/site-packages/airflow/example_dags/example_branch_python_dop_operator_3.py for tasks to queue
[2024-12-07T09:25:48.822+0000] {logging_mixin.py:190} INFO - [2024-12-07T09:25:48.821+0000] {dagbag.py:588} INFO - Filling up the DagBag from /home/airflow/.local/lib/python3.12/site-packages/airflow/example_dags/example_branch_python_dop_operator_3.py
[2024-12-07T09:25:48.830+0000] {processor.py:925} INFO - DAG(s) 'example_branch_dop_operator_v3' retrieved from /home/airflow/.local/lib/python3.12/site-packages/airflow/example_dags/example_branch_python_dop_operator_3.py
[2024-12-07T09:25:48.845+0000] {logging_mixin.py:190} INFO - [2024-12-07T09:25:48.845+0000] {dag.py:3239} INFO - Sync 1 DAGs
[2024-12-07T09:25:48.867+0000] {logging_mixin.py:190} INFO - [2024-12-07T09:25:48.867+0000] {dag.py:4180} INFO - Setting next_dagrun for example_branch_dop_operator_v3 to 2024-12-07 09:24:00+00:00, run_after=2024-12-07 09:25:00+00:00
[2024-12-07T09:25:48.880+0000] {processor.py:208} INFO - Processing /home/airflow/.local/lib/python3.12/site-packages/airflow/example_dags/example_branch_python_dop_operator_3.py took 0.065 seconds
