[2024-12-07T09:14:14.980+0000] {processor.py:186} INFO - Started process (PID=85) to work on /home/airflow/.local/lib/python3.12/site-packages/airflow/example_dags/example_task_group_decorator.py
[2024-12-07T09:14:14.980+0000] {processor.py:914} INFO - Processing file /home/airflow/.local/lib/python3.12/site-packages/airflow/example_dags/example_task_group_decorator.py for tasks to queue
[2024-12-07T09:14:14.983+0000] {logging_mixin.py:190} INFO - [2024-12-07T09:14:14.982+0000] {dagbag.py:588} INFO - Filling up the DagBag from /home/airflow/.local/lib/python3.12/site-packages/airflow/example_dags/example_task_group_decorator.py
[2024-12-07T09:14:15.002+0000] {processor.py:925} INFO - DAG(s) 'example_task_group_decorator' retrieved from /home/airflow/.local/lib/python3.12/site-packages/airflow/example_dags/example_task_group_decorator.py
[2024-12-07T09:14:15.285+0000] {logging_mixin.py:190} INFO - [2024-12-07T09:14:15.284+0000] {override.py:1911} INFO - Created Permission View: can edit on DAG:example_task_group_decorator
[2024-12-07T09:14:15.690+0000] {logging_mixin.py:190} INFO - [2024-12-07T09:14:15.690+0000] {override.py:1911} INFO - Created Permission View: can delete on DAG:example_task_group_decorator
[2024-12-07T09:14:15.757+0000] {logging_mixin.py:190} INFO - [2024-12-07T09:14:15.757+0000] {override.py:1911} INFO - Created Permission View: can read on DAG:example_task_group_decorator
[2024-12-07T09:14:16.049+0000] {logging_mixin.py:190} INFO - [2024-12-07T09:14:16.049+0000] {override.py:1911} INFO - Created Permission View: can create on DAG Run:example_task_group_decorator
[2024-12-07T09:14:16.065+0000] {logging_mixin.py:190} INFO - [2024-12-07T09:14:16.064+0000] {override.py:1911} INFO - Created Permission View: menu access on DAG Run:example_task_group_decorator
[2024-12-07T09:14:16.087+0000] {logging_mixin.py:190} INFO - [2024-12-07T09:14:16.087+0000] {override.py:1911} INFO - Created Permission View: can delete on DAG Run:example_task_group_decorator
[2024-12-07T09:14:16.175+0000] {logging_mixin.py:190} INFO - [2024-12-07T09:14:16.175+0000] {override.py:1911} INFO - Created Permission View: can read on DAG Run:example_task_group_decorator
[2024-12-07T09:14:16.176+0000] {logging_mixin.py:190} INFO - [2024-12-07T09:14:16.176+0000] {dag.py:3239} INFO - Sync 1 DAGs
[2024-12-07T09:14:16.195+0000] {logging_mixin.py:190} INFO - [2024-12-07T09:14:16.195+0000] {dag.py:3262} INFO - Creating ORM DAG for example_task_group_decorator
[2024-12-07T09:14:16.196+0000] {logging_mixin.py:190} INFO - [2024-12-07T09:14:16.196+0000] {dag.py:4180} INFO - Setting next_dagrun for example_task_group_decorator to None, run_after=None
[2024-12-07T09:14:16.233+0000] {processor.py:208} INFO - Processing /home/airflow/.local/lib/python3.12/site-packages/airflow/example_dags/example_task_group_decorator.py took 1.259 seconds
[2024-12-07T09:14:46.707+0000] {processor.py:186} INFO - Started process (PID=148) to work on /home/airflow/.local/lib/python3.12/site-packages/airflow/example_dags/example_task_group_decorator.py
[2024-12-07T09:14:46.708+0000] {processor.py:914} INFO - Processing file /home/airflow/.local/lib/python3.12/site-packages/airflow/example_dags/example_task_group_decorator.py for tasks to queue
[2024-12-07T09:14:46.709+0000] {logging_mixin.py:190} INFO - [2024-12-07T09:14:46.709+0000] {dagbag.py:588} INFO - Filling up the DagBag from /home/airflow/.local/lib/python3.12/site-packages/airflow/example_dags/example_task_group_decorator.py
[2024-12-07T09:14:46.722+0000] {processor.py:925} INFO - DAG(s) 'example_task_group_decorator' retrieved from /home/airflow/.local/lib/python3.12/site-packages/airflow/example_dags/example_task_group_decorator.py
[2024-12-07T09:14:46.741+0000] {logging_mixin.py:190} INFO - [2024-12-07T09:14:46.741+0000] {dag.py:3239} INFO - Sync 1 DAGs
[2024-12-07T09:14:46.753+0000] {logging_mixin.py:190} INFO - [2024-12-07T09:14:46.753+0000] {dag.py:4180} INFO - Setting next_dagrun for example_task_group_decorator to None, run_after=None
[2024-12-07T09:14:46.768+0000] {processor.py:208} INFO - Processing /home/airflow/.local/lib/python3.12/site-packages/airflow/example_dags/example_task_group_decorator.py took 0.065 seconds
[2024-12-07T09:15:16.856+0000] {processor.py:186} INFO - Started process (PID=211) to work on /home/airflow/.local/lib/python3.12/site-packages/airflow/example_dags/example_task_group_decorator.py
[2024-12-07T09:15:16.856+0000] {processor.py:914} INFO - Processing file /home/airflow/.local/lib/python3.12/site-packages/airflow/example_dags/example_task_group_decorator.py for tasks to queue
[2024-12-07T09:15:16.858+0000] {logging_mixin.py:190} INFO - [2024-12-07T09:15:16.858+0000] {dagbag.py:588} INFO - Filling up the DagBag from /home/airflow/.local/lib/python3.12/site-packages/airflow/example_dags/example_task_group_decorator.py
[2024-12-07T09:15:16.876+0000] {processor.py:925} INFO - DAG(s) 'example_task_group_decorator' retrieved from /home/airflow/.local/lib/python3.12/site-packages/airflow/example_dags/example_task_group_decorator.py
[2024-12-07T09:15:16.903+0000] {logging_mixin.py:190} INFO - [2024-12-07T09:15:16.903+0000] {dag.py:3239} INFO - Sync 1 DAGs
[2024-12-07T09:15:16.919+0000] {logging_mixin.py:190} INFO - [2024-12-07T09:15:16.918+0000] {dag.py:4180} INFO - Setting next_dagrun for example_task_group_decorator to None, run_after=None
[2024-12-07T09:15:16.934+0000] {processor.py:208} INFO - Processing /home/airflow/.local/lib/python3.12/site-packages/airflow/example_dags/example_task_group_decorator.py took 0.082 seconds
[2024-12-07T09:15:47.057+0000] {processor.py:186} INFO - Started process (PID=274) to work on /home/airflow/.local/lib/python3.12/site-packages/airflow/example_dags/example_task_group_decorator.py
[2024-12-07T09:15:47.058+0000] {processor.py:914} INFO - Processing file /home/airflow/.local/lib/python3.12/site-packages/airflow/example_dags/example_task_group_decorator.py for tasks to queue
[2024-12-07T09:15:47.059+0000] {logging_mixin.py:190} INFO - [2024-12-07T09:15:47.059+0000] {dagbag.py:588} INFO - Filling up the DagBag from /home/airflow/.local/lib/python3.12/site-packages/airflow/example_dags/example_task_group_decorator.py
[2024-12-07T09:15:47.071+0000] {processor.py:925} INFO - DAG(s) 'example_task_group_decorator' retrieved from /home/airflow/.local/lib/python3.12/site-packages/airflow/example_dags/example_task_group_decorator.py
[2024-12-07T09:15:47.090+0000] {logging_mixin.py:190} INFO - [2024-12-07T09:15:47.090+0000] {dag.py:3239} INFO - Sync 1 DAGs
[2024-12-07T09:15:47.100+0000] {logging_mixin.py:190} INFO - [2024-12-07T09:15:47.100+0000] {dag.py:4180} INFO - Setting next_dagrun for example_task_group_decorator to None, run_after=None
[2024-12-07T09:15:47.114+0000] {processor.py:208} INFO - Processing /home/airflow/.local/lib/python3.12/site-packages/airflow/example_dags/example_task_group_decorator.py took 0.061 seconds
[2024-12-07T09:16:17.952+0000] {processor.py:186} INFO - Started process (PID=337) to work on /home/airflow/.local/lib/python3.12/site-packages/airflow/example_dags/example_task_group_decorator.py
[2024-12-07T09:16:17.953+0000] {processor.py:914} INFO - Processing file /home/airflow/.local/lib/python3.12/site-packages/airflow/example_dags/example_task_group_decorator.py for tasks to queue
[2024-12-07T09:16:17.954+0000] {logging_mixin.py:190} INFO - [2024-12-07T09:16:17.954+0000] {dagbag.py:588} INFO - Filling up the DagBag from /home/airflow/.local/lib/python3.12/site-packages/airflow/example_dags/example_task_group_decorator.py
[2024-12-07T09:16:17.966+0000] {processor.py:925} INFO - DAG(s) 'example_task_group_decorator' retrieved from /home/airflow/.local/lib/python3.12/site-packages/airflow/example_dags/example_task_group_decorator.py
[2024-12-07T09:16:17.992+0000] {logging_mixin.py:190} INFO - [2024-12-07T09:16:17.992+0000] {dag.py:3239} INFO - Sync 1 DAGs
[2024-12-07T09:16:18.005+0000] {logging_mixin.py:190} INFO - [2024-12-07T09:16:18.005+0000] {dag.py:4180} INFO - Setting next_dagrun for example_task_group_decorator to None, run_after=None
[2024-12-07T09:16:18.020+0000] {processor.py:208} INFO - Processing /home/airflow/.local/lib/python3.12/site-packages/airflow/example_dags/example_task_group_decorator.py took 0.072 seconds
[2024-12-07T09:16:48.222+0000] {processor.py:186} INFO - Started process (PID=401) to work on /home/airflow/.local/lib/python3.12/site-packages/airflow/example_dags/example_task_group_decorator.py
[2024-12-07T09:16:48.223+0000] {processor.py:914} INFO - Processing file /home/airflow/.local/lib/python3.12/site-packages/airflow/example_dags/example_task_group_decorator.py for tasks to queue
[2024-12-07T09:16:48.225+0000] {logging_mixin.py:190} INFO - [2024-12-07T09:16:48.224+0000] {dagbag.py:588} INFO - Filling up the DagBag from /home/airflow/.local/lib/python3.12/site-packages/airflow/example_dags/example_task_group_decorator.py
[2024-12-07T09:16:48.242+0000] {processor.py:925} INFO - DAG(s) 'example_task_group_decorator' retrieved from /home/airflow/.local/lib/python3.12/site-packages/airflow/example_dags/example_task_group_decorator.py
[2024-12-07T09:16:48.271+0000] {logging_mixin.py:190} INFO - [2024-12-07T09:16:48.271+0000] {dag.py:3239} INFO - Sync 1 DAGs
[2024-12-07T09:16:48.285+0000] {logging_mixin.py:190} INFO - [2024-12-07T09:16:48.285+0000] {dag.py:4180} INFO - Setting next_dagrun for example_task_group_decorator to None, run_after=None
[2024-12-07T09:16:48.301+0000] {processor.py:208} INFO - Processing /home/airflow/.local/lib/python3.12/site-packages/airflow/example_dags/example_task_group_decorator.py took 0.084 seconds
[2024-12-07T09:17:18.699+0000] {processor.py:186} INFO - Started process (PID=464) to work on /home/airflow/.local/lib/python3.12/site-packages/airflow/example_dags/example_task_group_decorator.py
[2024-12-07T09:17:18.699+0000] {processor.py:914} INFO - Processing file /home/airflow/.local/lib/python3.12/site-packages/airflow/example_dags/example_task_group_decorator.py for tasks to queue
[2024-12-07T09:17:18.701+0000] {logging_mixin.py:190} INFO - [2024-12-07T09:17:18.701+0000] {dagbag.py:588} INFO - Filling up the DagBag from /home/airflow/.local/lib/python3.12/site-packages/airflow/example_dags/example_task_group_decorator.py
[2024-12-07T09:17:18.712+0000] {processor.py:925} INFO - DAG(s) 'example_task_group_decorator' retrieved from /home/airflow/.local/lib/python3.12/site-packages/airflow/example_dags/example_task_group_decorator.py
[2024-12-07T09:17:18.731+0000] {logging_mixin.py:190} INFO - [2024-12-07T09:17:18.731+0000] {dag.py:3239} INFO - Sync 1 DAGs
[2024-12-07T09:17:18.742+0000] {logging_mixin.py:190} INFO - [2024-12-07T09:17:18.741+0000] {dag.py:4180} INFO - Setting next_dagrun for example_task_group_decorator to None, run_after=None
[2024-12-07T09:17:18.755+0000] {processor.py:208} INFO - Processing /home/airflow/.local/lib/python3.12/site-packages/airflow/example_dags/example_task_group_decorator.py took 0.061 seconds
[2024-12-07T09:17:48.991+0000] {processor.py:186} INFO - Started process (PID=528) to work on /home/airflow/.local/lib/python3.12/site-packages/airflow/example_dags/example_task_group_decorator.py
[2024-12-07T09:17:48.992+0000] {processor.py:914} INFO - Processing file /home/airflow/.local/lib/python3.12/site-packages/airflow/example_dags/example_task_group_decorator.py for tasks to queue
[2024-12-07T09:17:48.994+0000] {logging_mixin.py:190} INFO - [2024-12-07T09:17:48.993+0000] {dagbag.py:588} INFO - Filling up the DagBag from /home/airflow/.local/lib/python3.12/site-packages/airflow/example_dags/example_task_group_decorator.py
[2024-12-07T09:17:49.007+0000] {processor.py:925} INFO - DAG(s) 'example_task_group_decorator' retrieved from /home/airflow/.local/lib/python3.12/site-packages/airflow/example_dags/example_task_group_decorator.py
[2024-12-07T09:17:49.034+0000] {logging_mixin.py:190} INFO - [2024-12-07T09:17:49.033+0000] {dag.py:3239} INFO - Sync 1 DAGs
[2024-12-07T09:17:49.046+0000] {logging_mixin.py:190} INFO - [2024-12-07T09:17:49.046+0000] {dag.py:4180} INFO - Setting next_dagrun for example_task_group_decorator to None, run_after=None
[2024-12-07T09:17:49.061+0000] {processor.py:208} INFO - Processing /home/airflow/.local/lib/python3.12/site-packages/airflow/example_dags/example_task_group_decorator.py took 0.076 seconds
[2024-12-07T09:18:19.312+0000] {processor.py:186} INFO - Started process (PID=591) to work on /home/airflow/.local/lib/python3.12/site-packages/airflow/example_dags/example_task_group_decorator.py
[2024-12-07T09:18:19.313+0000] {processor.py:914} INFO - Processing file /home/airflow/.local/lib/python3.12/site-packages/airflow/example_dags/example_task_group_decorator.py for tasks to queue
[2024-12-07T09:18:19.315+0000] {logging_mixin.py:190} INFO - [2024-12-07T09:18:19.314+0000] {dagbag.py:588} INFO - Filling up the DagBag from /home/airflow/.local/lib/python3.12/site-packages/airflow/example_dags/example_task_group_decorator.py
[2024-12-07T09:18:19.327+0000] {processor.py:925} INFO - DAG(s) 'example_task_group_decorator' retrieved from /home/airflow/.local/lib/python3.12/site-packages/airflow/example_dags/example_task_group_decorator.py
[2024-12-07T09:18:19.346+0000] {logging_mixin.py:190} INFO - [2024-12-07T09:18:19.346+0000] {dag.py:3239} INFO - Sync 1 DAGs
[2024-12-07T09:18:19.358+0000] {logging_mixin.py:190} INFO - [2024-12-07T09:18:19.358+0000] {dag.py:4180} INFO - Setting next_dagrun for example_task_group_decorator to None, run_after=None
[2024-12-07T09:18:19.373+0000] {processor.py:208} INFO - Processing /home/airflow/.local/lib/python3.12/site-packages/airflow/example_dags/example_task_group_decorator.py took 0.064 seconds
[2024-12-07T09:18:49.807+0000] {processor.py:186} INFO - Started process (PID=654) to work on /home/airflow/.local/lib/python3.12/site-packages/airflow/example_dags/example_task_group_decorator.py
[2024-12-07T09:18:49.808+0000] {processor.py:914} INFO - Processing file /home/airflow/.local/lib/python3.12/site-packages/airflow/example_dags/example_task_group_decorator.py for tasks to queue
[2024-12-07T09:18:49.809+0000] {logging_mixin.py:190} INFO - [2024-12-07T09:18:49.809+0000] {dagbag.py:588} INFO - Filling up the DagBag from /home/airflow/.local/lib/python3.12/site-packages/airflow/example_dags/example_task_group_decorator.py
[2024-12-07T09:18:49.821+0000] {processor.py:925} INFO - DAG(s) 'example_task_group_decorator' retrieved from /home/airflow/.local/lib/python3.12/site-packages/airflow/example_dags/example_task_group_decorator.py
[2024-12-07T09:18:49.840+0000] {logging_mixin.py:190} INFO - [2024-12-07T09:18:49.840+0000] {dag.py:3239} INFO - Sync 1 DAGs
[2024-12-07T09:18:49.850+0000] {logging_mixin.py:190} INFO - [2024-12-07T09:18:49.850+0000] {dag.py:4180} INFO - Setting next_dagrun for example_task_group_decorator to None, run_after=None
[2024-12-07T09:18:49.864+0000] {processor.py:208} INFO - Processing /home/airflow/.local/lib/python3.12/site-packages/airflow/example_dags/example_task_group_decorator.py took 0.061 seconds
[2024-12-07T09:19:20.740+0000] {processor.py:186} INFO - Started process (PID=719) to work on /home/airflow/.local/lib/python3.12/site-packages/airflow/example_dags/example_task_group_decorator.py
[2024-12-07T09:19:20.741+0000] {processor.py:914} INFO - Processing file /home/airflow/.local/lib/python3.12/site-packages/airflow/example_dags/example_task_group_decorator.py for tasks to queue
[2024-12-07T09:19:20.743+0000] {logging_mixin.py:190} INFO - [2024-12-07T09:19:20.742+0000] {dagbag.py:588} INFO - Filling up the DagBag from /home/airflow/.local/lib/python3.12/site-packages/airflow/example_dags/example_task_group_decorator.py
[2024-12-07T09:19:20.760+0000] {processor.py:925} INFO - DAG(s) 'example_task_group_decorator' retrieved from /home/airflow/.local/lib/python3.12/site-packages/airflow/example_dags/example_task_group_decorator.py
[2024-12-07T09:19:20.787+0000] {logging_mixin.py:190} INFO - [2024-12-07T09:19:20.787+0000] {dag.py:3239} INFO - Sync 1 DAGs
[2024-12-07T09:19:20.802+0000] {logging_mixin.py:190} INFO - [2024-12-07T09:19:20.802+0000] {dag.py:4180} INFO - Setting next_dagrun for example_task_group_decorator to None, run_after=None
[2024-12-07T09:19:20.821+0000] {processor.py:208} INFO - Processing /home/airflow/.local/lib/python3.12/site-packages/airflow/example_dags/example_task_group_decorator.py took 0.085 seconds
[2024-12-07T09:19:51.334+0000] {processor.py:186} INFO - Started process (PID=783) to work on /home/airflow/.local/lib/python3.12/site-packages/airflow/example_dags/example_task_group_decorator.py
[2024-12-07T09:19:51.334+0000] {processor.py:914} INFO - Processing file /home/airflow/.local/lib/python3.12/site-packages/airflow/example_dags/example_task_group_decorator.py for tasks to queue
[2024-12-07T09:19:51.336+0000] {logging_mixin.py:190} INFO - [2024-12-07T09:19:51.336+0000] {dagbag.py:588} INFO - Filling up the DagBag from /home/airflow/.local/lib/python3.12/site-packages/airflow/example_dags/example_task_group_decorator.py
[2024-12-07T09:19:51.348+0000] {processor.py:925} INFO - DAG(s) 'example_task_group_decorator' retrieved from /home/airflow/.local/lib/python3.12/site-packages/airflow/example_dags/example_task_group_decorator.py
[2024-12-07T09:19:51.367+0000] {logging_mixin.py:190} INFO - [2024-12-07T09:19:51.367+0000] {dag.py:3239} INFO - Sync 1 DAGs
[2024-12-07T09:19:51.379+0000] {logging_mixin.py:190} INFO - [2024-12-07T09:19:51.379+0000] {dag.py:4180} INFO - Setting next_dagrun for example_task_group_decorator to None, run_after=None
[2024-12-07T09:19:51.393+0000] {processor.py:208} INFO - Processing /home/airflow/.local/lib/python3.12/site-packages/airflow/example_dags/example_task_group_decorator.py took 0.063 seconds
[2024-12-07T09:20:21.767+0000] {processor.py:186} INFO - Started process (PID=848) to work on /home/airflow/.local/lib/python3.12/site-packages/airflow/example_dags/example_task_group_decorator.py
[2024-12-07T09:20:21.768+0000] {processor.py:914} INFO - Processing file /home/airflow/.local/lib/python3.12/site-packages/airflow/example_dags/example_task_group_decorator.py for tasks to queue
[2024-12-07T09:20:21.770+0000] {logging_mixin.py:190} INFO - [2024-12-07T09:20:21.770+0000] {dagbag.py:588} INFO - Filling up the DagBag from /home/airflow/.local/lib/python3.12/site-packages/airflow/example_dags/example_task_group_decorator.py
[2024-12-07T09:20:21.787+0000] {processor.py:925} INFO - DAG(s) 'example_task_group_decorator' retrieved from /home/airflow/.local/lib/python3.12/site-packages/airflow/example_dags/example_task_group_decorator.py
[2024-12-07T09:20:21.807+0000] {logging_mixin.py:190} INFO - [2024-12-07T09:20:21.807+0000] {dag.py:3239} INFO - Sync 1 DAGs
[2024-12-07T09:20:21.819+0000] {logging_mixin.py:190} INFO - [2024-12-07T09:20:21.819+0000] {dag.py:4180} INFO - Setting next_dagrun for example_task_group_decorator to None, run_after=None
[2024-12-07T09:20:21.832+0000] {processor.py:208} INFO - Processing /home/airflow/.local/lib/python3.12/site-packages/airflow/example_dags/example_task_group_decorator.py took 0.070 seconds
[2024-12-07T09:20:51.904+0000] {processor.py:186} INFO - Started process (PID=912) to work on /home/airflow/.local/lib/python3.12/site-packages/airflow/example_dags/example_task_group_decorator.py
[2024-12-07T09:20:51.904+0000] {processor.py:914} INFO - Processing file /home/airflow/.local/lib/python3.12/site-packages/airflow/example_dags/example_task_group_decorator.py for tasks to queue
[2024-12-07T09:20:51.906+0000] {logging_mixin.py:190} INFO - [2024-12-07T09:20:51.906+0000] {dagbag.py:588} INFO - Filling up the DagBag from /home/airflow/.local/lib/python3.12/site-packages/airflow/example_dags/example_task_group_decorator.py
[2024-12-07T09:20:51.918+0000] {processor.py:925} INFO - DAG(s) 'example_task_group_decorator' retrieved from /home/airflow/.local/lib/python3.12/site-packages/airflow/example_dags/example_task_group_decorator.py
[2024-12-07T09:20:51.937+0000] {logging_mixin.py:190} INFO - [2024-12-07T09:20:51.937+0000] {dag.py:3239} INFO - Sync 1 DAGs
[2024-12-07T09:20:51.949+0000] {logging_mixin.py:190} INFO - [2024-12-07T09:20:51.949+0000] {dag.py:4180} INFO - Setting next_dagrun for example_task_group_decorator to None, run_after=None
[2024-12-07T09:20:51.963+0000] {processor.py:208} INFO - Processing /home/airflow/.local/lib/python3.12/site-packages/airflow/example_dags/example_task_group_decorator.py took 0.064 seconds
[2024-12-07T09:21:22.039+0000] {processor.py:186} INFO - Started process (PID=976) to work on /home/airflow/.local/lib/python3.12/site-packages/airflow/example_dags/example_task_group_decorator.py
[2024-12-07T09:21:22.039+0000] {processor.py:914} INFO - Processing file /home/airflow/.local/lib/python3.12/site-packages/airflow/example_dags/example_task_group_decorator.py for tasks to queue
[2024-12-07T09:21:22.041+0000] {logging_mixin.py:190} INFO - [2024-12-07T09:21:22.041+0000] {dagbag.py:588} INFO - Filling up the DagBag from /home/airflow/.local/lib/python3.12/site-packages/airflow/example_dags/example_task_group_decorator.py
[2024-12-07T09:21:22.053+0000] {processor.py:925} INFO - DAG(s) 'example_task_group_decorator' retrieved from /home/airflow/.local/lib/python3.12/site-packages/airflow/example_dags/example_task_group_decorator.py
[2024-12-07T09:21:22.079+0000] {logging_mixin.py:190} INFO - [2024-12-07T09:21:22.079+0000] {dag.py:3239} INFO - Sync 1 DAGs
[2024-12-07T09:21:22.093+0000] {logging_mixin.py:190} INFO - [2024-12-07T09:21:22.093+0000] {dag.py:4180} INFO - Setting next_dagrun for example_task_group_decorator to None, run_after=None
[2024-12-07T09:21:22.108+0000] {processor.py:208} INFO - Processing /home/airflow/.local/lib/python3.12/site-packages/airflow/example_dags/example_task_group_decorator.py took 0.074 seconds
[2024-12-07T09:21:52.375+0000] {processor.py:186} INFO - Started process (PID=1040) to work on /home/airflow/.local/lib/python3.12/site-packages/airflow/example_dags/example_task_group_decorator.py
[2024-12-07T09:21:52.375+0000] {processor.py:914} INFO - Processing file /home/airflow/.local/lib/python3.12/site-packages/airflow/example_dags/example_task_group_decorator.py for tasks to queue
[2024-12-07T09:21:52.377+0000] {logging_mixin.py:190} INFO - [2024-12-07T09:21:52.377+0000] {dagbag.py:588} INFO - Filling up the DagBag from /home/airflow/.local/lib/python3.12/site-packages/airflow/example_dags/example_task_group_decorator.py
[2024-12-07T09:21:52.389+0000] {processor.py:925} INFO - DAG(s) 'example_task_group_decorator' retrieved from /home/airflow/.local/lib/python3.12/site-packages/airflow/example_dags/example_task_group_decorator.py
[2024-12-07T09:21:52.407+0000] {logging_mixin.py:190} INFO - [2024-12-07T09:21:52.407+0000] {dag.py:3239} INFO - Sync 1 DAGs
[2024-12-07T09:21:52.418+0000] {logging_mixin.py:190} INFO - [2024-12-07T09:21:52.418+0000] {dag.py:4180} INFO - Setting next_dagrun for example_task_group_decorator to None, run_after=None
[2024-12-07T09:21:52.431+0000] {processor.py:208} INFO - Processing /home/airflow/.local/lib/python3.12/site-packages/airflow/example_dags/example_task_group_decorator.py took 0.062 seconds
[2024-12-07T09:22:23.363+0000] {processor.py:186} INFO - Started process (PID=1104) to work on /home/airflow/.local/lib/python3.12/site-packages/airflow/example_dags/example_task_group_decorator.py
[2024-12-07T09:22:23.364+0000] {processor.py:914} INFO - Processing file /home/airflow/.local/lib/python3.12/site-packages/airflow/example_dags/example_task_group_decorator.py for tasks to queue
[2024-12-07T09:22:23.366+0000] {logging_mixin.py:190} INFO - [2024-12-07T09:22:23.365+0000] {dagbag.py:588} INFO - Filling up the DagBag from /home/airflow/.local/lib/python3.12/site-packages/airflow/example_dags/example_task_group_decorator.py
[2024-12-07T09:22:23.377+0000] {processor.py:925} INFO - DAG(s) 'example_task_group_decorator' retrieved from /home/airflow/.local/lib/python3.12/site-packages/airflow/example_dags/example_task_group_decorator.py
[2024-12-07T09:22:23.399+0000] {logging_mixin.py:190} INFO - [2024-12-07T09:22:23.399+0000] {dag.py:3239} INFO - Sync 1 DAGs
[2024-12-07T09:22:23.414+0000] {logging_mixin.py:190} INFO - [2024-12-07T09:22:23.414+0000] {dag.py:4180} INFO - Setting next_dagrun for example_task_group_decorator to None, run_after=None
[2024-12-07T09:22:23.430+0000] {processor.py:208} INFO - Processing /home/airflow/.local/lib/python3.12/site-packages/airflow/example_dags/example_task_group_decorator.py took 0.071 seconds
[2024-12-07T09:22:53.789+0000] {processor.py:186} INFO - Started process (PID=1168) to work on /home/airflow/.local/lib/python3.12/site-packages/airflow/example_dags/example_task_group_decorator.py
[2024-12-07T09:22:53.790+0000] {processor.py:914} INFO - Processing file /home/airflow/.local/lib/python3.12/site-packages/airflow/example_dags/example_task_group_decorator.py for tasks to queue
[2024-12-07T09:22:53.792+0000] {logging_mixin.py:190} INFO - [2024-12-07T09:22:53.792+0000] {dagbag.py:588} INFO - Filling up the DagBag from /home/airflow/.local/lib/python3.12/site-packages/airflow/example_dags/example_task_group_decorator.py
[2024-12-07T09:22:53.818+0000] {processor.py:925} INFO - DAG(s) 'example_task_group_decorator' retrieved from /home/airflow/.local/lib/python3.12/site-packages/airflow/example_dags/example_task_group_decorator.py
[2024-12-07T09:22:53.854+0000] {logging_mixin.py:190} INFO - [2024-12-07T09:22:53.854+0000] {dag.py:3239} INFO - Sync 1 DAGs
[2024-12-07T09:22:53.883+0000] {logging_mixin.py:190} INFO - [2024-12-07T09:22:53.883+0000] {dag.py:4180} INFO - Setting next_dagrun for example_task_group_decorator to None, run_after=None
[2024-12-07T09:22:53.901+0000] {processor.py:208} INFO - Processing /home/airflow/.local/lib/python3.12/site-packages/airflow/example_dags/example_task_group_decorator.py took 0.117 seconds
[2024-12-07T09:23:24.002+0000] {processor.py:186} INFO - Started process (PID=1232) to work on /home/airflow/.local/lib/python3.12/site-packages/airflow/example_dags/example_task_group_decorator.py
[2024-12-07T09:23:24.003+0000] {processor.py:914} INFO - Processing file /home/airflow/.local/lib/python3.12/site-packages/airflow/example_dags/example_task_group_decorator.py for tasks to queue
[2024-12-07T09:23:24.005+0000] {logging_mixin.py:190} INFO - [2024-12-07T09:23:24.005+0000] {dagbag.py:588} INFO - Filling up the DagBag from /home/airflow/.local/lib/python3.12/site-packages/airflow/example_dags/example_task_group_decorator.py
[2024-12-07T09:23:24.017+0000] {processor.py:925} INFO - DAG(s) 'example_task_group_decorator' retrieved from /home/airflow/.local/lib/python3.12/site-packages/airflow/example_dags/example_task_group_decorator.py
[2024-12-07T09:23:24.038+0000] {logging_mixin.py:190} INFO - [2024-12-07T09:23:24.037+0000] {dag.py:3239} INFO - Sync 1 DAGs
[2024-12-07T09:23:24.050+0000] {logging_mixin.py:190} INFO - [2024-12-07T09:23:24.050+0000] {dag.py:4180} INFO - Setting next_dagrun for example_task_group_decorator to None, run_after=None
[2024-12-07T09:23:24.065+0000] {processor.py:208} INFO - Processing /home/airflow/.local/lib/python3.12/site-packages/airflow/example_dags/example_task_group_decorator.py took 0.067 seconds
[2024-12-07T09:23:54.222+0000] {processor.py:186} INFO - Started process (PID=1296) to work on /home/airflow/.local/lib/python3.12/site-packages/airflow/example_dags/example_task_group_decorator.py
[2024-12-07T09:23:54.222+0000] {processor.py:914} INFO - Processing file /home/airflow/.local/lib/python3.12/site-packages/airflow/example_dags/example_task_group_decorator.py for tasks to queue
[2024-12-07T09:23:54.224+0000] {logging_mixin.py:190} INFO - [2024-12-07T09:23:54.224+0000] {dagbag.py:588} INFO - Filling up the DagBag from /home/airflow/.local/lib/python3.12/site-packages/airflow/example_dags/example_task_group_decorator.py
[2024-12-07T09:23:54.236+0000] {processor.py:925} INFO - DAG(s) 'example_task_group_decorator' retrieved from /home/airflow/.local/lib/python3.12/site-packages/airflow/example_dags/example_task_group_decorator.py
[2024-12-07T09:23:54.257+0000] {logging_mixin.py:190} INFO - [2024-12-07T09:23:54.257+0000] {dag.py:3239} INFO - Sync 1 DAGs
[2024-12-07T09:23:54.270+0000] {logging_mixin.py:190} INFO - [2024-12-07T09:23:54.270+0000] {dag.py:4180} INFO - Setting next_dagrun for example_task_group_decorator to None, run_after=None
[2024-12-07T09:23:54.283+0000] {processor.py:208} INFO - Processing /home/airflow/.local/lib/python3.12/site-packages/airflow/example_dags/example_task_group_decorator.py took 0.067 seconds
[2024-12-07T09:24:24.526+0000] {processor.py:186} INFO - Started process (PID=1360) to work on /home/airflow/.local/lib/python3.12/site-packages/airflow/example_dags/example_task_group_decorator.py
[2024-12-07T09:24:24.527+0000] {processor.py:914} INFO - Processing file /home/airflow/.local/lib/python3.12/site-packages/airflow/example_dags/example_task_group_decorator.py for tasks to queue
[2024-12-07T09:24:24.529+0000] {logging_mixin.py:190} INFO - [2024-12-07T09:24:24.529+0000] {dagbag.py:588} INFO - Filling up the DagBag from /home/airflow/.local/lib/python3.12/site-packages/airflow/example_dags/example_task_group_decorator.py
[2024-12-07T09:24:24.546+0000] {processor.py:925} INFO - DAG(s) 'example_task_group_decorator' retrieved from /home/airflow/.local/lib/python3.12/site-packages/airflow/example_dags/example_task_group_decorator.py
[2024-12-07T09:24:24.572+0000] {logging_mixin.py:190} INFO - [2024-12-07T09:24:24.572+0000] {dag.py:3239} INFO - Sync 1 DAGs
[2024-12-07T09:24:24.585+0000] {logging_mixin.py:190} INFO - [2024-12-07T09:24:24.585+0000] {dag.py:4180} INFO - Setting next_dagrun for example_task_group_decorator to None, run_after=None
[2024-12-07T09:24:24.599+0000] {processor.py:208} INFO - Processing /home/airflow/.local/lib/python3.12/site-packages/airflow/example_dags/example_task_group_decorator.py took 0.080 seconds
[2024-12-07T09:24:54.660+0000] {processor.py:186} INFO - Started process (PID=1424) to work on /home/airflow/.local/lib/python3.12/site-packages/airflow/example_dags/example_task_group_decorator.py
[2024-12-07T09:24:54.660+0000] {processor.py:914} INFO - Processing file /home/airflow/.local/lib/python3.12/site-packages/airflow/example_dags/example_task_group_decorator.py for tasks to queue
[2024-12-07T09:24:54.662+0000] {logging_mixin.py:190} INFO - [2024-12-07T09:24:54.662+0000] {dagbag.py:588} INFO - Filling up the DagBag from /home/airflow/.local/lib/python3.12/site-packages/airflow/example_dags/example_task_group_decorator.py
[2024-12-07T09:24:54.674+0000] {processor.py:925} INFO - DAG(s) 'example_task_group_decorator' retrieved from /home/airflow/.local/lib/python3.12/site-packages/airflow/example_dags/example_task_group_decorator.py
[2024-12-07T09:24:54.692+0000] {logging_mixin.py:190} INFO - [2024-12-07T09:24:54.692+0000] {dag.py:3239} INFO - Sync 1 DAGs
[2024-12-07T09:24:54.703+0000] {logging_mixin.py:190} INFO - [2024-12-07T09:24:54.703+0000] {dag.py:4180} INFO - Setting next_dagrun for example_task_group_decorator to None, run_after=None
[2024-12-07T09:24:54.717+0000] {processor.py:208} INFO - Processing /home/airflow/.local/lib/python3.12/site-packages/airflow/example_dags/example_task_group_decorator.py took 0.061 seconds
[2024-12-07T09:25:25.271+0000] {processor.py:186} INFO - Started process (PID=1488) to work on /home/airflow/.local/lib/python3.12/site-packages/airflow/example_dags/example_task_group_decorator.py
[2024-12-07T09:25:25.272+0000] {processor.py:914} INFO - Processing file /home/airflow/.local/lib/python3.12/site-packages/airflow/example_dags/example_task_group_decorator.py for tasks to queue
[2024-12-07T09:25:25.274+0000] {logging_mixin.py:190} INFO - [2024-12-07T09:25:25.274+0000] {dagbag.py:588} INFO - Filling up the DagBag from /home/airflow/.local/lib/python3.12/site-packages/airflow/example_dags/example_task_group_decorator.py
[2024-12-07T09:25:25.286+0000] {processor.py:925} INFO - DAG(s) 'example_task_group_decorator' retrieved from /home/airflow/.local/lib/python3.12/site-packages/airflow/example_dags/example_task_group_decorator.py
[2024-12-07T09:25:25.306+0000] {logging_mixin.py:190} INFO - [2024-12-07T09:25:25.306+0000] {dag.py:3239} INFO - Sync 1 DAGs
[2024-12-07T09:25:25.316+0000] {logging_mixin.py:190} INFO - [2024-12-07T09:25:25.316+0000] {dag.py:4180} INFO - Setting next_dagrun for example_task_group_decorator to None, run_after=None
[2024-12-07T09:25:25.330+0000] {processor.py:208} INFO - Processing /home/airflow/.local/lib/python3.12/site-packages/airflow/example_dags/example_task_group_decorator.py took 0.063 seconds
[2024-12-07T09:25:55.701+0000] {processor.py:186} INFO - Started process (PID=1552) to work on /home/airflow/.local/lib/python3.12/site-packages/airflow/example_dags/example_task_group_decorator.py
[2024-12-07T09:25:55.701+0000] {processor.py:914} INFO - Processing file /home/airflow/.local/lib/python3.12/site-packages/airflow/example_dags/example_task_group_decorator.py for tasks to queue
[2024-12-07T09:25:55.703+0000] {logging_mixin.py:190} INFO - [2024-12-07T09:25:55.703+0000] {dagbag.py:588} INFO - Filling up the DagBag from /home/airflow/.local/lib/python3.12/site-packages/airflow/example_dags/example_task_group_decorator.py
[2024-12-07T09:25:55.715+0000] {processor.py:925} INFO - DAG(s) 'example_task_group_decorator' retrieved from /home/airflow/.local/lib/python3.12/site-packages/airflow/example_dags/example_task_group_decorator.py
[2024-12-07T09:25:55.734+0000] {logging_mixin.py:190} INFO - [2024-12-07T09:25:55.734+0000] {dag.py:3239} INFO - Sync 1 DAGs
[2024-12-07T09:25:55.747+0000] {logging_mixin.py:190} INFO - [2024-12-07T09:25:55.746+0000] {dag.py:4180} INFO - Setting next_dagrun for example_task_group_decorator to None, run_after=None
[2024-12-07T09:25:55.760+0000] {processor.py:208} INFO - Processing /home/airflow/.local/lib/python3.12/site-packages/airflow/example_dags/example_task_group_decorator.py took 0.063 seconds
