[2024-12-07T09:14:20.803+0000] {processor.py:186} INFO - Started process (PID=107) to work on /home/airflow/.local/lib/python3.12/site-packages/airflow/example_dags/example_external_task_marker_dag.py
[2024-12-07T09:14:20.804+0000] {processor.py:914} INFO - Processing file /home/airflow/.local/lib/python3.12/site-packages/airflow/example_dags/example_external_task_marker_dag.py for tasks to queue
[2024-12-07T09:14:20.806+0000] {logging_mixin.py:190} INFO - [2024-12-07T09:14:20.805+0000] {dagbag.py:588} INFO - Filling up the DagBag from /home/airflow/.local/lib/python3.12/site-packages/airflow/example_dags/example_external_task_marker_dag.py
[2024-12-07T09:14:20.815+0000] {processor.py:925} INFO - DAG(s) 'example_external_task_marker_child', 'example_external_task_marker_parent' retrieved from /home/airflow/.local/lib/python3.12/site-packages/airflow/example_dags/example_external_task_marker_dag.py
[2024-12-07T09:14:20.916+0000] {logging_mixin.py:190} INFO - [2024-12-07T09:14:20.916+0000] {override.py:1911} INFO - Created Permission View: can edit on DAG:example_external_task_marker_child
[2024-12-07T09:14:20.925+0000] {logging_mixin.py:190} INFO - [2024-12-07T09:14:20.925+0000] {override.py:1911} INFO - Created Permission View: can delete on DAG:example_external_task_marker_child
[2024-12-07T09:14:20.931+0000] {logging_mixin.py:190} INFO - [2024-12-07T09:14:20.930+0000] {override.py:1911} INFO - Created Permission View: can read on DAG:example_external_task_marker_child
[2024-12-07T09:14:20.936+0000] {logging_mixin.py:190} INFO - [2024-12-07T09:14:20.936+0000] {override.py:1911} INFO - Created Permission View: can create on DAG Run:example_external_task_marker_child
[2024-12-07T09:14:20.942+0000] {logging_mixin.py:190} INFO - [2024-12-07T09:14:20.941+0000] {override.py:1911} INFO - Created Permission View: menu access on DAG Run:example_external_task_marker_child
[2024-12-07T09:14:20.947+0000] {logging_mixin.py:190} INFO - [2024-12-07T09:14:20.947+0000] {override.py:1911} INFO - Created Permission View: can delete on DAG Run:example_external_task_marker_child
[2024-12-07T09:14:20.952+0000] {logging_mixin.py:190} INFO - [2024-12-07T09:14:20.952+0000] {override.py:1911} INFO - Created Permission View: can read on DAG Run:example_external_task_marker_child
[2024-12-07T09:14:20.962+0000] {logging_mixin.py:190} INFO - [2024-12-07T09:14:20.962+0000] {override.py:1911} INFO - Created Permission View: can edit on DAG:example_external_task_marker_parent
[2024-12-07T09:14:20.968+0000] {logging_mixin.py:190} INFO - [2024-12-07T09:14:20.967+0000] {override.py:1911} INFO - Created Permission View: can delete on DAG:example_external_task_marker_parent
[2024-12-07T09:14:20.973+0000] {logging_mixin.py:190} INFO - [2024-12-07T09:14:20.973+0000] {override.py:1911} INFO - Created Permission View: can read on DAG:example_external_task_marker_parent
[2024-12-07T09:14:20.979+0000] {logging_mixin.py:190} INFO - [2024-12-07T09:14:20.979+0000] {override.py:1911} INFO - Created Permission View: can create on DAG Run:example_external_task_marker_parent
[2024-12-07T09:14:20.985+0000] {logging_mixin.py:190} INFO - [2024-12-07T09:14:20.984+0000] {override.py:1911} INFO - Created Permission View: menu access on DAG Run:example_external_task_marker_parent
[2024-12-07T09:14:20.990+0000] {logging_mixin.py:190} INFO - [2024-12-07T09:14:20.990+0000] {override.py:1911} INFO - Created Permission View: can delete on DAG Run:example_external_task_marker_parent
[2024-12-07T09:14:20.996+0000] {logging_mixin.py:190} INFO - [2024-12-07T09:14:20.996+0000] {override.py:1911} INFO - Created Permission View: can read on DAG Run:example_external_task_marker_parent
[2024-12-07T09:14:20.996+0000] {logging_mixin.py:190} INFO - [2024-12-07T09:14:20.996+0000] {dag.py:3239} INFO - Sync 2 DAGs
[2024-12-07T09:14:21.012+0000] {logging_mixin.py:190} INFO - [2024-12-07T09:14:21.012+0000] {dag.py:3262} INFO - Creating ORM DAG for example_external_task_marker_child
[2024-12-07T09:14:21.013+0000] {logging_mixin.py:190} INFO - [2024-12-07T09:14:21.013+0000] {dag.py:3262} INFO - Creating ORM DAG for example_external_task_marker_parent
[2024-12-07T09:14:21.014+0000] {logging_mixin.py:190} INFO - [2024-12-07T09:14:21.014+0000] {dag.py:4180} INFO - Setting next_dagrun for example_external_task_marker_child to None, run_after=None
[2024-12-07T09:14:21.015+0000] {logging_mixin.py:190} INFO - [2024-12-07T09:14:21.014+0000] {dag.py:4180} INFO - Setting next_dagrun for example_external_task_marker_parent to None, run_after=None
[2024-12-07T09:14:21.031+0000] {processor.py:208} INFO - Processing /home/airflow/.local/lib/python3.12/site-packages/airflow/example_dags/example_external_task_marker_dag.py took 0.235 seconds
[2024-12-07T09:14:51.329+0000] {processor.py:186} INFO - Started process (PID=170) to work on /home/airflow/.local/lib/python3.12/site-packages/airflow/example_dags/example_external_task_marker_dag.py
[2024-12-07T09:14:51.330+0000] {processor.py:914} INFO - Processing file /home/airflow/.local/lib/python3.12/site-packages/airflow/example_dags/example_external_task_marker_dag.py for tasks to queue
[2024-12-07T09:14:51.331+0000] {logging_mixin.py:190} INFO - [2024-12-07T09:14:51.331+0000] {dagbag.py:588} INFO - Filling up the DagBag from /home/airflow/.local/lib/python3.12/site-packages/airflow/example_dags/example_external_task_marker_dag.py
[2024-12-07T09:14:51.338+0000] {processor.py:925} INFO - DAG(s) 'example_external_task_marker_child', 'example_external_task_marker_parent' retrieved from /home/airflow/.local/lib/python3.12/site-packages/airflow/example_dags/example_external_task_marker_dag.py
[2024-12-07T09:14:51.355+0000] {logging_mixin.py:190} INFO - [2024-12-07T09:14:51.355+0000] {dag.py:3239} INFO - Sync 2 DAGs
[2024-12-07T09:14:51.368+0000] {logging_mixin.py:190} INFO - [2024-12-07T09:14:51.368+0000] {dag.py:4180} INFO - Setting next_dagrun for example_external_task_marker_child to None, run_after=None
[2024-12-07T09:14:51.371+0000] {logging_mixin.py:190} INFO - [2024-12-07T09:14:51.370+0000] {dag.py:4180} INFO - Setting next_dagrun for example_external_task_marker_parent to None, run_after=None
[2024-12-07T09:14:51.383+0000] {processor.py:208} INFO - Processing /home/airflow/.local/lib/python3.12/site-packages/airflow/example_dags/example_external_task_marker_dag.py took 0.058 seconds
[2024-12-07T09:15:22.472+0000] {processor.py:186} INFO - Started process (PID=233) to work on /home/airflow/.local/lib/python3.12/site-packages/airflow/example_dags/example_external_task_marker_dag.py
[2024-12-07T09:15:22.473+0000] {processor.py:914} INFO - Processing file /home/airflow/.local/lib/python3.12/site-packages/airflow/example_dags/example_external_task_marker_dag.py for tasks to queue
[2024-12-07T09:15:22.475+0000] {logging_mixin.py:190} INFO - [2024-12-07T09:15:22.475+0000] {dagbag.py:588} INFO - Filling up the DagBag from /home/airflow/.local/lib/python3.12/site-packages/airflow/example_dags/example_external_task_marker_dag.py
[2024-12-07T09:15:22.484+0000] {processor.py:925} INFO - DAG(s) 'example_external_task_marker_parent', 'example_external_task_marker_child' retrieved from /home/airflow/.local/lib/python3.12/site-packages/airflow/example_dags/example_external_task_marker_dag.py
[2024-12-07T09:15:22.506+0000] {logging_mixin.py:190} INFO - [2024-12-07T09:15:22.506+0000] {dag.py:3239} INFO - Sync 2 DAGs
[2024-12-07T09:15:22.519+0000] {logging_mixin.py:190} INFO - [2024-12-07T09:15:22.519+0000] {dag.py:4180} INFO - Setting next_dagrun for example_external_task_marker_child to None, run_after=None
[2024-12-07T09:15:22.522+0000] {logging_mixin.py:190} INFO - [2024-12-07T09:15:22.522+0000] {dag.py:4180} INFO - Setting next_dagrun for example_external_task_marker_parent to None, run_after=None
[2024-12-07T09:15:22.534+0000] {processor.py:208} INFO - Processing /home/airflow/.local/lib/python3.12/site-packages/airflow/example_dags/example_external_task_marker_dag.py took 0.068 seconds
[2024-12-07T09:15:53.570+0000] {processor.py:186} INFO - Started process (PID=296) to work on /home/airflow/.local/lib/python3.12/site-packages/airflow/example_dags/example_external_task_marker_dag.py
[2024-12-07T09:15:53.571+0000] {processor.py:914} INFO - Processing file /home/airflow/.local/lib/python3.12/site-packages/airflow/example_dags/example_external_task_marker_dag.py for tasks to queue
[2024-12-07T09:15:53.572+0000] {logging_mixin.py:190} INFO - [2024-12-07T09:15:53.572+0000] {dagbag.py:588} INFO - Filling up the DagBag from /home/airflow/.local/lib/python3.12/site-packages/airflow/example_dags/example_external_task_marker_dag.py
[2024-12-07T09:15:53.578+0000] {processor.py:925} INFO - DAG(s) 'example_external_task_marker_child', 'example_external_task_marker_parent' retrieved from /home/airflow/.local/lib/python3.12/site-packages/airflow/example_dags/example_external_task_marker_dag.py
[2024-12-07T09:15:53.596+0000] {logging_mixin.py:190} INFO - [2024-12-07T09:15:53.596+0000] {dag.py:3239} INFO - Sync 2 DAGs
[2024-12-07T09:15:53.608+0000] {logging_mixin.py:190} INFO - [2024-12-07T09:15:53.608+0000] {dag.py:4180} INFO - Setting next_dagrun for example_external_task_marker_child to None, run_after=None
[2024-12-07T09:15:53.612+0000] {logging_mixin.py:190} INFO - [2024-12-07T09:15:53.611+0000] {dag.py:4180} INFO - Setting next_dagrun for example_external_task_marker_parent to None, run_after=None
[2024-12-07T09:15:53.623+0000] {processor.py:208} INFO - Processing /home/airflow/.local/lib/python3.12/site-packages/airflow/example_dags/example_external_task_marker_dag.py took 0.057 seconds
[2024-12-07T09:16:24.529+0000] {processor.py:186} INFO - Started process (PID=359) to work on /home/airflow/.local/lib/python3.12/site-packages/airflow/example_dags/example_external_task_marker_dag.py
[2024-12-07T09:16:24.530+0000] {processor.py:914} INFO - Processing file /home/airflow/.local/lib/python3.12/site-packages/airflow/example_dags/example_external_task_marker_dag.py for tasks to queue
[2024-12-07T09:16:24.532+0000] {logging_mixin.py:190} INFO - [2024-12-07T09:16:24.531+0000] {dagbag.py:588} INFO - Filling up the DagBag from /home/airflow/.local/lib/python3.12/site-packages/airflow/example_dags/example_external_task_marker_dag.py
[2024-12-07T09:16:24.538+0000] {processor.py:925} INFO - DAG(s) 'example_external_task_marker_parent', 'example_external_task_marker_child' retrieved from /home/airflow/.local/lib/python3.12/site-packages/airflow/example_dags/example_external_task_marker_dag.py
[2024-12-07T09:16:24.556+0000] {logging_mixin.py:190} INFO - [2024-12-07T09:16:24.555+0000] {dag.py:3239} INFO - Sync 2 DAGs
[2024-12-07T09:16:24.568+0000] {logging_mixin.py:190} INFO - [2024-12-07T09:16:24.567+0000] {dag.py:4180} INFO - Setting next_dagrun for example_external_task_marker_child to None, run_after=None
[2024-12-07T09:16:24.570+0000] {logging_mixin.py:190} INFO - [2024-12-07T09:16:24.570+0000] {dag.py:4180} INFO - Setting next_dagrun for example_external_task_marker_parent to None, run_after=None
[2024-12-07T09:16:24.582+0000] {processor.py:208} INFO - Processing /home/airflow/.local/lib/python3.12/site-packages/airflow/example_dags/example_external_task_marker_dag.py took 0.057 seconds
[2024-12-07T09:16:55.956+0000] {processor.py:186} INFO - Started process (PID=423) to work on /home/airflow/.local/lib/python3.12/site-packages/airflow/example_dags/example_external_task_marker_dag.py
[2024-12-07T09:16:55.956+0000] {processor.py:914} INFO - Processing file /home/airflow/.local/lib/python3.12/site-packages/airflow/example_dags/example_external_task_marker_dag.py for tasks to queue
[2024-12-07T09:16:55.959+0000] {logging_mixin.py:190} INFO - [2024-12-07T09:16:55.958+0000] {dagbag.py:588} INFO - Filling up the DagBag from /home/airflow/.local/lib/python3.12/site-packages/airflow/example_dags/example_external_task_marker_dag.py
[2024-12-07T09:16:55.966+0000] {processor.py:925} INFO - DAG(s) 'example_external_task_marker_parent', 'example_external_task_marker_child' retrieved from /home/airflow/.local/lib/python3.12/site-packages/airflow/example_dags/example_external_task_marker_dag.py
[2024-12-07T09:16:55.984+0000] {logging_mixin.py:190} INFO - [2024-12-07T09:16:55.983+0000] {dag.py:3239} INFO - Sync 2 DAGs
[2024-12-07T09:16:55.996+0000] {logging_mixin.py:190} INFO - [2024-12-07T09:16:55.995+0000] {dag.py:4180} INFO - Setting next_dagrun for example_external_task_marker_child to None, run_after=None
[2024-12-07T09:16:55.998+0000] {logging_mixin.py:190} INFO - [2024-12-07T09:16:55.998+0000] {dag.py:4180} INFO - Setting next_dagrun for example_external_task_marker_parent to None, run_after=None
[2024-12-07T09:16:56.009+0000] {processor.py:208} INFO - Processing /home/airflow/.local/lib/python3.12/site-packages/airflow/example_dags/example_external_task_marker_dag.py took 0.060 seconds
[2024-12-07T09:17:27.478+0000] {processor.py:186} INFO - Started process (PID=486) to work on /home/airflow/.local/lib/python3.12/site-packages/airflow/example_dags/example_external_task_marker_dag.py
[2024-12-07T09:17:27.479+0000] {processor.py:914} INFO - Processing file /home/airflow/.local/lib/python3.12/site-packages/airflow/example_dags/example_external_task_marker_dag.py for tasks to queue
[2024-12-07T09:17:27.480+0000] {logging_mixin.py:190} INFO - [2024-12-07T09:17:27.480+0000] {dagbag.py:588} INFO - Filling up the DagBag from /home/airflow/.local/lib/python3.12/site-packages/airflow/example_dags/example_external_task_marker_dag.py
[2024-12-07T09:17:27.486+0000] {processor.py:925} INFO - DAG(s) 'example_external_task_marker_child', 'example_external_task_marker_parent' retrieved from /home/airflow/.local/lib/python3.12/site-packages/airflow/example_dags/example_external_task_marker_dag.py
[2024-12-07T09:17:27.503+0000] {logging_mixin.py:190} INFO - [2024-12-07T09:17:27.503+0000] {dag.py:3239} INFO - Sync 2 DAGs
[2024-12-07T09:17:27.514+0000] {logging_mixin.py:190} INFO - [2024-12-07T09:17:27.514+0000] {dag.py:4180} INFO - Setting next_dagrun for example_external_task_marker_child to None, run_after=None
[2024-12-07T09:17:27.517+0000] {logging_mixin.py:190} INFO - [2024-12-07T09:17:27.517+0000] {dag.py:4180} INFO - Setting next_dagrun for example_external_task_marker_parent to None, run_after=None
[2024-12-07T09:17:27.529+0000] {processor.py:208} INFO - Processing /home/airflow/.local/lib/python3.12/site-packages/airflow/example_dags/example_external_task_marker_dag.py took 0.055 seconds
[2024-12-07T09:17:58.591+0000] {processor.py:186} INFO - Started process (PID=550) to work on /home/airflow/.local/lib/python3.12/site-packages/airflow/example_dags/example_external_task_marker_dag.py
[2024-12-07T09:17:58.592+0000] {processor.py:914} INFO - Processing file /home/airflow/.local/lib/python3.12/site-packages/airflow/example_dags/example_external_task_marker_dag.py for tasks to queue
[2024-12-07T09:17:58.594+0000] {logging_mixin.py:190} INFO - [2024-12-07T09:17:58.594+0000] {dagbag.py:588} INFO - Filling up the DagBag from /home/airflow/.local/lib/python3.12/site-packages/airflow/example_dags/example_external_task_marker_dag.py
[2024-12-07T09:17:58.602+0000] {processor.py:925} INFO - DAG(s) 'example_external_task_marker_parent', 'example_external_task_marker_child' retrieved from /home/airflow/.local/lib/python3.12/site-packages/airflow/example_dags/example_external_task_marker_dag.py
[2024-12-07T09:17:58.627+0000] {logging_mixin.py:190} INFO - [2024-12-07T09:17:58.627+0000] {dag.py:3239} INFO - Sync 2 DAGs
[2024-12-07T09:17:58.644+0000] {logging_mixin.py:190} INFO - [2024-12-07T09:17:58.644+0000] {dag.py:4180} INFO - Setting next_dagrun for example_external_task_marker_child to None, run_after=None
[2024-12-07T09:17:58.648+0000] {logging_mixin.py:190} INFO - [2024-12-07T09:17:58.648+0000] {dag.py:4180} INFO - Setting next_dagrun for example_external_task_marker_parent to None, run_after=None
[2024-12-07T09:17:58.663+0000] {processor.py:208} INFO - Processing /home/airflow/.local/lib/python3.12/site-packages/airflow/example_dags/example_external_task_marker_dag.py took 0.078 seconds
[2024-12-07T09:18:29.990+0000] {processor.py:186} INFO - Started process (PID=613) to work on /home/airflow/.local/lib/python3.12/site-packages/airflow/example_dags/example_external_task_marker_dag.py
[2024-12-07T09:18:29.991+0000] {processor.py:914} INFO - Processing file /home/airflow/.local/lib/python3.12/site-packages/airflow/example_dags/example_external_task_marker_dag.py for tasks to queue
[2024-12-07T09:18:29.993+0000] {logging_mixin.py:190} INFO - [2024-12-07T09:18:29.992+0000] {dagbag.py:588} INFO - Filling up the DagBag from /home/airflow/.local/lib/python3.12/site-packages/airflow/example_dags/example_external_task_marker_dag.py
[2024-12-07T09:18:29.999+0000] {processor.py:925} INFO - DAG(s) 'example_external_task_marker_child', 'example_external_task_marker_parent' retrieved from /home/airflow/.local/lib/python3.12/site-packages/airflow/example_dags/example_external_task_marker_dag.py
[2024-12-07T09:18:30.017+0000] {logging_mixin.py:190} INFO - [2024-12-07T09:18:30.017+0000] {dag.py:3239} INFO - Sync 2 DAGs
[2024-12-07T09:18:30.034+0000] {logging_mixin.py:190} INFO - [2024-12-07T09:18:30.033+0000] {dag.py:4180} INFO - Setting next_dagrun for example_external_task_marker_child to None, run_after=None
[2024-12-07T09:18:30.037+0000] {logging_mixin.py:190} INFO - [2024-12-07T09:18:30.037+0000] {dag.py:4180} INFO - Setting next_dagrun for example_external_task_marker_parent to None, run_after=None
[2024-12-07T09:18:30.051+0000] {processor.py:208} INFO - Processing /home/airflow/.local/lib/python3.12/site-packages/airflow/example_dags/example_external_task_marker_dag.py took 0.065 seconds
[2024-12-07T09:19:01.634+0000] {processor.py:186} INFO - Started process (PID=676) to work on /home/airflow/.local/lib/python3.12/site-packages/airflow/example_dags/example_external_task_marker_dag.py
[2024-12-07T09:19:01.635+0000] {processor.py:914} INFO - Processing file /home/airflow/.local/lib/python3.12/site-packages/airflow/example_dags/example_external_task_marker_dag.py for tasks to queue
[2024-12-07T09:19:01.636+0000] {logging_mixin.py:190} INFO - [2024-12-07T09:19:01.636+0000] {dagbag.py:588} INFO - Filling up the DagBag from /home/airflow/.local/lib/python3.12/site-packages/airflow/example_dags/example_external_task_marker_dag.py
[2024-12-07T09:19:01.643+0000] {processor.py:925} INFO - DAG(s) 'example_external_task_marker_parent', 'example_external_task_marker_child' retrieved from /home/airflow/.local/lib/python3.12/site-packages/airflow/example_dags/example_external_task_marker_dag.py
[2024-12-07T09:19:01.663+0000] {logging_mixin.py:190} INFO - [2024-12-07T09:19:01.663+0000] {dag.py:3239} INFO - Sync 2 DAGs
[2024-12-07T09:19:01.679+0000] {logging_mixin.py:190} INFO - [2024-12-07T09:19:01.679+0000] {dag.py:4180} INFO - Setting next_dagrun for example_external_task_marker_child to None, run_after=None
[2024-12-07T09:19:01.683+0000] {logging_mixin.py:190} INFO - [2024-12-07T09:19:01.683+0000] {dag.py:4180} INFO - Setting next_dagrun for example_external_task_marker_parent to None, run_after=None
[2024-12-07T09:19:01.694+0000] {processor.py:208} INFO - Processing /home/airflow/.local/lib/python3.12/site-packages/airflow/example_dags/example_external_task_marker_dag.py took 0.064 seconds
[2024-12-07T09:19:32.848+0000] {processor.py:186} INFO - Started process (PID=741) to work on /home/airflow/.local/lib/python3.12/site-packages/airflow/example_dags/example_external_task_marker_dag.py
[2024-12-07T09:19:32.848+0000] {processor.py:914} INFO - Processing file /home/airflow/.local/lib/python3.12/site-packages/airflow/example_dags/example_external_task_marker_dag.py for tasks to queue
[2024-12-07T09:19:32.850+0000] {logging_mixin.py:190} INFO - [2024-12-07T09:19:32.850+0000] {dagbag.py:588} INFO - Filling up the DagBag from /home/airflow/.local/lib/python3.12/site-packages/airflow/example_dags/example_external_task_marker_dag.py
[2024-12-07T09:19:32.856+0000] {processor.py:925} INFO - DAG(s) 'example_external_task_marker_child', 'example_external_task_marker_parent' retrieved from /home/airflow/.local/lib/python3.12/site-packages/airflow/example_dags/example_external_task_marker_dag.py
[2024-12-07T09:19:32.874+0000] {logging_mixin.py:190} INFO - [2024-12-07T09:19:32.874+0000] {dag.py:3239} INFO - Sync 2 DAGs
[2024-12-07T09:19:32.885+0000] {logging_mixin.py:190} INFO - [2024-12-07T09:19:32.885+0000] {dag.py:4180} INFO - Setting next_dagrun for example_external_task_marker_child to None, run_after=None
[2024-12-07T09:19:32.888+0000] {logging_mixin.py:190} INFO - [2024-12-07T09:19:32.888+0000] {dag.py:4180} INFO - Setting next_dagrun for example_external_task_marker_parent to None, run_after=None
[2024-12-07T09:19:32.900+0000] {processor.py:208} INFO - Processing /home/airflow/.local/lib/python3.12/site-packages/airflow/example_dags/example_external_task_marker_dag.py took 0.056 seconds
[2024-12-07T09:20:04.034+0000] {processor.py:186} INFO - Started process (PID=805) to work on /home/airflow/.local/lib/python3.12/site-packages/airflow/example_dags/example_external_task_marker_dag.py
[2024-12-07T09:20:04.035+0000] {processor.py:914} INFO - Processing file /home/airflow/.local/lib/python3.12/site-packages/airflow/example_dags/example_external_task_marker_dag.py for tasks to queue
[2024-12-07T09:20:04.036+0000] {logging_mixin.py:190} INFO - [2024-12-07T09:20:04.036+0000] {dagbag.py:588} INFO - Filling up the DagBag from /home/airflow/.local/lib/python3.12/site-packages/airflow/example_dags/example_external_task_marker_dag.py
[2024-12-07T09:20:04.042+0000] {processor.py:925} INFO - DAG(s) 'example_external_task_marker_parent', 'example_external_task_marker_child' retrieved from /home/airflow/.local/lib/python3.12/site-packages/airflow/example_dags/example_external_task_marker_dag.py
[2024-12-07T09:20:04.059+0000] {logging_mixin.py:190} INFO - [2024-12-07T09:20:04.059+0000] {dag.py:3239} INFO - Sync 2 DAGs
[2024-12-07T09:20:04.070+0000] {logging_mixin.py:190} INFO - [2024-12-07T09:20:04.070+0000] {dag.py:4180} INFO - Setting next_dagrun for example_external_task_marker_child to None, run_after=None
[2024-12-07T09:20:04.073+0000] {logging_mixin.py:190} INFO - [2024-12-07T09:20:04.073+0000] {dag.py:4180} INFO - Setting next_dagrun for example_external_task_marker_parent to None, run_after=None
[2024-12-07T09:20:04.085+0000] {processor.py:208} INFO - Processing /home/airflow/.local/lib/python3.12/site-packages/airflow/example_dags/example_external_task_marker_dag.py took 0.056 seconds
[2024-12-07T09:20:35.530+0000] {processor.py:186} INFO - Started process (PID=870) to work on /home/airflow/.local/lib/python3.12/site-packages/airflow/example_dags/example_external_task_marker_dag.py
[2024-12-07T09:20:35.530+0000] {processor.py:914} INFO - Processing file /home/airflow/.local/lib/python3.12/site-packages/airflow/example_dags/example_external_task_marker_dag.py for tasks to queue
[2024-12-07T09:20:35.532+0000] {logging_mixin.py:190} INFO - [2024-12-07T09:20:35.532+0000] {dagbag.py:588} INFO - Filling up the DagBag from /home/airflow/.local/lib/python3.12/site-packages/airflow/example_dags/example_external_task_marker_dag.py
[2024-12-07T09:20:35.538+0000] {processor.py:925} INFO - DAG(s) 'example_external_task_marker_child', 'example_external_task_marker_parent' retrieved from /home/airflow/.local/lib/python3.12/site-packages/airflow/example_dags/example_external_task_marker_dag.py
[2024-12-07T09:20:35.558+0000] {logging_mixin.py:190} INFO - [2024-12-07T09:20:35.558+0000] {dag.py:3239} INFO - Sync 2 DAGs
[2024-12-07T09:20:35.573+0000] {logging_mixin.py:190} INFO - [2024-12-07T09:20:35.573+0000] {dag.py:4180} INFO - Setting next_dagrun for example_external_task_marker_child to None, run_after=None
[2024-12-07T09:20:35.577+0000] {logging_mixin.py:190} INFO - [2024-12-07T09:20:35.577+0000] {dag.py:4180} INFO - Setting next_dagrun for example_external_task_marker_parent to None, run_after=None
[2024-12-07T09:20:35.590+0000] {processor.py:208} INFO - Processing /home/airflow/.local/lib/python3.12/site-packages/airflow/example_dags/example_external_task_marker_dag.py took 0.065 seconds
[2024-12-07T09:21:06.716+0000] {processor.py:186} INFO - Started process (PID=934) to work on /home/airflow/.local/lib/python3.12/site-packages/airflow/example_dags/example_external_task_marker_dag.py
[2024-12-07T09:21:06.716+0000] {processor.py:914} INFO - Processing file /home/airflow/.local/lib/python3.12/site-packages/airflow/example_dags/example_external_task_marker_dag.py for tasks to queue
[2024-12-07T09:21:06.718+0000] {logging_mixin.py:190} INFO - [2024-12-07T09:21:06.717+0000] {dagbag.py:588} INFO - Filling up the DagBag from /home/airflow/.local/lib/python3.12/site-packages/airflow/example_dags/example_external_task_marker_dag.py
[2024-12-07T09:21:06.724+0000] {processor.py:925} INFO - DAG(s) 'example_external_task_marker_child', 'example_external_task_marker_parent' retrieved from /home/airflow/.local/lib/python3.12/site-packages/airflow/example_dags/example_external_task_marker_dag.py
[2024-12-07T09:21:06.745+0000] {logging_mixin.py:190} INFO - [2024-12-07T09:21:06.745+0000] {dag.py:3239} INFO - Sync 2 DAGs
[2024-12-07T09:21:06.760+0000] {logging_mixin.py:190} INFO - [2024-12-07T09:21:06.760+0000] {dag.py:4180} INFO - Setting next_dagrun for example_external_task_marker_child to None, run_after=None
[2024-12-07T09:21:06.764+0000] {logging_mixin.py:190} INFO - [2024-12-07T09:21:06.763+0000] {dag.py:4180} INFO - Setting next_dagrun for example_external_task_marker_parent to None, run_after=None
[2024-12-07T09:21:06.777+0000] {processor.py:208} INFO - Processing /home/airflow/.local/lib/python3.12/site-packages/airflow/example_dags/example_external_task_marker_dag.py took 0.066 seconds
[2024-12-07T09:21:37.686+0000] {processor.py:186} INFO - Started process (PID=998) to work on /home/airflow/.local/lib/python3.12/site-packages/airflow/example_dags/example_external_task_marker_dag.py
[2024-12-07T09:21:37.686+0000] {processor.py:914} INFO - Processing file /home/airflow/.local/lib/python3.12/site-packages/airflow/example_dags/example_external_task_marker_dag.py for tasks to queue
[2024-12-07T09:21:37.688+0000] {logging_mixin.py:190} INFO - [2024-12-07T09:21:37.688+0000] {dagbag.py:588} INFO - Filling up the DagBag from /home/airflow/.local/lib/python3.12/site-packages/airflow/example_dags/example_external_task_marker_dag.py
[2024-12-07T09:21:37.694+0000] {processor.py:925} INFO - DAG(s) 'example_external_task_marker_parent', 'example_external_task_marker_child' retrieved from /home/airflow/.local/lib/python3.12/site-packages/airflow/example_dags/example_external_task_marker_dag.py
[2024-12-07T09:21:37.710+0000] {logging_mixin.py:190} INFO - [2024-12-07T09:21:37.710+0000] {dag.py:3239} INFO - Sync 2 DAGs
[2024-12-07T09:21:37.724+0000] {logging_mixin.py:190} INFO - [2024-12-07T09:21:37.724+0000] {dag.py:4180} INFO - Setting next_dagrun for example_external_task_marker_child to None, run_after=None
[2024-12-07T09:21:37.727+0000] {logging_mixin.py:190} INFO - [2024-12-07T09:21:37.727+0000] {dag.py:4180} INFO - Setting next_dagrun for example_external_task_marker_parent to None, run_after=None
[2024-12-07T09:21:37.741+0000] {processor.py:208} INFO - Processing /home/airflow/.local/lib/python3.12/site-packages/airflow/example_dags/example_external_task_marker_dag.py took 0.059 seconds
[2024-12-07T09:22:08.971+0000] {processor.py:186} INFO - Started process (PID=1062) to work on /home/airflow/.local/lib/python3.12/site-packages/airflow/example_dags/example_external_task_marker_dag.py
[2024-12-07T09:22:08.972+0000] {processor.py:914} INFO - Processing file /home/airflow/.local/lib/python3.12/site-packages/airflow/example_dags/example_external_task_marker_dag.py for tasks to queue
[2024-12-07T09:22:08.973+0000] {logging_mixin.py:190} INFO - [2024-12-07T09:22:08.973+0000] {dagbag.py:588} INFO - Filling up the DagBag from /home/airflow/.local/lib/python3.12/site-packages/airflow/example_dags/example_external_task_marker_dag.py
[2024-12-07T09:22:08.979+0000] {processor.py:925} INFO - DAG(s) 'example_external_task_marker_parent', 'example_external_task_marker_child' retrieved from /home/airflow/.local/lib/python3.12/site-packages/airflow/example_dags/example_external_task_marker_dag.py
[2024-12-07T09:22:08.999+0000] {logging_mixin.py:190} INFO - [2024-12-07T09:22:08.999+0000] {dag.py:3239} INFO - Sync 2 DAGs
[2024-12-07T09:22:09.012+0000] {logging_mixin.py:190} INFO - [2024-12-07T09:22:09.011+0000] {dag.py:4180} INFO - Setting next_dagrun for example_external_task_marker_child to None, run_after=None
[2024-12-07T09:22:09.014+0000] {logging_mixin.py:190} INFO - [2024-12-07T09:22:09.014+0000] {dag.py:4180} INFO - Setting next_dagrun for example_external_task_marker_parent to None, run_after=None
[2024-12-07T09:22:09.025+0000] {processor.py:208} INFO - Processing /home/airflow/.local/lib/python3.12/site-packages/airflow/example_dags/example_external_task_marker_dag.py took 0.059 seconds
[2024-12-07T09:22:40.019+0000] {processor.py:186} INFO - Started process (PID=1126) to work on /home/airflow/.local/lib/python3.12/site-packages/airflow/example_dags/example_external_task_marker_dag.py
[2024-12-07T09:22:40.019+0000] {processor.py:914} INFO - Processing file /home/airflow/.local/lib/python3.12/site-packages/airflow/example_dags/example_external_task_marker_dag.py for tasks to queue
[2024-12-07T09:22:40.021+0000] {logging_mixin.py:190} INFO - [2024-12-07T09:22:40.020+0000] {dagbag.py:588} INFO - Filling up the DagBag from /home/airflow/.local/lib/python3.12/site-packages/airflow/example_dags/example_external_task_marker_dag.py
[2024-12-07T09:22:40.027+0000] {processor.py:925} INFO - DAG(s) 'example_external_task_marker_child', 'example_external_task_marker_parent' retrieved from /home/airflow/.local/lib/python3.12/site-packages/airflow/example_dags/example_external_task_marker_dag.py
[2024-12-07T09:22:40.046+0000] {logging_mixin.py:190} INFO - [2024-12-07T09:22:40.046+0000] {dag.py:3239} INFO - Sync 2 DAGs
[2024-12-07T09:22:40.060+0000] {logging_mixin.py:190} INFO - [2024-12-07T09:22:40.060+0000] {dag.py:4180} INFO - Setting next_dagrun for example_external_task_marker_child to None, run_after=None
[2024-12-07T09:22:40.063+0000] {logging_mixin.py:190} INFO - [2024-12-07T09:22:40.062+0000] {dag.py:4180} INFO - Setting next_dagrun for example_external_task_marker_parent to None, run_after=None
[2024-12-07T09:22:40.074+0000] {processor.py:208} INFO - Processing /home/airflow/.local/lib/python3.12/site-packages/airflow/example_dags/example_external_task_marker_dag.py took 0.060 seconds
[2024-12-07T09:23:11.543+0000] {processor.py:186} INFO - Started process (PID=1190) to work on /home/airflow/.local/lib/python3.12/site-packages/airflow/example_dags/example_external_task_marker_dag.py
[2024-12-07T09:23:11.544+0000] {processor.py:914} INFO - Processing file /home/airflow/.local/lib/python3.12/site-packages/airflow/example_dags/example_external_task_marker_dag.py for tasks to queue
[2024-12-07T09:23:11.545+0000] {logging_mixin.py:190} INFO - [2024-12-07T09:23:11.545+0000] {dagbag.py:588} INFO - Filling up the DagBag from /home/airflow/.local/lib/python3.12/site-packages/airflow/example_dags/example_external_task_marker_dag.py
[2024-12-07T09:23:11.551+0000] {processor.py:925} INFO - DAG(s) 'example_external_task_marker_child', 'example_external_task_marker_parent' retrieved from /home/airflow/.local/lib/python3.12/site-packages/airflow/example_dags/example_external_task_marker_dag.py
[2024-12-07T09:23:11.572+0000] {logging_mixin.py:190} INFO - [2024-12-07T09:23:11.572+0000] {dag.py:3239} INFO - Sync 2 DAGs
[2024-12-07T09:23:11.587+0000] {logging_mixin.py:190} INFO - [2024-12-07T09:23:11.587+0000] {dag.py:4180} INFO - Setting next_dagrun for example_external_task_marker_child to None, run_after=None
[2024-12-07T09:23:11.590+0000] {logging_mixin.py:190} INFO - [2024-12-07T09:23:11.590+0000] {dag.py:4180} INFO - Setting next_dagrun for example_external_task_marker_parent to None, run_after=None
[2024-12-07T09:23:11.602+0000] {processor.py:208} INFO - Processing /home/airflow/.local/lib/python3.12/site-packages/airflow/example_dags/example_external_task_marker_dag.py took 0.063 seconds
[2024-12-07T09:23:42.622+0000] {processor.py:186} INFO - Started process (PID=1254) to work on /home/airflow/.local/lib/python3.12/site-packages/airflow/example_dags/example_external_task_marker_dag.py
[2024-12-07T09:23:42.622+0000] {processor.py:914} INFO - Processing file /home/airflow/.local/lib/python3.12/site-packages/airflow/example_dags/example_external_task_marker_dag.py for tasks to queue
[2024-12-07T09:23:42.624+0000] {logging_mixin.py:190} INFO - [2024-12-07T09:23:42.624+0000] {dagbag.py:588} INFO - Filling up the DagBag from /home/airflow/.local/lib/python3.12/site-packages/airflow/example_dags/example_external_task_marker_dag.py
[2024-12-07T09:23:42.631+0000] {processor.py:925} INFO - DAG(s) 'example_external_task_marker_child', 'example_external_task_marker_parent' retrieved from /home/airflow/.local/lib/python3.12/site-packages/airflow/example_dags/example_external_task_marker_dag.py
[2024-12-07T09:23:42.652+0000] {logging_mixin.py:190} INFO - [2024-12-07T09:23:42.652+0000] {dag.py:3239} INFO - Sync 2 DAGs
[2024-12-07T09:23:42.666+0000] {logging_mixin.py:190} INFO - [2024-12-07T09:23:42.666+0000] {dag.py:4180} INFO - Setting next_dagrun for example_external_task_marker_child to None, run_after=None
[2024-12-07T09:23:42.670+0000] {logging_mixin.py:190} INFO - [2024-12-07T09:23:42.669+0000] {dag.py:4180} INFO - Setting next_dagrun for example_external_task_marker_parent to None, run_after=None
[2024-12-07T09:23:42.682+0000] {processor.py:208} INFO - Processing /home/airflow/.local/lib/python3.12/site-packages/airflow/example_dags/example_external_task_marker_dag.py took 0.065 seconds
[2024-12-07T09:24:14.029+0000] {processor.py:186} INFO - Started process (PID=1318) to work on /home/airflow/.local/lib/python3.12/site-packages/airflow/example_dags/example_external_task_marker_dag.py
[2024-12-07T09:24:14.030+0000] {processor.py:914} INFO - Processing file /home/airflow/.local/lib/python3.12/site-packages/airflow/example_dags/example_external_task_marker_dag.py for tasks to queue
[2024-12-07T09:24:14.031+0000] {logging_mixin.py:190} INFO - [2024-12-07T09:24:14.031+0000] {dagbag.py:588} INFO - Filling up the DagBag from /home/airflow/.local/lib/python3.12/site-packages/airflow/example_dags/example_external_task_marker_dag.py
[2024-12-07T09:24:14.037+0000] {processor.py:925} INFO - DAG(s) 'example_external_task_marker_child', 'example_external_task_marker_parent' retrieved from /home/airflow/.local/lib/python3.12/site-packages/airflow/example_dags/example_external_task_marker_dag.py
[2024-12-07T09:24:14.053+0000] {logging_mixin.py:190} INFO - [2024-12-07T09:24:14.053+0000] {dag.py:3239} INFO - Sync 2 DAGs
[2024-12-07T09:24:14.064+0000] {logging_mixin.py:190} INFO - [2024-12-07T09:24:14.064+0000] {dag.py:4180} INFO - Setting next_dagrun for example_external_task_marker_child to None, run_after=None
[2024-12-07T09:24:14.067+0000] {logging_mixin.py:190} INFO - [2024-12-07T09:24:14.067+0000] {dag.py:4180} INFO - Setting next_dagrun for example_external_task_marker_parent to None, run_after=None
[2024-12-07T09:24:14.077+0000] {processor.py:208} INFO - Processing /home/airflow/.local/lib/python3.12/site-packages/airflow/example_dags/example_external_task_marker_dag.py took 0.052 seconds
[2024-12-07T09:24:45.235+0000] {processor.py:186} INFO - Started process (PID=1388) to work on /home/airflow/.local/lib/python3.12/site-packages/airflow/example_dags/example_external_task_marker_dag.py
[2024-12-07T09:24:45.236+0000] {processor.py:914} INFO - Processing file /home/airflow/.local/lib/python3.12/site-packages/airflow/example_dags/example_external_task_marker_dag.py for tasks to queue
[2024-12-07T09:24:45.238+0000] {logging_mixin.py:190} INFO - [2024-12-07T09:24:45.238+0000] {dagbag.py:588} INFO - Filling up the DagBag from /home/airflow/.local/lib/python3.12/site-packages/airflow/example_dags/example_external_task_marker_dag.py
[2024-12-07T09:24:45.247+0000] {processor.py:925} INFO - DAG(s) 'example_external_task_marker_parent', 'example_external_task_marker_child' retrieved from /home/airflow/.local/lib/python3.12/site-packages/airflow/example_dags/example_external_task_marker_dag.py
[2024-12-07T09:24:45.271+0000] {logging_mixin.py:190} INFO - [2024-12-07T09:24:45.271+0000] {dag.py:3239} INFO - Sync 2 DAGs
[2024-12-07T09:24:45.287+0000] {logging_mixin.py:190} INFO - [2024-12-07T09:24:45.287+0000] {dag.py:4180} INFO - Setting next_dagrun for example_external_task_marker_child to None, run_after=None
[2024-12-07T09:24:45.291+0000] {logging_mixin.py:190} INFO - [2024-12-07T09:24:45.290+0000] {dag.py:4180} INFO - Setting next_dagrun for example_external_task_marker_parent to None, run_after=None
[2024-12-07T09:24:45.306+0000] {processor.py:208} INFO - Processing /home/airflow/.local/lib/python3.12/site-packages/airflow/example_dags/example_external_task_marker_dag.py took 0.077 seconds
[2024-12-07T09:25:16.535+0000] {processor.py:186} INFO - Started process (PID=1453) to work on /home/airflow/.local/lib/python3.12/site-packages/airflow/example_dags/example_external_task_marker_dag.py
[2024-12-07T09:25:16.535+0000] {processor.py:914} INFO - Processing file /home/airflow/.local/lib/python3.12/site-packages/airflow/example_dags/example_external_task_marker_dag.py for tasks to queue
[2024-12-07T09:25:16.537+0000] {logging_mixin.py:190} INFO - [2024-12-07T09:25:16.537+0000] {dagbag.py:588} INFO - Filling up the DagBag from /home/airflow/.local/lib/python3.12/site-packages/airflow/example_dags/example_external_task_marker_dag.py
[2024-12-07T09:25:16.545+0000] {processor.py:925} INFO - DAG(s) 'example_external_task_marker_child', 'example_external_task_marker_parent' retrieved from /home/airflow/.local/lib/python3.12/site-packages/airflow/example_dags/example_external_task_marker_dag.py
[2024-12-07T09:25:16.562+0000] {logging_mixin.py:190} INFO - [2024-12-07T09:25:16.561+0000] {dag.py:3239} INFO - Sync 2 DAGs
[2024-12-07T09:25:16.573+0000] {logging_mixin.py:190} INFO - [2024-12-07T09:25:16.573+0000] {dag.py:4180} INFO - Setting next_dagrun for example_external_task_marker_child to None, run_after=None
[2024-12-07T09:25:16.576+0000] {logging_mixin.py:190} INFO - [2024-12-07T09:25:16.576+0000] {dag.py:4180} INFO - Setting next_dagrun for example_external_task_marker_parent to None, run_after=None
[2024-12-07T09:25:16.589+0000] {processor.py:208} INFO - Processing /home/airflow/.local/lib/python3.12/site-packages/airflow/example_dags/example_external_task_marker_dag.py took 0.059 seconds
[2024-12-07T09:25:47.957+0000] {processor.py:186} INFO - Started process (PID=1517) to work on /home/airflow/.local/lib/python3.12/site-packages/airflow/example_dags/example_external_task_marker_dag.py
[2024-12-07T09:25:47.957+0000] {processor.py:914} INFO - Processing file /home/airflow/.local/lib/python3.12/site-packages/airflow/example_dags/example_external_task_marker_dag.py for tasks to queue
[2024-12-07T09:25:47.959+0000] {logging_mixin.py:190} INFO - [2024-12-07T09:25:47.959+0000] {dagbag.py:588} INFO - Filling up the DagBag from /home/airflow/.local/lib/python3.12/site-packages/airflow/example_dags/example_external_task_marker_dag.py
[2024-12-07T09:25:47.966+0000] {processor.py:925} INFO - DAG(s) 'example_external_task_marker_parent', 'example_external_task_marker_child' retrieved from /home/airflow/.local/lib/python3.12/site-packages/airflow/example_dags/example_external_task_marker_dag.py
[2024-12-07T09:25:47.982+0000] {logging_mixin.py:190} INFO - [2024-12-07T09:25:47.982+0000] {dag.py:3239} INFO - Sync 2 DAGs
[2024-12-07T09:25:47.993+0000] {logging_mixin.py:190} INFO - [2024-12-07T09:25:47.993+0000] {dag.py:4180} INFO - Setting next_dagrun for example_external_task_marker_child to None, run_after=None
[2024-12-07T09:25:47.996+0000] {logging_mixin.py:190} INFO - [2024-12-07T09:25:47.996+0000] {dag.py:4180} INFO - Setting next_dagrun for example_external_task_marker_parent to None, run_after=None
[2024-12-07T09:25:48.007+0000] {processor.py:208} INFO - Processing /home/airflow/.local/lib/python3.12/site-packages/airflow/example_dags/example_external_task_marker_dag.py took 0.054 seconds
