[2024-12-07T09:14:16.836+0000] {processor.py:186} INFO - Started process (PID=91) to work on /home/airflow/.local/lib/python3.12/site-packages/airflow/example_dags/example_dataset_alias.py
[2024-12-07T09:14:16.837+0000] {processor.py:914} INFO - Processing file /home/airflow/.local/lib/python3.12/site-packages/airflow/example_dags/example_dataset_alias.py for tasks to queue
[2024-12-07T09:14:16.839+0000] {logging_mixin.py:190} INFO - [2024-12-07T09:14:16.839+0000] {dagbag.py:588} INFO - Filling up the DagBag from /home/airflow/.local/lib/python3.12/site-packages/airflow/example_dags/example_dataset_alias.py
[2024-12-07T09:14:18.901+0000] {processor.py:925} INFO - DAG(s) 'dataset_alias_example_alias_consumer', 'dataset_s3_bucket_producer', 'dataset_alias_example_alias_producer', 'dataset_s3_bucket_consumer' retrieved from /home/airflow/.local/lib/python3.12/site-packages/airflow/example_dags/example_dataset_alias.py
[2024-12-07T09:14:19.014+0000] {logging_mixin.py:190} INFO - [2024-12-07T09:14:19.013+0000] {override.py:1911} INFO - Created Permission View: can edit on DAG:dataset_alias_example_alias_consumer
[2024-12-07T09:14:19.023+0000] {logging_mixin.py:190} INFO - [2024-12-07T09:14:19.023+0000] {override.py:1911} INFO - Created Permission View: can delete on DAG:dataset_alias_example_alias_consumer
[2024-12-07T09:14:19.031+0000] {logging_mixin.py:190} INFO - [2024-12-07T09:14:19.031+0000] {override.py:1911} INFO - Created Permission View: can read on DAG:dataset_alias_example_alias_consumer
[2024-12-07T09:14:19.041+0000] {logging_mixin.py:190} INFO - [2024-12-07T09:14:19.041+0000] {override.py:1911} INFO - Created Permission View: can create on DAG Run:dataset_alias_example_alias_consumer
[2024-12-07T09:14:19.048+0000] {logging_mixin.py:190} INFO - [2024-12-07T09:14:19.048+0000] {override.py:1911} INFO - Created Permission View: menu access on DAG Run:dataset_alias_example_alias_consumer
[2024-12-07T09:14:19.054+0000] {logging_mixin.py:190} INFO - [2024-12-07T09:14:19.054+0000] {override.py:1911} INFO - Created Permission View: can delete on DAG Run:dataset_alias_example_alias_consumer
[2024-12-07T09:14:19.060+0000] {logging_mixin.py:190} INFO - [2024-12-07T09:14:19.060+0000] {override.py:1911} INFO - Created Permission View: can read on DAG Run:dataset_alias_example_alias_consumer
[2024-12-07T09:14:19.073+0000] {logging_mixin.py:190} INFO - [2024-12-07T09:14:19.073+0000] {override.py:1911} INFO - Created Permission View: can edit on DAG:dataset_s3_bucket_producer
[2024-12-07T09:14:19.079+0000] {logging_mixin.py:190} INFO - [2024-12-07T09:14:19.079+0000] {override.py:1911} INFO - Created Permission View: can delete on DAG:dataset_s3_bucket_producer
[2024-12-07T09:14:19.086+0000] {logging_mixin.py:190} INFO - [2024-12-07T09:14:19.086+0000] {override.py:1911} INFO - Created Permission View: can read on DAG:dataset_s3_bucket_producer
[2024-12-07T09:14:19.093+0000] {logging_mixin.py:190} INFO - [2024-12-07T09:14:19.092+0000] {override.py:1911} INFO - Created Permission View: can create on DAG Run:dataset_s3_bucket_producer
[2024-12-07T09:14:19.102+0000] {logging_mixin.py:190} INFO - [2024-12-07T09:14:19.102+0000] {override.py:1911} INFO - Created Permission View: menu access on DAG Run:dataset_s3_bucket_producer
[2024-12-07T09:14:19.109+0000] {logging_mixin.py:190} INFO - [2024-12-07T09:14:19.109+0000] {override.py:1911} INFO - Created Permission View: can delete on DAG Run:dataset_s3_bucket_producer
[2024-12-07T09:14:19.115+0000] {logging_mixin.py:190} INFO - [2024-12-07T09:14:19.115+0000] {override.py:1911} INFO - Created Permission View: can read on DAG Run:dataset_s3_bucket_producer
[2024-12-07T09:14:19.132+0000] {logging_mixin.py:190} INFO - [2024-12-07T09:14:19.132+0000] {override.py:1911} INFO - Created Permission View: can edit on DAG:dataset_alias_example_alias_producer
[2024-12-07T09:14:19.140+0000] {logging_mixin.py:190} INFO - [2024-12-07T09:14:19.140+0000] {override.py:1911} INFO - Created Permission View: can delete on DAG:dataset_alias_example_alias_producer
[2024-12-07T09:14:19.147+0000] {logging_mixin.py:190} INFO - [2024-12-07T09:14:19.147+0000] {override.py:1911} INFO - Created Permission View: can read on DAG:dataset_alias_example_alias_producer
[2024-12-07T09:14:19.153+0000] {logging_mixin.py:190} INFO - [2024-12-07T09:14:19.153+0000] {override.py:1911} INFO - Created Permission View: can create on DAG Run:dataset_alias_example_alias_producer
[2024-12-07T09:14:19.160+0000] {logging_mixin.py:190} INFO - [2024-12-07T09:14:19.160+0000] {override.py:1911} INFO - Created Permission View: menu access on DAG Run:dataset_alias_example_alias_producer
[2024-12-07T09:14:19.166+0000] {logging_mixin.py:190} INFO - [2024-12-07T09:14:19.166+0000] {override.py:1911} INFO - Created Permission View: can delete on DAG Run:dataset_alias_example_alias_producer
[2024-12-07T09:14:19.172+0000] {logging_mixin.py:190} INFO - [2024-12-07T09:14:19.172+0000] {override.py:1911} INFO - Created Permission View: can read on DAG Run:dataset_alias_example_alias_producer
[2024-12-07T09:14:19.185+0000] {logging_mixin.py:190} INFO - [2024-12-07T09:14:19.184+0000] {override.py:1911} INFO - Created Permission View: can edit on DAG:dataset_s3_bucket_consumer
[2024-12-07T09:14:19.190+0000] {logging_mixin.py:190} INFO - [2024-12-07T09:14:19.190+0000] {override.py:1911} INFO - Created Permission View: can delete on DAG:dataset_s3_bucket_consumer
[2024-12-07T09:14:19.196+0000] {logging_mixin.py:190} INFO - [2024-12-07T09:14:19.196+0000] {override.py:1911} INFO - Created Permission View: can read on DAG:dataset_s3_bucket_consumer
[2024-12-07T09:14:19.202+0000] {logging_mixin.py:190} INFO - [2024-12-07T09:14:19.201+0000] {override.py:1911} INFO - Created Permission View: can create on DAG Run:dataset_s3_bucket_consumer
[2024-12-07T09:14:19.207+0000] {logging_mixin.py:190} INFO - [2024-12-07T09:14:19.207+0000] {override.py:1911} INFO - Created Permission View: menu access on DAG Run:dataset_s3_bucket_consumer
[2024-12-07T09:14:19.213+0000] {logging_mixin.py:190} INFO - [2024-12-07T09:14:19.213+0000] {override.py:1911} INFO - Created Permission View: can delete on DAG Run:dataset_s3_bucket_consumer
[2024-12-07T09:14:19.219+0000] {logging_mixin.py:190} INFO - [2024-12-07T09:14:19.219+0000] {override.py:1911} INFO - Created Permission View: can read on DAG Run:dataset_s3_bucket_consumer
[2024-12-07T09:14:19.220+0000] {logging_mixin.py:190} INFO - [2024-12-07T09:14:19.219+0000] {dag.py:3239} INFO - Sync 4 DAGs
[2024-12-07T09:14:19.238+0000] {logging_mixin.py:190} INFO - [2024-12-07T09:14:19.237+0000] {dag.py:3262} INFO - Creating ORM DAG for dataset_s3_bucket_consumer
[2024-12-07T09:14:19.239+0000] {logging_mixin.py:190} INFO - [2024-12-07T09:14:19.239+0000] {dag.py:3262} INFO - Creating ORM DAG for dataset_alias_example_alias_producer
[2024-12-07T09:14:19.240+0000] {logging_mixin.py:190} INFO - [2024-12-07T09:14:19.240+0000] {dag.py:3262} INFO - Creating ORM DAG for dataset_s3_bucket_producer
[2024-12-07T09:14:19.241+0000] {logging_mixin.py:190} INFO - [2024-12-07T09:14:19.240+0000] {dag.py:3262} INFO - Creating ORM DAG for dataset_alias_example_alias_consumer
[2024-12-07T09:14:19.252+0000] {logging_mixin.py:190} INFO - [2024-12-07T09:14:19.251+0000] {dag.py:4180} INFO - Setting next_dagrun for dataset_alias_example_alias_consumer to None, run_after=None
[2024-12-07T09:14:19.252+0000] {logging_mixin.py:190} INFO - [2024-12-07T09:14:19.252+0000] {dag.py:4180} INFO - Setting next_dagrun for dataset_alias_example_alias_producer to None, run_after=None
[2024-12-07T09:14:19.253+0000] {logging_mixin.py:190} INFO - [2024-12-07T09:14:19.253+0000] {dag.py:4180} INFO - Setting next_dagrun for dataset_s3_bucket_consumer to None, run_after=None
[2024-12-07T09:14:19.254+0000] {logging_mixin.py:190} INFO - [2024-12-07T09:14:19.253+0000] {dag.py:4180} INFO - Setting next_dagrun for dataset_s3_bucket_producer to None, run_after=None
[2024-12-07T09:14:19.285+0000] {processor.py:208} INFO - Processing /home/airflow/.local/lib/python3.12/site-packages/airflow/example_dags/example_dataset_alias.py took 2.455 seconds
[2024-12-07T09:14:50.133+0000] {processor.py:186} INFO - Started process (PID=157) to work on /home/airflow/.local/lib/python3.12/site-packages/airflow/example_dags/example_dataset_alias.py
[2024-12-07T09:14:50.134+0000] {processor.py:914} INFO - Processing file /home/airflow/.local/lib/python3.12/site-packages/airflow/example_dags/example_dataset_alias.py for tasks to queue
[2024-12-07T09:14:50.135+0000] {logging_mixin.py:190} INFO - [2024-12-07T09:14:50.135+0000] {dagbag.py:588} INFO - Filling up the DagBag from /home/airflow/.local/lib/python3.12/site-packages/airflow/example_dags/example_dataset_alias.py
[2024-12-07T09:14:50.685+0000] {processor.py:925} INFO - DAG(s) 'dataset_s3_bucket_producer', 'dataset_alias_example_alias_consumer', 'dataset_alias_example_alias_producer', 'dataset_s3_bucket_consumer' retrieved from /home/airflow/.local/lib/python3.12/site-packages/airflow/example_dags/example_dataset_alias.py
[2024-12-07T09:14:50.702+0000] {logging_mixin.py:190} INFO - [2024-12-07T09:14:50.701+0000] {dag.py:3239} INFO - Sync 4 DAGs
[2024-12-07T09:14:50.728+0000] {logging_mixin.py:190} INFO - [2024-12-07T09:14:50.728+0000] {dag.py:4180} INFO - Setting next_dagrun for dataset_alias_example_alias_consumer to None, run_after=None
[2024-12-07T09:14:50.731+0000] {logging_mixin.py:190} INFO - [2024-12-07T09:14:50.731+0000] {dag.py:4180} INFO - Setting next_dagrun for dataset_alias_example_alias_producer to None, run_after=None
[2024-12-07T09:14:50.732+0000] {logging_mixin.py:190} INFO - [2024-12-07T09:14:50.732+0000] {dag.py:4180} INFO - Setting next_dagrun for dataset_s3_bucket_consumer to None, run_after=None
[2024-12-07T09:14:50.733+0000] {logging_mixin.py:190} INFO - [2024-12-07T09:14:50.733+0000] {dag.py:4180} INFO - Setting next_dagrun for dataset_s3_bucket_producer to None, run_after=None
[2024-12-07T09:14:50.751+0000] {processor.py:208} INFO - Processing /home/airflow/.local/lib/python3.12/site-packages/airflow/example_dags/example_dataset_alias.py took 0.622 seconds
[2024-12-07T09:15:21.268+0000] {processor.py:186} INFO - Started process (PID=220) to work on /home/airflow/.local/lib/python3.12/site-packages/airflow/example_dags/example_dataset_alias.py
[2024-12-07T09:15:21.269+0000] {processor.py:914} INFO - Processing file /home/airflow/.local/lib/python3.12/site-packages/airflow/example_dags/example_dataset_alias.py for tasks to queue
[2024-12-07T09:15:21.272+0000] {logging_mixin.py:190} INFO - [2024-12-07T09:15:21.271+0000] {dagbag.py:588} INFO - Filling up the DagBag from /home/airflow/.local/lib/python3.12/site-packages/airflow/example_dags/example_dataset_alias.py
[2024-12-07T09:15:21.836+0000] {processor.py:925} INFO - DAG(s) 'dataset_s3_bucket_consumer', 'dataset_s3_bucket_producer', 'dataset_alias_example_alias_consumer', 'dataset_alias_example_alias_producer' retrieved from /home/airflow/.local/lib/python3.12/site-packages/airflow/example_dags/example_dataset_alias.py
[2024-12-07T09:15:21.858+0000] {logging_mixin.py:190} INFO - [2024-12-07T09:15:21.857+0000] {dag.py:3239} INFO - Sync 4 DAGs
[2024-12-07T09:15:21.878+0000] {logging_mixin.py:190} INFO - [2024-12-07T09:15:21.878+0000] {dag.py:4180} INFO - Setting next_dagrun for dataset_alias_example_alias_consumer to None, run_after=None
[2024-12-07T09:15:21.880+0000] {logging_mixin.py:190} INFO - [2024-12-07T09:15:21.880+0000] {dag.py:4180} INFO - Setting next_dagrun for dataset_alias_example_alias_producer to None, run_after=None
[2024-12-07T09:15:21.881+0000] {logging_mixin.py:190} INFO - [2024-12-07T09:15:21.881+0000] {dag.py:4180} INFO - Setting next_dagrun for dataset_s3_bucket_consumer to None, run_after=None
[2024-12-07T09:15:21.882+0000] {logging_mixin.py:190} INFO - [2024-12-07T09:15:21.882+0000] {dag.py:4180} INFO - Setting next_dagrun for dataset_s3_bucket_producer to None, run_after=None
[2024-12-07T09:15:21.897+0000] {processor.py:208} INFO - Processing /home/airflow/.local/lib/python3.12/site-packages/airflow/example_dags/example_dataset_alias.py took 0.635 seconds
[2024-12-07T09:15:52.441+0000] {processor.py:186} INFO - Started process (PID=283) to work on /home/airflow/.local/lib/python3.12/site-packages/airflow/example_dags/example_dataset_alias.py
[2024-12-07T09:15:52.441+0000] {processor.py:914} INFO - Processing file /home/airflow/.local/lib/python3.12/site-packages/airflow/example_dags/example_dataset_alias.py for tasks to queue
[2024-12-07T09:15:52.443+0000] {logging_mixin.py:190} INFO - [2024-12-07T09:15:52.443+0000] {dagbag.py:588} INFO - Filling up the DagBag from /home/airflow/.local/lib/python3.12/site-packages/airflow/example_dags/example_dataset_alias.py
[2024-12-07T09:15:53.003+0000] {processor.py:925} INFO - DAG(s) 'dataset_alias_example_alias_consumer', 'dataset_alias_example_alias_producer', 'dataset_s3_bucket_consumer', 'dataset_s3_bucket_producer' retrieved from /home/airflow/.local/lib/python3.12/site-packages/airflow/example_dags/example_dataset_alias.py
[2024-12-07T09:15:53.022+0000] {logging_mixin.py:190} INFO - [2024-12-07T09:15:53.022+0000] {dag.py:3239} INFO - Sync 4 DAGs
[2024-12-07T09:15:53.044+0000] {logging_mixin.py:190} INFO - [2024-12-07T09:15:53.044+0000] {dag.py:4180} INFO - Setting next_dagrun for dataset_alias_example_alias_consumer to None, run_after=None
[2024-12-07T09:15:53.046+0000] {logging_mixin.py:190} INFO - [2024-12-07T09:15:53.046+0000] {dag.py:4180} INFO - Setting next_dagrun for dataset_alias_example_alias_producer to None, run_after=None
[2024-12-07T09:15:53.047+0000] {logging_mixin.py:190} INFO - [2024-12-07T09:15:53.047+0000] {dag.py:4180} INFO - Setting next_dagrun for dataset_s3_bucket_consumer to None, run_after=None
[2024-12-07T09:15:53.048+0000] {logging_mixin.py:190} INFO - [2024-12-07T09:15:53.048+0000] {dag.py:4180} INFO - Setting next_dagrun for dataset_s3_bucket_producer to None, run_after=None
[2024-12-07T09:15:53.063+0000] {processor.py:208} INFO - Processing /home/airflow/.local/lib/python3.12/site-packages/airflow/example_dags/example_dataset_alias.py took 0.627 seconds
[2024-12-07T09:16:23.372+0000] {processor.py:186} INFO - Started process (PID=346) to work on /home/airflow/.local/lib/python3.12/site-packages/airflow/example_dags/example_dataset_alias.py
[2024-12-07T09:16:23.373+0000] {processor.py:914} INFO - Processing file /home/airflow/.local/lib/python3.12/site-packages/airflow/example_dags/example_dataset_alias.py for tasks to queue
[2024-12-07T09:16:23.375+0000] {logging_mixin.py:190} INFO - [2024-12-07T09:16:23.375+0000] {dagbag.py:588} INFO - Filling up the DagBag from /home/airflow/.local/lib/python3.12/site-packages/airflow/example_dags/example_dataset_alias.py
[2024-12-07T09:16:23.955+0000] {processor.py:925} INFO - DAG(s) 'dataset_s3_bucket_producer', 'dataset_s3_bucket_consumer', 'dataset_alias_example_alias_producer', 'dataset_alias_example_alias_consumer' retrieved from /home/airflow/.local/lib/python3.12/site-packages/airflow/example_dags/example_dataset_alias.py
[2024-12-07T09:16:23.977+0000] {logging_mixin.py:190} INFO - [2024-12-07T09:16:23.976+0000] {dag.py:3239} INFO - Sync 4 DAGs
[2024-12-07T09:16:23.999+0000] {logging_mixin.py:190} INFO - [2024-12-07T09:16:23.999+0000] {dag.py:4180} INFO - Setting next_dagrun for dataset_alias_example_alias_consumer to None, run_after=None
[2024-12-07T09:16:24.002+0000] {logging_mixin.py:190} INFO - [2024-12-07T09:16:24.002+0000] {dag.py:4180} INFO - Setting next_dagrun for dataset_alias_example_alias_producer to None, run_after=None
[2024-12-07T09:16:24.003+0000] {logging_mixin.py:190} INFO - [2024-12-07T09:16:24.003+0000] {dag.py:4180} INFO - Setting next_dagrun for dataset_s3_bucket_consumer to None, run_after=None
[2024-12-07T09:16:24.004+0000] {logging_mixin.py:190} INFO - [2024-12-07T09:16:24.004+0000] {dag.py:4180} INFO - Setting next_dagrun for dataset_s3_bucket_producer to None, run_after=None
[2024-12-07T09:16:24.020+0000] {processor.py:208} INFO - Processing /home/airflow/.local/lib/python3.12/site-packages/airflow/example_dags/example_dataset_alias.py took 0.657 seconds
[2024-12-07T09:16:54.675+0000] {processor.py:186} INFO - Started process (PID=410) to work on /home/airflow/.local/lib/python3.12/site-packages/airflow/example_dags/example_dataset_alias.py
[2024-12-07T09:16:54.675+0000] {processor.py:914} INFO - Processing file /home/airflow/.local/lib/python3.12/site-packages/airflow/example_dags/example_dataset_alias.py for tasks to queue
[2024-12-07T09:16:54.678+0000] {logging_mixin.py:190} INFO - [2024-12-07T09:16:54.677+0000] {dagbag.py:588} INFO - Filling up the DagBag from /home/airflow/.local/lib/python3.12/site-packages/airflow/example_dags/example_dataset_alias.py
[2024-12-07T09:16:55.230+0000] {processor.py:925} INFO - DAG(s) 'dataset_s3_bucket_consumer', 'dataset_alias_example_alias_consumer', 'dataset_s3_bucket_producer', 'dataset_alias_example_alias_producer' retrieved from /home/airflow/.local/lib/python3.12/site-packages/airflow/example_dags/example_dataset_alias.py
[2024-12-07T09:16:55.246+0000] {logging_mixin.py:190} INFO - [2024-12-07T09:16:55.246+0000] {dag.py:3239} INFO - Sync 4 DAGs
[2024-12-07T09:16:55.264+0000] {logging_mixin.py:190} INFO - [2024-12-07T09:16:55.263+0000] {dag.py:4180} INFO - Setting next_dagrun for dataset_alias_example_alias_consumer to None, run_after=None
[2024-12-07T09:16:55.266+0000] {logging_mixin.py:190} INFO - [2024-12-07T09:16:55.265+0000] {dag.py:4180} INFO - Setting next_dagrun for dataset_alias_example_alias_producer to None, run_after=None
[2024-12-07T09:16:55.267+0000] {logging_mixin.py:190} INFO - [2024-12-07T09:16:55.267+0000] {dag.py:4180} INFO - Setting next_dagrun for dataset_s3_bucket_consumer to None, run_after=None
[2024-12-07T09:16:55.268+0000] {logging_mixin.py:190} INFO - [2024-12-07T09:16:55.268+0000] {dag.py:4180} INFO - Setting next_dagrun for dataset_s3_bucket_producer to None, run_after=None
[2024-12-07T09:16:55.285+0000] {processor.py:208} INFO - Processing /home/airflow/.local/lib/python3.12/site-packages/airflow/example_dags/example_dataset_alias.py took 0.616 seconds
[2024-12-07T09:17:26.080+0000] {processor.py:186} INFO - Started process (PID=473) to work on /home/airflow/.local/lib/python3.12/site-packages/airflow/example_dags/example_dataset_alias.py
[2024-12-07T09:17:26.081+0000] {processor.py:914} INFO - Processing file /home/airflow/.local/lib/python3.12/site-packages/airflow/example_dags/example_dataset_alias.py for tasks to queue
[2024-12-07T09:17:26.083+0000] {logging_mixin.py:190} INFO - [2024-12-07T09:17:26.083+0000] {dagbag.py:588} INFO - Filling up the DagBag from /home/airflow/.local/lib/python3.12/site-packages/airflow/example_dags/example_dataset_alias.py
[2024-12-07T09:17:26.644+0000] {processor.py:925} INFO - DAG(s) 'dataset_alias_example_alias_consumer', 'dataset_alias_example_alias_producer', 'dataset_s3_bucket_producer', 'dataset_s3_bucket_consumer' retrieved from /home/airflow/.local/lib/python3.12/site-packages/airflow/example_dags/example_dataset_alias.py
[2024-12-07T09:17:26.660+0000] {logging_mixin.py:190} INFO - [2024-12-07T09:17:26.660+0000] {dag.py:3239} INFO - Sync 4 DAGs
[2024-12-07T09:17:26.677+0000] {logging_mixin.py:190} INFO - [2024-12-07T09:17:26.677+0000] {dag.py:4180} INFO - Setting next_dagrun for dataset_alias_example_alias_consumer to None, run_after=None
[2024-12-07T09:17:26.679+0000] {logging_mixin.py:190} INFO - [2024-12-07T09:17:26.679+0000] {dag.py:4180} INFO - Setting next_dagrun for dataset_alias_example_alias_producer to None, run_after=None
[2024-12-07T09:17:26.680+0000] {logging_mixin.py:190} INFO - [2024-12-07T09:17:26.680+0000] {dag.py:4180} INFO - Setting next_dagrun for dataset_s3_bucket_consumer to None, run_after=None
[2024-12-07T09:17:26.681+0000] {logging_mixin.py:190} INFO - [2024-12-07T09:17:26.681+0000] {dag.py:4180} INFO - Setting next_dagrun for dataset_s3_bucket_producer to None, run_after=None
[2024-12-07T09:17:26.696+0000] {processor.py:208} INFO - Processing /home/airflow/.local/lib/python3.12/site-packages/airflow/example_dags/example_dataset_alias.py took 0.621 seconds
[2024-12-07T09:17:57.411+0000] {processor.py:186} INFO - Started process (PID=537) to work on /home/airflow/.local/lib/python3.12/site-packages/airflow/example_dags/example_dataset_alias.py
[2024-12-07T09:17:57.412+0000] {processor.py:914} INFO - Processing file /home/airflow/.local/lib/python3.12/site-packages/airflow/example_dags/example_dataset_alias.py for tasks to queue
[2024-12-07T09:17:57.414+0000] {logging_mixin.py:190} INFO - [2024-12-07T09:17:57.413+0000] {dagbag.py:588} INFO - Filling up the DagBag from /home/airflow/.local/lib/python3.12/site-packages/airflow/example_dags/example_dataset_alias.py
[2024-12-07T09:17:57.931+0000] {processor.py:925} INFO - DAG(s) 'dataset_alias_example_alias_producer', 'dataset_s3_bucket_consumer', 'dataset_s3_bucket_producer', 'dataset_alias_example_alias_consumer' retrieved from /home/airflow/.local/lib/python3.12/site-packages/airflow/example_dags/example_dataset_alias.py
[2024-12-07T09:17:57.952+0000] {logging_mixin.py:190} INFO - [2024-12-07T09:17:57.952+0000] {dag.py:3239} INFO - Sync 4 DAGs
[2024-12-07T09:17:57.976+0000] {logging_mixin.py:190} INFO - [2024-12-07T09:17:57.976+0000] {dag.py:4180} INFO - Setting next_dagrun for dataset_alias_example_alias_consumer to None, run_after=None
[2024-12-07T09:17:57.978+0000] {logging_mixin.py:190} INFO - [2024-12-07T09:17:57.978+0000] {dag.py:4180} INFO - Setting next_dagrun for dataset_alias_example_alias_producer to None, run_after=None
[2024-12-07T09:17:57.979+0000] {logging_mixin.py:190} INFO - [2024-12-07T09:17:57.979+0000] {dag.py:4180} INFO - Setting next_dagrun for dataset_s3_bucket_consumer to None, run_after=None
[2024-12-07T09:17:57.980+0000] {logging_mixin.py:190} INFO - [2024-12-07T09:17:57.980+0000] {dag.py:4180} INFO - Setting next_dagrun for dataset_s3_bucket_producer to None, run_after=None
[2024-12-07T09:17:57.997+0000] {processor.py:208} INFO - Processing /home/airflow/.local/lib/python3.12/site-packages/airflow/example_dags/example_dataset_alias.py took 0.590 seconds
[2024-12-07T09:18:28.701+0000] {processor.py:186} INFO - Started process (PID=600) to work on /home/airflow/.local/lib/python3.12/site-packages/airflow/example_dags/example_dataset_alias.py
[2024-12-07T09:18:28.702+0000] {processor.py:914} INFO - Processing file /home/airflow/.local/lib/python3.12/site-packages/airflow/example_dags/example_dataset_alias.py for tasks to queue
[2024-12-07T09:18:28.704+0000] {logging_mixin.py:190} INFO - [2024-12-07T09:18:28.703+0000] {dagbag.py:588} INFO - Filling up the DagBag from /home/airflow/.local/lib/python3.12/site-packages/airflow/example_dags/example_dataset_alias.py
[2024-12-07T09:18:29.360+0000] {processor.py:925} INFO - DAG(s) 'dataset_s3_bucket_consumer', 'dataset_alias_example_alias_consumer', 'dataset_s3_bucket_producer', 'dataset_alias_example_alias_producer' retrieved from /home/airflow/.local/lib/python3.12/site-packages/airflow/example_dags/example_dataset_alias.py
[2024-12-07T09:18:29.380+0000] {logging_mixin.py:190} INFO - [2024-12-07T09:18:29.380+0000] {dag.py:3239} INFO - Sync 4 DAGs
[2024-12-07T09:18:29.406+0000] {logging_mixin.py:190} INFO - [2024-12-07T09:18:29.405+0000] {dag.py:4180} INFO - Setting next_dagrun for dataset_alias_example_alias_consumer to None, run_after=None
[2024-12-07T09:18:29.408+0000] {logging_mixin.py:190} INFO - [2024-12-07T09:18:29.408+0000] {dag.py:4180} INFO - Setting next_dagrun for dataset_alias_example_alias_producer to None, run_after=None
[2024-12-07T09:18:29.409+0000] {logging_mixin.py:190} INFO - [2024-12-07T09:18:29.409+0000] {dag.py:4180} INFO - Setting next_dagrun for dataset_s3_bucket_consumer to None, run_after=None
[2024-12-07T09:18:29.411+0000] {logging_mixin.py:190} INFO - [2024-12-07T09:18:29.410+0000] {dag.py:4180} INFO - Setting next_dagrun for dataset_s3_bucket_producer to None, run_after=None
[2024-12-07T09:18:29.429+0000] {processor.py:208} INFO - Processing /home/airflow/.local/lib/python3.12/site-packages/airflow/example_dags/example_dataset_alias.py took 0.732 seconds
[2024-12-07T09:19:00.214+0000] {processor.py:186} INFO - Started process (PID=663) to work on /home/airflow/.local/lib/python3.12/site-packages/airflow/example_dags/example_dataset_alias.py
[2024-12-07T09:19:00.215+0000] {processor.py:914} INFO - Processing file /home/airflow/.local/lib/python3.12/site-packages/airflow/example_dags/example_dataset_alias.py for tasks to queue
[2024-12-07T09:19:00.217+0000] {logging_mixin.py:190} INFO - [2024-12-07T09:19:00.217+0000] {dagbag.py:588} INFO - Filling up the DagBag from /home/airflow/.local/lib/python3.12/site-packages/airflow/example_dags/example_dataset_alias.py
[2024-12-07T09:19:00.849+0000] {processor.py:925} INFO - DAG(s) 'dataset_alias_example_alias_producer', 'dataset_alias_example_alias_consumer', 'dataset_s3_bucket_consumer', 'dataset_s3_bucket_producer' retrieved from /home/airflow/.local/lib/python3.12/site-packages/airflow/example_dags/example_dataset_alias.py
[2024-12-07T09:19:00.866+0000] {logging_mixin.py:190} INFO - [2024-12-07T09:19:00.866+0000] {dag.py:3239} INFO - Sync 4 DAGs
[2024-12-07T09:19:00.885+0000] {logging_mixin.py:190} INFO - [2024-12-07T09:19:00.885+0000] {dag.py:4180} INFO - Setting next_dagrun for dataset_alias_example_alias_consumer to None, run_after=None
[2024-12-07T09:19:00.888+0000] {logging_mixin.py:190} INFO - [2024-12-07T09:19:00.887+0000] {dag.py:4180} INFO - Setting next_dagrun for dataset_alias_example_alias_producer to None, run_after=None
[2024-12-07T09:19:00.889+0000] {logging_mixin.py:190} INFO - [2024-12-07T09:19:00.889+0000] {dag.py:4180} INFO - Setting next_dagrun for dataset_s3_bucket_consumer to None, run_after=None
[2024-12-07T09:19:00.890+0000] {logging_mixin.py:190} INFO - [2024-12-07T09:19:00.889+0000] {dag.py:4180} INFO - Setting next_dagrun for dataset_s3_bucket_producer to None, run_after=None
[2024-12-07T09:19:00.905+0000] {processor.py:208} INFO - Processing /home/airflow/.local/lib/python3.12/site-packages/airflow/example_dags/example_dataset_alias.py took 0.695 seconds
[2024-12-07T09:19:31.409+0000] {processor.py:186} INFO - Started process (PID=728) to work on /home/airflow/.local/lib/python3.12/site-packages/airflow/example_dags/example_dataset_alias.py
[2024-12-07T09:19:31.410+0000] {processor.py:914} INFO - Processing file /home/airflow/.local/lib/python3.12/site-packages/airflow/example_dags/example_dataset_alias.py for tasks to queue
[2024-12-07T09:19:31.412+0000] {logging_mixin.py:190} INFO - [2024-12-07T09:19:31.412+0000] {dagbag.py:588} INFO - Filling up the DagBag from /home/airflow/.local/lib/python3.12/site-packages/airflow/example_dags/example_dataset_alias.py
[2024-12-07T09:19:31.975+0000] {processor.py:925} INFO - DAG(s) 'dataset_alias_example_alias_producer', 'dataset_s3_bucket_consumer', 'dataset_s3_bucket_producer', 'dataset_alias_example_alias_consumer' retrieved from /home/airflow/.local/lib/python3.12/site-packages/airflow/example_dags/example_dataset_alias.py
[2024-12-07T09:19:31.990+0000] {logging_mixin.py:190} INFO - [2024-12-07T09:19:31.990+0000] {dag.py:3239} INFO - Sync 4 DAGs
[2024-12-07T09:19:32.008+0000] {logging_mixin.py:190} INFO - [2024-12-07T09:19:32.008+0000] {dag.py:4180} INFO - Setting next_dagrun for dataset_alias_example_alias_consumer to None, run_after=None
[2024-12-07T09:19:32.010+0000] {logging_mixin.py:190} INFO - [2024-12-07T09:19:32.010+0000] {dag.py:4180} INFO - Setting next_dagrun for dataset_alias_example_alias_producer to None, run_after=None
[2024-12-07T09:19:32.011+0000] {logging_mixin.py:190} INFO - [2024-12-07T09:19:32.011+0000] {dag.py:4180} INFO - Setting next_dagrun for dataset_s3_bucket_consumer to None, run_after=None
[2024-12-07T09:19:32.012+0000] {logging_mixin.py:190} INFO - [2024-12-07T09:19:32.012+0000] {dag.py:4180} INFO - Setting next_dagrun for dataset_s3_bucket_producer to None, run_after=None
[2024-12-07T09:19:32.026+0000] {processor.py:208} INFO - Processing /home/airflow/.local/lib/python3.12/site-packages/airflow/example_dags/example_dataset_alias.py took 0.621 seconds
[2024-12-07T09:20:02.907+0000] {processor.py:186} INFO - Started process (PID=792) to work on /home/airflow/.local/lib/python3.12/site-packages/airflow/example_dags/example_dataset_alias.py
[2024-12-07T09:20:02.908+0000] {processor.py:914} INFO - Processing file /home/airflow/.local/lib/python3.12/site-packages/airflow/example_dags/example_dataset_alias.py for tasks to queue
[2024-12-07T09:20:02.910+0000] {logging_mixin.py:190} INFO - [2024-12-07T09:20:02.910+0000] {dagbag.py:588} INFO - Filling up the DagBag from /home/airflow/.local/lib/python3.12/site-packages/airflow/example_dags/example_dataset_alias.py
[2024-12-07T09:20:03.412+0000] {processor.py:925} INFO - DAG(s) 'dataset_alias_example_alias_consumer', 'dataset_s3_bucket_producer', 'dataset_alias_example_alias_producer', 'dataset_s3_bucket_consumer' retrieved from /home/airflow/.local/lib/python3.12/site-packages/airflow/example_dags/example_dataset_alias.py
[2024-12-07T09:20:03.428+0000] {logging_mixin.py:190} INFO - [2024-12-07T09:20:03.427+0000] {dag.py:3239} INFO - Sync 4 DAGs
[2024-12-07T09:20:03.452+0000] {logging_mixin.py:190} INFO - [2024-12-07T09:20:03.452+0000] {dag.py:4180} INFO - Setting next_dagrun for dataset_alias_example_alias_consumer to None, run_after=None
[2024-12-07T09:20:03.454+0000] {logging_mixin.py:190} INFO - [2024-12-07T09:20:03.454+0000] {dag.py:4180} INFO - Setting next_dagrun for dataset_alias_example_alias_producer to None, run_after=None
[2024-12-07T09:20:03.457+0000] {logging_mixin.py:190} INFO - [2024-12-07T09:20:03.457+0000] {dag.py:4180} INFO - Setting next_dagrun for dataset_s3_bucket_consumer to None, run_after=None
[2024-12-07T09:20:03.458+0000] {logging_mixin.py:190} INFO - [2024-12-07T09:20:03.458+0000] {dag.py:4180} INFO - Setting next_dagrun for dataset_s3_bucket_producer to None, run_after=None
[2024-12-07T09:20:03.476+0000] {processor.py:208} INFO - Processing /home/airflow/.local/lib/python3.12/site-packages/airflow/example_dags/example_dataset_alias.py took 0.574 seconds
[2024-12-07T09:20:34.322+0000] {processor.py:186} INFO - Started process (PID=857) to work on /home/airflow/.local/lib/python3.12/site-packages/airflow/example_dags/example_dataset_alias.py
[2024-12-07T09:20:34.322+0000] {processor.py:914} INFO - Processing file /home/airflow/.local/lib/python3.12/site-packages/airflow/example_dags/example_dataset_alias.py for tasks to queue
[2024-12-07T09:20:34.324+0000] {logging_mixin.py:190} INFO - [2024-12-07T09:20:34.324+0000] {dagbag.py:588} INFO - Filling up the DagBag from /home/airflow/.local/lib/python3.12/site-packages/airflow/example_dags/example_dataset_alias.py
[2024-12-07T09:20:34.889+0000] {processor.py:925} INFO - DAG(s) 'dataset_s3_bucket_producer', 'dataset_s3_bucket_consumer', 'dataset_alias_example_alias_consumer', 'dataset_alias_example_alias_producer' retrieved from /home/airflow/.local/lib/python3.12/site-packages/airflow/example_dags/example_dataset_alias.py
[2024-12-07T09:20:34.904+0000] {logging_mixin.py:190} INFO - [2024-12-07T09:20:34.903+0000] {dag.py:3239} INFO - Sync 4 DAGs
[2024-12-07T09:20:34.921+0000] {logging_mixin.py:190} INFO - [2024-12-07T09:20:34.921+0000] {dag.py:4180} INFO - Setting next_dagrun for dataset_alias_example_alias_consumer to None, run_after=None
[2024-12-07T09:20:34.923+0000] {logging_mixin.py:190} INFO - [2024-12-07T09:20:34.922+0000] {dag.py:4180} INFO - Setting next_dagrun for dataset_alias_example_alias_producer to None, run_after=None
[2024-12-07T09:20:34.924+0000] {logging_mixin.py:190} INFO - [2024-12-07T09:20:34.924+0000] {dag.py:4180} INFO - Setting next_dagrun for dataset_s3_bucket_consumer to None, run_after=None
[2024-12-07T09:20:34.925+0000] {logging_mixin.py:190} INFO - [2024-12-07T09:20:34.924+0000] {dag.py:4180} INFO - Setting next_dagrun for dataset_s3_bucket_producer to None, run_after=None
[2024-12-07T09:20:34.939+0000] {processor.py:208} INFO - Processing /home/airflow/.local/lib/python3.12/site-packages/airflow/example_dags/example_dataset_alias.py took 0.622 seconds
[2024-12-07T09:21:05.458+0000] {processor.py:186} INFO - Started process (PID=921) to work on /home/airflow/.local/lib/python3.12/site-packages/airflow/example_dags/example_dataset_alias.py
[2024-12-07T09:21:05.458+0000] {processor.py:914} INFO - Processing file /home/airflow/.local/lib/python3.12/site-packages/airflow/example_dags/example_dataset_alias.py for tasks to queue
[2024-12-07T09:21:05.460+0000] {logging_mixin.py:190} INFO - [2024-12-07T09:21:05.460+0000] {dagbag.py:588} INFO - Filling up the DagBag from /home/airflow/.local/lib/python3.12/site-packages/airflow/example_dags/example_dataset_alias.py
[2024-12-07T09:21:06.085+0000] {processor.py:925} INFO - DAG(s) 'dataset_s3_bucket_consumer', 'dataset_s3_bucket_producer', 'dataset_alias_example_alias_producer', 'dataset_alias_example_alias_consumer' retrieved from /home/airflow/.local/lib/python3.12/site-packages/airflow/example_dags/example_dataset_alias.py
[2024-12-07T09:21:06.101+0000] {logging_mixin.py:190} INFO - [2024-12-07T09:21:06.101+0000] {dag.py:3239} INFO - Sync 4 DAGs
[2024-12-07T09:21:06.118+0000] {logging_mixin.py:190} INFO - [2024-12-07T09:21:06.118+0000] {dag.py:4180} INFO - Setting next_dagrun for dataset_alias_example_alias_consumer to None, run_after=None
[2024-12-07T09:21:06.120+0000] {logging_mixin.py:190} INFO - [2024-12-07T09:21:06.120+0000] {dag.py:4180} INFO - Setting next_dagrun for dataset_alias_example_alias_producer to None, run_after=None
[2024-12-07T09:21:06.121+0000] {logging_mixin.py:190} INFO - [2024-12-07T09:21:06.121+0000] {dag.py:4180} INFO - Setting next_dagrun for dataset_s3_bucket_consumer to None, run_after=None
[2024-12-07T09:21:06.122+0000] {logging_mixin.py:190} INFO - [2024-12-07T09:21:06.122+0000] {dag.py:4180} INFO - Setting next_dagrun for dataset_s3_bucket_producer to None, run_after=None
[2024-12-07T09:21:06.137+0000] {processor.py:208} INFO - Processing /home/airflow/.local/lib/python3.12/site-packages/airflow/example_dags/example_dataset_alias.py took 0.683 seconds
[2024-12-07T09:21:36.556+0000] {processor.py:186} INFO - Started process (PID=985) to work on /home/airflow/.local/lib/python3.12/site-packages/airflow/example_dags/example_dataset_alias.py
[2024-12-07T09:21:36.557+0000] {processor.py:914} INFO - Processing file /home/airflow/.local/lib/python3.12/site-packages/airflow/example_dags/example_dataset_alias.py for tasks to queue
[2024-12-07T09:21:36.559+0000] {logging_mixin.py:190} INFO - [2024-12-07T09:21:36.559+0000] {dagbag.py:588} INFO - Filling up the DagBag from /home/airflow/.local/lib/python3.12/site-packages/airflow/example_dags/example_dataset_alias.py
[2024-12-07T09:21:37.115+0000] {processor.py:925} INFO - DAG(s) 'dataset_alias_example_alias_producer', 'dataset_s3_bucket_consumer', 'dataset_alias_example_alias_consumer', 'dataset_s3_bucket_producer' retrieved from /home/airflow/.local/lib/python3.12/site-packages/airflow/example_dags/example_dataset_alias.py
[2024-12-07T09:21:37.132+0000] {logging_mixin.py:190} INFO - [2024-12-07T09:21:37.131+0000] {dag.py:3239} INFO - Sync 4 DAGs
[2024-12-07T09:21:37.153+0000] {logging_mixin.py:190} INFO - [2024-12-07T09:21:37.153+0000] {dag.py:4180} INFO - Setting next_dagrun for dataset_alias_example_alias_consumer to None, run_after=None
[2024-12-07T09:21:37.156+0000] {logging_mixin.py:190} INFO - [2024-12-07T09:21:37.155+0000] {dag.py:4180} INFO - Setting next_dagrun for dataset_alias_example_alias_producer to None, run_after=None
[2024-12-07T09:21:37.157+0000] {logging_mixin.py:190} INFO - [2024-12-07T09:21:37.157+0000] {dag.py:4180} INFO - Setting next_dagrun for dataset_s3_bucket_consumer to None, run_after=None
[2024-12-07T09:21:37.158+0000] {logging_mixin.py:190} INFO - [2024-12-07T09:21:37.158+0000] {dag.py:4180} INFO - Setting next_dagrun for dataset_s3_bucket_producer to None, run_after=None
[2024-12-07T09:21:37.176+0000] {processor.py:208} INFO - Processing /home/airflow/.local/lib/python3.12/site-packages/airflow/example_dags/example_dataset_alias.py took 0.624 seconds
[2024-12-07T09:22:07.841+0000] {processor.py:186} INFO - Started process (PID=1049) to work on /home/airflow/.local/lib/python3.12/site-packages/airflow/example_dags/example_dataset_alias.py
[2024-12-07T09:22:07.842+0000] {processor.py:914} INFO - Processing file /home/airflow/.local/lib/python3.12/site-packages/airflow/example_dags/example_dataset_alias.py for tasks to queue
[2024-12-07T09:22:07.843+0000] {logging_mixin.py:190} INFO - [2024-12-07T09:22:07.843+0000] {dagbag.py:588} INFO - Filling up the DagBag from /home/airflow/.local/lib/python3.12/site-packages/airflow/example_dags/example_dataset_alias.py
[2024-12-07T09:22:08.373+0000] {processor.py:925} INFO - DAG(s) 'dataset_s3_bucket_consumer', 'dataset_s3_bucket_producer', 'dataset_alias_example_alias_producer', 'dataset_alias_example_alias_consumer' retrieved from /home/airflow/.local/lib/python3.12/site-packages/airflow/example_dags/example_dataset_alias.py
[2024-12-07T09:22:08.395+0000] {logging_mixin.py:190} INFO - [2024-12-07T09:22:08.394+0000] {dag.py:3239} INFO - Sync 4 DAGs
[2024-12-07T09:22:08.419+0000] {logging_mixin.py:190} INFO - [2024-12-07T09:22:08.419+0000] {dag.py:4180} INFO - Setting next_dagrun for dataset_alias_example_alias_consumer to None, run_after=None
[2024-12-07T09:22:08.421+0000] {logging_mixin.py:190} INFO - [2024-12-07T09:22:08.421+0000] {dag.py:4180} INFO - Setting next_dagrun for dataset_alias_example_alias_producer to None, run_after=None
[2024-12-07T09:22:08.423+0000] {logging_mixin.py:190} INFO - [2024-12-07T09:22:08.423+0000] {dag.py:4180} INFO - Setting next_dagrun for dataset_s3_bucket_consumer to None, run_after=None
[2024-12-07T09:22:08.424+0000] {logging_mixin.py:190} INFO - [2024-12-07T09:22:08.424+0000] {dag.py:4180} INFO - Setting next_dagrun for dataset_s3_bucket_producer to None, run_after=None
[2024-12-07T09:22:08.446+0000] {processor.py:208} INFO - Processing /home/airflow/.local/lib/python3.12/site-packages/airflow/example_dags/example_dataset_alias.py took 0.609 seconds
[2024-12-07T09:22:38.897+0000] {processor.py:186} INFO - Started process (PID=1113) to work on /home/airflow/.local/lib/python3.12/site-packages/airflow/example_dags/example_dataset_alias.py
[2024-12-07T09:22:38.898+0000] {processor.py:914} INFO - Processing file /home/airflow/.local/lib/python3.12/site-packages/airflow/example_dags/example_dataset_alias.py for tasks to queue
[2024-12-07T09:22:38.900+0000] {logging_mixin.py:190} INFO - [2024-12-07T09:22:38.899+0000] {dagbag.py:588} INFO - Filling up the DagBag from /home/airflow/.local/lib/python3.12/site-packages/airflow/example_dags/example_dataset_alias.py
[2024-12-07T09:22:39.452+0000] {processor.py:925} INFO - DAG(s) 'dataset_s3_bucket_producer', 'dataset_alias_example_alias_consumer', 'dataset_s3_bucket_consumer', 'dataset_alias_example_alias_producer' retrieved from /home/airflow/.local/lib/python3.12/site-packages/airflow/example_dags/example_dataset_alias.py
[2024-12-07T09:22:39.467+0000] {logging_mixin.py:190} INFO - [2024-12-07T09:22:39.467+0000] {dag.py:3239} INFO - Sync 4 DAGs
[2024-12-07T09:22:39.484+0000] {logging_mixin.py:190} INFO - [2024-12-07T09:22:39.484+0000] {dag.py:4180} INFO - Setting next_dagrun for dataset_alias_example_alias_consumer to None, run_after=None
[2024-12-07T09:22:39.486+0000] {logging_mixin.py:190} INFO - [2024-12-07T09:22:39.486+0000] {dag.py:4180} INFO - Setting next_dagrun for dataset_alias_example_alias_producer to None, run_after=None
[2024-12-07T09:22:39.488+0000] {logging_mixin.py:190} INFO - [2024-12-07T09:22:39.488+0000] {dag.py:4180} INFO - Setting next_dagrun for dataset_s3_bucket_consumer to None, run_after=None
[2024-12-07T09:22:39.489+0000] {logging_mixin.py:190} INFO - [2024-12-07T09:22:39.489+0000] {dag.py:4180} INFO - Setting next_dagrun for dataset_s3_bucket_producer to None, run_after=None
[2024-12-07T09:22:39.504+0000] {processor.py:208} INFO - Processing /home/airflow/.local/lib/python3.12/site-packages/airflow/example_dags/example_dataset_alias.py took 0.611 seconds
[2024-12-07T09:23:10.383+0000] {processor.py:186} INFO - Started process (PID=1177) to work on /home/airflow/.local/lib/python3.12/site-packages/airflow/example_dags/example_dataset_alias.py
[2024-12-07T09:23:10.383+0000] {processor.py:914} INFO - Processing file /home/airflow/.local/lib/python3.12/site-packages/airflow/example_dags/example_dataset_alias.py for tasks to queue
[2024-12-07T09:23:10.385+0000] {logging_mixin.py:190} INFO - [2024-12-07T09:23:10.385+0000] {dagbag.py:588} INFO - Filling up the DagBag from /home/airflow/.local/lib/python3.12/site-packages/airflow/example_dags/example_dataset_alias.py
[2024-12-07T09:23:10.901+0000] {processor.py:925} INFO - DAG(s) 'dataset_alias_example_alias_consumer', 'dataset_s3_bucket_consumer', 'dataset_s3_bucket_producer', 'dataset_alias_example_alias_producer' retrieved from /home/airflow/.local/lib/python3.12/site-packages/airflow/example_dags/example_dataset_alias.py
[2024-12-07T09:23:10.920+0000] {logging_mixin.py:190} INFO - [2024-12-07T09:23:10.919+0000] {dag.py:3239} INFO - Sync 4 DAGs
[2024-12-07T09:23:10.939+0000] {logging_mixin.py:190} INFO - [2024-12-07T09:23:10.939+0000] {dag.py:4180} INFO - Setting next_dagrun for dataset_alias_example_alias_consumer to None, run_after=None
[2024-12-07T09:23:10.941+0000] {logging_mixin.py:190} INFO - [2024-12-07T09:23:10.941+0000] {dag.py:4180} INFO - Setting next_dagrun for dataset_alias_example_alias_producer to None, run_after=None
[2024-12-07T09:23:10.942+0000] {logging_mixin.py:190} INFO - [2024-12-07T09:23:10.942+0000] {dag.py:4180} INFO - Setting next_dagrun for dataset_s3_bucket_consumer to None, run_after=None
[2024-12-07T09:23:10.943+0000] {logging_mixin.py:190} INFO - [2024-12-07T09:23:10.943+0000] {dag.py:4180} INFO - Setting next_dagrun for dataset_s3_bucket_producer to None, run_after=None
[2024-12-07T09:23:10.959+0000] {processor.py:208} INFO - Processing /home/airflow/.local/lib/python3.12/site-packages/airflow/example_dags/example_dataset_alias.py took 0.581 seconds
[2024-12-07T09:23:41.561+0000] {processor.py:186} INFO - Started process (PID=1241) to work on /home/airflow/.local/lib/python3.12/site-packages/airflow/example_dags/example_dataset_alias.py
[2024-12-07T09:23:41.561+0000] {processor.py:914} INFO - Processing file /home/airflow/.local/lib/python3.12/site-packages/airflow/example_dags/example_dataset_alias.py for tasks to queue
[2024-12-07T09:23:41.563+0000] {logging_mixin.py:190} INFO - [2024-12-07T09:23:41.563+0000] {dagbag.py:588} INFO - Filling up the DagBag from /home/airflow/.local/lib/python3.12/site-packages/airflow/example_dags/example_dataset_alias.py
[2024-12-07T09:23:42.068+0000] {processor.py:925} INFO - DAG(s) 'dataset_alias_example_alias_consumer', 'dataset_alias_example_alias_producer', 'dataset_s3_bucket_consumer', 'dataset_s3_bucket_producer' retrieved from /home/airflow/.local/lib/python3.12/site-packages/airflow/example_dags/example_dataset_alias.py
[2024-12-07T09:23:42.085+0000] {logging_mixin.py:190} INFO - [2024-12-07T09:23:42.084+0000] {dag.py:3239} INFO - Sync 4 DAGs
[2024-12-07T09:23:42.101+0000] {logging_mixin.py:190} INFO - [2024-12-07T09:23:42.101+0000] {dag.py:4180} INFO - Setting next_dagrun for dataset_alias_example_alias_consumer to None, run_after=None
[2024-12-07T09:23:42.103+0000] {logging_mixin.py:190} INFO - [2024-12-07T09:23:42.103+0000] {dag.py:4180} INFO - Setting next_dagrun for dataset_alias_example_alias_producer to None, run_after=None
[2024-12-07T09:23:42.104+0000] {logging_mixin.py:190} INFO - [2024-12-07T09:23:42.104+0000] {dag.py:4180} INFO - Setting next_dagrun for dataset_s3_bucket_consumer to None, run_after=None
[2024-12-07T09:23:42.105+0000] {logging_mixin.py:190} INFO - [2024-12-07T09:23:42.105+0000] {dag.py:4180} INFO - Setting next_dagrun for dataset_s3_bucket_producer to None, run_after=None
[2024-12-07T09:23:42.120+0000] {processor.py:208} INFO - Processing /home/airflow/.local/lib/python3.12/site-packages/airflow/example_dags/example_dataset_alias.py took 0.564 seconds
[2024-12-07T09:24:12.807+0000] {processor.py:186} INFO - Started process (PID=1305) to work on /home/airflow/.local/lib/python3.12/site-packages/airflow/example_dags/example_dataset_alias.py
[2024-12-07T09:24:12.807+0000] {processor.py:914} INFO - Processing file /home/airflow/.local/lib/python3.12/site-packages/airflow/example_dags/example_dataset_alias.py for tasks to queue
[2024-12-07T09:24:12.809+0000] {logging_mixin.py:190} INFO - [2024-12-07T09:24:12.809+0000] {dagbag.py:588} INFO - Filling up the DagBag from /home/airflow/.local/lib/python3.12/site-packages/airflow/example_dags/example_dataset_alias.py
[2024-12-07T09:24:13.316+0000] {processor.py:925} INFO - DAG(s) 'dataset_alias_example_alias_consumer', 'dataset_s3_bucket_producer', 'dataset_alias_example_alias_producer', 'dataset_s3_bucket_consumer' retrieved from /home/airflow/.local/lib/python3.12/site-packages/airflow/example_dags/example_dataset_alias.py
[2024-12-07T09:24:13.337+0000] {logging_mixin.py:190} INFO - [2024-12-07T09:24:13.336+0000] {dag.py:3239} INFO - Sync 4 DAGs
[2024-12-07T09:24:13.359+0000] {logging_mixin.py:190} INFO - [2024-12-07T09:24:13.359+0000] {dag.py:4180} INFO - Setting next_dagrun for dataset_alias_example_alias_consumer to None, run_after=None
[2024-12-07T09:24:13.362+0000] {logging_mixin.py:190} INFO - [2024-12-07T09:24:13.361+0000] {dag.py:4180} INFO - Setting next_dagrun for dataset_alias_example_alias_producer to None, run_after=None
[2024-12-07T09:24:13.363+0000] {logging_mixin.py:190} INFO - [2024-12-07T09:24:13.363+0000] {dag.py:4180} INFO - Setting next_dagrun for dataset_s3_bucket_consumer to None, run_after=None
[2024-12-07T09:24:13.364+0000] {logging_mixin.py:190} INFO - [2024-12-07T09:24:13.364+0000] {dag.py:4180} INFO - Setting next_dagrun for dataset_s3_bucket_producer to None, run_after=None
[2024-12-07T09:24:13.383+0000] {processor.py:208} INFO - Processing /home/airflow/.local/lib/python3.12/site-packages/airflow/example_dags/example_dataset_alias.py took 0.580 seconds
[2024-12-07T09:24:44.085+0000] {processor.py:186} INFO - Started process (PID=1369) to work on /home/airflow/.local/lib/python3.12/site-packages/airflow/example_dags/example_dataset_alias.py
[2024-12-07T09:24:44.086+0000] {processor.py:914} INFO - Processing file /home/airflow/.local/lib/python3.12/site-packages/airflow/example_dags/example_dataset_alias.py for tasks to queue
[2024-12-07T09:24:44.087+0000] {logging_mixin.py:190} INFO - [2024-12-07T09:24:44.087+0000] {dagbag.py:588} INFO - Filling up the DagBag from /home/airflow/.local/lib/python3.12/site-packages/airflow/example_dags/example_dataset_alias.py
[2024-12-07T09:24:44.635+0000] {processor.py:925} INFO - DAG(s) 'dataset_s3_bucket_consumer', 'dataset_alias_example_alias_consumer', 'dataset_alias_example_alias_producer', 'dataset_s3_bucket_producer' retrieved from /home/airflow/.local/lib/python3.12/site-packages/airflow/example_dags/example_dataset_alias.py
[2024-12-07T09:24:44.655+0000] {logging_mixin.py:190} INFO - [2024-12-07T09:24:44.655+0000] {dag.py:3239} INFO - Sync 4 DAGs
[2024-12-07T09:24:44.682+0000] {logging_mixin.py:190} INFO - [2024-12-07T09:24:44.681+0000] {dag.py:4180} INFO - Setting next_dagrun for dataset_alias_example_alias_consumer to None, run_after=None
[2024-12-07T09:24:44.684+0000] {logging_mixin.py:190} INFO - [2024-12-07T09:24:44.684+0000] {dag.py:4180} INFO - Setting next_dagrun for dataset_alias_example_alias_producer to None, run_after=None
[2024-12-07T09:24:44.686+0000] {logging_mixin.py:190} INFO - [2024-12-07T09:24:44.686+0000] {dag.py:4180} INFO - Setting next_dagrun for dataset_s3_bucket_consumer to None, run_after=None
[2024-12-07T09:24:44.687+0000] {logging_mixin.py:190} INFO - [2024-12-07T09:24:44.687+0000] {dag.py:4180} INFO - Setting next_dagrun for dataset_s3_bucket_producer to None, run_after=None
[2024-12-07T09:24:44.710+0000] {processor.py:208} INFO - Processing /home/airflow/.local/lib/python3.12/site-packages/airflow/example_dags/example_dataset_alias.py took 0.630 seconds
[2024-12-07T09:25:15.239+0000] {processor.py:186} INFO - Started process (PID=1439) to work on /home/airflow/.local/lib/python3.12/site-packages/airflow/example_dags/example_dataset_alias.py
[2024-12-07T09:25:15.240+0000] {processor.py:914} INFO - Processing file /home/airflow/.local/lib/python3.12/site-packages/airflow/example_dags/example_dataset_alias.py for tasks to queue
[2024-12-07T09:25:15.242+0000] {logging_mixin.py:190} INFO - [2024-12-07T09:25:15.242+0000] {dagbag.py:588} INFO - Filling up the DagBag from /home/airflow/.local/lib/python3.12/site-packages/airflow/example_dags/example_dataset_alias.py
[2024-12-07T09:25:15.795+0000] {processor.py:925} INFO - DAG(s) 'dataset_s3_bucket_consumer', 'dataset_alias_example_alias_producer', 'dataset_alias_example_alias_consumer', 'dataset_s3_bucket_producer' retrieved from /home/airflow/.local/lib/python3.12/site-packages/airflow/example_dags/example_dataset_alias.py
[2024-12-07T09:25:15.821+0000] {logging_mixin.py:190} INFO - [2024-12-07T09:25:15.820+0000] {dag.py:3239} INFO - Sync 4 DAGs
[2024-12-07T09:25:15.847+0000] {logging_mixin.py:190} INFO - [2024-12-07T09:25:15.847+0000] {dag.py:4180} INFO - Setting next_dagrun for dataset_alias_example_alias_consumer to None, run_after=None
[2024-12-07T09:25:15.850+0000] {logging_mixin.py:190} INFO - [2024-12-07T09:25:15.850+0000] {dag.py:4180} INFO - Setting next_dagrun for dataset_alias_example_alias_producer to None, run_after=None
[2024-12-07T09:25:15.851+0000] {logging_mixin.py:190} INFO - [2024-12-07T09:25:15.851+0000] {dag.py:4180} INFO - Setting next_dagrun for dataset_s3_bucket_consumer to None, run_after=None
[2024-12-07T09:25:15.852+0000] {logging_mixin.py:190} INFO - [2024-12-07T09:25:15.852+0000] {dag.py:4180} INFO - Setting next_dagrun for dataset_s3_bucket_producer to None, run_after=None
[2024-12-07T09:25:15.867+0000] {processor.py:208} INFO - Processing /home/airflow/.local/lib/python3.12/site-packages/airflow/example_dags/example_dataset_alias.py took 0.631 seconds
[2024-12-07T09:25:46.795+0000] {processor.py:186} INFO - Started process (PID=1504) to work on /home/airflow/.local/lib/python3.12/site-packages/airflow/example_dags/example_dataset_alias.py
[2024-12-07T09:25:46.796+0000] {processor.py:914} INFO - Processing file /home/airflow/.local/lib/python3.12/site-packages/airflow/example_dags/example_dataset_alias.py for tasks to queue
[2024-12-07T09:25:46.798+0000] {logging_mixin.py:190} INFO - [2024-12-07T09:25:46.797+0000] {dagbag.py:588} INFO - Filling up the DagBag from /home/airflow/.local/lib/python3.12/site-packages/airflow/example_dags/example_dataset_alias.py
[2024-12-07T09:25:47.308+0000] {processor.py:925} INFO - DAG(s) 'dataset_alias_example_alias_producer', 'dataset_s3_bucket_consumer', 'dataset_s3_bucket_producer', 'dataset_alias_example_alias_consumer' retrieved from /home/airflow/.local/lib/python3.12/site-packages/airflow/example_dags/example_dataset_alias.py
[2024-12-07T09:25:47.323+0000] {logging_mixin.py:190} INFO - [2024-12-07T09:25:47.323+0000] {dag.py:3239} INFO - Sync 4 DAGs
[2024-12-07T09:25:47.340+0000] {logging_mixin.py:190} INFO - [2024-12-07T09:25:47.340+0000] {dag.py:4180} INFO - Setting next_dagrun for dataset_alias_example_alias_consumer to None, run_after=None
[2024-12-07T09:25:47.342+0000] {logging_mixin.py:190} INFO - [2024-12-07T09:25:47.342+0000] {dag.py:4180} INFO - Setting next_dagrun for dataset_alias_example_alias_producer to None, run_after=None
[2024-12-07T09:25:47.343+0000] {logging_mixin.py:190} INFO - [2024-12-07T09:25:47.343+0000] {dag.py:4180} INFO - Setting next_dagrun for dataset_s3_bucket_consumer to None, run_after=None
[2024-12-07T09:25:47.344+0000] {logging_mixin.py:190} INFO - [2024-12-07T09:25:47.344+0000] {dag.py:4180} INFO - Setting next_dagrun for dataset_s3_bucket_producer to None, run_after=None
[2024-12-07T09:25:47.359+0000] {processor.py:208} INFO - Processing /home/airflow/.local/lib/python3.12/site-packages/airflow/example_dags/example_dataset_alias.py took 0.569 seconds
