[2024-12-07T09:14:12.555+0000] {processor.py:186} INFO - Started process (PID=66) to work on /home/airflow/.local/lib/python3.12/site-packages/airflow/example_dags/example_xcomargs.py
[2024-12-07T09:14:12.556+0000] {processor.py:914} INFO - Processing file /home/airflow/.local/lib/python3.12/site-packages/airflow/example_dags/example_xcomargs.py for tasks to queue
[2024-12-07T09:14:12.559+0000] {logging_mixin.py:190} INFO - [2024-12-07T09:14:12.559+0000] {dagbag.py:588} INFO - Filling up the DagBag from /home/airflow/.local/lib/python3.12/site-packages/airflow/example_dags/example_xcomargs.py
[2024-12-07T09:14:12.571+0000] {processor.py:925} INFO - DAG(s) 'example_xcom_args', 'example_xcom_args_with_operators' retrieved from /home/airflow/.local/lib/python3.12/site-packages/airflow/example_dags/example_xcomargs.py
[2024-12-07T09:14:12.794+0000] {logging_mixin.py:190} INFO - [2024-12-07T09:14:12.793+0000] {override.py:1911} INFO - Created Permission View: can edit on DAG:example_xcom_args
[2024-12-07T09:14:12.832+0000] {logging_mixin.py:190} INFO - [2024-12-07T09:14:12.831+0000] {override.py:1911} INFO - Created Permission View: can delete on DAG:example_xcom_args
[2024-12-07T09:14:12.862+0000] {logging_mixin.py:190} INFO - [2024-12-07T09:14:12.862+0000] {override.py:1911} INFO - Created Permission View: can read on DAG:example_xcom_args
[2024-12-07T09:14:12.927+0000] {logging_mixin.py:190} INFO - [2024-12-07T09:14:12.926+0000] {override.py:1911} INFO - Created Permission View: can create on DAG Run:example_xcom_args
[2024-12-07T09:14:12.948+0000] {logging_mixin.py:190} INFO - [2024-12-07T09:14:12.947+0000] {override.py:1911} INFO - Created Permission View: menu access on DAG Run:example_xcom_args
[2024-12-07T09:14:12.973+0000] {logging_mixin.py:190} INFO - [2024-12-07T09:14:12.973+0000] {override.py:1911} INFO - Created Permission View: can delete on DAG Run:example_xcom_args
[2024-12-07T09:14:13.003+0000] {logging_mixin.py:190} INFO - [2024-12-07T09:14:13.003+0000] {override.py:1911} INFO - Created Permission View: can read on DAG Run:example_xcom_args
[2024-12-07T09:14:13.034+0000] {logging_mixin.py:190} INFO - [2024-12-07T09:14:13.034+0000] {override.py:1911} INFO - Created Permission View: can edit on DAG:example_xcom_args_with_operators
[2024-12-07T09:14:13.049+0000] {logging_mixin.py:190} INFO - [2024-12-07T09:14:13.049+0000] {override.py:1911} INFO - Created Permission View: can delete on DAG:example_xcom_args_with_operators
[2024-12-07T09:14:13.062+0000] {logging_mixin.py:190} INFO - [2024-12-07T09:14:13.062+0000] {override.py:1911} INFO - Created Permission View: can read on DAG:example_xcom_args_with_operators
[2024-12-07T09:14:13.075+0000] {logging_mixin.py:190} INFO - [2024-12-07T09:14:13.075+0000] {override.py:1911} INFO - Created Permission View: can create on DAG Run:example_xcom_args_with_operators
[2024-12-07T09:14:13.095+0000] {logging_mixin.py:190} INFO - [2024-12-07T09:14:13.095+0000] {override.py:1911} INFO - Created Permission View: menu access on DAG Run:example_xcom_args_with_operators
[2024-12-07T09:14:13.104+0000] {logging_mixin.py:190} INFO - [2024-12-07T09:14:13.103+0000] {override.py:1911} INFO - Created Permission View: can delete on DAG Run:example_xcom_args_with_operators
[2024-12-07T09:14:13.117+0000] {logging_mixin.py:190} INFO - [2024-12-07T09:14:13.116+0000] {override.py:1911} INFO - Created Permission View: can read on DAG Run:example_xcom_args_with_operators
[2024-12-07T09:14:13.117+0000] {logging_mixin.py:190} INFO - [2024-12-07T09:14:13.117+0000] {dag.py:3239} INFO - Sync 2 DAGs
[2024-12-07T09:14:13.135+0000] {logging_mixin.py:190} INFO - [2024-12-07T09:14:13.134+0000] {dag.py:3262} INFO - Creating ORM DAG for example_xcom_args
[2024-12-07T09:14:13.136+0000] {logging_mixin.py:190} INFO - [2024-12-07T09:14:13.136+0000] {dag.py:3262} INFO - Creating ORM DAG for example_xcom_args_with_operators
[2024-12-07T09:14:13.138+0000] {logging_mixin.py:190} INFO - [2024-12-07T09:14:13.138+0000] {dag.py:4180} INFO - Setting next_dagrun for example_xcom_args to None, run_after=None
[2024-12-07T09:14:13.138+0000] {logging_mixin.py:190} INFO - [2024-12-07T09:14:13.138+0000] {dag.py:4180} INFO - Setting next_dagrun for example_xcom_args_with_operators to None, run_after=None
[2024-12-07T09:14:13.158+0000] {processor.py:208} INFO - Processing /home/airflow/.local/lib/python3.12/site-packages/airflow/example_dags/example_xcomargs.py took 0.609 seconds
[2024-12-07T09:14:44.093+0000] {processor.py:186} INFO - Started process (PID=135) to work on /home/airflow/.local/lib/python3.12/site-packages/airflow/example_dags/example_xcomargs.py
[2024-12-07T09:14:44.094+0000] {processor.py:914} INFO - Processing file /home/airflow/.local/lib/python3.12/site-packages/airflow/example_dags/example_xcomargs.py for tasks to queue
[2024-12-07T09:14:44.097+0000] {logging_mixin.py:190} INFO - [2024-12-07T09:14:44.096+0000] {dagbag.py:588} INFO - Filling up the DagBag from /home/airflow/.local/lib/python3.12/site-packages/airflow/example_dags/example_xcomargs.py
[2024-12-07T09:14:44.107+0000] {processor.py:925} INFO - DAG(s) 'example_xcom_args', 'example_xcom_args_with_operators' retrieved from /home/airflow/.local/lib/python3.12/site-packages/airflow/example_dags/example_xcomargs.py
[2024-12-07T09:14:44.132+0000] {logging_mixin.py:190} INFO - [2024-12-07T09:14:44.131+0000] {dag.py:3239} INFO - Sync 2 DAGs
[2024-12-07T09:14:44.145+0000] {logging_mixin.py:190} INFO - [2024-12-07T09:14:44.145+0000] {dag.py:4180} INFO - Setting next_dagrun for example_xcom_args to None, run_after=None
[2024-12-07T09:14:44.148+0000] {logging_mixin.py:190} INFO - [2024-12-07T09:14:44.148+0000] {dag.py:4180} INFO - Setting next_dagrun for example_xcom_args_with_operators to None, run_after=None
[2024-12-07T09:14:44.161+0000] {processor.py:208} INFO - Processing /home/airflow/.local/lib/python3.12/site-packages/airflow/example_dags/example_xcomargs.py took 0.073 seconds
[2024-12-07T09:15:14.281+0000] {processor.py:186} INFO - Started process (PID=198) to work on /home/airflow/.local/lib/python3.12/site-packages/airflow/example_dags/example_xcomargs.py
[2024-12-07T09:15:14.281+0000] {processor.py:914} INFO - Processing file /home/airflow/.local/lib/python3.12/site-packages/airflow/example_dags/example_xcomargs.py for tasks to queue
[2024-12-07T09:15:14.283+0000] {logging_mixin.py:190} INFO - [2024-12-07T09:15:14.283+0000] {dagbag.py:588} INFO - Filling up the DagBag from /home/airflow/.local/lib/python3.12/site-packages/airflow/example_dags/example_xcomargs.py
[2024-12-07T09:15:14.291+0000] {processor.py:925} INFO - DAG(s) 'example_xcom_args', 'example_xcom_args_with_operators' retrieved from /home/airflow/.local/lib/python3.12/site-packages/airflow/example_dags/example_xcomargs.py
[2024-12-07T09:15:14.308+0000] {logging_mixin.py:190} INFO - [2024-12-07T09:15:14.308+0000] {dag.py:3239} INFO - Sync 2 DAGs
[2024-12-07T09:15:14.320+0000] {logging_mixin.py:190} INFO - [2024-12-07T09:15:14.320+0000] {dag.py:4180} INFO - Setting next_dagrun for example_xcom_args to None, run_after=None
[2024-12-07T09:15:14.322+0000] {logging_mixin.py:190} INFO - [2024-12-07T09:15:14.322+0000] {dag.py:4180} INFO - Setting next_dagrun for example_xcom_args_with_operators to None, run_after=None
[2024-12-07T09:15:14.333+0000] {processor.py:208} INFO - Processing /home/airflow/.local/lib/python3.12/site-packages/airflow/example_dags/example_xcomargs.py took 0.058 seconds
[2024-12-07T09:15:44.521+0000] {processor.py:186} INFO - Started process (PID=261) to work on /home/airflow/.local/lib/python3.12/site-packages/airflow/example_dags/example_xcomargs.py
[2024-12-07T09:15:44.521+0000] {processor.py:914} INFO - Processing file /home/airflow/.local/lib/python3.12/site-packages/airflow/example_dags/example_xcomargs.py for tasks to queue
[2024-12-07T09:15:44.523+0000] {logging_mixin.py:190} INFO - [2024-12-07T09:15:44.523+0000] {dagbag.py:588} INFO - Filling up the DagBag from /home/airflow/.local/lib/python3.12/site-packages/airflow/example_dags/example_xcomargs.py
[2024-12-07T09:15:44.531+0000] {processor.py:925} INFO - DAG(s) 'example_xcom_args', 'example_xcom_args_with_operators' retrieved from /home/airflow/.local/lib/python3.12/site-packages/airflow/example_dags/example_xcomargs.py
[2024-12-07T09:15:44.550+0000] {logging_mixin.py:190} INFO - [2024-12-07T09:15:44.550+0000] {dag.py:3239} INFO - Sync 2 DAGs
[2024-12-07T09:15:44.562+0000] {logging_mixin.py:190} INFO - [2024-12-07T09:15:44.562+0000] {dag.py:4180} INFO - Setting next_dagrun for example_xcom_args to None, run_after=None
[2024-12-07T09:15:44.565+0000] {logging_mixin.py:190} INFO - [2024-12-07T09:15:44.565+0000] {dag.py:4180} INFO - Setting next_dagrun for example_xcom_args_with_operators to None, run_after=None
[2024-12-07T09:15:44.579+0000] {processor.py:208} INFO - Processing /home/airflow/.local/lib/python3.12/site-packages/airflow/example_dags/example_xcomargs.py took 0.064 seconds
[2024-12-07T09:16:15.332+0000] {processor.py:186} INFO - Started process (PID=324) to work on /home/airflow/.local/lib/python3.12/site-packages/airflow/example_dags/example_xcomargs.py
[2024-12-07T09:16:15.333+0000] {processor.py:914} INFO - Processing file /home/airflow/.local/lib/python3.12/site-packages/airflow/example_dags/example_xcomargs.py for tasks to queue
[2024-12-07T09:16:15.335+0000] {logging_mixin.py:190} INFO - [2024-12-07T09:16:15.335+0000] {dagbag.py:588} INFO - Filling up the DagBag from /home/airflow/.local/lib/python3.12/site-packages/airflow/example_dags/example_xcomargs.py
[2024-12-07T09:16:15.342+0000] {processor.py:925} INFO - DAG(s) 'example_xcom_args_with_operators', 'example_xcom_args' retrieved from /home/airflow/.local/lib/python3.12/site-packages/airflow/example_dags/example_xcomargs.py
[2024-12-07T09:16:15.361+0000] {logging_mixin.py:190} INFO - [2024-12-07T09:16:15.361+0000] {dag.py:3239} INFO - Sync 2 DAGs
[2024-12-07T09:16:15.373+0000] {logging_mixin.py:190} INFO - [2024-12-07T09:16:15.373+0000] {dag.py:4180} INFO - Setting next_dagrun for example_xcom_args to None, run_after=None
[2024-12-07T09:16:15.375+0000] {logging_mixin.py:190} INFO - [2024-12-07T09:16:15.375+0000] {dag.py:4180} INFO - Setting next_dagrun for example_xcom_args_with_operators to None, run_after=None
[2024-12-07T09:16:15.388+0000] {processor.py:208} INFO - Processing /home/airflow/.local/lib/python3.12/site-packages/airflow/example_dags/example_xcomargs.py took 0.061 seconds
[2024-12-07T09:16:45.672+0000] {processor.py:186} INFO - Started process (PID=388) to work on /home/airflow/.local/lib/python3.12/site-packages/airflow/example_dags/example_xcomargs.py
[2024-12-07T09:16:45.673+0000] {processor.py:914} INFO - Processing file /home/airflow/.local/lib/python3.12/site-packages/airflow/example_dags/example_xcomargs.py for tasks to queue
[2024-12-07T09:16:45.675+0000] {logging_mixin.py:190} INFO - [2024-12-07T09:16:45.675+0000] {dagbag.py:588} INFO - Filling up the DagBag from /home/airflow/.local/lib/python3.12/site-packages/airflow/example_dags/example_xcomargs.py
[2024-12-07T09:16:45.682+0000] {processor.py:925} INFO - DAG(s) 'example_xcom_args', 'example_xcom_args_with_operators' retrieved from /home/airflow/.local/lib/python3.12/site-packages/airflow/example_dags/example_xcomargs.py
[2024-12-07T09:16:45.703+0000] {logging_mixin.py:190} INFO - [2024-12-07T09:16:45.703+0000] {dag.py:3239} INFO - Sync 2 DAGs
[2024-12-07T09:16:45.718+0000] {logging_mixin.py:190} INFO - [2024-12-07T09:16:45.718+0000] {dag.py:4180} INFO - Setting next_dagrun for example_xcom_args to None, run_after=None
[2024-12-07T09:16:45.722+0000] {logging_mixin.py:190} INFO - [2024-12-07T09:16:45.722+0000] {dag.py:4180} INFO - Setting next_dagrun for example_xcom_args_with_operators to None, run_after=None
[2024-12-07T09:16:45.733+0000] {processor.py:208} INFO - Processing /home/airflow/.local/lib/python3.12/site-packages/airflow/example_dags/example_xcomargs.py took 0.064 seconds
[2024-12-07T09:17:16.134+0000] {processor.py:186} INFO - Started process (PID=451) to work on /home/airflow/.local/lib/python3.12/site-packages/airflow/example_dags/example_xcomargs.py
[2024-12-07T09:17:16.135+0000] {processor.py:914} INFO - Processing file /home/airflow/.local/lib/python3.12/site-packages/airflow/example_dags/example_xcomargs.py for tasks to queue
[2024-12-07T09:17:16.137+0000] {logging_mixin.py:190} INFO - [2024-12-07T09:17:16.136+0000] {dagbag.py:588} INFO - Filling up the DagBag from /home/airflow/.local/lib/python3.12/site-packages/airflow/example_dags/example_xcomargs.py
[2024-12-07T09:17:16.147+0000] {processor.py:925} INFO - DAG(s) 'example_xcom_args_with_operators', 'example_xcom_args' retrieved from /home/airflow/.local/lib/python3.12/site-packages/airflow/example_dags/example_xcomargs.py
[2024-12-07T09:17:16.167+0000] {logging_mixin.py:190} INFO - [2024-12-07T09:17:16.167+0000] {dag.py:3239} INFO - Sync 2 DAGs
[2024-12-07T09:17:16.179+0000] {logging_mixin.py:190} INFO - [2024-12-07T09:17:16.179+0000] {dag.py:4180} INFO - Setting next_dagrun for example_xcom_args to None, run_after=None
[2024-12-07T09:17:16.182+0000] {logging_mixin.py:190} INFO - [2024-12-07T09:17:16.182+0000] {dag.py:4180} INFO - Setting next_dagrun for example_xcom_args_with_operators to None, run_after=None
[2024-12-07T09:17:16.193+0000] {processor.py:208} INFO - Processing /home/airflow/.local/lib/python3.12/site-packages/airflow/example_dags/example_xcomargs.py took 0.064 seconds
[2024-12-07T09:17:46.407+0000] {processor.py:186} INFO - Started process (PID=515) to work on /home/airflow/.local/lib/python3.12/site-packages/airflow/example_dags/example_xcomargs.py
[2024-12-07T09:17:46.407+0000] {processor.py:914} INFO - Processing file /home/airflow/.local/lib/python3.12/site-packages/airflow/example_dags/example_xcomargs.py for tasks to queue
[2024-12-07T09:17:46.409+0000] {logging_mixin.py:190} INFO - [2024-12-07T09:17:46.409+0000] {dagbag.py:588} INFO - Filling up the DagBag from /home/airflow/.local/lib/python3.12/site-packages/airflow/example_dags/example_xcomargs.py
[2024-12-07T09:17:46.417+0000] {processor.py:925} INFO - DAG(s) 'example_xcom_args_with_operators', 'example_xcom_args' retrieved from /home/airflow/.local/lib/python3.12/site-packages/airflow/example_dags/example_xcomargs.py
[2024-12-07T09:17:46.439+0000] {logging_mixin.py:190} INFO - [2024-12-07T09:17:46.439+0000] {dag.py:3239} INFO - Sync 2 DAGs
[2024-12-07T09:17:46.457+0000] {logging_mixin.py:190} INFO - [2024-12-07T09:17:46.457+0000] {dag.py:4180} INFO - Setting next_dagrun for example_xcom_args to None, run_after=None
[2024-12-07T09:17:46.461+0000] {logging_mixin.py:190} INFO - [2024-12-07T09:17:46.461+0000] {dag.py:4180} INFO - Setting next_dagrun for example_xcom_args_with_operators to None, run_after=None
[2024-12-07T09:17:46.476+0000] {processor.py:208} INFO - Processing /home/airflow/.local/lib/python3.12/site-packages/airflow/example_dags/example_xcomargs.py took 0.074 seconds
[2024-12-07T09:18:16.781+0000] {processor.py:186} INFO - Started process (PID=578) to work on /home/airflow/.local/lib/python3.12/site-packages/airflow/example_dags/example_xcomargs.py
[2024-12-07T09:18:16.782+0000] {processor.py:914} INFO - Processing file /home/airflow/.local/lib/python3.12/site-packages/airflow/example_dags/example_xcomargs.py for tasks to queue
[2024-12-07T09:18:16.783+0000] {logging_mixin.py:190} INFO - [2024-12-07T09:18:16.783+0000] {dagbag.py:588} INFO - Filling up the DagBag from /home/airflow/.local/lib/python3.12/site-packages/airflow/example_dags/example_xcomargs.py
[2024-12-07T09:18:16.791+0000] {processor.py:925} INFO - DAG(s) 'example_xcom_args_with_operators', 'example_xcom_args' retrieved from /home/airflow/.local/lib/python3.12/site-packages/airflow/example_dags/example_xcomargs.py
[2024-12-07T09:18:16.813+0000] {logging_mixin.py:190} INFO - [2024-12-07T09:18:16.813+0000] {dag.py:3239} INFO - Sync 2 DAGs
[2024-12-07T09:18:16.827+0000] {logging_mixin.py:190} INFO - [2024-12-07T09:18:16.827+0000] {dag.py:4180} INFO - Setting next_dagrun for example_xcom_args to None, run_after=None
[2024-12-07T09:18:16.830+0000] {logging_mixin.py:190} INFO - [2024-12-07T09:18:16.830+0000] {dag.py:4180} INFO - Setting next_dagrun for example_xcom_args_with_operators to None, run_after=None
[2024-12-07T09:18:16.841+0000] {processor.py:208} INFO - Processing /home/airflow/.local/lib/python3.12/site-packages/airflow/example_dags/example_xcomargs.py took 0.064 seconds
[2024-12-07T09:18:47.266+0000] {processor.py:186} INFO - Started process (PID=641) to work on /home/airflow/.local/lib/python3.12/site-packages/airflow/example_dags/example_xcomargs.py
[2024-12-07T09:18:47.267+0000] {processor.py:914} INFO - Processing file /home/airflow/.local/lib/python3.12/site-packages/airflow/example_dags/example_xcomargs.py for tasks to queue
[2024-12-07T09:18:47.268+0000] {logging_mixin.py:190} INFO - [2024-12-07T09:18:47.268+0000] {dagbag.py:588} INFO - Filling up the DagBag from /home/airflow/.local/lib/python3.12/site-packages/airflow/example_dags/example_xcomargs.py
[2024-12-07T09:18:47.276+0000] {processor.py:925} INFO - DAG(s) 'example_xcom_args', 'example_xcom_args_with_operators' retrieved from /home/airflow/.local/lib/python3.12/site-packages/airflow/example_dags/example_xcomargs.py
[2024-12-07T09:18:47.295+0000] {logging_mixin.py:190} INFO - [2024-12-07T09:18:47.295+0000] {dag.py:3239} INFO - Sync 2 DAGs
[2024-12-07T09:18:47.306+0000] {logging_mixin.py:190} INFO - [2024-12-07T09:18:47.306+0000] {dag.py:4180} INFO - Setting next_dagrun for example_xcom_args to None, run_after=None
[2024-12-07T09:18:47.310+0000] {logging_mixin.py:190} INFO - [2024-12-07T09:18:47.310+0000] {dag.py:4180} INFO - Setting next_dagrun for example_xcom_args_with_operators to None, run_after=None
[2024-12-07T09:18:47.324+0000] {processor.py:208} INFO - Processing /home/airflow/.local/lib/python3.12/site-packages/airflow/example_dags/example_xcomargs.py took 0.063 seconds
[2024-12-07T09:19:18.177+0000] {processor.py:186} INFO - Started process (PID=706) to work on /home/airflow/.local/lib/python3.12/site-packages/airflow/example_dags/example_xcomargs.py
[2024-12-07T09:19:18.178+0000] {processor.py:914} INFO - Processing file /home/airflow/.local/lib/python3.12/site-packages/airflow/example_dags/example_xcomargs.py for tasks to queue
[2024-12-07T09:19:18.179+0000] {logging_mixin.py:190} INFO - [2024-12-07T09:19:18.179+0000] {dagbag.py:588} INFO - Filling up the DagBag from /home/airflow/.local/lib/python3.12/site-packages/airflow/example_dags/example_xcomargs.py
[2024-12-07T09:19:18.187+0000] {processor.py:925} INFO - DAG(s) 'example_xcom_args_with_operators', 'example_xcom_args' retrieved from /home/airflow/.local/lib/python3.12/site-packages/airflow/example_dags/example_xcomargs.py
[2024-12-07T09:19:18.208+0000] {logging_mixin.py:190} INFO - [2024-12-07T09:19:18.208+0000] {dag.py:3239} INFO - Sync 2 DAGs
[2024-12-07T09:19:18.223+0000] {logging_mixin.py:190} INFO - [2024-12-07T09:19:18.223+0000] {dag.py:4180} INFO - Setting next_dagrun for example_xcom_args to None, run_after=None
[2024-12-07T09:19:18.227+0000] {logging_mixin.py:190} INFO - [2024-12-07T09:19:18.227+0000] {dag.py:4180} INFO - Setting next_dagrun for example_xcom_args_with_operators to None, run_after=None
[2024-12-07T09:19:18.238+0000] {processor.py:208} INFO - Processing /home/airflow/.local/lib/python3.12/site-packages/airflow/example_dags/example_xcomargs.py took 0.066 seconds
[2024-12-07T09:19:48.750+0000] {processor.py:186} INFO - Started process (PID=770) to work on /home/airflow/.local/lib/python3.12/site-packages/airflow/example_dags/example_xcomargs.py
[2024-12-07T09:19:48.751+0000] {processor.py:914} INFO - Processing file /home/airflow/.local/lib/python3.12/site-packages/airflow/example_dags/example_xcomargs.py for tasks to queue
[2024-12-07T09:19:48.753+0000] {logging_mixin.py:190} INFO - [2024-12-07T09:19:48.753+0000] {dagbag.py:588} INFO - Filling up the DagBag from /home/airflow/.local/lib/python3.12/site-packages/airflow/example_dags/example_xcomargs.py
[2024-12-07T09:19:48.764+0000] {processor.py:925} INFO - DAG(s) 'example_xcom_args', 'example_xcom_args_with_operators' retrieved from /home/airflow/.local/lib/python3.12/site-packages/airflow/example_dags/example_xcomargs.py
[2024-12-07T09:19:48.786+0000] {logging_mixin.py:190} INFO - [2024-12-07T09:19:48.786+0000] {dag.py:3239} INFO - Sync 2 DAGs
[2024-12-07T09:19:48.800+0000] {logging_mixin.py:190} INFO - [2024-12-07T09:19:48.800+0000] {dag.py:4180} INFO - Setting next_dagrun for example_xcom_args to None, run_after=None
[2024-12-07T09:19:48.804+0000] {logging_mixin.py:190} INFO - [2024-12-07T09:19:48.804+0000] {dag.py:4180} INFO - Setting next_dagrun for example_xcom_args_with_operators to None, run_after=None
[2024-12-07T09:19:48.815+0000] {processor.py:208} INFO - Processing /home/airflow/.local/lib/python3.12/site-packages/airflow/example_dags/example_xcomargs.py took 0.069 seconds
[2024-12-07T09:20:19.171+0000] {processor.py:186} INFO - Started process (PID=835) to work on /home/airflow/.local/lib/python3.12/site-packages/airflow/example_dags/example_xcomargs.py
[2024-12-07T09:20:19.171+0000] {processor.py:914} INFO - Processing file /home/airflow/.local/lib/python3.12/site-packages/airflow/example_dags/example_xcomargs.py for tasks to queue
[2024-12-07T09:20:19.173+0000] {logging_mixin.py:190} INFO - [2024-12-07T09:20:19.173+0000] {dagbag.py:588} INFO - Filling up the DagBag from /home/airflow/.local/lib/python3.12/site-packages/airflow/example_dags/example_xcomargs.py
[2024-12-07T09:20:19.181+0000] {processor.py:925} INFO - DAG(s) 'example_xcom_args_with_operators', 'example_xcom_args' retrieved from /home/airflow/.local/lib/python3.12/site-packages/airflow/example_dags/example_xcomargs.py
[2024-12-07T09:20:19.203+0000] {logging_mixin.py:190} INFO - [2024-12-07T09:20:19.202+0000] {dag.py:3239} INFO - Sync 2 DAGs
[2024-12-07T09:20:19.219+0000] {logging_mixin.py:190} INFO - [2024-12-07T09:20:19.218+0000] {dag.py:4180} INFO - Setting next_dagrun for example_xcom_args to None, run_after=None
[2024-12-07T09:20:19.224+0000] {logging_mixin.py:190} INFO - [2024-12-07T09:20:19.224+0000] {dag.py:4180} INFO - Setting next_dagrun for example_xcom_args_with_operators to None, run_after=None
[2024-12-07T09:20:19.236+0000] {processor.py:208} INFO - Processing /home/airflow/.local/lib/python3.12/site-packages/airflow/example_dags/example_xcomargs.py took 0.070 seconds
[2024-12-07T09:20:49.305+0000] {processor.py:186} INFO - Started process (PID=899) to work on /home/airflow/.local/lib/python3.12/site-packages/airflow/example_dags/example_xcomargs.py
[2024-12-07T09:20:49.306+0000] {processor.py:914} INFO - Processing file /home/airflow/.local/lib/python3.12/site-packages/airflow/example_dags/example_xcomargs.py for tasks to queue
[2024-12-07T09:20:49.308+0000] {logging_mixin.py:190} INFO - [2024-12-07T09:20:49.308+0000] {dagbag.py:588} INFO - Filling up the DagBag from /home/airflow/.local/lib/python3.12/site-packages/airflow/example_dags/example_xcomargs.py
[2024-12-07T09:20:49.316+0000] {processor.py:925} INFO - DAG(s) 'example_xcom_args', 'example_xcom_args_with_operators' retrieved from /home/airflow/.local/lib/python3.12/site-packages/airflow/example_dags/example_xcomargs.py
[2024-12-07T09:20:49.338+0000] {logging_mixin.py:190} INFO - [2024-12-07T09:20:49.337+0000] {dag.py:3239} INFO - Sync 2 DAGs
[2024-12-07T09:20:49.352+0000] {logging_mixin.py:190} INFO - [2024-12-07T09:20:49.352+0000] {dag.py:4180} INFO - Setting next_dagrun for example_xcom_args to None, run_after=None
[2024-12-07T09:20:49.356+0000] {logging_mixin.py:190} INFO - [2024-12-07T09:20:49.356+0000] {dag.py:4180} INFO - Setting next_dagrun for example_xcom_args_with_operators to None, run_after=None
[2024-12-07T09:20:49.366+0000] {processor.py:208} INFO - Processing /home/airflow/.local/lib/python3.12/site-packages/airflow/example_dags/example_xcomargs.py took 0.065 seconds
[2024-12-07T09:21:19.497+0000] {processor.py:186} INFO - Started process (PID=963) to work on /home/airflow/.local/lib/python3.12/site-packages/airflow/example_dags/example_xcomargs.py
[2024-12-07T09:21:19.498+0000] {processor.py:914} INFO - Processing file /home/airflow/.local/lib/python3.12/site-packages/airflow/example_dags/example_xcomargs.py for tasks to queue
[2024-12-07T09:21:19.500+0000] {logging_mixin.py:190} INFO - [2024-12-07T09:21:19.500+0000] {dagbag.py:588} INFO - Filling up the DagBag from /home/airflow/.local/lib/python3.12/site-packages/airflow/example_dags/example_xcomargs.py
[2024-12-07T09:21:19.511+0000] {processor.py:925} INFO - DAG(s) 'example_xcom_args_with_operators', 'example_xcom_args' retrieved from /home/airflow/.local/lib/python3.12/site-packages/airflow/example_dags/example_xcomargs.py
[2024-12-07T09:21:19.529+0000] {logging_mixin.py:190} INFO - [2024-12-07T09:21:19.529+0000] {dag.py:3239} INFO - Sync 2 DAGs
[2024-12-07T09:21:19.540+0000] {logging_mixin.py:190} INFO - [2024-12-07T09:21:19.540+0000] {dag.py:4180} INFO - Setting next_dagrun for example_xcom_args to None, run_after=None
[2024-12-07T09:21:19.543+0000] {logging_mixin.py:190} INFO - [2024-12-07T09:21:19.543+0000] {dag.py:4180} INFO - Setting next_dagrun for example_xcom_args_with_operators to None, run_after=None
[2024-12-07T09:21:19.554+0000] {processor.py:208} INFO - Processing /home/airflow/.local/lib/python3.12/site-packages/airflow/example_dags/example_xcomargs.py took 0.063 seconds
[2024-12-07T09:21:49.791+0000] {processor.py:186} INFO - Started process (PID=1027) to work on /home/airflow/.local/lib/python3.12/site-packages/airflow/example_dags/example_xcomargs.py
[2024-12-07T09:21:49.792+0000] {processor.py:914} INFO - Processing file /home/airflow/.local/lib/python3.12/site-packages/airflow/example_dags/example_xcomargs.py for tasks to queue
[2024-12-07T09:21:49.794+0000] {logging_mixin.py:190} INFO - [2024-12-07T09:21:49.793+0000] {dagbag.py:588} INFO - Filling up the DagBag from /home/airflow/.local/lib/python3.12/site-packages/airflow/example_dags/example_xcomargs.py
[2024-12-07T09:21:49.801+0000] {processor.py:925} INFO - DAG(s) 'example_xcom_args_with_operators', 'example_xcom_args' retrieved from /home/airflow/.local/lib/python3.12/site-packages/airflow/example_dags/example_xcomargs.py
[2024-12-07T09:21:49.823+0000] {logging_mixin.py:190} INFO - [2024-12-07T09:21:49.823+0000] {dag.py:3239} INFO - Sync 2 DAGs
[2024-12-07T09:21:49.838+0000] {logging_mixin.py:190} INFO - [2024-12-07T09:21:49.837+0000] {dag.py:4180} INFO - Setting next_dagrun for example_xcom_args to None, run_after=None
[2024-12-07T09:21:49.841+0000] {logging_mixin.py:190} INFO - [2024-12-07T09:21:49.841+0000] {dag.py:4180} INFO - Setting next_dagrun for example_xcom_args_with_operators to None, run_after=None
[2024-12-07T09:21:49.854+0000] {processor.py:208} INFO - Processing /home/airflow/.local/lib/python3.12/site-packages/airflow/example_dags/example_xcomargs.py took 0.067 seconds
[2024-12-07T09:22:20.708+0000] {processor.py:186} INFO - Started process (PID=1091) to work on /home/airflow/.local/lib/python3.12/site-packages/airflow/example_dags/example_xcomargs.py
[2024-12-07T09:22:20.708+0000] {processor.py:914} INFO - Processing file /home/airflow/.local/lib/python3.12/site-packages/airflow/example_dags/example_xcomargs.py for tasks to queue
[2024-12-07T09:22:20.710+0000] {logging_mixin.py:190} INFO - [2024-12-07T09:22:20.710+0000] {dagbag.py:588} INFO - Filling up the DagBag from /home/airflow/.local/lib/python3.12/site-packages/airflow/example_dags/example_xcomargs.py
[2024-12-07T09:22:20.718+0000] {processor.py:925} INFO - DAG(s) 'example_xcom_args', 'example_xcom_args_with_operators' retrieved from /home/airflow/.local/lib/python3.12/site-packages/airflow/example_dags/example_xcomargs.py
[2024-12-07T09:22:20.737+0000] {logging_mixin.py:190} INFO - [2024-12-07T09:22:20.737+0000] {dag.py:3239} INFO - Sync 2 DAGs
[2024-12-07T09:22:20.749+0000] {logging_mixin.py:190} INFO - [2024-12-07T09:22:20.749+0000] {dag.py:4180} INFO - Setting next_dagrun for example_xcom_args to None, run_after=None
[2024-12-07T09:22:20.751+0000] {logging_mixin.py:190} INFO - [2024-12-07T09:22:20.751+0000] {dag.py:4180} INFO - Setting next_dagrun for example_xcom_args_with_operators to None, run_after=None
[2024-12-07T09:22:20.764+0000] {processor.py:208} INFO - Processing /home/airflow/.local/lib/python3.12/site-packages/airflow/example_dags/example_xcomargs.py took 0.062 seconds
[2024-12-07T09:22:51.189+0000] {processor.py:186} INFO - Started process (PID=1155) to work on /home/airflow/.local/lib/python3.12/site-packages/airflow/example_dags/example_xcomargs.py
[2024-12-07T09:22:51.190+0000] {processor.py:914} INFO - Processing file /home/airflow/.local/lib/python3.12/site-packages/airflow/example_dags/example_xcomargs.py for tasks to queue
[2024-12-07T09:22:51.192+0000] {logging_mixin.py:190} INFO - [2024-12-07T09:22:51.192+0000] {dagbag.py:588} INFO - Filling up the DagBag from /home/airflow/.local/lib/python3.12/site-packages/airflow/example_dags/example_xcomargs.py
[2024-12-07T09:22:51.202+0000] {processor.py:925} INFO - DAG(s) 'example_xcom_args', 'example_xcom_args_with_operators' retrieved from /home/airflow/.local/lib/python3.12/site-packages/airflow/example_dags/example_xcomargs.py
[2024-12-07T09:22:51.224+0000] {logging_mixin.py:190} INFO - [2024-12-07T09:22:51.223+0000] {dag.py:3239} INFO - Sync 2 DAGs
[2024-12-07T09:22:51.240+0000] {logging_mixin.py:190} INFO - [2024-12-07T09:22:51.240+0000] {dag.py:4180} INFO - Setting next_dagrun for example_xcom_args to None, run_after=None
[2024-12-07T09:22:51.244+0000] {logging_mixin.py:190} INFO - [2024-12-07T09:22:51.244+0000] {dag.py:4180} INFO - Setting next_dagrun for example_xcom_args_with_operators to None, run_after=None
[2024-12-07T09:22:51.258+0000] {processor.py:208} INFO - Processing /home/airflow/.local/lib/python3.12/site-packages/airflow/example_dags/example_xcomargs.py took 0.074 seconds
[2024-12-07T09:23:21.327+0000] {processor.py:186} INFO - Started process (PID=1219) to work on /home/airflow/.local/lib/python3.12/site-packages/airflow/example_dags/example_xcomargs.py
[2024-12-07T09:23:21.327+0000] {processor.py:914} INFO - Processing file /home/airflow/.local/lib/python3.12/site-packages/airflow/example_dags/example_xcomargs.py for tasks to queue
[2024-12-07T09:23:21.329+0000] {logging_mixin.py:190} INFO - [2024-12-07T09:23:21.329+0000] {dagbag.py:588} INFO - Filling up the DagBag from /home/airflow/.local/lib/python3.12/site-packages/airflow/example_dags/example_xcomargs.py
[2024-12-07T09:23:21.339+0000] {processor.py:925} INFO - DAG(s) 'example_xcom_args_with_operators', 'example_xcom_args' retrieved from /home/airflow/.local/lib/python3.12/site-packages/airflow/example_dags/example_xcomargs.py
[2024-12-07T09:23:21.366+0000] {logging_mixin.py:190} INFO - [2024-12-07T09:23:21.366+0000] {dag.py:3239} INFO - Sync 2 DAGs
[2024-12-07T09:23:21.383+0000] {logging_mixin.py:190} INFO - [2024-12-07T09:23:21.383+0000] {dag.py:4180} INFO - Setting next_dagrun for example_xcom_args to None, run_after=None
[2024-12-07T09:23:21.387+0000] {logging_mixin.py:190} INFO - [2024-12-07T09:23:21.387+0000] {dag.py:4180} INFO - Setting next_dagrun for example_xcom_args_with_operators to None, run_after=None
[2024-12-07T09:23:21.402+0000] {processor.py:208} INFO - Processing /home/airflow/.local/lib/python3.12/site-packages/airflow/example_dags/example_xcomargs.py took 0.080 seconds
[2024-12-07T09:23:51.699+0000] {processor.py:186} INFO - Started process (PID=1283) to work on /home/airflow/.local/lib/python3.12/site-packages/airflow/example_dags/example_xcomargs.py
[2024-12-07T09:23:51.700+0000] {processor.py:914} INFO - Processing file /home/airflow/.local/lib/python3.12/site-packages/airflow/example_dags/example_xcomargs.py for tasks to queue
[2024-12-07T09:23:51.702+0000] {logging_mixin.py:190} INFO - [2024-12-07T09:23:51.701+0000] {dagbag.py:588} INFO - Filling up the DagBag from /home/airflow/.local/lib/python3.12/site-packages/airflow/example_dags/example_xcomargs.py
[2024-12-07T09:23:51.709+0000] {processor.py:925} INFO - DAG(s) 'example_xcom_args_with_operators', 'example_xcom_args' retrieved from /home/airflow/.local/lib/python3.12/site-packages/airflow/example_dags/example_xcomargs.py
[2024-12-07T09:23:51.727+0000] {logging_mixin.py:190} INFO - [2024-12-07T09:23:51.727+0000] {dag.py:3239} INFO - Sync 2 DAGs
[2024-12-07T09:23:51.738+0000] {logging_mixin.py:190} INFO - [2024-12-07T09:23:51.738+0000] {dag.py:4180} INFO - Setting next_dagrun for example_xcom_args to None, run_after=None
[2024-12-07T09:23:51.741+0000] {logging_mixin.py:190} INFO - [2024-12-07T09:23:51.741+0000] {dag.py:4180} INFO - Setting next_dagrun for example_xcom_args_with_operators to None, run_after=None
[2024-12-07T09:23:51.752+0000] {processor.py:208} INFO - Processing /home/airflow/.local/lib/python3.12/site-packages/airflow/example_dags/example_xcomargs.py took 0.057 seconds
[2024-12-07T09:24:21.920+0000] {processor.py:186} INFO - Started process (PID=1347) to work on /home/airflow/.local/lib/python3.12/site-packages/airflow/example_dags/example_xcomargs.py
[2024-12-07T09:24:21.921+0000] {processor.py:914} INFO - Processing file /home/airflow/.local/lib/python3.12/site-packages/airflow/example_dags/example_xcomargs.py for tasks to queue
[2024-12-07T09:24:21.922+0000] {logging_mixin.py:190} INFO - [2024-12-07T09:24:21.922+0000] {dagbag.py:588} INFO - Filling up the DagBag from /home/airflow/.local/lib/python3.12/site-packages/airflow/example_dags/example_xcomargs.py
[2024-12-07T09:24:21.930+0000] {processor.py:925} INFO - DAG(s) 'example_xcom_args', 'example_xcom_args_with_operators' retrieved from /home/airflow/.local/lib/python3.12/site-packages/airflow/example_dags/example_xcomargs.py
[2024-12-07T09:24:21.949+0000] {logging_mixin.py:190} INFO - [2024-12-07T09:24:21.948+0000] {dag.py:3239} INFO - Sync 2 DAGs
[2024-12-07T09:24:21.963+0000] {logging_mixin.py:190} INFO - [2024-12-07T09:24:21.963+0000] {dag.py:4180} INFO - Setting next_dagrun for example_xcom_args to None, run_after=None
[2024-12-07T09:24:21.966+0000] {logging_mixin.py:190} INFO - [2024-12-07T09:24:21.966+0000] {dag.py:4180} INFO - Setting next_dagrun for example_xcom_args_with_operators to None, run_after=None
[2024-12-07T09:24:21.978+0000] {processor.py:208} INFO - Processing /home/airflow/.local/lib/python3.12/site-packages/airflow/example_dags/example_xcomargs.py took 0.062 seconds
[2024-12-07T09:24:52.045+0000] {processor.py:186} INFO - Started process (PID=1411) to work on /home/airflow/.local/lib/python3.12/site-packages/airflow/example_dags/example_xcomargs.py
[2024-12-07T09:24:52.046+0000] {processor.py:914} INFO - Processing file /home/airflow/.local/lib/python3.12/site-packages/airflow/example_dags/example_xcomargs.py for tasks to queue
[2024-12-07T09:24:52.048+0000] {logging_mixin.py:190} INFO - [2024-12-07T09:24:52.047+0000] {dagbag.py:588} INFO - Filling up the DagBag from /home/airflow/.local/lib/python3.12/site-packages/airflow/example_dags/example_xcomargs.py
[2024-12-07T09:24:52.056+0000] {processor.py:925} INFO - DAG(s) 'example_xcom_args', 'example_xcom_args_with_operators' retrieved from /home/airflow/.local/lib/python3.12/site-packages/airflow/example_dags/example_xcomargs.py
[2024-12-07T09:24:52.074+0000] {logging_mixin.py:190} INFO - [2024-12-07T09:24:52.074+0000] {dag.py:3239} INFO - Sync 2 DAGs
[2024-12-07T09:24:52.085+0000] {logging_mixin.py:190} INFO - [2024-12-07T09:24:52.085+0000] {dag.py:4180} INFO - Setting next_dagrun for example_xcom_args to None, run_after=None
[2024-12-07T09:24:52.088+0000] {logging_mixin.py:190} INFO - [2024-12-07T09:24:52.088+0000] {dag.py:4180} INFO - Setting next_dagrun for example_xcom_args_with_operators to None, run_after=None
[2024-12-07T09:24:52.099+0000] {processor.py:208} INFO - Processing /home/airflow/.local/lib/python3.12/site-packages/airflow/example_dags/example_xcomargs.py took 0.059 seconds
[2024-12-07T09:25:22.669+0000] {processor.py:186} INFO - Started process (PID=1475) to work on /home/airflow/.local/lib/python3.12/site-packages/airflow/example_dags/example_xcomargs.py
[2024-12-07T09:25:22.671+0000] {processor.py:914} INFO - Processing file /home/airflow/.local/lib/python3.12/site-packages/airflow/example_dags/example_xcomargs.py for tasks to queue
[2024-12-07T09:25:22.673+0000] {logging_mixin.py:190} INFO - [2024-12-07T09:25:22.673+0000] {dagbag.py:588} INFO - Filling up the DagBag from /home/airflow/.local/lib/python3.12/site-packages/airflow/example_dags/example_xcomargs.py
[2024-12-07T09:25:22.684+0000] {processor.py:925} INFO - DAG(s) 'example_xcom_args_with_operators', 'example_xcom_args' retrieved from /home/airflow/.local/lib/python3.12/site-packages/airflow/example_dags/example_xcomargs.py
[2024-12-07T09:25:22.709+0000] {logging_mixin.py:190} INFO - [2024-12-07T09:25:22.709+0000] {dag.py:3239} INFO - Sync 2 DAGs
[2024-12-07T09:25:22.725+0000] {logging_mixin.py:190} INFO - [2024-12-07T09:25:22.724+0000] {dag.py:4180} INFO - Setting next_dagrun for example_xcom_args to None, run_after=None
[2024-12-07T09:25:22.728+0000] {logging_mixin.py:190} INFO - [2024-12-07T09:25:22.728+0000] {dag.py:4180} INFO - Setting next_dagrun for example_xcom_args_with_operators to None, run_after=None
[2024-12-07T09:25:22.739+0000] {processor.py:208} INFO - Processing /home/airflow/.local/lib/python3.12/site-packages/airflow/example_dags/example_xcomargs.py took 0.076 seconds
[2024-12-07T09:25:53.161+0000] {processor.py:186} INFO - Started process (PID=1539) to work on /home/airflow/.local/lib/python3.12/site-packages/airflow/example_dags/example_xcomargs.py
[2024-12-07T09:25:53.161+0000] {processor.py:914} INFO - Processing file /home/airflow/.local/lib/python3.12/site-packages/airflow/example_dags/example_xcomargs.py for tasks to queue
[2024-12-07T09:25:53.163+0000] {logging_mixin.py:190} INFO - [2024-12-07T09:25:53.163+0000] {dagbag.py:588} INFO - Filling up the DagBag from /home/airflow/.local/lib/python3.12/site-packages/airflow/example_dags/example_xcomargs.py
[2024-12-07T09:25:53.171+0000] {processor.py:925} INFO - DAG(s) 'example_xcom_args_with_operators', 'example_xcom_args' retrieved from /home/airflow/.local/lib/python3.12/site-packages/airflow/example_dags/example_xcomargs.py
[2024-12-07T09:25:53.190+0000] {logging_mixin.py:190} INFO - [2024-12-07T09:25:53.190+0000] {dag.py:3239} INFO - Sync 2 DAGs
[2024-12-07T09:25:53.202+0000] {logging_mixin.py:190} INFO - [2024-12-07T09:25:53.202+0000] {dag.py:4180} INFO - Setting next_dagrun for example_xcom_args to None, run_after=None
[2024-12-07T09:25:53.205+0000] {logging_mixin.py:190} INFO - [2024-12-07T09:25:53.205+0000] {dag.py:4180} INFO - Setting next_dagrun for example_xcom_args_with_operators to None, run_after=None
[2024-12-07T09:25:53.217+0000] {processor.py:208} INFO - Processing /home/airflow/.local/lib/python3.12/site-packages/airflow/example_dags/example_xcomargs.py took 0.061 seconds
