[2024-12-07T09:14:14.415+0000] {processor.py:186} INFO - Started process (PID=82) to work on /home/airflow/.local/lib/python3.12/site-packages/airflow/example_dags/example_params_trigger_ui.py
[2024-12-07T09:14:14.416+0000] {processor.py:914} INFO - Processing file /home/airflow/.local/lib/python3.12/site-packages/airflow/example_dags/example_params_trigger_ui.py for tasks to queue
[2024-12-07T09:14:14.428+0000] {logging_mixin.py:190} INFO - [2024-12-07T09:14:14.418+0000] {dagbag.py:588} INFO - Filling up the DagBag from /home/airflow/.local/lib/python3.12/site-packages/airflow/example_dags/example_params_trigger_ui.py
[2024-12-07T09:14:14.450+0000] {processor.py:925} INFO - DAG(s) 'example_params_trigger_ui' retrieved from /home/airflow/.local/lib/python3.12/site-packages/airflow/example_dags/example_params_trigger_ui.py
[2024-12-07T09:14:14.847+0000] {logging_mixin.py:190} INFO - [2024-12-07T09:14:14.844+0000] {override.py:1911} INFO - Created Permission View: can edit on DAG:example_params_trigger_ui
[2024-12-07T09:14:14.869+0000] {logging_mixin.py:190} INFO - [2024-12-07T09:14:14.868+0000] {override.py:1911} INFO - Created Permission View: can delete on DAG:example_params_trigger_ui
[2024-12-07T09:14:14.878+0000] {logging_mixin.py:190} INFO - [2024-12-07T09:14:14.878+0000] {override.py:1911} INFO - Created Permission View: can read on DAG:example_params_trigger_ui
[2024-12-07T09:14:14.886+0000] {logging_mixin.py:190} INFO - [2024-12-07T09:14:14.886+0000] {override.py:1911} INFO - Created Permission View: can create on DAG Run:example_params_trigger_ui
[2024-12-07T09:14:14.894+0000] {logging_mixin.py:190} INFO - [2024-12-07T09:14:14.894+0000] {override.py:1911} INFO - Created Permission View: menu access on DAG Run:example_params_trigger_ui
[2024-12-07T09:14:14.899+0000] {logging_mixin.py:190} INFO - [2024-12-07T09:14:14.899+0000] {override.py:1911} INFO - Created Permission View: can delete on DAG Run:example_params_trigger_ui
[2024-12-07T09:14:14.904+0000] {logging_mixin.py:190} INFO - [2024-12-07T09:14:14.903+0000] {override.py:1911} INFO - Created Permission View: can read on DAG Run:example_params_trigger_ui
[2024-12-07T09:14:14.904+0000] {logging_mixin.py:190} INFO - [2024-12-07T09:14:14.904+0000] {dag.py:3239} INFO - Sync 1 DAGs
[2024-12-07T09:14:14.921+0000] {logging_mixin.py:190} INFO - [2024-12-07T09:14:14.921+0000] {dag.py:3262} INFO - Creating ORM DAG for example_params_trigger_ui
[2024-12-07T09:14:14.922+0000] {logging_mixin.py:190} INFO - [2024-12-07T09:14:14.922+0000] {dag.py:4180} INFO - Setting next_dagrun for example_params_trigger_ui to None, run_after=None
[2024-12-07T09:14:14.938+0000] {processor.py:208} INFO - Processing /home/airflow/.local/lib/python3.12/site-packages/airflow/example_dags/example_params_trigger_ui.py took 0.545 seconds
[2024-12-07T09:14:45.579+0000] {processor.py:186} INFO - Started process (PID=145) to work on /home/airflow/.local/lib/python3.12/site-packages/airflow/example_dags/example_params_trigger_ui.py
[2024-12-07T09:14:45.579+0000] {processor.py:914} INFO - Processing file /home/airflow/.local/lib/python3.12/site-packages/airflow/example_dags/example_params_trigger_ui.py for tasks to queue
[2024-12-07T09:14:45.581+0000] {logging_mixin.py:190} INFO - [2024-12-07T09:14:45.581+0000] {dagbag.py:588} INFO - Filling up the DagBag from /home/airflow/.local/lib/python3.12/site-packages/airflow/example_dags/example_params_trigger_ui.py
[2024-12-07T09:14:45.592+0000] {processor.py:925} INFO - DAG(s) 'example_params_trigger_ui' retrieved from /home/airflow/.local/lib/python3.12/site-packages/airflow/example_dags/example_params_trigger_ui.py
[2024-12-07T09:14:45.640+0000] {logging_mixin.py:190} INFO - [2024-12-07T09:14:45.639+0000] {dag.py:3239} INFO - Sync 1 DAGs
[2024-12-07T09:14:45.654+0000] {logging_mixin.py:190} INFO - [2024-12-07T09:14:45.654+0000] {dag.py:4180} INFO - Setting next_dagrun for example_params_trigger_ui to None, run_after=None
[2024-12-07T09:14:45.670+0000] {processor.py:208} INFO - Processing /home/airflow/.local/lib/python3.12/site-packages/airflow/example_dags/example_params_trigger_ui.py took 0.096 seconds
[2024-12-07T09:15:15.719+0000] {processor.py:186} INFO - Started process (PID=208) to work on /home/airflow/.local/lib/python3.12/site-packages/airflow/example_dags/example_params_trigger_ui.py
[2024-12-07T09:15:15.719+0000] {processor.py:914} INFO - Processing file /home/airflow/.local/lib/python3.12/site-packages/airflow/example_dags/example_params_trigger_ui.py for tasks to queue
[2024-12-07T09:15:15.721+0000] {logging_mixin.py:190} INFO - [2024-12-07T09:15:15.721+0000] {dagbag.py:588} INFO - Filling up the DagBag from /home/airflow/.local/lib/python3.12/site-packages/airflow/example_dags/example_params_trigger_ui.py
[2024-12-07T09:15:15.733+0000] {processor.py:925} INFO - DAG(s) 'example_params_trigger_ui' retrieved from /home/airflow/.local/lib/python3.12/site-packages/airflow/example_dags/example_params_trigger_ui.py
[2024-12-07T09:15:15.792+0000] {logging_mixin.py:190} INFO - [2024-12-07T09:15:15.791+0000] {dag.py:3239} INFO - Sync 1 DAGs
[2024-12-07T09:15:15.807+0000] {logging_mixin.py:190} INFO - [2024-12-07T09:15:15.807+0000] {dag.py:4180} INFO - Setting next_dagrun for example_params_trigger_ui to None, run_after=None
[2024-12-07T09:15:15.823+0000] {processor.py:208} INFO - Processing /home/airflow/.local/lib/python3.12/site-packages/airflow/example_dags/example_params_trigger_ui.py took 0.109 seconds
[2024-12-07T09:15:45.943+0000] {processor.py:186} INFO - Started process (PID=271) to work on /home/airflow/.local/lib/python3.12/site-packages/airflow/example_dags/example_params_trigger_ui.py
[2024-12-07T09:15:45.944+0000] {processor.py:914} INFO - Processing file /home/airflow/.local/lib/python3.12/site-packages/airflow/example_dags/example_params_trigger_ui.py for tasks to queue
[2024-12-07T09:15:45.946+0000] {logging_mixin.py:190} INFO - [2024-12-07T09:15:45.946+0000] {dagbag.py:588} INFO - Filling up the DagBag from /home/airflow/.local/lib/python3.12/site-packages/airflow/example_dags/example_params_trigger_ui.py
[2024-12-07T09:15:45.955+0000] {processor.py:925} INFO - DAG(s) 'example_params_trigger_ui' retrieved from /home/airflow/.local/lib/python3.12/site-packages/airflow/example_dags/example_params_trigger_ui.py
[2024-12-07T09:15:46.002+0000] {logging_mixin.py:190} INFO - [2024-12-07T09:15:46.001+0000] {dag.py:3239} INFO - Sync 1 DAGs
[2024-12-07T09:15:46.016+0000] {logging_mixin.py:190} INFO - [2024-12-07T09:15:46.016+0000] {dag.py:4180} INFO - Setting next_dagrun for example_params_trigger_ui to None, run_after=None
[2024-12-07T09:15:46.029+0000] {processor.py:208} INFO - Processing /home/airflow/.local/lib/python3.12/site-packages/airflow/example_dags/example_params_trigger_ui.py took 0.090 seconds
[2024-12-07T09:16:16.823+0000] {processor.py:186} INFO - Started process (PID=334) to work on /home/airflow/.local/lib/python3.12/site-packages/airflow/example_dags/example_params_trigger_ui.py
[2024-12-07T09:16:16.824+0000] {processor.py:914} INFO - Processing file /home/airflow/.local/lib/python3.12/site-packages/airflow/example_dags/example_params_trigger_ui.py for tasks to queue
[2024-12-07T09:16:16.827+0000] {logging_mixin.py:190} INFO - [2024-12-07T09:16:16.827+0000] {dagbag.py:588} INFO - Filling up the DagBag from /home/airflow/.local/lib/python3.12/site-packages/airflow/example_dags/example_params_trigger_ui.py
[2024-12-07T09:16:16.839+0000] {processor.py:925} INFO - DAG(s) 'example_params_trigger_ui' retrieved from /home/airflow/.local/lib/python3.12/site-packages/airflow/example_dags/example_params_trigger_ui.py
[2024-12-07T09:16:16.879+0000] {logging_mixin.py:190} INFO - [2024-12-07T09:16:16.878+0000] {dag.py:3239} INFO - Sync 1 DAGs
[2024-12-07T09:16:16.894+0000] {logging_mixin.py:190} INFO - [2024-12-07T09:16:16.894+0000] {dag.py:4180} INFO - Setting next_dagrun for example_params_trigger_ui to None, run_after=None
[2024-12-07T09:16:16.910+0000] {processor.py:208} INFO - Processing /home/airflow/.local/lib/python3.12/site-packages/airflow/example_dags/example_params_trigger_ui.py took 0.092 seconds
[2024-12-07T09:16:47.108+0000] {processor.py:186} INFO - Started process (PID=398) to work on /home/airflow/.local/lib/python3.12/site-packages/airflow/example_dags/example_params_trigger_ui.py
[2024-12-07T09:16:47.108+0000] {processor.py:914} INFO - Processing file /home/airflow/.local/lib/python3.12/site-packages/airflow/example_dags/example_params_trigger_ui.py for tasks to queue
[2024-12-07T09:16:47.110+0000] {logging_mixin.py:190} INFO - [2024-12-07T09:16:47.110+0000] {dagbag.py:588} INFO - Filling up the DagBag from /home/airflow/.local/lib/python3.12/site-packages/airflow/example_dags/example_params_trigger_ui.py
[2024-12-07T09:16:47.119+0000] {processor.py:925} INFO - DAG(s) 'example_params_trigger_ui' retrieved from /home/airflow/.local/lib/python3.12/site-packages/airflow/example_dags/example_params_trigger_ui.py
[2024-12-07T09:16:47.165+0000] {logging_mixin.py:190} INFO - [2024-12-07T09:16:47.165+0000] {dag.py:3239} INFO - Sync 1 DAGs
[2024-12-07T09:16:47.179+0000] {logging_mixin.py:190} INFO - [2024-12-07T09:16:47.179+0000] {dag.py:4180} INFO - Setting next_dagrun for example_params_trigger_ui to None, run_after=None
[2024-12-07T09:16:47.194+0000] {processor.py:208} INFO - Processing /home/airflow/.local/lib/python3.12/site-packages/airflow/example_dags/example_params_trigger_ui.py took 0.090 seconds
[2024-12-07T09:17:17.584+0000] {processor.py:186} INFO - Started process (PID=461) to work on /home/airflow/.local/lib/python3.12/site-packages/airflow/example_dags/example_params_trigger_ui.py
[2024-12-07T09:17:17.584+0000] {processor.py:914} INFO - Processing file /home/airflow/.local/lib/python3.12/site-packages/airflow/example_dags/example_params_trigger_ui.py for tasks to queue
[2024-12-07T09:17:17.586+0000] {logging_mixin.py:190} INFO - [2024-12-07T09:17:17.586+0000] {dagbag.py:588} INFO - Filling up the DagBag from /home/airflow/.local/lib/python3.12/site-packages/airflow/example_dags/example_params_trigger_ui.py
[2024-12-07T09:17:17.594+0000] {processor.py:925} INFO - DAG(s) 'example_params_trigger_ui' retrieved from /home/airflow/.local/lib/python3.12/site-packages/airflow/example_dags/example_params_trigger_ui.py
[2024-12-07T09:17:17.644+0000] {logging_mixin.py:190} INFO - [2024-12-07T09:17:17.644+0000] {dag.py:3239} INFO - Sync 1 DAGs
[2024-12-07T09:17:17.655+0000] {logging_mixin.py:190} INFO - [2024-12-07T09:17:17.655+0000] {dag.py:4180} INFO - Setting next_dagrun for example_params_trigger_ui to None, run_after=None
[2024-12-07T09:17:17.671+0000] {processor.py:208} INFO - Processing /home/airflow/.local/lib/python3.12/site-packages/airflow/example_dags/example_params_trigger_ui.py took 0.091 seconds
[2024-12-07T09:17:47.872+0000] {processor.py:186} INFO - Started process (PID=525) to work on /home/airflow/.local/lib/python3.12/site-packages/airflow/example_dags/example_params_trigger_ui.py
[2024-12-07T09:17:47.872+0000] {processor.py:914} INFO - Processing file /home/airflow/.local/lib/python3.12/site-packages/airflow/example_dags/example_params_trigger_ui.py for tasks to queue
[2024-12-07T09:17:47.874+0000] {logging_mixin.py:190} INFO - [2024-12-07T09:17:47.874+0000] {dagbag.py:588} INFO - Filling up the DagBag from /home/airflow/.local/lib/python3.12/site-packages/airflow/example_dags/example_params_trigger_ui.py
[2024-12-07T09:17:47.882+0000] {processor.py:925} INFO - DAG(s) 'example_params_trigger_ui' retrieved from /home/airflow/.local/lib/python3.12/site-packages/airflow/example_dags/example_params_trigger_ui.py
[2024-12-07T09:17:47.931+0000] {logging_mixin.py:190} INFO - [2024-12-07T09:17:47.931+0000] {dag.py:3239} INFO - Sync 1 DAGs
[2024-12-07T09:17:47.945+0000] {logging_mixin.py:190} INFO - [2024-12-07T09:17:47.945+0000] {dag.py:4180} INFO - Setting next_dagrun for example_params_trigger_ui to None, run_after=None
[2024-12-07T09:17:47.960+0000] {processor.py:208} INFO - Processing /home/airflow/.local/lib/python3.12/site-packages/airflow/example_dags/example_params_trigger_ui.py took 0.093 seconds
[2024-12-07T09:18:18.213+0000] {processor.py:186} INFO - Started process (PID=588) to work on /home/airflow/.local/lib/python3.12/site-packages/airflow/example_dags/example_params_trigger_ui.py
[2024-12-07T09:18:18.214+0000] {processor.py:914} INFO - Processing file /home/airflow/.local/lib/python3.12/site-packages/airflow/example_dags/example_params_trigger_ui.py for tasks to queue
[2024-12-07T09:18:18.215+0000] {logging_mixin.py:190} INFO - [2024-12-07T09:18:18.215+0000] {dagbag.py:588} INFO - Filling up the DagBag from /home/airflow/.local/lib/python3.12/site-packages/airflow/example_dags/example_params_trigger_ui.py
[2024-12-07T09:18:18.224+0000] {processor.py:925} INFO - DAG(s) 'example_params_trigger_ui' retrieved from /home/airflow/.local/lib/python3.12/site-packages/airflow/example_dags/example_params_trigger_ui.py
[2024-12-07T09:18:18.258+0000] {logging_mixin.py:190} INFO - [2024-12-07T09:18:18.258+0000] {dag.py:3239} INFO - Sync 1 DAGs
[2024-12-07T09:18:18.269+0000] {logging_mixin.py:190} INFO - [2024-12-07T09:18:18.268+0000] {dag.py:4180} INFO - Setting next_dagrun for example_params_trigger_ui to None, run_after=None
[2024-12-07T09:18:18.281+0000] {processor.py:208} INFO - Processing /home/airflow/.local/lib/python3.12/site-packages/airflow/example_dags/example_params_trigger_ui.py took 0.072 seconds
[2024-12-07T09:18:48.706+0000] {processor.py:186} INFO - Started process (PID=651) to work on /home/airflow/.local/lib/python3.12/site-packages/airflow/example_dags/example_params_trigger_ui.py
[2024-12-07T09:18:48.707+0000] {processor.py:914} INFO - Processing file /home/airflow/.local/lib/python3.12/site-packages/airflow/example_dags/example_params_trigger_ui.py for tasks to queue
[2024-12-07T09:18:48.708+0000] {logging_mixin.py:190} INFO - [2024-12-07T09:18:48.708+0000] {dagbag.py:588} INFO - Filling up the DagBag from /home/airflow/.local/lib/python3.12/site-packages/airflow/example_dags/example_params_trigger_ui.py
[2024-12-07T09:18:48.717+0000] {processor.py:925} INFO - DAG(s) 'example_params_trigger_ui' retrieved from /home/airflow/.local/lib/python3.12/site-packages/airflow/example_dags/example_params_trigger_ui.py
[2024-12-07T09:18:48.751+0000] {logging_mixin.py:190} INFO - [2024-12-07T09:18:48.751+0000] {dag.py:3239} INFO - Sync 1 DAGs
[2024-12-07T09:18:48.763+0000] {logging_mixin.py:190} INFO - [2024-12-07T09:18:48.763+0000] {dag.py:4180} INFO - Setting next_dagrun for example_params_trigger_ui to None, run_after=None
[2024-12-07T09:18:48.776+0000] {processor.py:208} INFO - Processing /home/airflow/.local/lib/python3.12/site-packages/airflow/example_dags/example_params_trigger_ui.py took 0.074 seconds
[2024-12-07T09:19:19.634+0000] {processor.py:186} INFO - Started process (PID=716) to work on /home/airflow/.local/lib/python3.12/site-packages/airflow/example_dags/example_params_trigger_ui.py
[2024-12-07T09:19:19.635+0000] {processor.py:914} INFO - Processing file /home/airflow/.local/lib/python3.12/site-packages/airflow/example_dags/example_params_trigger_ui.py for tasks to queue
[2024-12-07T09:19:19.637+0000] {logging_mixin.py:190} INFO - [2024-12-07T09:19:19.636+0000] {dagbag.py:588} INFO - Filling up the DagBag from /home/airflow/.local/lib/python3.12/site-packages/airflow/example_dags/example_params_trigger_ui.py
[2024-12-07T09:19:19.645+0000] {processor.py:925} INFO - DAG(s) 'example_params_trigger_ui' retrieved from /home/airflow/.local/lib/python3.12/site-packages/airflow/example_dags/example_params_trigger_ui.py
[2024-12-07T09:19:19.684+0000] {logging_mixin.py:190} INFO - [2024-12-07T09:19:19.684+0000] {dag.py:3239} INFO - Sync 1 DAGs
[2024-12-07T09:19:19.696+0000] {logging_mixin.py:190} INFO - [2024-12-07T09:19:19.696+0000] {dag.py:4180} INFO - Setting next_dagrun for example_params_trigger_ui to None, run_after=None
[2024-12-07T09:19:19.709+0000] {processor.py:208} INFO - Processing /home/airflow/.local/lib/python3.12/site-packages/airflow/example_dags/example_params_trigger_ui.py took 0.080 seconds
[2024-12-07T09:19:50.223+0000] {processor.py:186} INFO - Started process (PID=780) to work on /home/airflow/.local/lib/python3.12/site-packages/airflow/example_dags/example_params_trigger_ui.py
[2024-12-07T09:19:50.224+0000] {processor.py:914} INFO - Processing file /home/airflow/.local/lib/python3.12/site-packages/airflow/example_dags/example_params_trigger_ui.py for tasks to queue
[2024-12-07T09:19:50.226+0000] {logging_mixin.py:190} INFO - [2024-12-07T09:19:50.225+0000] {dagbag.py:588} INFO - Filling up the DagBag from /home/airflow/.local/lib/python3.12/site-packages/airflow/example_dags/example_params_trigger_ui.py
[2024-12-07T09:19:50.234+0000] {processor.py:925} INFO - DAG(s) 'example_params_trigger_ui' retrieved from /home/airflow/.local/lib/python3.12/site-packages/airflow/example_dags/example_params_trigger_ui.py
[2024-12-07T09:19:50.281+0000] {logging_mixin.py:190} INFO - [2024-12-07T09:19:50.281+0000] {dag.py:3239} INFO - Sync 1 DAGs
[2024-12-07T09:19:50.291+0000] {logging_mixin.py:190} INFO - [2024-12-07T09:19:50.291+0000] {dag.py:4180} INFO - Setting next_dagrun for example_params_trigger_ui to None, run_after=None
[2024-12-07T09:19:50.305+0000] {processor.py:208} INFO - Processing /home/airflow/.local/lib/python3.12/site-packages/airflow/example_dags/example_params_trigger_ui.py took 0.086 seconds
[2024-12-07T09:20:20.649+0000] {processor.py:186} INFO - Started process (PID=845) to work on /home/airflow/.local/lib/python3.12/site-packages/airflow/example_dags/example_params_trigger_ui.py
[2024-12-07T09:20:20.650+0000] {processor.py:914} INFO - Processing file /home/airflow/.local/lib/python3.12/site-packages/airflow/example_dags/example_params_trigger_ui.py for tasks to queue
[2024-12-07T09:20:20.651+0000] {logging_mixin.py:190} INFO - [2024-12-07T09:20:20.651+0000] {dagbag.py:588} INFO - Filling up the DagBag from /home/airflow/.local/lib/python3.12/site-packages/airflow/example_dags/example_params_trigger_ui.py
[2024-12-07T09:20:20.660+0000] {processor.py:925} INFO - DAG(s) 'example_params_trigger_ui' retrieved from /home/airflow/.local/lib/python3.12/site-packages/airflow/example_dags/example_params_trigger_ui.py
[2024-12-07T09:20:20.706+0000] {logging_mixin.py:190} INFO - [2024-12-07T09:20:20.706+0000] {dag.py:3239} INFO - Sync 1 DAGs
[2024-12-07T09:20:20.721+0000] {logging_mixin.py:190} INFO - [2024-12-07T09:20:20.720+0000] {dag.py:4180} INFO - Setting next_dagrun for example_params_trigger_ui to None, run_after=None
[2024-12-07T09:20:20.734+0000] {processor.py:208} INFO - Processing /home/airflow/.local/lib/python3.12/site-packages/airflow/example_dags/example_params_trigger_ui.py took 0.090 seconds
[2024-12-07T09:20:50.783+0000] {processor.py:186} INFO - Started process (PID=909) to work on /home/airflow/.local/lib/python3.12/site-packages/airflow/example_dags/example_params_trigger_ui.py
[2024-12-07T09:20:50.783+0000] {processor.py:914} INFO - Processing file /home/airflow/.local/lib/python3.12/site-packages/airflow/example_dags/example_params_trigger_ui.py for tasks to queue
[2024-12-07T09:20:50.785+0000] {logging_mixin.py:190} INFO - [2024-12-07T09:20:50.785+0000] {dagbag.py:588} INFO - Filling up the DagBag from /home/airflow/.local/lib/python3.12/site-packages/airflow/example_dags/example_params_trigger_ui.py
[2024-12-07T09:20:50.794+0000] {processor.py:925} INFO - DAG(s) 'example_params_trigger_ui' retrieved from /home/airflow/.local/lib/python3.12/site-packages/airflow/example_dags/example_params_trigger_ui.py
[2024-12-07T09:20:50.841+0000] {logging_mixin.py:190} INFO - [2024-12-07T09:20:50.841+0000] {dag.py:3239} INFO - Sync 1 DAGs
[2024-12-07T09:20:50.856+0000] {logging_mixin.py:190} INFO - [2024-12-07T09:20:50.856+0000] {dag.py:4180} INFO - Setting next_dagrun for example_params_trigger_ui to None, run_after=None
[2024-12-07T09:20:50.872+0000] {processor.py:208} INFO - Processing /home/airflow/.local/lib/python3.12/site-packages/airflow/example_dags/example_params_trigger_ui.py took 0.094 seconds
[2024-12-07T09:21:20.930+0000] {processor.py:186} INFO - Started process (PID=973) to work on /home/airflow/.local/lib/python3.12/site-packages/airflow/example_dags/example_params_trigger_ui.py
[2024-12-07T09:21:20.931+0000] {processor.py:914} INFO - Processing file /home/airflow/.local/lib/python3.12/site-packages/airflow/example_dags/example_params_trigger_ui.py for tasks to queue
[2024-12-07T09:21:20.933+0000] {logging_mixin.py:190} INFO - [2024-12-07T09:21:20.932+0000] {dagbag.py:588} INFO - Filling up the DagBag from /home/airflow/.local/lib/python3.12/site-packages/airflow/example_dags/example_params_trigger_ui.py
[2024-12-07T09:21:20.942+0000] {processor.py:925} INFO - DAG(s) 'example_params_trigger_ui' retrieved from /home/airflow/.local/lib/python3.12/site-packages/airflow/example_dags/example_params_trigger_ui.py
[2024-12-07T09:21:20.984+0000] {logging_mixin.py:190} INFO - [2024-12-07T09:21:20.984+0000] {dag.py:3239} INFO - Sync 1 DAGs
[2024-12-07T09:21:20.996+0000] {logging_mixin.py:190} INFO - [2024-12-07T09:21:20.996+0000] {dag.py:4180} INFO - Setting next_dagrun for example_params_trigger_ui to None, run_after=None
[2024-12-07T09:21:21.008+0000] {processor.py:208} INFO - Processing /home/airflow/.local/lib/python3.12/site-packages/airflow/example_dags/example_params_trigger_ui.py took 0.082 seconds
[2024-12-07T09:21:51.265+0000] {processor.py:186} INFO - Started process (PID=1037) to work on /home/airflow/.local/lib/python3.12/site-packages/airflow/example_dags/example_params_trigger_ui.py
[2024-12-07T09:21:51.266+0000] {processor.py:914} INFO - Processing file /home/airflow/.local/lib/python3.12/site-packages/airflow/example_dags/example_params_trigger_ui.py for tasks to queue
[2024-12-07T09:21:51.268+0000] {logging_mixin.py:190} INFO - [2024-12-07T09:21:51.268+0000] {dagbag.py:588} INFO - Filling up the DagBag from /home/airflow/.local/lib/python3.12/site-packages/airflow/example_dags/example_params_trigger_ui.py
[2024-12-07T09:21:51.280+0000] {processor.py:925} INFO - DAG(s) 'example_params_trigger_ui' retrieved from /home/airflow/.local/lib/python3.12/site-packages/airflow/example_dags/example_params_trigger_ui.py
[2024-12-07T09:21:51.319+0000] {logging_mixin.py:190} INFO - [2024-12-07T09:21:51.318+0000] {dag.py:3239} INFO - Sync 1 DAGs
[2024-12-07T09:21:51.330+0000] {logging_mixin.py:190} INFO - [2024-12-07T09:21:51.330+0000] {dag.py:4180} INFO - Setting next_dagrun for example_params_trigger_ui to None, run_after=None
[2024-12-07T09:21:51.343+0000] {processor.py:208} INFO - Processing /home/airflow/.local/lib/python3.12/site-packages/airflow/example_dags/example_params_trigger_ui.py took 0.083 seconds
[2024-12-07T09:22:22.232+0000] {processor.py:186} INFO - Started process (PID=1101) to work on /home/airflow/.local/lib/python3.12/site-packages/airflow/example_dags/example_params_trigger_ui.py
[2024-12-07T09:22:22.233+0000] {processor.py:914} INFO - Processing file /home/airflow/.local/lib/python3.12/site-packages/airflow/example_dags/example_params_trigger_ui.py for tasks to queue
[2024-12-07T09:22:22.235+0000] {logging_mixin.py:190} INFO - [2024-12-07T09:22:22.234+0000] {dagbag.py:588} INFO - Filling up the DagBag from /home/airflow/.local/lib/python3.12/site-packages/airflow/example_dags/example_params_trigger_ui.py
[2024-12-07T09:22:22.245+0000] {processor.py:925} INFO - DAG(s) 'example_params_trigger_ui' retrieved from /home/airflow/.local/lib/python3.12/site-packages/airflow/example_dags/example_params_trigger_ui.py
[2024-12-07T09:22:22.292+0000] {logging_mixin.py:190} INFO - [2024-12-07T09:22:22.291+0000] {dag.py:3239} INFO - Sync 1 DAGs
[2024-12-07T09:22:22.308+0000] {logging_mixin.py:190} INFO - [2024-12-07T09:22:22.308+0000] {dag.py:4180} INFO - Setting next_dagrun for example_params_trigger_ui to None, run_after=None
[2024-12-07T09:22:22.325+0000] {processor.py:208} INFO - Processing /home/airflow/.local/lib/python3.12/site-packages/airflow/example_dags/example_params_trigger_ui.py took 0.098 seconds
[2024-12-07T09:22:52.662+0000] {processor.py:186} INFO - Started process (PID=1165) to work on /home/airflow/.local/lib/python3.12/site-packages/airflow/example_dags/example_params_trigger_ui.py
[2024-12-07T09:22:52.662+0000] {processor.py:914} INFO - Processing file /home/airflow/.local/lib/python3.12/site-packages/airflow/example_dags/example_params_trigger_ui.py for tasks to queue
[2024-12-07T09:22:52.664+0000] {logging_mixin.py:190} INFO - [2024-12-07T09:22:52.664+0000] {dagbag.py:588} INFO - Filling up the DagBag from /home/airflow/.local/lib/python3.12/site-packages/airflow/example_dags/example_params_trigger_ui.py
[2024-12-07T09:22:52.672+0000] {processor.py:925} INFO - DAG(s) 'example_params_trigger_ui' retrieved from /home/airflow/.local/lib/python3.12/site-packages/airflow/example_dags/example_params_trigger_ui.py
[2024-12-07T09:22:52.709+0000] {logging_mixin.py:190} INFO - [2024-12-07T09:22:52.709+0000] {dag.py:3239} INFO - Sync 1 DAGs
[2024-12-07T09:22:52.720+0000] {logging_mixin.py:190} INFO - [2024-12-07T09:22:52.719+0000] {dag.py:4180} INFO - Setting next_dagrun for example_params_trigger_ui to None, run_after=None
[2024-12-07T09:22:52.733+0000] {processor.py:208} INFO - Processing /home/airflow/.local/lib/python3.12/site-packages/airflow/example_dags/example_params_trigger_ui.py took 0.077 seconds
[2024-12-07T09:23:22.854+0000] {processor.py:186} INFO - Started process (PID=1229) to work on /home/airflow/.local/lib/python3.12/site-packages/airflow/example_dags/example_params_trigger_ui.py
[2024-12-07T09:23:22.855+0000] {processor.py:914} INFO - Processing file /home/airflow/.local/lib/python3.12/site-packages/airflow/example_dags/example_params_trigger_ui.py for tasks to queue
[2024-12-07T09:23:22.857+0000] {logging_mixin.py:190} INFO - [2024-12-07T09:23:22.857+0000] {dagbag.py:588} INFO - Filling up the DagBag from /home/airflow/.local/lib/python3.12/site-packages/airflow/example_dags/example_params_trigger_ui.py
[2024-12-07T09:23:22.867+0000] {processor.py:925} INFO - DAG(s) 'example_params_trigger_ui' retrieved from /home/airflow/.local/lib/python3.12/site-packages/airflow/example_dags/example_params_trigger_ui.py
[2024-12-07T09:23:22.904+0000] {logging_mixin.py:190} INFO - [2024-12-07T09:23:22.904+0000] {dag.py:3239} INFO - Sync 1 DAGs
[2024-12-07T09:23:22.916+0000] {logging_mixin.py:190} INFO - [2024-12-07T09:23:22.915+0000] {dag.py:4180} INFO - Setting next_dagrun for example_params_trigger_ui to None, run_after=None
[2024-12-07T09:23:22.933+0000] {processor.py:208} INFO - Processing /home/airflow/.local/lib/python3.12/site-packages/airflow/example_dags/example_params_trigger_ui.py took 0.084 seconds
[2024-12-07T09:23:53.104+0000] {processor.py:186} INFO - Started process (PID=1293) to work on /home/airflow/.local/lib/python3.12/site-packages/airflow/example_dags/example_params_trigger_ui.py
[2024-12-07T09:23:53.105+0000] {processor.py:914} INFO - Processing file /home/airflow/.local/lib/python3.12/site-packages/airflow/example_dags/example_params_trigger_ui.py for tasks to queue
[2024-12-07T09:23:53.107+0000] {logging_mixin.py:190} INFO - [2024-12-07T09:23:53.107+0000] {dagbag.py:588} INFO - Filling up the DagBag from /home/airflow/.local/lib/python3.12/site-packages/airflow/example_dags/example_params_trigger_ui.py
[2024-12-07T09:23:53.116+0000] {processor.py:925} INFO - DAG(s) 'example_params_trigger_ui' retrieved from /home/airflow/.local/lib/python3.12/site-packages/airflow/example_dags/example_params_trigger_ui.py
[2024-12-07T09:23:53.162+0000] {logging_mixin.py:190} INFO - [2024-12-07T09:23:53.162+0000] {dag.py:3239} INFO - Sync 1 DAGs
[2024-12-07T09:23:53.176+0000] {logging_mixin.py:190} INFO - [2024-12-07T09:23:53.176+0000] {dag.py:4180} INFO - Setting next_dagrun for example_params_trigger_ui to None, run_after=None
[2024-12-07T09:23:53.191+0000] {processor.py:208} INFO - Processing /home/airflow/.local/lib/python3.12/site-packages/airflow/example_dags/example_params_trigger_ui.py took 0.091 seconds
[2024-12-07T09:24:23.413+0000] {processor.py:186} INFO - Started process (PID=1357) to work on /home/airflow/.local/lib/python3.12/site-packages/airflow/example_dags/example_params_trigger_ui.py
[2024-12-07T09:24:23.414+0000] {processor.py:914} INFO - Processing file /home/airflow/.local/lib/python3.12/site-packages/airflow/example_dags/example_params_trigger_ui.py for tasks to queue
[2024-12-07T09:24:23.416+0000] {logging_mixin.py:190} INFO - [2024-12-07T09:24:23.415+0000] {dagbag.py:588} INFO - Filling up the DagBag from /home/airflow/.local/lib/python3.12/site-packages/airflow/example_dags/example_params_trigger_ui.py
[2024-12-07T09:24:23.424+0000] {processor.py:925} INFO - DAG(s) 'example_params_trigger_ui' retrieved from /home/airflow/.local/lib/python3.12/site-packages/airflow/example_dags/example_params_trigger_ui.py
[2024-12-07T09:24:23.462+0000] {logging_mixin.py:190} INFO - [2024-12-07T09:24:23.462+0000] {dag.py:3239} INFO - Sync 1 DAGs
[2024-12-07T09:24:23.474+0000] {logging_mixin.py:190} INFO - [2024-12-07T09:24:23.473+0000] {dag.py:4180} INFO - Setting next_dagrun for example_params_trigger_ui to None, run_after=None
[2024-12-07T09:24:23.487+0000] {processor.py:208} INFO - Processing /home/airflow/.local/lib/python3.12/site-packages/airflow/example_dags/example_params_trigger_ui.py took 0.077 seconds
[2024-12-07T09:24:53.535+0000] {processor.py:186} INFO - Started process (PID=1421) to work on /home/airflow/.local/lib/python3.12/site-packages/airflow/example_dags/example_params_trigger_ui.py
[2024-12-07T09:24:53.536+0000] {processor.py:914} INFO - Processing file /home/airflow/.local/lib/python3.12/site-packages/airflow/example_dags/example_params_trigger_ui.py for tasks to queue
[2024-12-07T09:24:53.537+0000] {logging_mixin.py:190} INFO - [2024-12-07T09:24:53.537+0000] {dagbag.py:588} INFO - Filling up the DagBag from /home/airflow/.local/lib/python3.12/site-packages/airflow/example_dags/example_params_trigger_ui.py
[2024-12-07T09:24:53.546+0000] {processor.py:925} INFO - DAG(s) 'example_params_trigger_ui' retrieved from /home/airflow/.local/lib/python3.12/site-packages/airflow/example_dags/example_params_trigger_ui.py
[2024-12-07T09:24:53.601+0000] {logging_mixin.py:190} INFO - [2024-12-07T09:24:53.600+0000] {dag.py:3239} INFO - Sync 1 DAGs
[2024-12-07T09:24:53.616+0000] {logging_mixin.py:190} INFO - [2024-12-07T09:24:53.616+0000] {dag.py:4180} INFO - Setting next_dagrun for example_params_trigger_ui to None, run_after=None
[2024-12-07T09:24:53.631+0000] {processor.py:208} INFO - Processing /home/airflow/.local/lib/python3.12/site-packages/airflow/example_dags/example_params_trigger_ui.py took 0.100 seconds
[2024-12-07T09:25:24.159+0000] {processor.py:186} INFO - Started process (PID=1485) to work on /home/airflow/.local/lib/python3.12/site-packages/airflow/example_dags/example_params_trigger_ui.py
[2024-12-07T09:25:24.160+0000] {processor.py:914} INFO - Processing file /home/airflow/.local/lib/python3.12/site-packages/airflow/example_dags/example_params_trigger_ui.py for tasks to queue
[2024-12-07T09:25:24.162+0000] {logging_mixin.py:190} INFO - [2024-12-07T09:25:24.161+0000] {dagbag.py:588} INFO - Filling up the DagBag from /home/airflow/.local/lib/python3.12/site-packages/airflow/example_dags/example_params_trigger_ui.py
[2024-12-07T09:25:24.170+0000] {processor.py:925} INFO - DAG(s) 'example_params_trigger_ui' retrieved from /home/airflow/.local/lib/python3.12/site-packages/airflow/example_dags/example_params_trigger_ui.py
[2024-12-07T09:25:24.217+0000] {logging_mixin.py:190} INFO - [2024-12-07T09:25:24.216+0000] {dag.py:3239} INFO - Sync 1 DAGs
[2024-12-07T09:25:24.231+0000] {logging_mixin.py:190} INFO - [2024-12-07T09:25:24.231+0000] {dag.py:4180} INFO - Setting next_dagrun for example_params_trigger_ui to None, run_after=None
[2024-12-07T09:25:24.245+0000] {processor.py:208} INFO - Processing /home/airflow/.local/lib/python3.12/site-packages/airflow/example_dags/example_params_trigger_ui.py took 0.091 seconds
[2024-12-07T09:25:54.597+0000] {processor.py:186} INFO - Started process (PID=1549) to work on /home/airflow/.local/lib/python3.12/site-packages/airflow/example_dags/example_params_trigger_ui.py
[2024-12-07T09:25:54.598+0000] {processor.py:914} INFO - Processing file /home/airflow/.local/lib/python3.12/site-packages/airflow/example_dags/example_params_trigger_ui.py for tasks to queue
[2024-12-07T09:25:54.600+0000] {logging_mixin.py:190} INFO - [2024-12-07T09:25:54.600+0000] {dagbag.py:588} INFO - Filling up the DagBag from /home/airflow/.local/lib/python3.12/site-packages/airflow/example_dags/example_params_trigger_ui.py
[2024-12-07T09:25:54.608+0000] {processor.py:925} INFO - DAG(s) 'example_params_trigger_ui' retrieved from /home/airflow/.local/lib/python3.12/site-packages/airflow/example_dags/example_params_trigger_ui.py
[2024-12-07T09:25:54.647+0000] {logging_mixin.py:190} INFO - [2024-12-07T09:25:54.647+0000] {dag.py:3239} INFO - Sync 1 DAGs
[2024-12-07T09:25:54.657+0000] {logging_mixin.py:190} INFO - [2024-12-07T09:25:54.657+0000] {dag.py:4180} INFO - Setting next_dagrun for example_params_trigger_ui to None, run_after=None
[2024-12-07T09:25:54.669+0000] {processor.py:208} INFO - Processing /home/airflow/.local/lib/python3.12/site-packages/airflow/example_dags/example_params_trigger_ui.py took 0.076 seconds
