[2024-12-07T09:14:22.846+0000] {processor.py:186} INFO - Started process (PID=117) to work on /home/airflow/.local/lib/python3.12/site-packages/airflow/example_dags/example_branch_labels.py
[2024-12-07T09:14:22.847+0000] {processor.py:914} INFO - Processing file /home/airflow/.local/lib/python3.12/site-packages/airflow/example_dags/example_branch_labels.py for tasks to queue
[2024-12-07T09:14:22.849+0000] {logging_mixin.py:190} INFO - [2024-12-07T09:14:22.849+0000] {dagbag.py:588} INFO - Filling up the DagBag from /home/airflow/.local/lib/python3.12/site-packages/airflow/example_dags/example_branch_labels.py
[2024-12-07T09:14:22.860+0000] {processor.py:925} INFO - DAG(s) 'example_branch_labels' retrieved from /home/airflow/.local/lib/python3.12/site-packages/airflow/example_dags/example_branch_labels.py
[2024-12-07T09:14:22.980+0000] {logging_mixin.py:190} INFO - [2024-12-07T09:14:22.980+0000] {override.py:1911} INFO - Created Permission View: can edit on DAG:example_branch_labels
[2024-12-07T09:14:22.989+0000] {logging_mixin.py:190} INFO - [2024-12-07T09:14:22.989+0000] {override.py:1911} INFO - Created Permission View: can delete on DAG:example_branch_labels
[2024-12-07T09:14:22.995+0000] {logging_mixin.py:190} INFO - [2024-12-07T09:14:22.995+0000] {override.py:1911} INFO - Created Permission View: can read on DAG:example_branch_labels
[2024-12-07T09:14:23.001+0000] {logging_mixin.py:190} INFO - [2024-12-07T09:14:23.000+0000] {override.py:1911} INFO - Created Permission View: can create on DAG Run:example_branch_labels
[2024-12-07T09:14:23.006+0000] {logging_mixin.py:190} INFO - [2024-12-07T09:14:23.006+0000] {override.py:1911} INFO - Created Permission View: menu access on DAG Run:example_branch_labels
[2024-12-07T09:14:23.011+0000] {logging_mixin.py:190} INFO - [2024-12-07T09:14:23.011+0000] {override.py:1911} INFO - Created Permission View: can delete on DAG Run:example_branch_labels
[2024-12-07T09:14:23.017+0000] {logging_mixin.py:190} INFO - [2024-12-07T09:14:23.017+0000] {override.py:1911} INFO - Created Permission View: can read on DAG Run:example_branch_labels
[2024-12-07T09:14:23.018+0000] {logging_mixin.py:190} INFO - [2024-12-07T09:14:23.017+0000] {dag.py:3239} INFO - Sync 1 DAGs
[2024-12-07T09:14:23.033+0000] {logging_mixin.py:190} INFO - [2024-12-07T09:14:23.033+0000] {dag.py:3262} INFO - Creating ORM DAG for example_branch_labels
[2024-12-07T09:14:23.045+0000] {logging_mixin.py:190} INFO - [2024-12-07T09:14:23.044+0000] {dag.py:4180} INFO - Setting next_dagrun for example_branch_labels to 2024-12-06 00:00:00+00:00, run_after=2024-12-07 00:00:00+00:00
[2024-12-07T09:14:23.058+0000] {processor.py:208} INFO - Processing /home/airflow/.local/lib/python3.12/site-packages/airflow/example_dags/example_branch_labels.py took 0.218 seconds
[2024-12-07T09:14:54.002+0000] {processor.py:186} INFO - Started process (PID=180) to work on /home/airflow/.local/lib/python3.12/site-packages/airflow/example_dags/example_branch_labels.py
[2024-12-07T09:14:54.002+0000] {processor.py:914} INFO - Processing file /home/airflow/.local/lib/python3.12/site-packages/airflow/example_dags/example_branch_labels.py for tasks to queue
[2024-12-07T09:14:54.004+0000] {logging_mixin.py:190} INFO - [2024-12-07T09:14:54.003+0000] {dagbag.py:588} INFO - Filling up the DagBag from /home/airflow/.local/lib/python3.12/site-packages/airflow/example_dags/example_branch_labels.py
[2024-12-07T09:14:54.011+0000] {processor.py:925} INFO - DAG(s) 'example_branch_labels' retrieved from /home/airflow/.local/lib/python3.12/site-packages/airflow/example_dags/example_branch_labels.py
[2024-12-07T09:14:54.030+0000] {logging_mixin.py:190} INFO - [2024-12-07T09:14:54.030+0000] {dag.py:3239} INFO - Sync 1 DAGs
[2024-12-07T09:14:54.055+0000] {logging_mixin.py:190} INFO - [2024-12-07T09:14:54.055+0000] {dag.py:4180} INFO - Setting next_dagrun for example_branch_labels to 2024-12-06 00:00:00+00:00, run_after=2024-12-07 00:00:00+00:00
[2024-12-07T09:14:54.069+0000] {processor.py:208} INFO - Processing /home/airflow/.local/lib/python3.12/site-packages/airflow/example_dags/example_branch_labels.py took 0.072 seconds
[2024-12-07T09:15:24.355+0000] {processor.py:186} INFO - Started process (PID=242) to work on /home/airflow/.local/lib/python3.12/site-packages/airflow/example_dags/example_branch_labels.py
[2024-12-07T09:15:24.356+0000] {processor.py:914} INFO - Processing file /home/airflow/.local/lib/python3.12/site-packages/airflow/example_dags/example_branch_labels.py for tasks to queue
[2024-12-07T09:15:24.357+0000] {logging_mixin.py:190} INFO - [2024-12-07T09:15:24.357+0000] {dagbag.py:588} INFO - Filling up the DagBag from /home/airflow/.local/lib/python3.12/site-packages/airflow/example_dags/example_branch_labels.py
[2024-12-07T09:15:24.365+0000] {processor.py:925} INFO - DAG(s) 'example_branch_labels' retrieved from /home/airflow/.local/lib/python3.12/site-packages/airflow/example_dags/example_branch_labels.py
[2024-12-07T09:15:24.384+0000] {logging_mixin.py:190} INFO - [2024-12-07T09:15:24.384+0000] {dag.py:3239} INFO - Sync 1 DAGs
[2024-12-07T09:15:24.408+0000] {logging_mixin.py:190} INFO - [2024-12-07T09:15:24.408+0000] {dag.py:4180} INFO - Setting next_dagrun for example_branch_labels to 2024-12-06 00:00:00+00:00, run_after=2024-12-07 00:00:00+00:00
[2024-12-07T09:15:24.422+0000] {processor.py:208} INFO - Processing /home/airflow/.local/lib/python3.12/site-packages/airflow/example_dags/example_branch_labels.py took 0.071 seconds
[2024-12-07T09:15:55.140+0000] {processor.py:186} INFO - Started process (PID=305) to work on /home/airflow/.local/lib/python3.12/site-packages/airflow/example_dags/example_branch_labels.py
[2024-12-07T09:15:55.140+0000] {processor.py:914} INFO - Processing file /home/airflow/.local/lib/python3.12/site-packages/airflow/example_dags/example_branch_labels.py for tasks to queue
[2024-12-07T09:15:55.142+0000] {logging_mixin.py:190} INFO - [2024-12-07T09:15:55.142+0000] {dagbag.py:588} INFO - Filling up the DagBag from /home/airflow/.local/lib/python3.12/site-packages/airflow/example_dags/example_branch_labels.py
[2024-12-07T09:15:55.152+0000] {processor.py:925} INFO - DAG(s) 'example_branch_labels' retrieved from /home/airflow/.local/lib/python3.12/site-packages/airflow/example_dags/example_branch_labels.py
[2024-12-07T09:15:55.168+0000] {logging_mixin.py:190} INFO - [2024-12-07T09:15:55.168+0000] {dag.py:3239} INFO - Sync 1 DAGs
[2024-12-07T09:15:55.189+0000] {logging_mixin.py:190} INFO - [2024-12-07T09:15:55.189+0000] {dag.py:4180} INFO - Setting next_dagrun for example_branch_labels to 2024-12-06 00:00:00+00:00, run_after=2024-12-07 00:00:00+00:00
[2024-12-07T09:15:55.202+0000] {processor.py:208} INFO - Processing /home/airflow/.local/lib/python3.12/site-packages/airflow/example_dags/example_branch_labels.py took 0.068 seconds
[2024-12-07T09:16:26.102+0000] {processor.py:186} INFO - Started process (PID=368) to work on /home/airflow/.local/lib/python3.12/site-packages/airflow/example_dags/example_branch_labels.py
[2024-12-07T09:16:26.103+0000] {processor.py:914} INFO - Processing file /home/airflow/.local/lib/python3.12/site-packages/airflow/example_dags/example_branch_labels.py for tasks to queue
[2024-12-07T09:16:26.104+0000] {logging_mixin.py:190} INFO - [2024-12-07T09:16:26.104+0000] {dagbag.py:588} INFO - Filling up the DagBag from /home/airflow/.local/lib/python3.12/site-packages/airflow/example_dags/example_branch_labels.py
[2024-12-07T09:16:26.112+0000] {processor.py:925} INFO - DAG(s) 'example_branch_labels' retrieved from /home/airflow/.local/lib/python3.12/site-packages/airflow/example_dags/example_branch_labels.py
[2024-12-07T09:16:26.128+0000] {logging_mixin.py:190} INFO - [2024-12-07T09:16:26.127+0000] {dag.py:3239} INFO - Sync 1 DAGs
[2024-12-07T09:16:26.146+0000] {logging_mixin.py:190} INFO - [2024-12-07T09:16:26.146+0000] {dag.py:4180} INFO - Setting next_dagrun for example_branch_labels to 2024-12-06 00:00:00+00:00, run_after=2024-12-07 00:00:00+00:00
[2024-12-07T09:16:26.160+0000] {processor.py:208} INFO - Processing /home/airflow/.local/lib/python3.12/site-packages/airflow/example_dags/example_branch_labels.py took 0.063 seconds
[2024-12-07T09:16:56.465+0000] {processor.py:186} INFO - Started process (PID=431) to work on /home/airflow/.local/lib/python3.12/site-packages/airflow/example_dags/example_branch_labels.py
[2024-12-07T09:16:56.466+0000] {processor.py:914} INFO - Processing file /home/airflow/.local/lib/python3.12/site-packages/airflow/example_dags/example_branch_labels.py for tasks to queue
[2024-12-07T09:16:56.468+0000] {logging_mixin.py:190} INFO - [2024-12-07T09:16:56.467+0000] {dagbag.py:588} INFO - Filling up the DagBag from /home/airflow/.local/lib/python3.12/site-packages/airflow/example_dags/example_branch_labels.py
[2024-12-07T09:16:56.477+0000] {processor.py:925} INFO - DAG(s) 'example_branch_labels' retrieved from /home/airflow/.local/lib/python3.12/site-packages/airflow/example_dags/example_branch_labels.py
[2024-12-07T09:16:56.493+0000] {logging_mixin.py:190} INFO - [2024-12-07T09:16:56.493+0000] {dag.py:3239} INFO - Sync 1 DAGs
[2024-12-07T09:16:56.517+0000] {logging_mixin.py:190} INFO - [2024-12-07T09:16:56.516+0000] {dag.py:4180} INFO - Setting next_dagrun for example_branch_labels to 2024-12-06 00:00:00+00:00, run_after=2024-12-07 00:00:00+00:00
[2024-12-07T09:16:56.531+0000] {processor.py:208} INFO - Processing /home/airflow/.local/lib/python3.12/site-packages/airflow/example_dags/example_branch_labels.py took 0.071 seconds
[2024-12-07T09:17:28.329+0000] {processor.py:186} INFO - Started process (PID=495) to work on /home/airflow/.local/lib/python3.12/site-packages/airflow/example_dags/example_branch_labels.py
[2024-12-07T09:17:28.330+0000] {processor.py:914} INFO - Processing file /home/airflow/.local/lib/python3.12/site-packages/airflow/example_dags/example_branch_labels.py for tasks to queue
[2024-12-07T09:17:28.332+0000] {logging_mixin.py:190} INFO - [2024-12-07T09:17:28.331+0000] {dagbag.py:588} INFO - Filling up the DagBag from /home/airflow/.local/lib/python3.12/site-packages/airflow/example_dags/example_branch_labels.py
[2024-12-07T09:17:28.339+0000] {processor.py:925} INFO - DAG(s) 'example_branch_labels' retrieved from /home/airflow/.local/lib/python3.12/site-packages/airflow/example_dags/example_branch_labels.py
[2024-12-07T09:17:28.354+0000] {logging_mixin.py:190} INFO - [2024-12-07T09:17:28.354+0000] {dag.py:3239} INFO - Sync 1 DAGs
[2024-12-07T09:17:28.371+0000] {logging_mixin.py:190} INFO - [2024-12-07T09:17:28.371+0000] {dag.py:4180} INFO - Setting next_dagrun for example_branch_labels to 2024-12-06 00:00:00+00:00, run_after=2024-12-07 00:00:00+00:00
[2024-12-07T09:17:28.384+0000] {processor.py:208} INFO - Processing /home/airflow/.local/lib/python3.12/site-packages/airflow/example_dags/example_branch_labels.py took 0.059 seconds
[2024-12-07T09:17:59.492+0000] {processor.py:186} INFO - Started process (PID=559) to work on /home/airflow/.local/lib/python3.12/site-packages/airflow/example_dags/example_branch_labels.py
[2024-12-07T09:17:59.492+0000] {processor.py:914} INFO - Processing file /home/airflow/.local/lib/python3.12/site-packages/airflow/example_dags/example_branch_labels.py for tasks to queue
[2024-12-07T09:17:59.494+0000] {logging_mixin.py:190} INFO - [2024-12-07T09:17:59.494+0000] {dagbag.py:588} INFO - Filling up the DagBag from /home/airflow/.local/lib/python3.12/site-packages/airflow/example_dags/example_branch_labels.py
[2024-12-07T09:17:59.505+0000] {processor.py:925} INFO - DAG(s) 'example_branch_labels' retrieved from /home/airflow/.local/lib/python3.12/site-packages/airflow/example_dags/example_branch_labels.py
[2024-12-07T09:17:59.525+0000] {logging_mixin.py:190} INFO - [2024-12-07T09:17:59.525+0000] {dag.py:3239} INFO - Sync 1 DAGs
[2024-12-07T09:17:59.545+0000] {logging_mixin.py:190} INFO - [2024-12-07T09:17:59.545+0000] {dag.py:4180} INFO - Setting next_dagrun for example_branch_labels to 2024-12-06 00:00:00+00:00, run_after=2024-12-07 00:00:00+00:00
[2024-12-07T09:17:59.558+0000] {processor.py:208} INFO - Processing /home/airflow/.local/lib/python3.12/site-packages/airflow/example_dags/example_branch_labels.py took 0.072 seconds
[2024-12-07T09:18:31.103+0000] {processor.py:186} INFO - Started process (PID=622) to work on /home/airflow/.local/lib/python3.12/site-packages/airflow/example_dags/example_branch_labels.py
[2024-12-07T09:18:31.104+0000] {processor.py:914} INFO - Processing file /home/airflow/.local/lib/python3.12/site-packages/airflow/example_dags/example_branch_labels.py for tasks to queue
[2024-12-07T09:18:31.105+0000] {logging_mixin.py:190} INFO - [2024-12-07T09:18:31.105+0000] {dagbag.py:588} INFO - Filling up the DagBag from /home/airflow/.local/lib/python3.12/site-packages/airflow/example_dags/example_branch_labels.py
[2024-12-07T09:18:31.113+0000] {processor.py:925} INFO - DAG(s) 'example_branch_labels' retrieved from /home/airflow/.local/lib/python3.12/site-packages/airflow/example_dags/example_branch_labels.py
[2024-12-07T09:18:31.132+0000] {logging_mixin.py:190} INFO - [2024-12-07T09:18:31.132+0000] {dag.py:3239} INFO - Sync 1 DAGs
[2024-12-07T09:18:31.157+0000] {logging_mixin.py:190} INFO - [2024-12-07T09:18:31.156+0000] {dag.py:4180} INFO - Setting next_dagrun for example_branch_labels to 2024-12-06 00:00:00+00:00, run_after=2024-12-07 00:00:00+00:00
[2024-12-07T09:18:31.170+0000] {processor.py:208} INFO - Processing /home/airflow/.local/lib/python3.12/site-packages/airflow/example_dags/example_branch_labels.py took 0.071 seconds
[2024-12-07T09:19:02.716+0000] {processor.py:186} INFO - Started process (PID=685) to work on /home/airflow/.local/lib/python3.12/site-packages/airflow/example_dags/example_branch_labels.py
[2024-12-07T09:19:02.716+0000] {processor.py:914} INFO - Processing file /home/airflow/.local/lib/python3.12/site-packages/airflow/example_dags/example_branch_labels.py for tasks to queue
[2024-12-07T09:19:02.718+0000] {logging_mixin.py:190} INFO - [2024-12-07T09:19:02.717+0000] {dagbag.py:588} INFO - Filling up the DagBag from /home/airflow/.local/lib/python3.12/site-packages/airflow/example_dags/example_branch_labels.py
[2024-12-07T09:19:02.725+0000] {processor.py:925} INFO - DAG(s) 'example_branch_labels' retrieved from /home/airflow/.local/lib/python3.12/site-packages/airflow/example_dags/example_branch_labels.py
[2024-12-07T09:19:02.741+0000] {logging_mixin.py:190} INFO - [2024-12-07T09:19:02.741+0000] {dag.py:3239} INFO - Sync 1 DAGs
[2024-12-07T09:19:02.759+0000] {logging_mixin.py:190} INFO - [2024-12-07T09:19:02.758+0000] {dag.py:4180} INFO - Setting next_dagrun for example_branch_labels to 2024-12-06 00:00:00+00:00, run_after=2024-12-07 00:00:00+00:00
[2024-12-07T09:19:02.770+0000] {processor.py:208} INFO - Processing /home/airflow/.local/lib/python3.12/site-packages/airflow/example_dags/example_branch_labels.py took 0.059 seconds
[2024-12-07T09:19:33.684+0000] {processor.py:186} INFO - Started process (PID=750) to work on /home/airflow/.local/lib/python3.12/site-packages/airflow/example_dags/example_branch_labels.py
[2024-12-07T09:19:33.685+0000] {processor.py:914} INFO - Processing file /home/airflow/.local/lib/python3.12/site-packages/airflow/example_dags/example_branch_labels.py for tasks to queue
[2024-12-07T09:19:33.687+0000] {logging_mixin.py:190} INFO - [2024-12-07T09:19:33.687+0000] {dagbag.py:588} INFO - Filling up the DagBag from /home/airflow/.local/lib/python3.12/site-packages/airflow/example_dags/example_branch_labels.py
[2024-12-07T09:19:33.698+0000] {processor.py:925} INFO - DAG(s) 'example_branch_labels' retrieved from /home/airflow/.local/lib/python3.12/site-packages/airflow/example_dags/example_branch_labels.py
[2024-12-07T09:19:33.719+0000] {logging_mixin.py:190} INFO - [2024-12-07T09:19:33.719+0000] {dag.py:3239} INFO - Sync 1 DAGs
[2024-12-07T09:19:33.743+0000] {logging_mixin.py:190} INFO - [2024-12-07T09:19:33.743+0000] {dag.py:4180} INFO - Setting next_dagrun for example_branch_labels to 2024-12-06 00:00:00+00:00, run_after=2024-12-07 00:00:00+00:00
[2024-12-07T09:19:33.761+0000] {processor.py:208} INFO - Processing /home/airflow/.local/lib/python3.12/site-packages/airflow/example_dags/example_branch_labels.py took 0.083 seconds
[2024-12-07T09:20:04.787+0000] {processor.py:186} INFO - Started process (PID=814) to work on /home/airflow/.local/lib/python3.12/site-packages/airflow/example_dags/example_branch_labels.py
[2024-12-07T09:20:04.788+0000] {processor.py:914} INFO - Processing file /home/airflow/.local/lib/python3.12/site-packages/airflow/example_dags/example_branch_labels.py for tasks to queue
[2024-12-07T09:20:04.790+0000] {logging_mixin.py:190} INFO - [2024-12-07T09:20:04.790+0000] {dagbag.py:588} INFO - Filling up the DagBag from /home/airflow/.local/lib/python3.12/site-packages/airflow/example_dags/example_branch_labels.py
[2024-12-07T09:20:04.801+0000] {processor.py:925} INFO - DAG(s) 'example_branch_labels' retrieved from /home/airflow/.local/lib/python3.12/site-packages/airflow/example_dags/example_branch_labels.py
[2024-12-07T09:20:04.824+0000] {logging_mixin.py:190} INFO - [2024-12-07T09:20:04.824+0000] {dag.py:3239} INFO - Sync 1 DAGs
[2024-12-07T09:20:04.844+0000] {logging_mixin.py:190} INFO - [2024-12-07T09:20:04.844+0000] {dag.py:4180} INFO - Setting next_dagrun for example_branch_labels to 2024-12-06 00:00:00+00:00, run_after=2024-12-07 00:00:00+00:00
[2024-12-07T09:20:04.857+0000] {processor.py:208} INFO - Processing /home/airflow/.local/lib/python3.12/site-packages/airflow/example_dags/example_branch_labels.py took 0.077 seconds
[2024-12-07T09:20:36.178+0000] {processor.py:186} INFO - Started process (PID=879) to work on /home/airflow/.local/lib/python3.12/site-packages/airflow/example_dags/example_branch_labels.py
[2024-12-07T09:20:36.179+0000] {processor.py:914} INFO - Processing file /home/airflow/.local/lib/python3.12/site-packages/airflow/example_dags/example_branch_labels.py for tasks to queue
[2024-12-07T09:20:36.180+0000] {logging_mixin.py:190} INFO - [2024-12-07T09:20:36.180+0000] {dagbag.py:588} INFO - Filling up the DagBag from /home/airflow/.local/lib/python3.12/site-packages/airflow/example_dags/example_branch_labels.py
[2024-12-07T09:20:36.187+0000] {processor.py:925} INFO - DAG(s) 'example_branch_labels' retrieved from /home/airflow/.local/lib/python3.12/site-packages/airflow/example_dags/example_branch_labels.py
[2024-12-07T09:20:36.203+0000] {logging_mixin.py:190} INFO - [2024-12-07T09:20:36.202+0000] {dag.py:3239} INFO - Sync 1 DAGs
[2024-12-07T09:20:36.224+0000] {logging_mixin.py:190} INFO - [2024-12-07T09:20:36.223+0000] {dag.py:4180} INFO - Setting next_dagrun for example_branch_labels to 2024-12-06 00:00:00+00:00, run_after=2024-12-07 00:00:00+00:00
[2024-12-07T09:20:36.237+0000] {processor.py:208} INFO - Processing /home/airflow/.local/lib/python3.12/site-packages/airflow/example_dags/example_branch_labels.py took 0.063 seconds
[2024-12-07T09:21:07.474+0000] {processor.py:186} INFO - Started process (PID=943) to work on /home/airflow/.local/lib/python3.12/site-packages/airflow/example_dags/example_branch_labels.py
[2024-12-07T09:21:07.474+0000] {processor.py:914} INFO - Processing file /home/airflow/.local/lib/python3.12/site-packages/airflow/example_dags/example_branch_labels.py for tasks to queue
[2024-12-07T09:21:07.476+0000] {logging_mixin.py:190} INFO - [2024-12-07T09:21:07.476+0000] {dagbag.py:588} INFO - Filling up the DagBag from /home/airflow/.local/lib/python3.12/site-packages/airflow/example_dags/example_branch_labels.py
[2024-12-07T09:21:07.484+0000] {processor.py:925} INFO - DAG(s) 'example_branch_labels' retrieved from /home/airflow/.local/lib/python3.12/site-packages/airflow/example_dags/example_branch_labels.py
[2024-12-07T09:21:07.503+0000] {logging_mixin.py:190} INFO - [2024-12-07T09:21:07.502+0000] {dag.py:3239} INFO - Sync 1 DAGs
[2024-12-07T09:21:07.529+0000] {logging_mixin.py:190} INFO - [2024-12-07T09:21:07.528+0000] {dag.py:4180} INFO - Setting next_dagrun for example_branch_labels to 2024-12-06 00:00:00+00:00, run_after=2024-12-07 00:00:00+00:00
[2024-12-07T09:21:07.544+0000] {processor.py:208} INFO - Processing /home/airflow/.local/lib/python3.12/site-packages/airflow/example_dags/example_branch_labels.py took 0.074 seconds
[2024-12-07T09:21:38.763+0000] {processor.py:186} INFO - Started process (PID=1007) to work on /home/airflow/.local/lib/python3.12/site-packages/airflow/example_dags/example_branch_labels.py
[2024-12-07T09:21:38.763+0000] {processor.py:914} INFO - Processing file /home/airflow/.local/lib/python3.12/site-packages/airflow/example_dags/example_branch_labels.py for tasks to queue
[2024-12-07T09:21:38.765+0000] {logging_mixin.py:190} INFO - [2024-12-07T09:21:38.765+0000] {dagbag.py:588} INFO - Filling up the DagBag from /home/airflow/.local/lib/python3.12/site-packages/airflow/example_dags/example_branch_labels.py
[2024-12-07T09:21:38.774+0000] {processor.py:925} INFO - DAG(s) 'example_branch_labels' retrieved from /home/airflow/.local/lib/python3.12/site-packages/airflow/example_dags/example_branch_labels.py
[2024-12-07T09:21:38.796+0000] {logging_mixin.py:190} INFO - [2024-12-07T09:21:38.796+0000] {dag.py:3239} INFO - Sync 1 DAGs
[2024-12-07T09:21:38.822+0000] {logging_mixin.py:190} INFO - [2024-12-07T09:21:38.821+0000] {dag.py:4180} INFO - Setting next_dagrun for example_branch_labels to 2024-12-06 00:00:00+00:00, run_after=2024-12-07 00:00:00+00:00
[2024-12-07T09:21:38.837+0000] {processor.py:208} INFO - Processing /home/airflow/.local/lib/python3.12/site-packages/airflow/example_dags/example_branch_labels.py took 0.078 seconds
[2024-12-07T09:22:09.713+0000] {processor.py:186} INFO - Started process (PID=1071) to work on /home/airflow/.local/lib/python3.12/site-packages/airflow/example_dags/example_branch_labels.py
[2024-12-07T09:22:09.714+0000] {processor.py:914} INFO - Processing file /home/airflow/.local/lib/python3.12/site-packages/airflow/example_dags/example_branch_labels.py for tasks to queue
[2024-12-07T09:22:09.715+0000] {logging_mixin.py:190} INFO - [2024-12-07T09:22:09.715+0000] {dagbag.py:588} INFO - Filling up the DagBag from /home/airflow/.local/lib/python3.12/site-packages/airflow/example_dags/example_branch_labels.py
[2024-12-07T09:22:09.723+0000] {processor.py:925} INFO - DAG(s) 'example_branch_labels' retrieved from /home/airflow/.local/lib/python3.12/site-packages/airflow/example_dags/example_branch_labels.py
[2024-12-07T09:22:09.740+0000] {logging_mixin.py:190} INFO - [2024-12-07T09:22:09.739+0000] {dag.py:3239} INFO - Sync 1 DAGs
[2024-12-07T09:22:09.761+0000] {logging_mixin.py:190} INFO - [2024-12-07T09:22:09.761+0000] {dag.py:4180} INFO - Setting next_dagrun for example_branch_labels to 2024-12-06 00:00:00+00:00, run_after=2024-12-07 00:00:00+00:00
[2024-12-07T09:22:09.773+0000] {processor.py:208} INFO - Processing /home/airflow/.local/lib/python3.12/site-packages/airflow/example_dags/example_branch_labels.py took 0.065 seconds
[2024-12-07T09:22:40.681+0000] {processor.py:186} INFO - Started process (PID=1135) to work on /home/airflow/.local/lib/python3.12/site-packages/airflow/example_dags/example_branch_labels.py
[2024-12-07T09:22:40.682+0000] {processor.py:914} INFO - Processing file /home/airflow/.local/lib/python3.12/site-packages/airflow/example_dags/example_branch_labels.py for tasks to queue
[2024-12-07T09:22:40.683+0000] {logging_mixin.py:190} INFO - [2024-12-07T09:22:40.683+0000] {dagbag.py:588} INFO - Filling up the DagBag from /home/airflow/.local/lib/python3.12/site-packages/airflow/example_dags/example_branch_labels.py
[2024-12-07T09:22:40.691+0000] {processor.py:925} INFO - DAG(s) 'example_branch_labels' retrieved from /home/airflow/.local/lib/python3.12/site-packages/airflow/example_dags/example_branch_labels.py
[2024-12-07T09:22:40.709+0000] {logging_mixin.py:190} INFO - [2024-12-07T09:22:40.709+0000] {dag.py:3239} INFO - Sync 1 DAGs
[2024-12-07T09:22:40.731+0000] {logging_mixin.py:190} INFO - [2024-12-07T09:22:40.731+0000] {dag.py:4180} INFO - Setting next_dagrun for example_branch_labels to 2024-12-06 00:00:00+00:00, run_after=2024-12-07 00:00:00+00:00
[2024-12-07T09:22:40.743+0000] {processor.py:208} INFO - Processing /home/airflow/.local/lib/python3.12/site-packages/airflow/example_dags/example_branch_labels.py took 0.067 seconds
[2024-12-07T09:23:12.203+0000] {processor.py:186} INFO - Started process (PID=1199) to work on /home/airflow/.local/lib/python3.12/site-packages/airflow/example_dags/example_branch_labels.py
[2024-12-07T09:23:12.204+0000] {processor.py:914} INFO - Processing file /home/airflow/.local/lib/python3.12/site-packages/airflow/example_dags/example_branch_labels.py for tasks to queue
[2024-12-07T09:23:12.205+0000] {logging_mixin.py:190} INFO - [2024-12-07T09:23:12.205+0000] {dagbag.py:588} INFO - Filling up the DagBag from /home/airflow/.local/lib/python3.12/site-packages/airflow/example_dags/example_branch_labels.py
[2024-12-07T09:23:12.212+0000] {processor.py:925} INFO - DAG(s) 'example_branch_labels' retrieved from /home/airflow/.local/lib/python3.12/site-packages/airflow/example_dags/example_branch_labels.py
[2024-12-07T09:23:12.232+0000] {logging_mixin.py:190} INFO - [2024-12-07T09:23:12.232+0000] {dag.py:3239} INFO - Sync 1 DAGs
[2024-12-07T09:23:12.257+0000] {logging_mixin.py:190} INFO - [2024-12-07T09:23:12.257+0000] {dag.py:4180} INFO - Setting next_dagrun for example_branch_labels to 2024-12-06 00:00:00+00:00, run_after=2024-12-07 00:00:00+00:00
[2024-12-07T09:23:12.273+0000] {processor.py:208} INFO - Processing /home/airflow/.local/lib/python3.12/site-packages/airflow/example_dags/example_branch_labels.py took 0.074 seconds
[2024-12-07T09:23:43.672+0000] {processor.py:186} INFO - Started process (PID=1263) to work on /home/airflow/.local/lib/python3.12/site-packages/airflow/example_dags/example_branch_labels.py
[2024-12-07T09:23:43.673+0000] {processor.py:914} INFO - Processing file /home/airflow/.local/lib/python3.12/site-packages/airflow/example_dags/example_branch_labels.py for tasks to queue
[2024-12-07T09:23:43.674+0000] {logging_mixin.py:190} INFO - [2024-12-07T09:23:43.674+0000] {dagbag.py:588} INFO - Filling up the DagBag from /home/airflow/.local/lib/python3.12/site-packages/airflow/example_dags/example_branch_labels.py
[2024-12-07T09:23:43.682+0000] {processor.py:925} INFO - DAG(s) 'example_branch_labels' retrieved from /home/airflow/.local/lib/python3.12/site-packages/airflow/example_dags/example_branch_labels.py
[2024-12-07T09:23:43.699+0000] {logging_mixin.py:190} INFO - [2024-12-07T09:23:43.698+0000] {dag.py:3239} INFO - Sync 1 DAGs
[2024-12-07T09:23:43.720+0000] {logging_mixin.py:190} INFO - [2024-12-07T09:23:43.720+0000] {dag.py:4180} INFO - Setting next_dagrun for example_branch_labels to 2024-12-06 00:00:00+00:00, run_after=2024-12-07 00:00:00+00:00
[2024-12-07T09:23:43.734+0000] {processor.py:208} INFO - Processing /home/airflow/.local/lib/python3.12/site-packages/airflow/example_dags/example_branch_labels.py took 0.067 seconds
[2024-12-07T09:24:14.825+0000] {processor.py:186} INFO - Started process (PID=1333) to work on /home/airflow/.local/lib/python3.12/site-packages/airflow/example_dags/example_branch_labels.py
[2024-12-07T09:24:14.826+0000] {processor.py:914} INFO - Processing file /home/airflow/.local/lib/python3.12/site-packages/airflow/example_dags/example_branch_labels.py for tasks to queue
[2024-12-07T09:24:14.828+0000] {logging_mixin.py:190} INFO - [2024-12-07T09:24:14.827+0000] {dagbag.py:588} INFO - Filling up the DagBag from /home/airflow/.local/lib/python3.12/site-packages/airflow/example_dags/example_branch_labels.py
[2024-12-07T09:24:14.836+0000] {processor.py:925} INFO - DAG(s) 'example_branch_labels' retrieved from /home/airflow/.local/lib/python3.12/site-packages/airflow/example_dags/example_branch_labels.py
[2024-12-07T09:24:14.852+0000] {logging_mixin.py:190} INFO - [2024-12-07T09:24:14.851+0000] {dag.py:3239} INFO - Sync 1 DAGs
[2024-12-07T09:24:14.871+0000] {logging_mixin.py:190} INFO - [2024-12-07T09:24:14.871+0000] {dag.py:4180} INFO - Setting next_dagrun for example_branch_labels to 2024-12-06 00:00:00+00:00, run_after=2024-12-07 00:00:00+00:00
[2024-12-07T09:24:14.884+0000] {processor.py:208} INFO - Processing /home/airflow/.local/lib/python3.12/site-packages/airflow/example_dags/example_branch_labels.py took 0.063 seconds
[2024-12-07T09:24:46.001+0000] {processor.py:186} INFO - Started process (PID=1397) to work on /home/airflow/.local/lib/python3.12/site-packages/airflow/example_dags/example_branch_labels.py
[2024-12-07T09:24:46.002+0000] {processor.py:914} INFO - Processing file /home/airflow/.local/lib/python3.12/site-packages/airflow/example_dags/example_branch_labels.py for tasks to queue
[2024-12-07T09:24:46.003+0000] {logging_mixin.py:190} INFO - [2024-12-07T09:24:46.003+0000] {dagbag.py:588} INFO - Filling up the DagBag from /home/airflow/.local/lib/python3.12/site-packages/airflow/example_dags/example_branch_labels.py
[2024-12-07T09:24:46.011+0000] {processor.py:925} INFO - DAG(s) 'example_branch_labels' retrieved from /home/airflow/.local/lib/python3.12/site-packages/airflow/example_dags/example_branch_labels.py
[2024-12-07T09:24:46.029+0000] {logging_mixin.py:190} INFO - [2024-12-07T09:24:46.029+0000] {dag.py:3239} INFO - Sync 1 DAGs
[2024-12-07T09:24:46.050+0000] {logging_mixin.py:190} INFO - [2024-12-07T09:24:46.049+0000] {dag.py:4180} INFO - Setting next_dagrun for example_branch_labels to 2024-12-06 00:00:00+00:00, run_after=2024-12-07 00:00:00+00:00
[2024-12-07T09:24:46.064+0000] {processor.py:208} INFO - Processing /home/airflow/.local/lib/python3.12/site-packages/airflow/example_dags/example_branch_labels.py took 0.068 seconds
[2024-12-07T09:25:17.622+0000] {processor.py:186} INFO - Started process (PID=1462) to work on /home/airflow/.local/lib/python3.12/site-packages/airflow/example_dags/example_branch_labels.py
[2024-12-07T09:25:17.623+0000] {processor.py:914} INFO - Processing file /home/airflow/.local/lib/python3.12/site-packages/airflow/example_dags/example_branch_labels.py for tasks to queue
[2024-12-07T09:25:17.624+0000] {logging_mixin.py:190} INFO - [2024-12-07T09:25:17.624+0000] {dagbag.py:588} INFO - Filling up the DagBag from /home/airflow/.local/lib/python3.12/site-packages/airflow/example_dags/example_branch_labels.py
[2024-12-07T09:25:17.632+0000] {processor.py:925} INFO - DAG(s) 'example_branch_labels' retrieved from /home/airflow/.local/lib/python3.12/site-packages/airflow/example_dags/example_branch_labels.py
[2024-12-07T09:25:17.648+0000] {logging_mixin.py:190} INFO - [2024-12-07T09:25:17.648+0000] {dag.py:3239} INFO - Sync 1 DAGs
[2024-12-07T09:25:17.668+0000] {logging_mixin.py:190} INFO - [2024-12-07T09:25:17.668+0000] {dag.py:4180} INFO - Setting next_dagrun for example_branch_labels to 2024-12-06 00:00:00+00:00, run_after=2024-12-07 00:00:00+00:00
[2024-12-07T09:25:17.686+0000] {processor.py:208} INFO - Processing /home/airflow/.local/lib/python3.12/site-packages/airflow/example_dags/example_branch_labels.py took 0.068 seconds
[2024-12-07T09:25:48.665+0000] {processor.py:186} INFO - Started process (PID=1526) to work on /home/airflow/.local/lib/python3.12/site-packages/airflow/example_dags/example_branch_labels.py
[2024-12-07T09:25:48.666+0000] {processor.py:914} INFO - Processing file /home/airflow/.local/lib/python3.12/site-packages/airflow/example_dags/example_branch_labels.py for tasks to queue
[2024-12-07T09:25:48.667+0000] {logging_mixin.py:190} INFO - [2024-12-07T09:25:48.667+0000] {dagbag.py:588} INFO - Filling up the DagBag from /home/airflow/.local/lib/python3.12/site-packages/airflow/example_dags/example_branch_labels.py
[2024-12-07T09:25:48.676+0000] {processor.py:925} INFO - DAG(s) 'example_branch_labels' retrieved from /home/airflow/.local/lib/python3.12/site-packages/airflow/example_dags/example_branch_labels.py
[2024-12-07T09:25:48.695+0000] {logging_mixin.py:190} INFO - [2024-12-07T09:25:48.695+0000] {dag.py:3239} INFO - Sync 1 DAGs
[2024-12-07T09:25:48.719+0000] {logging_mixin.py:190} INFO - [2024-12-07T09:25:48.719+0000] {dag.py:4180} INFO - Setting next_dagrun for example_branch_labels to 2024-12-06 00:00:00+00:00, run_after=2024-12-07 00:00:00+00:00
[2024-12-07T09:25:48.733+0000] {processor.py:208} INFO - Processing /home/airflow/.local/lib/python3.12/site-packages/airflow/example_dags/example_branch_labels.py took 0.072 seconds
