[2024-12-07T09:14:14.140+0000] {processor.py:186} INFO - Started process (PID=81) to work on /home/airflow/.local/lib/python3.12/site-packages/airflow/example_dags/example_latest_only.py
[2024-12-07T09:14:14.141+0000] {processor.py:914} INFO - Processing file /home/airflow/.local/lib/python3.12/site-packages/airflow/example_dags/example_latest_only.py for tasks to queue
[2024-12-07T09:14:14.143+0000] {logging_mixin.py:190} INFO - [2024-12-07T09:14:14.143+0000] {dagbag.py:588} INFO - Filling up the DagBag from /home/airflow/.local/lib/python3.12/site-packages/airflow/example_dags/example_latest_only.py
[2024-12-07T09:14:14.151+0000] {processor.py:925} INFO - DAG(s) 'latest_only' retrieved from /home/airflow/.local/lib/python3.12/site-packages/airflow/example_dags/example_latest_only.py
[2024-12-07T09:14:14.278+0000] {logging_mixin.py:190} INFO - [2024-12-07T09:14:14.278+0000] {override.py:1911} INFO - Created Permission View: can edit on DAG:latest_only
[2024-12-07T09:14:14.291+0000] {logging_mixin.py:190} INFO - [2024-12-07T09:14:14.291+0000] {override.py:1911} INFO - Created Permission View: can delete on DAG:latest_only
[2024-12-07T09:14:14.303+0000] {logging_mixin.py:190} INFO - [2024-12-07T09:14:14.303+0000] {override.py:1911} INFO - Created Permission View: can read on DAG:latest_only
[2024-12-07T09:14:14.313+0000] {logging_mixin.py:190} INFO - [2024-12-07T09:14:14.313+0000] {override.py:1911} INFO - Created Permission View: can create on DAG Run:latest_only
[2024-12-07T09:14:14.319+0000] {logging_mixin.py:190} INFO - [2024-12-07T09:14:14.318+0000] {override.py:1911} INFO - Created Permission View: menu access on DAG Run:latest_only
[2024-12-07T09:14:14.324+0000] {logging_mixin.py:190} INFO - [2024-12-07T09:14:14.323+0000] {override.py:1911} INFO - Created Permission View: can delete on DAG Run:latest_only
[2024-12-07T09:14:14.330+0000] {logging_mixin.py:190} INFO - [2024-12-07T09:14:14.330+0000] {override.py:1911} INFO - Created Permission View: can read on DAG Run:latest_only
[2024-12-07T09:14:14.331+0000] {logging_mixin.py:190} INFO - [2024-12-07T09:14:14.330+0000] {dag.py:3239} INFO - Sync 1 DAGs
[2024-12-07T09:14:14.362+0000] {logging_mixin.py:190} INFO - [2024-12-07T09:14:14.362+0000] {dag.py:3262} INFO - Creating ORM DAG for latest_only
[2024-12-07T09:14:14.375+0000] {logging_mixin.py:190} INFO - [2024-12-07T09:14:14.374+0000] {dag.py:4180} INFO - Setting next_dagrun for latest_only to 2024-12-07 04:00:00+00:00, run_after=2024-12-07 08:00:00+00:00
[2024-12-07T09:14:14.401+0000] {processor.py:208} INFO - Processing /home/airflow/.local/lib/python3.12/site-packages/airflow/example_dags/example_latest_only.py took 0.267 seconds
[2024-12-07T09:14:44.523+0000] {processor.py:186} INFO - Started process (PID=144) to work on /home/airflow/.local/lib/python3.12/site-packages/airflow/example_dags/example_latest_only.py
[2024-12-07T09:14:44.524+0000] {processor.py:914} INFO - Processing file /home/airflow/.local/lib/python3.12/site-packages/airflow/example_dags/example_latest_only.py for tasks to queue
[2024-12-07T09:14:44.526+0000] {logging_mixin.py:190} INFO - [2024-12-07T09:14:44.525+0000] {dagbag.py:588} INFO - Filling up the DagBag from /home/airflow/.local/lib/python3.12/site-packages/airflow/example_dags/example_latest_only.py
[2024-12-07T09:14:44.534+0000] {processor.py:925} INFO - DAG(s) 'latest_only' retrieved from /home/airflow/.local/lib/python3.12/site-packages/airflow/example_dags/example_latest_only.py
[2024-12-07T09:14:44.561+0000] {logging_mixin.py:190} INFO - [2024-12-07T09:14:44.561+0000] {dag.py:3239} INFO - Sync 1 DAGs
[2024-12-07T09:14:44.585+0000] {logging_mixin.py:190} INFO - [2024-12-07T09:14:44.585+0000] {dag.py:4180} INFO - Setting next_dagrun for latest_only to 2024-12-07 04:00:00+00:00, run_after=2024-12-07 08:00:00+00:00
[2024-12-07T09:14:44.600+0000] {processor.py:208} INFO - Processing /home/airflow/.local/lib/python3.12/site-packages/airflow/example_dags/example_latest_only.py took 0.084 seconds
[2024-12-07T09:15:14.670+0000] {processor.py:186} INFO - Started process (PID=207) to work on /home/airflow/.local/lib/python3.12/site-packages/airflow/example_dags/example_latest_only.py
[2024-12-07T09:15:14.671+0000] {processor.py:914} INFO - Processing file /home/airflow/.local/lib/python3.12/site-packages/airflow/example_dags/example_latest_only.py for tasks to queue
[2024-12-07T09:15:14.672+0000] {logging_mixin.py:190} INFO - [2024-12-07T09:15:14.672+0000] {dagbag.py:588} INFO - Filling up the DagBag from /home/airflow/.local/lib/python3.12/site-packages/airflow/example_dags/example_latest_only.py
[2024-12-07T09:15:14.678+0000] {processor.py:925} INFO - DAG(s) 'latest_only' retrieved from /home/airflow/.local/lib/python3.12/site-packages/airflow/example_dags/example_latest_only.py
[2024-12-07T09:15:14.693+0000] {logging_mixin.py:190} INFO - [2024-12-07T09:15:14.693+0000] {dag.py:3239} INFO - Sync 1 DAGs
[2024-12-07T09:15:14.712+0000] {logging_mixin.py:190} INFO - [2024-12-07T09:15:14.712+0000] {dag.py:4180} INFO - Setting next_dagrun for latest_only to 2024-12-07 04:00:00+00:00, run_after=2024-12-07 08:00:00+00:00
[2024-12-07T09:15:14.724+0000] {processor.py:208} INFO - Processing /home/airflow/.local/lib/python3.12/site-packages/airflow/example_dags/example_latest_only.py took 0.059 seconds
[2024-12-07T09:15:44.878+0000] {processor.py:186} INFO - Started process (PID=270) to work on /home/airflow/.local/lib/python3.12/site-packages/airflow/example_dags/example_latest_only.py
[2024-12-07T09:15:44.879+0000] {processor.py:914} INFO - Processing file /home/airflow/.local/lib/python3.12/site-packages/airflow/example_dags/example_latest_only.py for tasks to queue
[2024-12-07T09:15:44.881+0000] {logging_mixin.py:190} INFO - [2024-12-07T09:15:44.880+0000] {dagbag.py:588} INFO - Filling up the DagBag from /home/airflow/.local/lib/python3.12/site-packages/airflow/example_dags/example_latest_only.py
[2024-12-07T09:15:44.887+0000] {processor.py:925} INFO - DAG(s) 'latest_only' retrieved from /home/airflow/.local/lib/python3.12/site-packages/airflow/example_dags/example_latest_only.py
[2024-12-07T09:15:44.904+0000] {logging_mixin.py:190} INFO - [2024-12-07T09:15:44.903+0000] {dag.py:3239} INFO - Sync 1 DAGs
[2024-12-07T09:15:44.926+0000] {logging_mixin.py:190} INFO - [2024-12-07T09:15:44.926+0000] {dag.py:4180} INFO - Setting next_dagrun for latest_only to 2024-12-07 04:00:00+00:00, run_after=2024-12-07 08:00:00+00:00
[2024-12-07T09:15:44.937+0000] {processor.py:208} INFO - Processing /home/airflow/.local/lib/python3.12/site-packages/airflow/example_dags/example_latest_only.py took 0.063 seconds
[2024-12-07T09:16:15.751+0000] {processor.py:186} INFO - Started process (PID=333) to work on /home/airflow/.local/lib/python3.12/site-packages/airflow/example_dags/example_latest_only.py
[2024-12-07T09:16:15.752+0000] {processor.py:914} INFO - Processing file /home/airflow/.local/lib/python3.12/site-packages/airflow/example_dags/example_latest_only.py for tasks to queue
[2024-12-07T09:16:15.754+0000] {logging_mixin.py:190} INFO - [2024-12-07T09:16:15.753+0000] {dagbag.py:588} INFO - Filling up the DagBag from /home/airflow/.local/lib/python3.12/site-packages/airflow/example_dags/example_latest_only.py
[2024-12-07T09:16:15.761+0000] {processor.py:925} INFO - DAG(s) 'latest_only' retrieved from /home/airflow/.local/lib/python3.12/site-packages/airflow/example_dags/example_latest_only.py
[2024-12-07T09:16:15.780+0000] {logging_mixin.py:190} INFO - [2024-12-07T09:16:15.780+0000] {dag.py:3239} INFO - Sync 1 DAGs
[2024-12-07T09:16:15.801+0000] {logging_mixin.py:190} INFO - [2024-12-07T09:16:15.800+0000] {dag.py:4180} INFO - Setting next_dagrun for latest_only to 2024-12-07 04:00:00+00:00, run_after=2024-12-07 08:00:00+00:00
[2024-12-07T09:16:15.814+0000] {processor.py:208} INFO - Processing /home/airflow/.local/lib/python3.12/site-packages/airflow/example_dags/example_latest_only.py took 0.069 seconds
[2024-12-07T09:16:46.066+0000] {processor.py:186} INFO - Started process (PID=397) to work on /home/airflow/.local/lib/python3.12/site-packages/airflow/example_dags/example_latest_only.py
[2024-12-07T09:16:46.067+0000] {processor.py:914} INFO - Processing file /home/airflow/.local/lib/python3.12/site-packages/airflow/example_dags/example_latest_only.py for tasks to queue
[2024-12-07T09:16:46.070+0000] {logging_mixin.py:190} INFO - [2024-12-07T09:16:46.069+0000] {dagbag.py:588} INFO - Filling up the DagBag from /home/airflow/.local/lib/python3.12/site-packages/airflow/example_dags/example_latest_only.py
[2024-12-07T09:16:46.076+0000] {processor.py:925} INFO - DAG(s) 'latest_only' retrieved from /home/airflow/.local/lib/python3.12/site-packages/airflow/example_dags/example_latest_only.py
[2024-12-07T09:16:46.092+0000] {logging_mixin.py:190} INFO - [2024-12-07T09:16:46.091+0000] {dag.py:3239} INFO - Sync 1 DAGs
[2024-12-07T09:16:46.109+0000] {logging_mixin.py:190} INFO - [2024-12-07T09:16:46.109+0000] {dag.py:4180} INFO - Setting next_dagrun for latest_only to 2024-12-07 04:00:00+00:00, run_after=2024-12-07 08:00:00+00:00
[2024-12-07T09:16:46.121+0000] {processor.py:208} INFO - Processing /home/airflow/.local/lib/python3.12/site-packages/airflow/example_dags/example_latest_only.py took 0.061 seconds
[2024-12-07T09:17:16.535+0000] {processor.py:186} INFO - Started process (PID=460) to work on /home/airflow/.local/lib/python3.12/site-packages/airflow/example_dags/example_latest_only.py
[2024-12-07T09:17:16.536+0000] {processor.py:914} INFO - Processing file /home/airflow/.local/lib/python3.12/site-packages/airflow/example_dags/example_latest_only.py for tasks to queue
[2024-12-07T09:17:16.538+0000] {logging_mixin.py:190} INFO - [2024-12-07T09:17:16.537+0000] {dagbag.py:588} INFO - Filling up the DagBag from /home/airflow/.local/lib/python3.12/site-packages/airflow/example_dags/example_latest_only.py
[2024-12-07T09:17:16.544+0000] {processor.py:925} INFO - DAG(s) 'latest_only' retrieved from /home/airflow/.local/lib/python3.12/site-packages/airflow/example_dags/example_latest_only.py
[2024-12-07T09:17:16.561+0000] {logging_mixin.py:190} INFO - [2024-12-07T09:17:16.561+0000] {dag.py:3239} INFO - Sync 1 DAGs
[2024-12-07T09:17:16.578+0000] {logging_mixin.py:190} INFO - [2024-12-07T09:17:16.578+0000] {dag.py:4180} INFO - Setting next_dagrun for latest_only to 2024-12-07 04:00:00+00:00, run_after=2024-12-07 08:00:00+00:00
[2024-12-07T09:17:16.589+0000] {processor.py:208} INFO - Processing /home/airflow/.local/lib/python3.12/site-packages/airflow/example_dags/example_latest_only.py took 0.060 seconds
[2024-12-07T09:17:46.823+0000] {processor.py:186} INFO - Started process (PID=524) to work on /home/airflow/.local/lib/python3.12/site-packages/airflow/example_dags/example_latest_only.py
[2024-12-07T09:17:46.824+0000] {processor.py:914} INFO - Processing file /home/airflow/.local/lib/python3.12/site-packages/airflow/example_dags/example_latest_only.py for tasks to queue
[2024-12-07T09:17:46.826+0000] {logging_mixin.py:190} INFO - [2024-12-07T09:17:46.825+0000] {dagbag.py:588} INFO - Filling up the DagBag from /home/airflow/.local/lib/python3.12/site-packages/airflow/example_dags/example_latest_only.py
[2024-12-07T09:17:46.831+0000] {processor.py:925} INFO - DAG(s) 'latest_only' retrieved from /home/airflow/.local/lib/python3.12/site-packages/airflow/example_dags/example_latest_only.py
[2024-12-07T09:17:46.846+0000] {logging_mixin.py:190} INFO - [2024-12-07T09:17:46.846+0000] {dag.py:3239} INFO - Sync 1 DAGs
[2024-12-07T09:17:46.864+0000] {logging_mixin.py:190} INFO - [2024-12-07T09:17:46.863+0000] {dag.py:4180} INFO - Setting next_dagrun for latest_only to 2024-12-07 04:00:00+00:00, run_after=2024-12-07 08:00:00+00:00
[2024-12-07T09:17:46.876+0000] {processor.py:208} INFO - Processing /home/airflow/.local/lib/python3.12/site-packages/airflow/example_dags/example_latest_only.py took 0.057 seconds
[2024-12-07T09:18:17.166+0000] {processor.py:186} INFO - Started process (PID=587) to work on /home/airflow/.local/lib/python3.12/site-packages/airflow/example_dags/example_latest_only.py
[2024-12-07T09:18:17.167+0000] {processor.py:914} INFO - Processing file /home/airflow/.local/lib/python3.12/site-packages/airflow/example_dags/example_latest_only.py for tasks to queue
[2024-12-07T09:18:17.168+0000] {logging_mixin.py:190} INFO - [2024-12-07T09:18:17.168+0000] {dagbag.py:588} INFO - Filling up the DagBag from /home/airflow/.local/lib/python3.12/site-packages/airflow/example_dags/example_latest_only.py
[2024-12-07T09:18:17.174+0000] {processor.py:925} INFO - DAG(s) 'latest_only' retrieved from /home/airflow/.local/lib/python3.12/site-packages/airflow/example_dags/example_latest_only.py
[2024-12-07T09:18:17.188+0000] {logging_mixin.py:190} INFO - [2024-12-07T09:18:17.188+0000] {dag.py:3239} INFO - Sync 1 DAGs
[2024-12-07T09:18:17.205+0000] {logging_mixin.py:190} INFO - [2024-12-07T09:18:17.205+0000] {dag.py:4180} INFO - Setting next_dagrun for latest_only to 2024-12-07 04:00:00+00:00, run_after=2024-12-07 08:00:00+00:00
[2024-12-07T09:18:17.217+0000] {processor.py:208} INFO - Processing /home/airflow/.local/lib/python3.12/site-packages/airflow/example_dags/example_latest_only.py took 0.055 seconds
[2024-12-07T09:18:47.660+0000] {processor.py:186} INFO - Started process (PID=650) to work on /home/airflow/.local/lib/python3.12/site-packages/airflow/example_dags/example_latest_only.py
[2024-12-07T09:18:47.661+0000] {processor.py:914} INFO - Processing file /home/airflow/.local/lib/python3.12/site-packages/airflow/example_dags/example_latest_only.py for tasks to queue
[2024-12-07T09:18:47.663+0000] {logging_mixin.py:190} INFO - [2024-12-07T09:18:47.663+0000] {dagbag.py:588} INFO - Filling up the DagBag from /home/airflow/.local/lib/python3.12/site-packages/airflow/example_dags/example_latest_only.py
[2024-12-07T09:18:47.668+0000] {processor.py:925} INFO - DAG(s) 'latest_only' retrieved from /home/airflow/.local/lib/python3.12/site-packages/airflow/example_dags/example_latest_only.py
[2024-12-07T09:18:47.684+0000] {logging_mixin.py:190} INFO - [2024-12-07T09:18:47.684+0000] {dag.py:3239} INFO - Sync 1 DAGs
[2024-12-07T09:18:47.702+0000] {logging_mixin.py:190} INFO - [2024-12-07T09:18:47.702+0000] {dag.py:4180} INFO - Setting next_dagrun for latest_only to 2024-12-07 04:00:00+00:00, run_after=2024-12-07 08:00:00+00:00
[2024-12-07T09:18:47.714+0000] {processor.py:208} INFO - Processing /home/airflow/.local/lib/python3.12/site-packages/airflow/example_dags/example_latest_only.py took 0.057 seconds
[2024-12-07T09:19:18.580+0000] {processor.py:186} INFO - Started process (PID=715) to work on /home/airflow/.local/lib/python3.12/site-packages/airflow/example_dags/example_latest_only.py
[2024-12-07T09:19:18.580+0000] {processor.py:914} INFO - Processing file /home/airflow/.local/lib/python3.12/site-packages/airflow/example_dags/example_latest_only.py for tasks to queue
[2024-12-07T09:19:18.582+0000] {logging_mixin.py:190} INFO - [2024-12-07T09:19:18.581+0000] {dagbag.py:588} INFO - Filling up the DagBag from /home/airflow/.local/lib/python3.12/site-packages/airflow/example_dags/example_latest_only.py
[2024-12-07T09:19:18.587+0000] {processor.py:925} INFO - DAG(s) 'latest_only' retrieved from /home/airflow/.local/lib/python3.12/site-packages/airflow/example_dags/example_latest_only.py
[2024-12-07T09:19:18.604+0000] {logging_mixin.py:190} INFO - [2024-12-07T09:19:18.604+0000] {dag.py:3239} INFO - Sync 1 DAGs
[2024-12-07T09:19:18.624+0000] {logging_mixin.py:190} INFO - [2024-12-07T09:19:18.623+0000] {dag.py:4180} INFO - Setting next_dagrun for latest_only to 2024-12-07 04:00:00+00:00, run_after=2024-12-07 08:00:00+00:00
[2024-12-07T09:19:18.636+0000] {processor.py:208} INFO - Processing /home/airflow/.local/lib/python3.12/site-packages/airflow/example_dags/example_latest_only.py took 0.061 seconds
[2024-12-07T09:19:49.172+0000] {processor.py:186} INFO - Started process (PID=779) to work on /home/airflow/.local/lib/python3.12/site-packages/airflow/example_dags/example_latest_only.py
[2024-12-07T09:19:49.173+0000] {processor.py:914} INFO - Processing file /home/airflow/.local/lib/python3.12/site-packages/airflow/example_dags/example_latest_only.py for tasks to queue
[2024-12-07T09:19:49.174+0000] {logging_mixin.py:190} INFO - [2024-12-07T09:19:49.174+0000] {dagbag.py:588} INFO - Filling up the DagBag from /home/airflow/.local/lib/python3.12/site-packages/airflow/example_dags/example_latest_only.py
[2024-12-07T09:19:49.180+0000] {processor.py:925} INFO - DAG(s) 'latest_only' retrieved from /home/airflow/.local/lib/python3.12/site-packages/airflow/example_dags/example_latest_only.py
[2024-12-07T09:19:49.196+0000] {logging_mixin.py:190} INFO - [2024-12-07T09:19:49.196+0000] {dag.py:3239} INFO - Sync 1 DAGs
[2024-12-07T09:19:49.214+0000] {logging_mixin.py:190} INFO - [2024-12-07T09:19:49.214+0000] {dag.py:4180} INFO - Setting next_dagrun for latest_only to 2024-12-07 04:00:00+00:00, run_after=2024-12-07 08:00:00+00:00
[2024-12-07T09:19:49.226+0000] {processor.py:208} INFO - Processing /home/airflow/.local/lib/python3.12/site-packages/airflow/example_dags/example_latest_only.py took 0.058 seconds
[2024-12-07T09:20:19.599+0000] {processor.py:186} INFO - Started process (PID=844) to work on /home/airflow/.local/lib/python3.12/site-packages/airflow/example_dags/example_latest_only.py
[2024-12-07T09:20:19.599+0000] {processor.py:914} INFO - Processing file /home/airflow/.local/lib/python3.12/site-packages/airflow/example_dags/example_latest_only.py for tasks to queue
[2024-12-07T09:20:19.601+0000] {logging_mixin.py:190} INFO - [2024-12-07T09:20:19.601+0000] {dagbag.py:588} INFO - Filling up the DagBag from /home/airflow/.local/lib/python3.12/site-packages/airflow/example_dags/example_latest_only.py
[2024-12-07T09:20:19.607+0000] {processor.py:925} INFO - DAG(s) 'latest_only' retrieved from /home/airflow/.local/lib/python3.12/site-packages/airflow/example_dags/example_latest_only.py
[2024-12-07T09:20:19.624+0000] {logging_mixin.py:190} INFO - [2024-12-07T09:20:19.624+0000] {dag.py:3239} INFO - Sync 1 DAGs
[2024-12-07T09:20:19.642+0000] {logging_mixin.py:190} INFO - [2024-12-07T09:20:19.642+0000] {dag.py:4180} INFO - Setting next_dagrun for latest_only to 2024-12-07 04:00:00+00:00, run_after=2024-12-07 08:00:00+00:00
[2024-12-07T09:20:19.654+0000] {processor.py:208} INFO - Processing /home/airflow/.local/lib/python3.12/site-packages/airflow/example_dags/example_latest_only.py took 0.060 seconds
[2024-12-07T09:20:49.698+0000] {processor.py:186} INFO - Started process (PID=908) to work on /home/airflow/.local/lib/python3.12/site-packages/airflow/example_dags/example_latest_only.py
[2024-12-07T09:20:49.698+0000] {processor.py:914} INFO - Processing file /home/airflow/.local/lib/python3.12/site-packages/airflow/example_dags/example_latest_only.py for tasks to queue
[2024-12-07T09:20:49.700+0000] {logging_mixin.py:190} INFO - [2024-12-07T09:20:49.700+0000] {dagbag.py:588} INFO - Filling up the DagBag from /home/airflow/.local/lib/python3.12/site-packages/airflow/example_dags/example_latest_only.py
[2024-12-07T09:20:49.706+0000] {processor.py:925} INFO - DAG(s) 'latest_only' retrieved from /home/airflow/.local/lib/python3.12/site-packages/airflow/example_dags/example_latest_only.py
[2024-12-07T09:20:49.723+0000] {logging_mixin.py:190} INFO - [2024-12-07T09:20:49.723+0000] {dag.py:3239} INFO - Sync 1 DAGs
[2024-12-07T09:20:49.742+0000] {logging_mixin.py:190} INFO - [2024-12-07T09:20:49.741+0000] {dag.py:4180} INFO - Setting next_dagrun for latest_only to 2024-12-07 04:00:00+00:00, run_after=2024-12-07 08:00:00+00:00
[2024-12-07T09:20:49.754+0000] {processor.py:208} INFO - Processing /home/airflow/.local/lib/python3.12/site-packages/airflow/example_dags/example_latest_only.py took 0.060 seconds
[2024-12-07T09:21:19.881+0000] {processor.py:186} INFO - Started process (PID=972) to work on /home/airflow/.local/lib/python3.12/site-packages/airflow/example_dags/example_latest_only.py
[2024-12-07T09:21:19.881+0000] {processor.py:914} INFO - Processing file /home/airflow/.local/lib/python3.12/site-packages/airflow/example_dags/example_latest_only.py for tasks to queue
[2024-12-07T09:21:19.883+0000] {logging_mixin.py:190} INFO - [2024-12-07T09:21:19.883+0000] {dagbag.py:588} INFO - Filling up the DagBag from /home/airflow/.local/lib/python3.12/site-packages/airflow/example_dags/example_latest_only.py
[2024-12-07T09:21:19.888+0000] {processor.py:925} INFO - DAG(s) 'latest_only' retrieved from /home/airflow/.local/lib/python3.12/site-packages/airflow/example_dags/example_latest_only.py
[2024-12-07T09:21:19.905+0000] {logging_mixin.py:190} INFO - [2024-12-07T09:21:19.905+0000] {dag.py:3239} INFO - Sync 1 DAGs
[2024-12-07T09:21:19.926+0000] {logging_mixin.py:190} INFO - [2024-12-07T09:21:19.926+0000] {dag.py:4180} INFO - Setting next_dagrun for latest_only to 2024-12-07 04:00:00+00:00, run_after=2024-12-07 08:00:00+00:00
[2024-12-07T09:21:19.939+0000] {processor.py:208} INFO - Processing /home/airflow/.local/lib/python3.12/site-packages/airflow/example_dags/example_latest_only.py took 0.062 seconds
[2024-12-07T09:21:50.213+0000] {processor.py:186} INFO - Started process (PID=1036) to work on /home/airflow/.local/lib/python3.12/site-packages/airflow/example_dags/example_latest_only.py
[2024-12-07T09:21:50.214+0000] {processor.py:914} INFO - Processing file /home/airflow/.local/lib/python3.12/site-packages/airflow/example_dags/example_latest_only.py for tasks to queue
[2024-12-07T09:21:50.216+0000] {logging_mixin.py:190} INFO - [2024-12-07T09:21:50.215+0000] {dagbag.py:588} INFO - Filling up the DagBag from /home/airflow/.local/lib/python3.12/site-packages/airflow/example_dags/example_latest_only.py
[2024-12-07T09:21:50.223+0000] {processor.py:925} INFO - DAG(s) 'latest_only' retrieved from /home/airflow/.local/lib/python3.12/site-packages/airflow/example_dags/example_latest_only.py
[2024-12-07T09:21:50.238+0000] {logging_mixin.py:190} INFO - [2024-12-07T09:21:50.237+0000] {dag.py:3239} INFO - Sync 1 DAGs
[2024-12-07T09:21:50.255+0000] {logging_mixin.py:190} INFO - [2024-12-07T09:21:50.255+0000] {dag.py:4180} INFO - Setting next_dagrun for latest_only to 2024-12-07 04:00:00+00:00, run_after=2024-12-07 08:00:00+00:00
[2024-12-07T09:21:50.267+0000] {processor.py:208} INFO - Processing /home/airflow/.local/lib/python3.12/site-packages/airflow/example_dags/example_latest_only.py took 0.060 seconds
[2024-12-07T09:22:21.144+0000] {processor.py:186} INFO - Started process (PID=1100) to work on /home/airflow/.local/lib/python3.12/site-packages/airflow/example_dags/example_latest_only.py
[2024-12-07T09:22:21.145+0000] {processor.py:914} INFO - Processing file /home/airflow/.local/lib/python3.12/site-packages/airflow/example_dags/example_latest_only.py for tasks to queue
[2024-12-07T09:22:21.146+0000] {logging_mixin.py:190} INFO - [2024-12-07T09:22:21.146+0000] {dagbag.py:588} INFO - Filling up the DagBag from /home/airflow/.local/lib/python3.12/site-packages/airflow/example_dags/example_latest_only.py
[2024-12-07T09:22:21.151+0000] {processor.py:925} INFO - DAG(s) 'latest_only' retrieved from /home/airflow/.local/lib/python3.12/site-packages/airflow/example_dags/example_latest_only.py
[2024-12-07T09:22:21.167+0000] {logging_mixin.py:190} INFO - [2024-12-07T09:22:21.167+0000] {dag.py:3239} INFO - Sync 1 DAGs
[2024-12-07T09:22:21.184+0000] {logging_mixin.py:190} INFO - [2024-12-07T09:22:21.184+0000] {dag.py:4180} INFO - Setting next_dagrun for latest_only to 2024-12-07 04:00:00+00:00, run_after=2024-12-07 08:00:00+00:00
[2024-12-07T09:22:21.198+0000] {processor.py:208} INFO - Processing /home/airflow/.local/lib/python3.12/site-packages/airflow/example_dags/example_latest_only.py took 0.059 seconds
[2024-12-07T09:22:51.606+0000] {processor.py:186} INFO - Started process (PID=1164) to work on /home/airflow/.local/lib/python3.12/site-packages/airflow/example_dags/example_latest_only.py
[2024-12-07T09:22:51.606+0000] {processor.py:914} INFO - Processing file /home/airflow/.local/lib/python3.12/site-packages/airflow/example_dags/example_latest_only.py for tasks to queue
[2024-12-07T09:22:51.608+0000] {logging_mixin.py:190} INFO - [2024-12-07T09:22:51.608+0000] {dagbag.py:588} INFO - Filling up the DagBag from /home/airflow/.local/lib/python3.12/site-packages/airflow/example_dags/example_latest_only.py
[2024-12-07T09:22:51.614+0000] {processor.py:925} INFO - DAG(s) 'latest_only' retrieved from /home/airflow/.local/lib/python3.12/site-packages/airflow/example_dags/example_latest_only.py
[2024-12-07T09:22:51.631+0000] {logging_mixin.py:190} INFO - [2024-12-07T09:22:51.631+0000] {dag.py:3239} INFO - Sync 1 DAGs
[2024-12-07T09:22:51.650+0000] {logging_mixin.py:190} INFO - [2024-12-07T09:22:51.650+0000] {dag.py:4180} INFO - Setting next_dagrun for latest_only to 2024-12-07 04:00:00+00:00, run_after=2024-12-07 08:00:00+00:00
[2024-12-07T09:22:51.662+0000] {processor.py:208} INFO - Processing /home/airflow/.local/lib/python3.12/site-packages/airflow/example_dags/example_latest_only.py took 0.060 seconds
[2024-12-07T09:23:21.784+0000] {processor.py:186} INFO - Started process (PID=1228) to work on /home/airflow/.local/lib/python3.12/site-packages/airflow/example_dags/example_latest_only.py
[2024-12-07T09:23:21.785+0000] {processor.py:914} INFO - Processing file /home/airflow/.local/lib/python3.12/site-packages/airflow/example_dags/example_latest_only.py for tasks to queue
[2024-12-07T09:23:21.786+0000] {logging_mixin.py:190} INFO - [2024-12-07T09:23:21.786+0000] {dagbag.py:588} INFO - Filling up the DagBag from /home/airflow/.local/lib/python3.12/site-packages/airflow/example_dags/example_latest_only.py
[2024-12-07T09:23:21.792+0000] {processor.py:925} INFO - DAG(s) 'latest_only' retrieved from /home/airflow/.local/lib/python3.12/site-packages/airflow/example_dags/example_latest_only.py
[2024-12-07T09:23:21.807+0000] {logging_mixin.py:190} INFO - [2024-12-07T09:23:21.807+0000] {dag.py:3239} INFO - Sync 1 DAGs
[2024-12-07T09:23:21.825+0000] {logging_mixin.py:190} INFO - [2024-12-07T09:23:21.825+0000] {dag.py:4180} INFO - Setting next_dagrun for latest_only to 2024-12-07 04:00:00+00:00, run_after=2024-12-07 08:00:00+00:00
[2024-12-07T09:23:21.839+0000] {processor.py:208} INFO - Processing /home/airflow/.local/lib/python3.12/site-packages/airflow/example_dags/example_latest_only.py took 0.059 seconds
[2024-12-07T09:23:52.038+0000] {processor.py:186} INFO - Started process (PID=1292) to work on /home/airflow/.local/lib/python3.12/site-packages/airflow/example_dags/example_latest_only.py
[2024-12-07T09:23:52.039+0000] {processor.py:914} INFO - Processing file /home/airflow/.local/lib/python3.12/site-packages/airflow/example_dags/example_latest_only.py for tasks to queue
[2024-12-07T09:23:52.040+0000] {logging_mixin.py:190} INFO - [2024-12-07T09:23:52.040+0000] {dagbag.py:588} INFO - Filling up the DagBag from /home/airflow/.local/lib/python3.12/site-packages/airflow/example_dags/example_latest_only.py
[2024-12-07T09:23:52.045+0000] {processor.py:925} INFO - DAG(s) 'latest_only' retrieved from /home/airflow/.local/lib/python3.12/site-packages/airflow/example_dags/example_latest_only.py
[2024-12-07T09:23:52.059+0000] {logging_mixin.py:190} INFO - [2024-12-07T09:23:52.059+0000] {dag.py:3239} INFO - Sync 1 DAGs
[2024-12-07T09:23:52.076+0000] {logging_mixin.py:190} INFO - [2024-12-07T09:23:52.076+0000] {dag.py:4180} INFO - Setting next_dagrun for latest_only to 2024-12-07 04:00:00+00:00, run_after=2024-12-07 08:00:00+00:00
[2024-12-07T09:23:52.088+0000] {processor.py:208} INFO - Processing /home/airflow/.local/lib/python3.12/site-packages/airflow/example_dags/example_latest_only.py took 0.055 seconds
[2024-12-07T09:24:22.402+0000] {processor.py:186} INFO - Started process (PID=1356) to work on /home/airflow/.local/lib/python3.12/site-packages/airflow/example_dags/example_latest_only.py
[2024-12-07T09:24:22.403+0000] {processor.py:914} INFO - Processing file /home/airflow/.local/lib/python3.12/site-packages/airflow/example_dags/example_latest_only.py for tasks to queue
[2024-12-07T09:24:22.404+0000] {logging_mixin.py:190} INFO - [2024-12-07T09:24:22.404+0000] {dagbag.py:588} INFO - Filling up the DagBag from /home/airflow/.local/lib/python3.12/site-packages/airflow/example_dags/example_latest_only.py
[2024-12-07T09:24:22.409+0000] {processor.py:925} INFO - DAG(s) 'latest_only' retrieved from /home/airflow/.local/lib/python3.12/site-packages/airflow/example_dags/example_latest_only.py
[2024-12-07T09:24:22.424+0000] {logging_mixin.py:190} INFO - [2024-12-07T09:24:22.424+0000] {dag.py:3239} INFO - Sync 1 DAGs
[2024-12-07T09:24:22.447+0000] {logging_mixin.py:190} INFO - [2024-12-07T09:24:22.447+0000] {dag.py:4180} INFO - Setting next_dagrun for latest_only to 2024-12-07 04:00:00+00:00, run_after=2024-12-07 08:00:00+00:00
[2024-12-07T09:24:22.463+0000] {processor.py:208} INFO - Processing /home/airflow/.local/lib/python3.12/site-packages/airflow/example_dags/example_latest_only.py took 0.065 seconds
[2024-12-07T09:24:52.524+0000] {processor.py:186} INFO - Started process (PID=1420) to work on /home/airflow/.local/lib/python3.12/site-packages/airflow/example_dags/example_latest_only.py
[2024-12-07T09:24:52.524+0000] {processor.py:914} INFO - Processing file /home/airflow/.local/lib/python3.12/site-packages/airflow/example_dags/example_latest_only.py for tasks to queue
[2024-12-07T09:24:52.526+0000] {logging_mixin.py:190} INFO - [2024-12-07T09:24:52.525+0000] {dagbag.py:588} INFO - Filling up the DagBag from /home/airflow/.local/lib/python3.12/site-packages/airflow/example_dags/example_latest_only.py
[2024-12-07T09:24:52.531+0000] {processor.py:925} INFO - DAG(s) 'latest_only' retrieved from /home/airflow/.local/lib/python3.12/site-packages/airflow/example_dags/example_latest_only.py
[2024-12-07T09:24:52.545+0000] {logging_mixin.py:190} INFO - [2024-12-07T09:24:52.545+0000] {dag.py:3239} INFO - Sync 1 DAGs
[2024-12-07T09:24:52.562+0000] {logging_mixin.py:190} INFO - [2024-12-07T09:24:52.562+0000] {dag.py:4180} INFO - Setting next_dagrun for latest_only to 2024-12-07 04:00:00+00:00, run_after=2024-12-07 08:00:00+00:00
[2024-12-07T09:24:52.574+0000] {processor.py:208} INFO - Processing /home/airflow/.local/lib/python3.12/site-packages/airflow/example_dags/example_latest_only.py took 0.054 seconds
[2024-12-07T09:25:23.145+0000] {processor.py:186} INFO - Started process (PID=1484) to work on /home/airflow/.local/lib/python3.12/site-packages/airflow/example_dags/example_latest_only.py
[2024-12-07T09:25:23.146+0000] {processor.py:914} INFO - Processing file /home/airflow/.local/lib/python3.12/site-packages/airflow/example_dags/example_latest_only.py for tasks to queue
[2024-12-07T09:25:23.147+0000] {logging_mixin.py:190} INFO - [2024-12-07T09:25:23.147+0000] {dagbag.py:588} INFO - Filling up the DagBag from /home/airflow/.local/lib/python3.12/site-packages/airflow/example_dags/example_latest_only.py
[2024-12-07T09:25:23.153+0000] {processor.py:925} INFO - DAG(s) 'latest_only' retrieved from /home/airflow/.local/lib/python3.12/site-packages/airflow/example_dags/example_latest_only.py
[2024-12-07T09:25:23.167+0000] {logging_mixin.py:190} INFO - [2024-12-07T09:25:23.167+0000] {dag.py:3239} INFO - Sync 1 DAGs
[2024-12-07T09:25:23.184+0000] {logging_mixin.py:190} INFO - [2024-12-07T09:25:23.184+0000] {dag.py:4180} INFO - Setting next_dagrun for latest_only to 2024-12-07 04:00:00+00:00, run_after=2024-12-07 08:00:00+00:00
[2024-12-07T09:25:23.195+0000] {processor.py:208} INFO - Processing /home/airflow/.local/lib/python3.12/site-packages/airflow/example_dags/example_latest_only.py took 0.055 seconds
[2024-12-07T09:25:53.549+0000] {processor.py:186} INFO - Started process (PID=1548) to work on /home/airflow/.local/lib/python3.12/site-packages/airflow/example_dags/example_latest_only.py
[2024-12-07T09:25:53.550+0000] {processor.py:914} INFO - Processing file /home/airflow/.local/lib/python3.12/site-packages/airflow/example_dags/example_latest_only.py for tasks to queue
[2024-12-07T09:25:53.551+0000] {logging_mixin.py:190} INFO - [2024-12-07T09:25:53.551+0000] {dagbag.py:588} INFO - Filling up the DagBag from /home/airflow/.local/lib/python3.12/site-packages/airflow/example_dags/example_latest_only.py
[2024-12-07T09:25:53.557+0000] {processor.py:925} INFO - DAG(s) 'latest_only' retrieved from /home/airflow/.local/lib/python3.12/site-packages/airflow/example_dags/example_latest_only.py
[2024-12-07T09:25:53.571+0000] {logging_mixin.py:190} INFO - [2024-12-07T09:25:53.571+0000] {dag.py:3239} INFO - Sync 1 DAGs
[2024-12-07T09:25:53.588+0000] {logging_mixin.py:190} INFO - [2024-12-07T09:25:53.588+0000] {dag.py:4180} INFO - Setting next_dagrun for latest_only to 2024-12-07 04:00:00+00:00, run_after=2024-12-07 08:00:00+00:00
[2024-12-07T09:25:53.600+0000] {processor.py:208} INFO - Processing /home/airflow/.local/lib/python3.12/site-packages/airflow/example_dags/example_latest_only.py took 0.055 seconds
