[2024-12-07T09:14:16.296+0000] {processor.py:186} INFO - Started process (PID=88) to work on /home/airflow/.local/lib/python3.12/site-packages/airflow/example_dags/example_xcom.py
[2024-12-07T09:14:16.296+0000] {processor.py:914} INFO - Processing file /home/airflow/.local/lib/python3.12/site-packages/airflow/example_dags/example_xcom.py for tasks to queue
[2024-12-07T09:14:16.299+0000] {logging_mixin.py:190} INFO - [2024-12-07T09:14:16.299+0000] {dagbag.py:588} INFO - Filling up the DagBag from /home/airflow/.local/lib/python3.12/site-packages/airflow/example_dags/example_xcom.py
[2024-12-07T09:14:16.311+0000] {processor.py:925} INFO - DAG(s) 'example_xcom' retrieved from /home/airflow/.local/lib/python3.12/site-packages/airflow/example_dags/example_xcom.py
[2024-12-07T09:14:16.527+0000] {logging_mixin.py:190} INFO - [2024-12-07T09:14:16.526+0000] {override.py:1911} INFO - Created Permission View: can edit on DAG:example_xcom
[2024-12-07T09:14:16.535+0000] {logging_mixin.py:190} INFO - [2024-12-07T09:14:16.535+0000] {override.py:1911} INFO - Created Permission View: can delete on DAG:example_xcom
[2024-12-07T09:14:16.540+0000] {logging_mixin.py:190} INFO - [2024-12-07T09:14:16.539+0000] {override.py:1911} INFO - Created Permission View: can read on DAG:example_xcom
[2024-12-07T09:14:16.546+0000] {logging_mixin.py:190} INFO - [2024-12-07T09:14:16.546+0000] {override.py:1911} INFO - Created Permission View: can create on DAG Run:example_xcom
[2024-12-07T09:14:16.555+0000] {logging_mixin.py:190} INFO - [2024-12-07T09:14:16.555+0000] {override.py:1911} INFO - Created Permission View: menu access on DAG Run:example_xcom
[2024-12-07T09:14:16.560+0000] {logging_mixin.py:190} INFO - [2024-12-07T09:14:16.560+0000] {override.py:1911} INFO - Created Permission View: can delete on DAG Run:example_xcom
[2024-12-07T09:14:16.565+0000] {logging_mixin.py:190} INFO - [2024-12-07T09:14:16.565+0000] {override.py:1911} INFO - Created Permission View: can read on DAG Run:example_xcom
[2024-12-07T09:14:16.566+0000] {logging_mixin.py:190} INFO - [2024-12-07T09:14:16.565+0000] {dag.py:3239} INFO - Sync 1 DAGs
[2024-12-07T09:14:16.577+0000] {logging_mixin.py:190} INFO - [2024-12-07T09:14:16.577+0000] {dag.py:3262} INFO - Creating ORM DAG for example_xcom
[2024-12-07T09:14:16.585+0000] {logging_mixin.py:190} INFO - [2024-12-07T09:14:16.585+0000] {dag.py:4180} INFO - Setting next_dagrun for example_xcom to 2021-01-01 00:00:00+00:00, run_after=2021-01-01 00:00:00+00:00
[2024-12-07T09:14:16.612+0000] {processor.py:208} INFO - Processing /home/airflow/.local/lib/python3.12/site-packages/airflow/example_dags/example_xcom.py took 0.323 seconds
[2024-12-07T09:14:46.862+0000] {processor.py:186} INFO - Started process (PID=151) to work on /home/airflow/.local/lib/python3.12/site-packages/airflow/example_dags/example_xcom.py
[2024-12-07T09:14:46.862+0000] {processor.py:914} INFO - Processing file /home/airflow/.local/lib/python3.12/site-packages/airflow/example_dags/example_xcom.py for tasks to queue
[2024-12-07T09:14:46.864+0000] {logging_mixin.py:190} INFO - [2024-12-07T09:14:46.863+0000] {dagbag.py:588} INFO - Filling up the DagBag from /home/airflow/.local/lib/python3.12/site-packages/airflow/example_dags/example_xcom.py
[2024-12-07T09:14:46.871+0000] {processor.py:925} INFO - DAG(s) 'example_xcom' retrieved from /home/airflow/.local/lib/python3.12/site-packages/airflow/example_dags/example_xcom.py
[2024-12-07T09:14:46.886+0000] {logging_mixin.py:190} INFO - [2024-12-07T09:14:46.886+0000] {dag.py:3239} INFO - Sync 1 DAGs
[2024-12-07T09:14:46.903+0000] {logging_mixin.py:190} INFO - [2024-12-07T09:14:46.902+0000] {dag.py:4180} INFO - Setting next_dagrun for example_xcom to 2021-01-01 00:00:00+00:00, run_after=2021-01-01 00:00:00+00:00
[2024-12-07T09:14:46.915+0000] {processor.py:208} INFO - Processing /home/airflow/.local/lib/python3.12/site-packages/airflow/example_dags/example_xcom.py took 0.057 seconds
[2024-12-07T09:15:16.967+0000] {processor.py:186} INFO - Started process (PID=214) to work on /home/airflow/.local/lib/python3.12/site-packages/airflow/example_dags/example_xcom.py
[2024-12-07T09:15:16.968+0000] {processor.py:914} INFO - Processing file /home/airflow/.local/lib/python3.12/site-packages/airflow/example_dags/example_xcom.py for tasks to queue
[2024-12-07T09:15:16.970+0000] {logging_mixin.py:190} INFO - [2024-12-07T09:15:16.970+0000] {dagbag.py:588} INFO - Filling up the DagBag from /home/airflow/.local/lib/python3.12/site-packages/airflow/example_dags/example_xcom.py
[2024-12-07T09:15:16.980+0000] {processor.py:925} INFO - DAG(s) 'example_xcom' retrieved from /home/airflow/.local/lib/python3.12/site-packages/airflow/example_dags/example_xcom.py
[2024-12-07T09:15:17.003+0000] {logging_mixin.py:190} INFO - [2024-12-07T09:15:17.002+0000] {dag.py:3239} INFO - Sync 1 DAGs
[2024-12-07T09:15:17.027+0000] {logging_mixin.py:190} INFO - [2024-12-07T09:15:17.026+0000] {dag.py:4180} INFO - Setting next_dagrun for example_xcom to 2021-01-01 00:00:00+00:00, run_after=2021-01-01 00:00:00+00:00
[2024-12-07T09:15:17.043+0000] {processor.py:208} INFO - Processing /home/airflow/.local/lib/python3.12/site-packages/airflow/example_dags/example_xcom.py took 0.082 seconds
[2024-12-07T09:15:47.206+0000] {processor.py:186} INFO - Started process (PID=277) to work on /home/airflow/.local/lib/python3.12/site-packages/airflow/example_dags/example_xcom.py
[2024-12-07T09:15:47.206+0000] {processor.py:914} INFO - Processing file /home/airflow/.local/lib/python3.12/site-packages/airflow/example_dags/example_xcom.py for tasks to queue
[2024-12-07T09:15:47.208+0000] {logging_mixin.py:190} INFO - [2024-12-07T09:15:47.208+0000] {dagbag.py:588} INFO - Filling up the DagBag from /home/airflow/.local/lib/python3.12/site-packages/airflow/example_dags/example_xcom.py
[2024-12-07T09:15:47.215+0000] {processor.py:925} INFO - DAG(s) 'example_xcom' retrieved from /home/airflow/.local/lib/python3.12/site-packages/airflow/example_dags/example_xcom.py
[2024-12-07T09:15:47.232+0000] {logging_mixin.py:190} INFO - [2024-12-07T09:15:47.232+0000] {dag.py:3239} INFO - Sync 1 DAGs
[2024-12-07T09:15:47.249+0000] {logging_mixin.py:190} INFO - [2024-12-07T09:15:47.249+0000] {dag.py:4180} INFO - Setting next_dagrun for example_xcom to 2021-01-01 00:00:00+00:00, run_after=2021-01-01 00:00:00+00:00
[2024-12-07T09:15:47.261+0000] {processor.py:208} INFO - Processing /home/airflow/.local/lib/python3.12/site-packages/airflow/example_dags/example_xcom.py took 0.060 seconds
[2024-12-07T09:16:18.122+0000] {processor.py:186} INFO - Started process (PID=340) to work on /home/airflow/.local/lib/python3.12/site-packages/airflow/example_dags/example_xcom.py
[2024-12-07T09:16:18.123+0000] {processor.py:914} INFO - Processing file /home/airflow/.local/lib/python3.12/site-packages/airflow/example_dags/example_xcom.py for tasks to queue
[2024-12-07T09:16:18.125+0000] {logging_mixin.py:190} INFO - [2024-12-07T09:16:18.124+0000] {dagbag.py:588} INFO - Filling up the DagBag from /home/airflow/.local/lib/python3.12/site-packages/airflow/example_dags/example_xcom.py
[2024-12-07T09:16:18.134+0000] {processor.py:925} INFO - DAG(s) 'example_xcom' retrieved from /home/airflow/.local/lib/python3.12/site-packages/airflow/example_dags/example_xcom.py
[2024-12-07T09:16:18.154+0000] {logging_mixin.py:190} INFO - [2024-12-07T09:16:18.154+0000] {dag.py:3239} INFO - Sync 1 DAGs
[2024-12-07T09:16:18.177+0000] {logging_mixin.py:190} INFO - [2024-12-07T09:16:18.177+0000] {dag.py:4180} INFO - Setting next_dagrun for example_xcom to 2021-01-01 00:00:00+00:00, run_after=2021-01-01 00:00:00+00:00
[2024-12-07T09:16:18.191+0000] {processor.py:208} INFO - Processing /home/airflow/.local/lib/python3.12/site-packages/airflow/example_dags/example_xcom.py took 0.075 seconds
[2024-12-07T09:16:48.419+0000] {processor.py:186} INFO - Started process (PID=404) to work on /home/airflow/.local/lib/python3.12/site-packages/airflow/example_dags/example_xcom.py
[2024-12-07T09:16:48.420+0000] {processor.py:914} INFO - Processing file /home/airflow/.local/lib/python3.12/site-packages/airflow/example_dags/example_xcom.py for tasks to queue
[2024-12-07T09:16:48.422+0000] {logging_mixin.py:190} INFO - [2024-12-07T09:16:48.422+0000] {dagbag.py:588} INFO - Filling up the DagBag from /home/airflow/.local/lib/python3.12/site-packages/airflow/example_dags/example_xcom.py
[2024-12-07T09:16:48.429+0000] {processor.py:925} INFO - DAG(s) 'example_xcom' retrieved from /home/airflow/.local/lib/python3.12/site-packages/airflow/example_dags/example_xcom.py
[2024-12-07T09:16:48.445+0000] {logging_mixin.py:190} INFO - [2024-12-07T09:16:48.445+0000] {dag.py:3239} INFO - Sync 1 DAGs
[2024-12-07T09:16:48.470+0000] {logging_mixin.py:190} INFO - [2024-12-07T09:16:48.470+0000] {dag.py:4180} INFO - Setting next_dagrun for example_xcom to 2021-01-01 00:00:00+00:00, run_after=2021-01-01 00:00:00+00:00
[2024-12-07T09:16:48.486+0000] {processor.py:208} INFO - Processing /home/airflow/.local/lib/python3.12/site-packages/airflow/example_dags/example_xcom.py took 0.072 seconds
[2024-12-07T09:17:18.849+0000] {processor.py:186} INFO - Started process (PID=467) to work on /home/airflow/.local/lib/python3.12/site-packages/airflow/example_dags/example_xcom.py
[2024-12-07T09:17:18.849+0000] {processor.py:914} INFO - Processing file /home/airflow/.local/lib/python3.12/site-packages/airflow/example_dags/example_xcom.py for tasks to queue
[2024-12-07T09:17:18.851+0000] {logging_mixin.py:190} INFO - [2024-12-07T09:17:18.851+0000] {dagbag.py:588} INFO - Filling up the DagBag from /home/airflow/.local/lib/python3.12/site-packages/airflow/example_dags/example_xcom.py
[2024-12-07T09:17:18.858+0000] {processor.py:925} INFO - DAG(s) 'example_xcom' retrieved from /home/airflow/.local/lib/python3.12/site-packages/airflow/example_dags/example_xcom.py
[2024-12-07T09:17:18.876+0000] {logging_mixin.py:190} INFO - [2024-12-07T09:17:18.875+0000] {dag.py:3239} INFO - Sync 1 DAGs
[2024-12-07T09:17:18.894+0000] {logging_mixin.py:190} INFO - [2024-12-07T09:17:18.894+0000] {dag.py:4180} INFO - Setting next_dagrun for example_xcom to 2021-01-01 00:00:00+00:00, run_after=2021-01-01 00:00:00+00:00
[2024-12-07T09:17:18.907+0000] {processor.py:208} INFO - Processing /home/airflow/.local/lib/python3.12/site-packages/airflow/example_dags/example_xcom.py took 0.062 seconds
[2024-12-07T09:17:49.171+0000] {processor.py:186} INFO - Started process (PID=531) to work on /home/airflow/.local/lib/python3.12/site-packages/airflow/example_dags/example_xcom.py
[2024-12-07T09:17:49.171+0000] {processor.py:914} INFO - Processing file /home/airflow/.local/lib/python3.12/site-packages/airflow/example_dags/example_xcom.py for tasks to queue
[2024-12-07T09:17:49.173+0000] {logging_mixin.py:190} INFO - [2024-12-07T09:17:49.173+0000] {dagbag.py:588} INFO - Filling up the DagBag from /home/airflow/.local/lib/python3.12/site-packages/airflow/example_dags/example_xcom.py
[2024-12-07T09:17:49.180+0000] {processor.py:925} INFO - DAG(s) 'example_xcom' retrieved from /home/airflow/.local/lib/python3.12/site-packages/airflow/example_dags/example_xcom.py
[2024-12-07T09:17:49.197+0000] {logging_mixin.py:190} INFO - [2024-12-07T09:17:49.197+0000] {dag.py:3239} INFO - Sync 1 DAGs
[2024-12-07T09:17:49.220+0000] {logging_mixin.py:190} INFO - [2024-12-07T09:17:49.219+0000] {dag.py:4180} INFO - Setting next_dagrun for example_xcom to 2021-01-01 00:00:00+00:00, run_after=2021-01-01 00:00:00+00:00
[2024-12-07T09:17:49.233+0000] {processor.py:208} INFO - Processing /home/airflow/.local/lib/python3.12/site-packages/airflow/example_dags/example_xcom.py took 0.066 seconds
[2024-12-07T09:18:19.464+0000] {processor.py:186} INFO - Started process (PID=594) to work on /home/airflow/.local/lib/python3.12/site-packages/airflow/example_dags/example_xcom.py
[2024-12-07T09:18:19.465+0000] {processor.py:914} INFO - Processing file /home/airflow/.local/lib/python3.12/site-packages/airflow/example_dags/example_xcom.py for tasks to queue
[2024-12-07T09:18:19.466+0000] {logging_mixin.py:190} INFO - [2024-12-07T09:18:19.466+0000] {dagbag.py:588} INFO - Filling up the DagBag from /home/airflow/.local/lib/python3.12/site-packages/airflow/example_dags/example_xcom.py
[2024-12-07T09:18:19.473+0000] {processor.py:925} INFO - DAG(s) 'example_xcom' retrieved from /home/airflow/.local/lib/python3.12/site-packages/airflow/example_dags/example_xcom.py
[2024-12-07T09:18:19.491+0000] {logging_mixin.py:190} INFO - [2024-12-07T09:18:19.491+0000] {dag.py:3239} INFO - Sync 1 DAGs
[2024-12-07T09:18:19.510+0000] {logging_mixin.py:190} INFO - [2024-12-07T09:18:19.510+0000] {dag.py:4180} INFO - Setting next_dagrun for example_xcom to 2021-01-01 00:00:00+00:00, run_after=2021-01-01 00:00:00+00:00
[2024-12-07T09:18:19.524+0000] {processor.py:208} INFO - Processing /home/airflow/.local/lib/python3.12/site-packages/airflow/example_dags/example_xcom.py took 0.064 seconds
[2024-12-07T09:18:49.957+0000] {processor.py:186} INFO - Started process (PID=657) to work on /home/airflow/.local/lib/python3.12/site-packages/airflow/example_dags/example_xcom.py
[2024-12-07T09:18:49.957+0000] {processor.py:914} INFO - Processing file /home/airflow/.local/lib/python3.12/site-packages/airflow/example_dags/example_xcom.py for tasks to queue
[2024-12-07T09:18:49.959+0000] {logging_mixin.py:190} INFO - [2024-12-07T09:18:49.959+0000] {dagbag.py:588} INFO - Filling up the DagBag from /home/airflow/.local/lib/python3.12/site-packages/airflow/example_dags/example_xcom.py
[2024-12-07T09:18:49.966+0000] {processor.py:925} INFO - DAG(s) 'example_xcom' retrieved from /home/airflow/.local/lib/python3.12/site-packages/airflow/example_dags/example_xcom.py
[2024-12-07T09:18:49.984+0000] {logging_mixin.py:190} INFO - [2024-12-07T09:18:49.984+0000] {dag.py:3239} INFO - Sync 1 DAGs
[2024-12-07T09:18:50.007+0000] {logging_mixin.py:190} INFO - [2024-12-07T09:18:50.007+0000] {dag.py:4180} INFO - Setting next_dagrun for example_xcom to 2021-01-01 00:00:00+00:00, run_after=2021-01-01 00:00:00+00:00
[2024-12-07T09:18:50.021+0000] {processor.py:208} INFO - Processing /home/airflow/.local/lib/python3.12/site-packages/airflow/example_dags/example_xcom.py took 0.069 seconds
[2024-12-07T09:19:20.868+0000] {processor.py:186} INFO - Started process (PID=722) to work on /home/airflow/.local/lib/python3.12/site-packages/airflow/example_dags/example_xcom.py
[2024-12-07T09:19:20.869+0000] {processor.py:914} INFO - Processing file /home/airflow/.local/lib/python3.12/site-packages/airflow/example_dags/example_xcom.py for tasks to queue
[2024-12-07T09:19:20.873+0000] {logging_mixin.py:190} INFO - [2024-12-07T09:19:20.872+0000] {dagbag.py:588} INFO - Filling up the DagBag from /home/airflow/.local/lib/python3.12/site-packages/airflow/example_dags/example_xcom.py
[2024-12-07T09:19:20.885+0000] {processor.py:925} INFO - DAG(s) 'example_xcom' retrieved from /home/airflow/.local/lib/python3.12/site-packages/airflow/example_dags/example_xcom.py
[2024-12-07T09:19:20.908+0000] {logging_mixin.py:190} INFO - [2024-12-07T09:19:20.908+0000] {dag.py:3239} INFO - Sync 1 DAGs
[2024-12-07T09:19:20.928+0000] {logging_mixin.py:190} INFO - [2024-12-07T09:19:20.928+0000] {dag.py:4180} INFO - Setting next_dagrun for example_xcom to 2021-01-01 00:00:00+00:00, run_after=2021-01-01 00:00:00+00:00
[2024-12-07T09:19:20.943+0000] {processor.py:208} INFO - Processing /home/airflow/.local/lib/python3.12/site-packages/airflow/example_dags/example_xcom.py took 0.080 seconds
[2024-12-07T09:19:51.485+0000] {processor.py:186} INFO - Started process (PID=786) to work on /home/airflow/.local/lib/python3.12/site-packages/airflow/example_dags/example_xcom.py
[2024-12-07T09:19:51.486+0000] {processor.py:914} INFO - Processing file /home/airflow/.local/lib/python3.12/site-packages/airflow/example_dags/example_xcom.py for tasks to queue
[2024-12-07T09:19:51.487+0000] {logging_mixin.py:190} INFO - [2024-12-07T09:19:51.487+0000] {dagbag.py:588} INFO - Filling up the DagBag from /home/airflow/.local/lib/python3.12/site-packages/airflow/example_dags/example_xcom.py
[2024-12-07T09:19:51.494+0000] {processor.py:925} INFO - DAG(s) 'example_xcom' retrieved from /home/airflow/.local/lib/python3.12/site-packages/airflow/example_dags/example_xcom.py
[2024-12-07T09:19:51.513+0000] {logging_mixin.py:190} INFO - [2024-12-07T09:19:51.513+0000] {dag.py:3239} INFO - Sync 1 DAGs
[2024-12-07T09:19:51.535+0000] {logging_mixin.py:190} INFO - [2024-12-07T09:19:51.535+0000] {dag.py:4180} INFO - Setting next_dagrun for example_xcom to 2021-01-01 00:00:00+00:00, run_after=2021-01-01 00:00:00+00:00
[2024-12-07T09:19:51.551+0000] {processor.py:208} INFO - Processing /home/airflow/.local/lib/python3.12/site-packages/airflow/example_dags/example_xcom.py took 0.070 seconds
[2024-12-07T09:20:21.925+0000] {processor.py:186} INFO - Started process (PID=851) to work on /home/airflow/.local/lib/python3.12/site-packages/airflow/example_dags/example_xcom.py
[2024-12-07T09:20:21.925+0000] {processor.py:914} INFO - Processing file /home/airflow/.local/lib/python3.12/site-packages/airflow/example_dags/example_xcom.py for tasks to queue
[2024-12-07T09:20:21.927+0000] {logging_mixin.py:190} INFO - [2024-12-07T09:20:21.927+0000] {dagbag.py:588} INFO - Filling up the DagBag from /home/airflow/.local/lib/python3.12/site-packages/airflow/example_dags/example_xcom.py
[2024-12-07T09:20:21.935+0000] {processor.py:925} INFO - DAG(s) 'example_xcom' retrieved from /home/airflow/.local/lib/python3.12/site-packages/airflow/example_dags/example_xcom.py
[2024-12-07T09:20:21.952+0000] {logging_mixin.py:190} INFO - [2024-12-07T09:20:21.952+0000] {dag.py:3239} INFO - Sync 1 DAGs
[2024-12-07T09:20:21.975+0000] {logging_mixin.py:190} INFO - [2024-12-07T09:20:21.975+0000] {dag.py:4180} INFO - Setting next_dagrun for example_xcom to 2021-01-01 00:00:00+00:00, run_after=2021-01-01 00:00:00+00:00
[2024-12-07T09:20:21.990+0000] {processor.py:208} INFO - Processing /home/airflow/.local/lib/python3.12/site-packages/airflow/example_dags/example_xcom.py took 0.070 seconds
[2024-12-07T09:20:52.056+0000] {processor.py:186} INFO - Started process (PID=915) to work on /home/airflow/.local/lib/python3.12/site-packages/airflow/example_dags/example_xcom.py
[2024-12-07T09:20:52.057+0000] {processor.py:914} INFO - Processing file /home/airflow/.local/lib/python3.12/site-packages/airflow/example_dags/example_xcom.py for tasks to queue
[2024-12-07T09:20:52.059+0000] {logging_mixin.py:190} INFO - [2024-12-07T09:20:52.058+0000] {dagbag.py:588} INFO - Filling up the DagBag from /home/airflow/.local/lib/python3.12/site-packages/airflow/example_dags/example_xcom.py
[2024-12-07T09:20:52.066+0000] {processor.py:925} INFO - DAG(s) 'example_xcom' retrieved from /home/airflow/.local/lib/python3.12/site-packages/airflow/example_dags/example_xcom.py
[2024-12-07T09:20:52.083+0000] {logging_mixin.py:190} INFO - [2024-12-07T09:20:52.083+0000] {dag.py:3239} INFO - Sync 1 DAGs
[2024-12-07T09:20:52.111+0000] {logging_mixin.py:190} INFO - [2024-12-07T09:20:52.111+0000] {dag.py:4180} INFO - Setting next_dagrun for example_xcom to 2021-01-01 00:00:00+00:00, run_after=2021-01-01 00:00:00+00:00
[2024-12-07T09:20:52.131+0000] {processor.py:208} INFO - Processing /home/airflow/.local/lib/python3.12/site-packages/airflow/example_dags/example_xcom.py took 0.078 seconds
[2024-12-07T09:21:22.210+0000] {processor.py:186} INFO - Started process (PID=979) to work on /home/airflow/.local/lib/python3.12/site-packages/airflow/example_dags/example_xcom.py
[2024-12-07T09:21:22.211+0000] {processor.py:914} INFO - Processing file /home/airflow/.local/lib/python3.12/site-packages/airflow/example_dags/example_xcom.py for tasks to queue
[2024-12-07T09:21:22.213+0000] {logging_mixin.py:190} INFO - [2024-12-07T09:21:22.213+0000] {dagbag.py:588} INFO - Filling up the DagBag from /home/airflow/.local/lib/python3.12/site-packages/airflow/example_dags/example_xcom.py
[2024-12-07T09:21:22.223+0000] {processor.py:925} INFO - DAG(s) 'example_xcom' retrieved from /home/airflow/.local/lib/python3.12/site-packages/airflow/example_dags/example_xcom.py
[2024-12-07T09:21:22.245+0000] {logging_mixin.py:190} INFO - [2024-12-07T09:21:22.245+0000] {dag.py:3239} INFO - Sync 1 DAGs
[2024-12-07T09:21:22.268+0000] {logging_mixin.py:190} INFO - [2024-12-07T09:21:22.268+0000] {dag.py:4180} INFO - Setting next_dagrun for example_xcom to 2021-01-01 00:00:00+00:00, run_after=2021-01-01 00:00:00+00:00
[2024-12-07T09:21:22.282+0000] {processor.py:208} INFO - Processing /home/airflow/.local/lib/python3.12/site-packages/airflow/example_dags/example_xcom.py took 0.078 seconds
[2024-12-07T09:21:52.523+0000] {processor.py:186} INFO - Started process (PID=1043) to work on /home/airflow/.local/lib/python3.12/site-packages/airflow/example_dags/example_xcom.py
[2024-12-07T09:21:52.523+0000] {processor.py:914} INFO - Processing file /home/airflow/.local/lib/python3.12/site-packages/airflow/example_dags/example_xcom.py for tasks to queue
[2024-12-07T09:21:52.525+0000] {logging_mixin.py:190} INFO - [2024-12-07T09:21:52.525+0000] {dagbag.py:588} INFO - Filling up the DagBag from /home/airflow/.local/lib/python3.12/site-packages/airflow/example_dags/example_xcom.py
[2024-12-07T09:21:52.533+0000] {processor.py:925} INFO - DAG(s) 'example_xcom' retrieved from /home/airflow/.local/lib/python3.12/site-packages/airflow/example_dags/example_xcom.py
[2024-12-07T09:21:52.548+0000] {logging_mixin.py:190} INFO - [2024-12-07T09:21:52.548+0000] {dag.py:3239} INFO - Sync 1 DAGs
[2024-12-07T09:21:52.565+0000] {logging_mixin.py:190} INFO - [2024-12-07T09:21:52.565+0000] {dag.py:4180} INFO - Setting next_dagrun for example_xcom to 2021-01-01 00:00:00+00:00, run_after=2021-01-01 00:00:00+00:00
[2024-12-07T09:21:52.579+0000] {processor.py:208} INFO - Processing /home/airflow/.local/lib/python3.12/site-packages/airflow/example_dags/example_xcom.py took 0.060 seconds
[2024-12-07T09:22:23.528+0000] {processor.py:186} INFO - Started process (PID=1107) to work on /home/airflow/.local/lib/python3.12/site-packages/airflow/example_dags/example_xcom.py
[2024-12-07T09:22:23.528+0000] {processor.py:914} INFO - Processing file /home/airflow/.local/lib/python3.12/site-packages/airflow/example_dags/example_xcom.py for tasks to queue
[2024-12-07T09:22:23.530+0000] {logging_mixin.py:190} INFO - [2024-12-07T09:22:23.530+0000] {dagbag.py:588} INFO - Filling up the DagBag from /home/airflow/.local/lib/python3.12/site-packages/airflow/example_dags/example_xcom.py
[2024-12-07T09:22:23.537+0000] {processor.py:925} INFO - DAG(s) 'example_xcom' retrieved from /home/airflow/.local/lib/python3.12/site-packages/airflow/example_dags/example_xcom.py
[2024-12-07T09:22:23.554+0000] {logging_mixin.py:190} INFO - [2024-12-07T09:22:23.554+0000] {dag.py:3239} INFO - Sync 1 DAGs
[2024-12-07T09:22:23.577+0000] {logging_mixin.py:190} INFO - [2024-12-07T09:22:23.577+0000] {dag.py:4180} INFO - Setting next_dagrun for example_xcom to 2021-01-01 00:00:00+00:00, run_after=2021-01-01 00:00:00+00:00
[2024-12-07T09:22:23.593+0000] {processor.py:208} INFO - Processing /home/airflow/.local/lib/python3.12/site-packages/airflow/example_dags/example_xcom.py took 0.069 seconds
[2024-12-07T09:22:53.939+0000] {processor.py:186} INFO - Started process (PID=1171) to work on /home/airflow/.local/lib/python3.12/site-packages/airflow/example_dags/example_xcom.py
[2024-12-07T09:22:53.940+0000] {processor.py:914} INFO - Processing file /home/airflow/.local/lib/python3.12/site-packages/airflow/example_dags/example_xcom.py for tasks to queue
[2024-12-07T09:22:53.942+0000] {logging_mixin.py:190} INFO - [2024-12-07T09:22:53.942+0000] {dagbag.py:588} INFO - Filling up the DagBag from /home/airflow/.local/lib/python3.12/site-packages/airflow/example_dags/example_xcom.py
[2024-12-07T09:22:53.949+0000] {processor.py:925} INFO - DAG(s) 'example_xcom' retrieved from /home/airflow/.local/lib/python3.12/site-packages/airflow/example_dags/example_xcom.py
[2024-12-07T09:22:53.965+0000] {logging_mixin.py:190} INFO - [2024-12-07T09:22:53.965+0000] {dag.py:3239} INFO - Sync 1 DAGs
[2024-12-07T09:22:53.983+0000] {logging_mixin.py:190} INFO - [2024-12-07T09:22:53.983+0000] {dag.py:4180} INFO - Setting next_dagrun for example_xcom to 2021-01-01 00:00:00+00:00, run_after=2021-01-01 00:00:00+00:00
[2024-12-07T09:22:53.996+0000] {processor.py:208} INFO - Processing /home/airflow/.local/lib/python3.12/site-packages/airflow/example_dags/example_xcom.py took 0.061 seconds
[2024-12-07T09:23:24.095+0000] {processor.py:186} INFO - Started process (PID=1235) to work on /home/airflow/.local/lib/python3.12/site-packages/airflow/example_dags/example_xcom.py
[2024-12-07T09:23:24.096+0000] {processor.py:914} INFO - Processing file /home/airflow/.local/lib/python3.12/site-packages/airflow/example_dags/example_xcom.py for tasks to queue
[2024-12-07T09:23:24.098+0000] {logging_mixin.py:190} INFO - [2024-12-07T09:23:24.097+0000] {dagbag.py:588} INFO - Filling up the DagBag from /home/airflow/.local/lib/python3.12/site-packages/airflow/example_dags/example_xcom.py
[2024-12-07T09:23:24.105+0000] {processor.py:925} INFO - DAG(s) 'example_xcom' retrieved from /home/airflow/.local/lib/python3.12/site-packages/airflow/example_dags/example_xcom.py
[2024-12-07T09:23:24.123+0000] {logging_mixin.py:190} INFO - [2024-12-07T09:23:24.123+0000] {dag.py:3239} INFO - Sync 1 DAGs
[2024-12-07T09:23:24.140+0000] {logging_mixin.py:190} INFO - [2024-12-07T09:23:24.140+0000] {dag.py:4180} INFO - Setting next_dagrun for example_xcom to 2021-01-01 00:00:00+00:00, run_after=2021-01-01 00:00:00+00:00
[2024-12-07T09:23:24.153+0000] {processor.py:208} INFO - Processing /home/airflow/.local/lib/python3.12/site-packages/airflow/example_dags/example_xcom.py took 0.062 seconds
[2024-12-07T09:23:54.331+0000] {processor.py:186} INFO - Started process (PID=1299) to work on /home/airflow/.local/lib/python3.12/site-packages/airflow/example_dags/example_xcom.py
[2024-12-07T09:23:54.332+0000] {processor.py:914} INFO - Processing file /home/airflow/.local/lib/python3.12/site-packages/airflow/example_dags/example_xcom.py for tasks to queue
[2024-12-07T09:23:54.334+0000] {logging_mixin.py:190} INFO - [2024-12-07T09:23:54.334+0000] {dagbag.py:588} INFO - Filling up the DagBag from /home/airflow/.local/lib/python3.12/site-packages/airflow/example_dags/example_xcom.py
[2024-12-07T09:23:54.344+0000] {processor.py:925} INFO - DAG(s) 'example_xcom' retrieved from /home/airflow/.local/lib/python3.12/site-packages/airflow/example_dags/example_xcom.py
[2024-12-07T09:23:54.367+0000] {logging_mixin.py:190} INFO - [2024-12-07T09:23:54.366+0000] {dag.py:3239} INFO - Sync 1 DAGs
[2024-12-07T09:23:54.393+0000] {logging_mixin.py:190} INFO - [2024-12-07T09:23:54.393+0000] {dag.py:4180} INFO - Setting next_dagrun for example_xcom to 2021-01-01 00:00:00+00:00, run_after=2021-01-01 00:00:00+00:00
[2024-12-07T09:23:54.410+0000] {processor.py:208} INFO - Processing /home/airflow/.local/lib/python3.12/site-packages/airflow/example_dags/example_xcom.py took 0.085 seconds
[2024-12-07T09:24:24.689+0000] {processor.py:186} INFO - Started process (PID=1363) to work on /home/airflow/.local/lib/python3.12/site-packages/airflow/example_dags/example_xcom.py
[2024-12-07T09:24:24.689+0000] {processor.py:914} INFO - Processing file /home/airflow/.local/lib/python3.12/site-packages/airflow/example_dags/example_xcom.py for tasks to queue
[2024-12-07T09:24:24.691+0000] {logging_mixin.py:190} INFO - [2024-12-07T09:24:24.691+0000] {dagbag.py:588} INFO - Filling up the DagBag from /home/airflow/.local/lib/python3.12/site-packages/airflow/example_dags/example_xcom.py
[2024-12-07T09:24:24.698+0000] {processor.py:925} INFO - DAG(s) 'example_xcom' retrieved from /home/airflow/.local/lib/python3.12/site-packages/airflow/example_dags/example_xcom.py
[2024-12-07T09:24:24.716+0000] {logging_mixin.py:190} INFO - [2024-12-07T09:24:24.716+0000] {dag.py:3239} INFO - Sync 1 DAGs
[2024-12-07T09:24:24.738+0000] {logging_mixin.py:190} INFO - [2024-12-07T09:24:24.738+0000] {dag.py:4180} INFO - Setting next_dagrun for example_xcom to 2021-01-01 00:00:00+00:00, run_after=2021-01-01 00:00:00+00:00
[2024-12-07T09:24:24.753+0000] {processor.py:208} INFO - Processing /home/airflow/.local/lib/python3.12/site-packages/airflow/example_dags/example_xcom.py took 0.069 seconds
[2024-12-07T09:24:54.812+0000] {processor.py:186} INFO - Started process (PID=1427) to work on /home/airflow/.local/lib/python3.12/site-packages/airflow/example_dags/example_xcom.py
[2024-12-07T09:24:54.812+0000] {processor.py:914} INFO - Processing file /home/airflow/.local/lib/python3.12/site-packages/airflow/example_dags/example_xcom.py for tasks to queue
[2024-12-07T09:24:54.814+0000] {logging_mixin.py:190} INFO - [2024-12-07T09:24:54.813+0000] {dagbag.py:588} INFO - Filling up the DagBag from /home/airflow/.local/lib/python3.12/site-packages/airflow/example_dags/example_xcom.py
[2024-12-07T09:24:54.821+0000] {processor.py:925} INFO - DAG(s) 'example_xcom' retrieved from /home/airflow/.local/lib/python3.12/site-packages/airflow/example_dags/example_xcom.py
[2024-12-07T09:24:54.839+0000] {logging_mixin.py:190} INFO - [2024-12-07T09:24:54.839+0000] {dag.py:3239} INFO - Sync 1 DAGs
[2024-12-07T09:24:54.856+0000] {logging_mixin.py:190} INFO - [2024-12-07T09:24:54.856+0000] {dag.py:4180} INFO - Setting next_dagrun for example_xcom to 2021-01-01 00:00:00+00:00, run_after=2021-01-01 00:00:00+00:00
[2024-12-07T09:24:54.870+0000] {processor.py:208} INFO - Processing /home/airflow/.local/lib/python3.12/site-packages/airflow/example_dags/example_xcom.py took 0.063 seconds
[2024-12-07T09:25:25.430+0000] {processor.py:186} INFO - Started process (PID=1491) to work on /home/airflow/.local/lib/python3.12/site-packages/airflow/example_dags/example_xcom.py
[2024-12-07T09:25:25.430+0000] {processor.py:914} INFO - Processing file /home/airflow/.local/lib/python3.12/site-packages/airflow/example_dags/example_xcom.py for tasks to queue
[2024-12-07T09:25:25.432+0000] {logging_mixin.py:190} INFO - [2024-12-07T09:25:25.432+0000] {dagbag.py:588} INFO - Filling up the DagBag from /home/airflow/.local/lib/python3.12/site-packages/airflow/example_dags/example_xcom.py
[2024-12-07T09:25:25.439+0000] {processor.py:925} INFO - DAG(s) 'example_xcom' retrieved from /home/airflow/.local/lib/python3.12/site-packages/airflow/example_dags/example_xcom.py
[2024-12-07T09:25:25.456+0000] {logging_mixin.py:190} INFO - [2024-12-07T09:25:25.455+0000] {dag.py:3239} INFO - Sync 1 DAGs
[2024-12-07T09:25:25.474+0000] {logging_mixin.py:190} INFO - [2024-12-07T09:25:25.474+0000] {dag.py:4180} INFO - Setting next_dagrun for example_xcom to 2021-01-01 00:00:00+00:00, run_after=2021-01-01 00:00:00+00:00
[2024-12-07T09:25:25.488+0000] {processor.py:208} INFO - Processing /home/airflow/.local/lib/python3.12/site-packages/airflow/example_dags/example_xcom.py took 0.062 seconds
[2024-12-07T09:25:55.869+0000] {processor.py:186} INFO - Started process (PID=1555) to work on /home/airflow/.local/lib/python3.12/site-packages/airflow/example_dags/example_xcom.py
[2024-12-07T09:25:55.870+0000] {processor.py:914} INFO - Processing file /home/airflow/.local/lib/python3.12/site-packages/airflow/example_dags/example_xcom.py for tasks to queue
[2024-12-07T09:25:55.871+0000] {logging_mixin.py:190} INFO - [2024-12-07T09:25:55.871+0000] {dagbag.py:588} INFO - Filling up the DagBag from /home/airflow/.local/lib/python3.12/site-packages/airflow/example_dags/example_xcom.py
[2024-12-07T09:25:55.879+0000] {processor.py:925} INFO - DAG(s) 'example_xcom' retrieved from /home/airflow/.local/lib/python3.12/site-packages/airflow/example_dags/example_xcom.py
[2024-12-07T09:25:55.897+0000] {logging_mixin.py:190} INFO - [2024-12-07T09:25:55.896+0000] {dag.py:3239} INFO - Sync 1 DAGs
[2024-12-07T09:25:55.919+0000] {logging_mixin.py:190} INFO - [2024-12-07T09:25:55.919+0000] {dag.py:4180} INFO - Setting next_dagrun for example_xcom to 2021-01-01 00:00:00+00:00, run_after=2021-01-01 00:00:00+00:00
[2024-12-07T09:25:55.934+0000] {processor.py:208} INFO - Processing /home/airflow/.local/lib/python3.12/site-packages/airflow/example_dags/example_xcom.py took 0.069 seconds
