[2024-12-07T09:14:20.192+0000] {processor.py:186} INFO - Started process (PID=102) to work on /home/airflow/.local/lib/python3.12/site-packages/airflow/example_dags/example_kubernetes_executor.py
[2024-12-07T09:14:20.193+0000] {processor.py:914} INFO - Processing file /home/airflow/.local/lib/python3.12/site-packages/airflow/example_dags/example_kubernetes_executor.py for tasks to queue
[2024-12-07T09:14:20.195+0000] {logging_mixin.py:190} INFO - [2024-12-07T09:14:20.195+0000] {dagbag.py:588} INFO - Filling up the DagBag from /home/airflow/.local/lib/python3.12/site-packages/airflow/example_dags/example_kubernetes_executor.py
[2024-12-07T09:14:20.214+0000] {processor.py:925} INFO - DAG(s) 'example_kubernetes_executor' retrieved from /home/airflow/.local/lib/python3.12/site-packages/airflow/example_dags/example_kubernetes_executor.py
[2024-12-07T09:14:20.357+0000] {logging_mixin.py:190} INFO - [2024-12-07T09:14:20.356+0000] {override.py:1911} INFO - Created Permission View: can edit on DAG:example_kubernetes_executor
[2024-12-07T09:14:20.364+0000] {logging_mixin.py:190} INFO - [2024-12-07T09:14:20.364+0000] {override.py:1911} INFO - Created Permission View: can delete on DAG:example_kubernetes_executor
[2024-12-07T09:14:20.368+0000] {logging_mixin.py:190} INFO - [2024-12-07T09:14:20.368+0000] {override.py:1911} INFO - Created Permission View: can read on DAG:example_kubernetes_executor
[2024-12-07T09:14:20.373+0000] {logging_mixin.py:190} INFO - [2024-12-07T09:14:20.373+0000] {override.py:1911} INFO - Created Permission View: can create on DAG Run:example_kubernetes_executor
[2024-12-07T09:14:20.377+0000] {logging_mixin.py:190} INFO - [2024-12-07T09:14:20.377+0000] {override.py:1911} INFO - Created Permission View: menu access on DAG Run:example_kubernetes_executor
[2024-12-07T09:14:20.382+0000] {logging_mixin.py:190} INFO - [2024-12-07T09:14:20.381+0000] {override.py:1911} INFO - Created Permission View: can delete on DAG Run:example_kubernetes_executor
[2024-12-07T09:14:20.386+0000] {logging_mixin.py:190} INFO - [2024-12-07T09:14:20.386+0000] {override.py:1911} INFO - Created Permission View: can read on DAG Run:example_kubernetes_executor
[2024-12-07T09:14:20.386+0000] {logging_mixin.py:190} INFO - [2024-12-07T09:14:20.386+0000] {dag.py:3239} INFO - Sync 1 DAGs
[2024-12-07T09:14:20.397+0000] {logging_mixin.py:190} INFO - [2024-12-07T09:14:20.397+0000] {dag.py:3262} INFO - Creating ORM DAG for example_kubernetes_executor
[2024-12-07T09:14:20.397+0000] {logging_mixin.py:190} INFO - [2024-12-07T09:14:20.397+0000] {dag.py:4180} INFO - Setting next_dagrun for example_kubernetes_executor to None, run_after=None
[2024-12-07T09:14:20.408+0000] {processor.py:208} INFO - Processing /home/airflow/.local/lib/python3.12/site-packages/airflow/example_dags/example_kubernetes_executor.py took 0.222 seconds
[2024-12-07T09:14:51.069+0000] {processor.py:186} INFO - Started process (PID=165) to work on /home/airflow/.local/lib/python3.12/site-packages/airflow/example_dags/example_kubernetes_executor.py
[2024-12-07T09:14:51.070+0000] {processor.py:914} INFO - Processing file /home/airflow/.local/lib/python3.12/site-packages/airflow/example_dags/example_kubernetes_executor.py for tasks to queue
[2024-12-07T09:14:51.072+0000] {logging_mixin.py:190} INFO - [2024-12-07T09:14:51.071+0000] {dagbag.py:588} INFO - Filling up the DagBag from /home/airflow/.local/lib/python3.12/site-packages/airflow/example_dags/example_kubernetes_executor.py
[2024-12-07T09:14:51.084+0000] {processor.py:925} INFO - DAG(s) 'example_kubernetes_executor' retrieved from /home/airflow/.local/lib/python3.12/site-packages/airflow/example_dags/example_kubernetes_executor.py
[2024-12-07T09:14:51.110+0000] {logging_mixin.py:190} INFO - [2024-12-07T09:14:51.110+0000] {dag.py:3239} INFO - Sync 1 DAGs
[2024-12-07T09:14:51.122+0000] {logging_mixin.py:190} INFO - [2024-12-07T09:14:51.122+0000] {dag.py:4180} INFO - Setting next_dagrun for example_kubernetes_executor to None, run_after=None
[2024-12-07T09:14:51.138+0000] {processor.py:208} INFO - Processing /home/airflow/.local/lib/python3.12/site-packages/airflow/example_dags/example_kubernetes_executor.py took 0.073 seconds
[2024-12-07T09:15:22.237+0000] {processor.py:186} INFO - Started process (PID=228) to work on /home/airflow/.local/lib/python3.12/site-packages/airflow/example_dags/example_kubernetes_executor.py
[2024-12-07T09:15:22.238+0000] {processor.py:914} INFO - Processing file /home/airflow/.local/lib/python3.12/site-packages/airflow/example_dags/example_kubernetes_executor.py for tasks to queue
[2024-12-07T09:15:22.239+0000] {logging_mixin.py:190} INFO - [2024-12-07T09:15:22.239+0000] {dagbag.py:588} INFO - Filling up the DagBag from /home/airflow/.local/lib/python3.12/site-packages/airflow/example_dags/example_kubernetes_executor.py
[2024-12-07T09:15:22.251+0000] {processor.py:925} INFO - DAG(s) 'example_kubernetes_executor' retrieved from /home/airflow/.local/lib/python3.12/site-packages/airflow/example_dags/example_kubernetes_executor.py
[2024-12-07T09:15:22.279+0000] {logging_mixin.py:190} INFO - [2024-12-07T09:15:22.279+0000] {dag.py:3239} INFO - Sync 1 DAGs
[2024-12-07T09:15:22.293+0000] {logging_mixin.py:190} INFO - [2024-12-07T09:15:22.293+0000] {dag.py:4180} INFO - Setting next_dagrun for example_kubernetes_executor to None, run_after=None
[2024-12-07T09:15:22.310+0000] {processor.py:208} INFO - Processing /home/airflow/.local/lib/python3.12/site-packages/airflow/example_dags/example_kubernetes_executor.py took 0.077 seconds
[2024-12-07T09:15:53.376+0000] {processor.py:186} INFO - Started process (PID=291) to work on /home/airflow/.local/lib/python3.12/site-packages/airflow/example_dags/example_kubernetes_executor.py
[2024-12-07T09:15:53.377+0000] {processor.py:914} INFO - Processing file /home/airflow/.local/lib/python3.12/site-packages/airflow/example_dags/example_kubernetes_executor.py for tasks to queue
[2024-12-07T09:15:53.378+0000] {logging_mixin.py:190} INFO - [2024-12-07T09:15:53.378+0000] {dagbag.py:588} INFO - Filling up the DagBag from /home/airflow/.local/lib/python3.12/site-packages/airflow/example_dags/example_kubernetes_executor.py
[2024-12-07T09:15:53.389+0000] {processor.py:925} INFO - DAG(s) 'example_kubernetes_executor' retrieved from /home/airflow/.local/lib/python3.12/site-packages/airflow/example_dags/example_kubernetes_executor.py
[2024-12-07T09:15:53.416+0000] {logging_mixin.py:190} INFO - [2024-12-07T09:15:53.416+0000] {dag.py:3239} INFO - Sync 1 DAGs
[2024-12-07T09:15:53.427+0000] {logging_mixin.py:190} INFO - [2024-12-07T09:15:53.427+0000] {dag.py:4180} INFO - Setting next_dagrun for example_kubernetes_executor to None, run_after=None
[2024-12-07T09:15:53.441+0000] {processor.py:208} INFO - Processing /home/airflow/.local/lib/python3.12/site-packages/airflow/example_dags/example_kubernetes_executor.py took 0.069 seconds
[2024-12-07T09:16:24.336+0000] {processor.py:186} INFO - Started process (PID=354) to work on /home/airflow/.local/lib/python3.12/site-packages/airflow/example_dags/example_kubernetes_executor.py
[2024-12-07T09:16:24.336+0000] {processor.py:914} INFO - Processing file /home/airflow/.local/lib/python3.12/site-packages/airflow/example_dags/example_kubernetes_executor.py for tasks to queue
[2024-12-07T09:16:24.338+0000] {logging_mixin.py:190} INFO - [2024-12-07T09:16:24.337+0000] {dagbag.py:588} INFO - Filling up the DagBag from /home/airflow/.local/lib/python3.12/site-packages/airflow/example_dags/example_kubernetes_executor.py
[2024-12-07T09:16:24.349+0000] {processor.py:925} INFO - DAG(s) 'example_kubernetes_executor' retrieved from /home/airflow/.local/lib/python3.12/site-packages/airflow/example_dags/example_kubernetes_executor.py
[2024-12-07T09:16:24.377+0000] {logging_mixin.py:190} INFO - [2024-12-07T09:16:24.377+0000] {dag.py:3239} INFO - Sync 1 DAGs
[2024-12-07T09:16:24.390+0000] {logging_mixin.py:190} INFO - [2024-12-07T09:16:24.390+0000] {dag.py:4180} INFO - Setting next_dagrun for example_kubernetes_executor to None, run_after=None
[2024-12-07T09:16:24.405+0000] {processor.py:208} INFO - Processing /home/airflow/.local/lib/python3.12/site-packages/airflow/example_dags/example_kubernetes_executor.py took 0.074 seconds
[2024-12-07T09:16:55.701+0000] {processor.py:186} INFO - Started process (PID=418) to work on /home/airflow/.local/lib/python3.12/site-packages/airflow/example_dags/example_kubernetes_executor.py
[2024-12-07T09:16:55.701+0000] {processor.py:914} INFO - Processing file /home/airflow/.local/lib/python3.12/site-packages/airflow/example_dags/example_kubernetes_executor.py for tasks to queue
[2024-12-07T09:16:55.703+0000] {logging_mixin.py:190} INFO - [2024-12-07T09:16:55.703+0000] {dagbag.py:588} INFO - Filling up the DagBag from /home/airflow/.local/lib/python3.12/site-packages/airflow/example_dags/example_kubernetes_executor.py
[2024-12-07T09:16:55.714+0000] {processor.py:925} INFO - DAG(s) 'example_kubernetes_executor' retrieved from /home/airflow/.local/lib/python3.12/site-packages/airflow/example_dags/example_kubernetes_executor.py
[2024-12-07T09:16:55.740+0000] {logging_mixin.py:190} INFO - [2024-12-07T09:16:55.740+0000] {dag.py:3239} INFO - Sync 1 DAGs
[2024-12-07T09:16:55.751+0000] {logging_mixin.py:190} INFO - [2024-12-07T09:16:55.751+0000] {dag.py:4180} INFO - Setting next_dagrun for example_kubernetes_executor to None, run_after=None
[2024-12-07T09:16:55.764+0000] {processor.py:208} INFO - Processing /home/airflow/.local/lib/python3.12/site-packages/airflow/example_dags/example_kubernetes_executor.py took 0.067 seconds
[2024-12-07T09:17:27.119+0000] {processor.py:186} INFO - Started process (PID=481) to work on /home/airflow/.local/lib/python3.12/site-packages/airflow/example_dags/example_kubernetes_executor.py
[2024-12-07T09:17:27.120+0000] {processor.py:914} INFO - Processing file /home/airflow/.local/lib/python3.12/site-packages/airflow/example_dags/example_kubernetes_executor.py for tasks to queue
[2024-12-07T09:17:27.122+0000] {logging_mixin.py:190} INFO - [2024-12-07T09:17:27.122+0000] {dagbag.py:588} INFO - Filling up the DagBag from /home/airflow/.local/lib/python3.12/site-packages/airflow/example_dags/example_kubernetes_executor.py
[2024-12-07T09:17:27.134+0000] {processor.py:925} INFO - DAG(s) 'example_kubernetes_executor' retrieved from /home/airflow/.local/lib/python3.12/site-packages/airflow/example_dags/example_kubernetes_executor.py
[2024-12-07T09:17:27.163+0000] {logging_mixin.py:190} INFO - [2024-12-07T09:17:27.162+0000] {dag.py:3239} INFO - Sync 1 DAGs
[2024-12-07T09:17:27.174+0000] {logging_mixin.py:190} INFO - [2024-12-07T09:17:27.174+0000] {dag.py:4180} INFO - Setting next_dagrun for example_kubernetes_executor to None, run_after=None
[2024-12-07T09:17:27.189+0000] {processor.py:208} INFO - Processing /home/airflow/.local/lib/python3.12/site-packages/airflow/example_dags/example_kubernetes_executor.py took 0.073 seconds
[2024-12-07T09:17:58.313+0000] {processor.py:186} INFO - Started process (PID=545) to work on /home/airflow/.local/lib/python3.12/site-packages/airflow/example_dags/example_kubernetes_executor.py
[2024-12-07T09:17:58.314+0000] {processor.py:914} INFO - Processing file /home/airflow/.local/lib/python3.12/site-packages/airflow/example_dags/example_kubernetes_executor.py for tasks to queue
[2024-12-07T09:17:58.316+0000] {logging_mixin.py:190} INFO - [2024-12-07T09:17:58.316+0000] {dagbag.py:588} INFO - Filling up the DagBag from /home/airflow/.local/lib/python3.12/site-packages/airflow/example_dags/example_kubernetes_executor.py
[2024-12-07T09:17:58.331+0000] {processor.py:925} INFO - DAG(s) 'example_kubernetes_executor' retrieved from /home/airflow/.local/lib/python3.12/site-packages/airflow/example_dags/example_kubernetes_executor.py
[2024-12-07T09:17:58.367+0000] {logging_mixin.py:190} INFO - [2024-12-07T09:17:58.367+0000] {dag.py:3239} INFO - Sync 1 DAGs
[2024-12-07T09:17:58.383+0000] {logging_mixin.py:190} INFO - [2024-12-07T09:17:58.383+0000] {dag.py:4180} INFO - Setting next_dagrun for example_kubernetes_executor to None, run_after=None
[2024-12-07T09:17:58.399+0000] {processor.py:208} INFO - Processing /home/airflow/.local/lib/python3.12/site-packages/airflow/example_dags/example_kubernetes_executor.py took 0.092 seconds
[2024-12-07T09:18:29.755+0000] {processor.py:186} INFO - Started process (PID=608) to work on /home/airflow/.local/lib/python3.12/site-packages/airflow/example_dags/example_kubernetes_executor.py
[2024-12-07T09:18:29.756+0000] {processor.py:914} INFO - Processing file /home/airflow/.local/lib/python3.12/site-packages/airflow/example_dags/example_kubernetes_executor.py for tasks to queue
[2024-12-07T09:18:29.758+0000] {logging_mixin.py:190} INFO - [2024-12-07T09:18:29.758+0000] {dagbag.py:588} INFO - Filling up the DagBag from /home/airflow/.local/lib/python3.12/site-packages/airflow/example_dags/example_kubernetes_executor.py
[2024-12-07T09:18:29.772+0000] {processor.py:925} INFO - DAG(s) 'example_kubernetes_executor' retrieved from /home/airflow/.local/lib/python3.12/site-packages/airflow/example_dags/example_kubernetes_executor.py
[2024-12-07T09:18:29.809+0000] {logging_mixin.py:190} INFO - [2024-12-07T09:18:29.809+0000] {dag.py:3239} INFO - Sync 1 DAGs
[2024-12-07T09:18:29.825+0000] {logging_mixin.py:190} INFO - [2024-12-07T09:18:29.825+0000] {dag.py:4180} INFO - Setting next_dagrun for example_kubernetes_executor to None, run_after=None
[2024-12-07T09:18:29.841+0000] {processor.py:208} INFO - Processing /home/airflow/.local/lib/python3.12/site-packages/airflow/example_dags/example_kubernetes_executor.py took 0.092 seconds
[2024-12-07T09:19:01.368+0000] {processor.py:186} INFO - Started process (PID=671) to work on /home/airflow/.local/lib/python3.12/site-packages/airflow/example_dags/example_kubernetes_executor.py
[2024-12-07T09:19:01.369+0000] {processor.py:914} INFO - Processing file /home/airflow/.local/lib/python3.12/site-packages/airflow/example_dags/example_kubernetes_executor.py for tasks to queue
[2024-12-07T09:19:01.372+0000] {logging_mixin.py:190} INFO - [2024-12-07T09:19:01.371+0000] {dagbag.py:588} INFO - Filling up the DagBag from /home/airflow/.local/lib/python3.12/site-packages/airflow/example_dags/example_kubernetes_executor.py
[2024-12-07T09:19:01.384+0000] {processor.py:925} INFO - DAG(s) 'example_kubernetes_executor' retrieved from /home/airflow/.local/lib/python3.12/site-packages/airflow/example_dags/example_kubernetes_executor.py
[2024-12-07T09:19:01.411+0000] {logging_mixin.py:190} INFO - [2024-12-07T09:19:01.411+0000] {dag.py:3239} INFO - Sync 1 DAGs
[2024-12-07T09:19:01.422+0000] {logging_mixin.py:190} INFO - [2024-12-07T09:19:01.422+0000] {dag.py:4180} INFO - Setting next_dagrun for example_kubernetes_executor to None, run_after=None
[2024-12-07T09:19:01.434+0000] {processor.py:208} INFO - Processing /home/airflow/.local/lib/python3.12/site-packages/airflow/example_dags/example_kubernetes_executor.py took 0.070 seconds
[2024-12-07T09:19:32.647+0000] {processor.py:186} INFO - Started process (PID=736) to work on /home/airflow/.local/lib/python3.12/site-packages/airflow/example_dags/example_kubernetes_executor.py
[2024-12-07T09:19:32.648+0000] {processor.py:914} INFO - Processing file /home/airflow/.local/lib/python3.12/site-packages/airflow/example_dags/example_kubernetes_executor.py for tasks to queue
[2024-12-07T09:19:32.650+0000] {logging_mixin.py:190} INFO - [2024-12-07T09:19:32.649+0000] {dagbag.py:588} INFO - Filling up the DagBag from /home/airflow/.local/lib/python3.12/site-packages/airflow/example_dags/example_kubernetes_executor.py
[2024-12-07T09:19:32.664+0000] {processor.py:925} INFO - DAG(s) 'example_kubernetes_executor' retrieved from /home/airflow/.local/lib/python3.12/site-packages/airflow/example_dags/example_kubernetes_executor.py
[2024-12-07T09:19:32.704+0000] {logging_mixin.py:190} INFO - [2024-12-07T09:19:32.704+0000] {dag.py:3239} INFO - Sync 1 DAGs
[2024-12-07T09:19:32.720+0000] {logging_mixin.py:190} INFO - [2024-12-07T09:19:32.720+0000] {dag.py:4180} INFO - Setting next_dagrun for example_kubernetes_executor to None, run_after=None
[2024-12-07T09:19:32.737+0000] {processor.py:208} INFO - Processing /home/airflow/.local/lib/python3.12/site-packages/airflow/example_dags/example_kubernetes_executor.py took 0.094 seconds
[2024-12-07T09:20:03.826+0000] {processor.py:186} INFO - Started process (PID=800) to work on /home/airflow/.local/lib/python3.12/site-packages/airflow/example_dags/example_kubernetes_executor.py
[2024-12-07T09:20:03.827+0000] {processor.py:914} INFO - Processing file /home/airflow/.local/lib/python3.12/site-packages/airflow/example_dags/example_kubernetes_executor.py for tasks to queue
[2024-12-07T09:20:03.829+0000] {logging_mixin.py:190} INFO - [2024-12-07T09:20:03.828+0000] {dagbag.py:588} INFO - Filling up the DagBag from /home/airflow/.local/lib/python3.12/site-packages/airflow/example_dags/example_kubernetes_executor.py
[2024-12-07T09:20:03.842+0000] {processor.py:925} INFO - DAG(s) 'example_kubernetes_executor' retrieved from /home/airflow/.local/lib/python3.12/site-packages/airflow/example_dags/example_kubernetes_executor.py
[2024-12-07T09:20:03.871+0000] {logging_mixin.py:190} INFO - [2024-12-07T09:20:03.871+0000] {dag.py:3239} INFO - Sync 1 DAGs
[2024-12-07T09:20:03.883+0000] {logging_mixin.py:190} INFO - [2024-12-07T09:20:03.883+0000] {dag.py:4180} INFO - Setting next_dagrun for example_kubernetes_executor to None, run_after=None
[2024-12-07T09:20:03.899+0000] {processor.py:208} INFO - Processing /home/airflow/.local/lib/python3.12/site-packages/airflow/example_dags/example_kubernetes_executor.py took 0.076 seconds
[2024-12-07T09:20:35.274+0000] {processor.py:186} INFO - Started process (PID=865) to work on /home/airflow/.local/lib/python3.12/site-packages/airflow/example_dags/example_kubernetes_executor.py
[2024-12-07T09:20:35.275+0000] {processor.py:914} INFO - Processing file /home/airflow/.local/lib/python3.12/site-packages/airflow/example_dags/example_kubernetes_executor.py for tasks to queue
[2024-12-07T09:20:35.276+0000] {logging_mixin.py:190} INFO - [2024-12-07T09:20:35.276+0000] {dagbag.py:588} INFO - Filling up the DagBag from /home/airflow/.local/lib/python3.12/site-packages/airflow/example_dags/example_kubernetes_executor.py
[2024-12-07T09:20:35.290+0000] {processor.py:925} INFO - DAG(s) 'example_kubernetes_executor' retrieved from /home/airflow/.local/lib/python3.12/site-packages/airflow/example_dags/example_kubernetes_executor.py
[2024-12-07T09:20:35.317+0000] {logging_mixin.py:190} INFO - [2024-12-07T09:20:35.317+0000] {dag.py:3239} INFO - Sync 1 DAGs
[2024-12-07T09:20:35.329+0000] {logging_mixin.py:190} INFO - [2024-12-07T09:20:35.328+0000] {dag.py:4180} INFO - Setting next_dagrun for example_kubernetes_executor to None, run_after=None
[2024-12-07T09:20:35.341+0000] {processor.py:208} INFO - Processing /home/airflow/.local/lib/python3.12/site-packages/airflow/example_dags/example_kubernetes_executor.py took 0.072 seconds
[2024-12-07T09:21:06.449+0000] {processor.py:186} INFO - Started process (PID=929) to work on /home/airflow/.local/lib/python3.12/site-packages/airflow/example_dags/example_kubernetes_executor.py
[2024-12-07T09:21:06.449+0000] {processor.py:914} INFO - Processing file /home/airflow/.local/lib/python3.12/site-packages/airflow/example_dags/example_kubernetes_executor.py for tasks to queue
[2024-12-07T09:21:06.451+0000] {logging_mixin.py:190} INFO - [2024-12-07T09:21:06.451+0000] {dagbag.py:588} INFO - Filling up the DagBag from /home/airflow/.local/lib/python3.12/site-packages/airflow/example_dags/example_kubernetes_executor.py
[2024-12-07T09:21:06.464+0000] {processor.py:925} INFO - DAG(s) 'example_kubernetes_executor' retrieved from /home/airflow/.local/lib/python3.12/site-packages/airflow/example_dags/example_kubernetes_executor.py
[2024-12-07T09:21:06.494+0000] {logging_mixin.py:190} INFO - [2024-12-07T09:21:06.494+0000] {dag.py:3239} INFO - Sync 1 DAGs
[2024-12-07T09:21:06.506+0000] {logging_mixin.py:190} INFO - [2024-12-07T09:21:06.506+0000] {dag.py:4180} INFO - Setting next_dagrun for example_kubernetes_executor to None, run_after=None
[2024-12-07T09:21:06.522+0000] {processor.py:208} INFO - Processing /home/airflow/.local/lib/python3.12/site-packages/airflow/example_dags/example_kubernetes_executor.py took 0.077 seconds
[2024-12-07T09:21:37.498+0000] {processor.py:186} INFO - Started process (PID=993) to work on /home/airflow/.local/lib/python3.12/site-packages/airflow/example_dags/example_kubernetes_executor.py
[2024-12-07T09:21:37.498+0000] {processor.py:914} INFO - Processing file /home/airflow/.local/lib/python3.12/site-packages/airflow/example_dags/example_kubernetes_executor.py for tasks to queue
[2024-12-07T09:21:37.500+0000] {logging_mixin.py:190} INFO - [2024-12-07T09:21:37.500+0000] {dagbag.py:588} INFO - Filling up the DagBag from /home/airflow/.local/lib/python3.12/site-packages/airflow/example_dags/example_kubernetes_executor.py
[2024-12-07T09:21:37.511+0000] {processor.py:925} INFO - DAG(s) 'example_kubernetes_executor' retrieved from /home/airflow/.local/lib/python3.12/site-packages/airflow/example_dags/example_kubernetes_executor.py
[2024-12-07T09:21:37.537+0000] {logging_mixin.py:190} INFO - [2024-12-07T09:21:37.537+0000] {dag.py:3239} INFO - Sync 1 DAGs
[2024-12-07T09:21:37.548+0000] {logging_mixin.py:190} INFO - [2024-12-07T09:21:37.548+0000] {dag.py:4180} INFO - Setting next_dagrun for example_kubernetes_executor to None, run_after=None
[2024-12-07T09:21:37.560+0000] {processor.py:208} INFO - Processing /home/airflow/.local/lib/python3.12/site-packages/airflow/example_dags/example_kubernetes_executor.py took 0.067 seconds
[2024-12-07T09:22:08.763+0000] {processor.py:186} INFO - Started process (PID=1057) to work on /home/airflow/.local/lib/python3.12/site-packages/airflow/example_dags/example_kubernetes_executor.py
[2024-12-07T09:22:08.764+0000] {processor.py:914} INFO - Processing file /home/airflow/.local/lib/python3.12/site-packages/airflow/example_dags/example_kubernetes_executor.py for tasks to queue
[2024-12-07T09:22:08.765+0000] {logging_mixin.py:190} INFO - [2024-12-07T09:22:08.765+0000] {dagbag.py:588} INFO - Filling up the DagBag from /home/airflow/.local/lib/python3.12/site-packages/airflow/example_dags/example_kubernetes_executor.py
[2024-12-07T09:22:08.776+0000] {processor.py:925} INFO - DAG(s) 'example_kubernetes_executor' retrieved from /home/airflow/.local/lib/python3.12/site-packages/airflow/example_dags/example_kubernetes_executor.py
[2024-12-07T09:22:08.808+0000] {logging_mixin.py:190} INFO - [2024-12-07T09:22:08.808+0000] {dag.py:3239} INFO - Sync 1 DAGs
[2024-12-07T09:22:08.821+0000] {logging_mixin.py:190} INFO - [2024-12-07T09:22:08.820+0000] {dag.py:4180} INFO - Setting next_dagrun for example_kubernetes_executor to None, run_after=None
[2024-12-07T09:22:08.834+0000] {processor.py:208} INFO - Processing /home/airflow/.local/lib/python3.12/site-packages/airflow/example_dags/example_kubernetes_executor.py took 0.076 seconds
[2024-12-07T09:22:39.827+0000] {processor.py:186} INFO - Started process (PID=1121) to work on /home/airflow/.local/lib/python3.12/site-packages/airflow/example_dags/example_kubernetes_executor.py
[2024-12-07T09:22:39.827+0000] {processor.py:914} INFO - Processing file /home/airflow/.local/lib/python3.12/site-packages/airflow/example_dags/example_kubernetes_executor.py for tasks to queue
[2024-12-07T09:22:39.829+0000] {logging_mixin.py:190} INFO - [2024-12-07T09:22:39.829+0000] {dagbag.py:588} INFO - Filling up the DagBag from /home/airflow/.local/lib/python3.12/site-packages/airflow/example_dags/example_kubernetes_executor.py
[2024-12-07T09:22:39.840+0000] {processor.py:925} INFO - DAG(s) 'example_kubernetes_executor' retrieved from /home/airflow/.local/lib/python3.12/site-packages/airflow/example_dags/example_kubernetes_executor.py
[2024-12-07T09:22:39.867+0000] {logging_mixin.py:190} INFO - [2024-12-07T09:22:39.867+0000] {dag.py:3239} INFO - Sync 1 DAGs
[2024-12-07T09:22:39.879+0000] {logging_mixin.py:190} INFO - [2024-12-07T09:22:39.879+0000] {dag.py:4180} INFO - Setting next_dagrun for example_kubernetes_executor to None, run_after=None
[2024-12-07T09:22:39.892+0000] {processor.py:208} INFO - Processing /home/airflow/.local/lib/python3.12/site-packages/airflow/example_dags/example_kubernetes_executor.py took 0.070 seconds
[2024-12-07T09:23:11.279+0000] {processor.py:186} INFO - Started process (PID=1185) to work on /home/airflow/.local/lib/python3.12/site-packages/airflow/example_dags/example_kubernetes_executor.py
[2024-12-07T09:23:11.279+0000] {processor.py:914} INFO - Processing file /home/airflow/.local/lib/python3.12/site-packages/airflow/example_dags/example_kubernetes_executor.py for tasks to queue
[2024-12-07T09:23:11.282+0000] {logging_mixin.py:190} INFO - [2024-12-07T09:23:11.281+0000] {dagbag.py:588} INFO - Filling up the DagBag from /home/airflow/.local/lib/python3.12/site-packages/airflow/example_dags/example_kubernetes_executor.py
[2024-12-07T09:23:11.293+0000] {processor.py:925} INFO - DAG(s) 'example_kubernetes_executor' retrieved from /home/airflow/.local/lib/python3.12/site-packages/airflow/example_dags/example_kubernetes_executor.py
[2024-12-07T09:23:11.323+0000] {logging_mixin.py:190} INFO - [2024-12-07T09:23:11.323+0000] {dag.py:3239} INFO - Sync 1 DAGs
[2024-12-07T09:23:11.337+0000] {logging_mixin.py:190} INFO - [2024-12-07T09:23:11.337+0000] {dag.py:4180} INFO - Setting next_dagrun for example_kubernetes_executor to None, run_after=None
[2024-12-07T09:23:11.352+0000] {processor.py:208} INFO - Processing /home/airflow/.local/lib/python3.12/site-packages/airflow/example_dags/example_kubernetes_executor.py took 0.079 seconds
[2024-12-07T09:23:42.441+0000] {processor.py:186} INFO - Started process (PID=1249) to work on /home/airflow/.local/lib/python3.12/site-packages/airflow/example_dags/example_kubernetes_executor.py
[2024-12-07T09:23:42.442+0000] {processor.py:914} INFO - Processing file /home/airflow/.local/lib/python3.12/site-packages/airflow/example_dags/example_kubernetes_executor.py for tasks to queue
[2024-12-07T09:23:42.443+0000] {logging_mixin.py:190} INFO - [2024-12-07T09:23:42.443+0000] {dagbag.py:588} INFO - Filling up the DagBag from /home/airflow/.local/lib/python3.12/site-packages/airflow/example_dags/example_kubernetes_executor.py
[2024-12-07T09:23:42.454+0000] {processor.py:925} INFO - DAG(s) 'example_kubernetes_executor' retrieved from /home/airflow/.local/lib/python3.12/site-packages/airflow/example_dags/example_kubernetes_executor.py
[2024-12-07T09:23:42.482+0000] {logging_mixin.py:190} INFO - [2024-12-07T09:23:42.482+0000] {dag.py:3239} INFO - Sync 1 DAGs
[2024-12-07T09:23:42.495+0000] {logging_mixin.py:190} INFO - [2024-12-07T09:23:42.494+0000] {dag.py:4180} INFO - Setting next_dagrun for example_kubernetes_executor to None, run_after=None
[2024-12-07T09:23:42.507+0000] {processor.py:208} INFO - Processing /home/airflow/.local/lib/python3.12/site-packages/airflow/example_dags/example_kubernetes_executor.py took 0.070 seconds
[2024-12-07T09:24:13.702+0000] {processor.py:186} INFO - Started process (PID=1313) to work on /home/airflow/.local/lib/python3.12/site-packages/airflow/example_dags/example_kubernetes_executor.py
[2024-12-07T09:24:13.703+0000] {processor.py:914} INFO - Processing file /home/airflow/.local/lib/python3.12/site-packages/airflow/example_dags/example_kubernetes_executor.py for tasks to queue
[2024-12-07T09:24:13.704+0000] {logging_mixin.py:190} INFO - [2024-12-07T09:24:13.704+0000] {dagbag.py:588} INFO - Filling up the DagBag from /home/airflow/.local/lib/python3.12/site-packages/airflow/example_dags/example_kubernetes_executor.py
[2024-12-07T09:24:13.714+0000] {processor.py:925} INFO - DAG(s) 'example_kubernetes_executor' retrieved from /home/airflow/.local/lib/python3.12/site-packages/airflow/example_dags/example_kubernetes_executor.py
[2024-12-07T09:24:13.742+0000] {logging_mixin.py:190} INFO - [2024-12-07T09:24:13.742+0000] {dag.py:3239} INFO - Sync 1 DAGs
[2024-12-07T09:24:13.754+0000] {logging_mixin.py:190} INFO - [2024-12-07T09:24:13.754+0000] {dag.py:4180} INFO - Setting next_dagrun for example_kubernetes_executor to None, run_after=None
[2024-12-07T09:24:13.768+0000] {processor.py:208} INFO - Processing /home/airflow/.local/lib/python3.12/site-packages/airflow/example_dags/example_kubernetes_executor.py took 0.071 seconds
[2024-12-07T09:24:45.033+0000] {processor.py:186} INFO - Started process (PID=1383) to work on /home/airflow/.local/lib/python3.12/site-packages/airflow/example_dags/example_kubernetes_executor.py
[2024-12-07T09:24:45.033+0000] {processor.py:914} INFO - Processing file /home/airflow/.local/lib/python3.12/site-packages/airflow/example_dags/example_kubernetes_executor.py for tasks to queue
[2024-12-07T09:24:45.035+0000] {logging_mixin.py:190} INFO - [2024-12-07T09:24:45.035+0000] {dagbag.py:588} INFO - Filling up the DagBag from /home/airflow/.local/lib/python3.12/site-packages/airflow/example_dags/example_kubernetes_executor.py
[2024-12-07T09:24:45.046+0000] {processor.py:925} INFO - DAG(s) 'example_kubernetes_executor' retrieved from /home/airflow/.local/lib/python3.12/site-packages/airflow/example_dags/example_kubernetes_executor.py
[2024-12-07T09:24:45.073+0000] {logging_mixin.py:190} INFO - [2024-12-07T09:24:45.073+0000] {dag.py:3239} INFO - Sync 1 DAGs
[2024-12-07T09:24:45.085+0000] {logging_mixin.py:190} INFO - [2024-12-07T09:24:45.085+0000] {dag.py:4180} INFO - Setting next_dagrun for example_kubernetes_executor to None, run_after=None
[2024-12-07T09:24:45.099+0000] {processor.py:208} INFO - Processing /home/airflow/.local/lib/python3.12/site-packages/airflow/example_dags/example_kubernetes_executor.py took 0.071 seconds
[2024-12-07T09:25:16.199+0000] {processor.py:186} INFO - Started process (PID=1447) to work on /home/airflow/.local/lib/python3.12/site-packages/airflow/example_dags/example_kubernetes_executor.py
[2024-12-07T09:25:16.199+0000] {processor.py:914} INFO - Processing file /home/airflow/.local/lib/python3.12/site-packages/airflow/example_dags/example_kubernetes_executor.py for tasks to queue
[2024-12-07T09:25:16.201+0000] {logging_mixin.py:190} INFO - [2024-12-07T09:25:16.200+0000] {dagbag.py:588} INFO - Filling up the DagBag from /home/airflow/.local/lib/python3.12/site-packages/airflow/example_dags/example_kubernetes_executor.py
[2024-12-07T09:25:16.211+0000] {processor.py:925} INFO - DAG(s) 'example_kubernetes_executor' retrieved from /home/airflow/.local/lib/python3.12/site-packages/airflow/example_dags/example_kubernetes_executor.py
[2024-12-07T09:25:16.241+0000] {logging_mixin.py:190} INFO - [2024-12-07T09:25:16.241+0000] {dag.py:3239} INFO - Sync 1 DAGs
[2024-12-07T09:25:16.253+0000] {logging_mixin.py:190} INFO - [2024-12-07T09:25:16.253+0000] {dag.py:4180} INFO - Setting next_dagrun for example_kubernetes_executor to None, run_after=None
[2024-12-07T09:25:16.267+0000] {processor.py:208} INFO - Processing /home/airflow/.local/lib/python3.12/site-packages/airflow/example_dags/example_kubernetes_executor.py took 0.073 seconds
[2024-12-07T09:25:47.723+0000] {processor.py:186} INFO - Started process (PID=1512) to work on /home/airflow/.local/lib/python3.12/site-packages/airflow/example_dags/example_kubernetes_executor.py
[2024-12-07T09:25:47.724+0000] {processor.py:914} INFO - Processing file /home/airflow/.local/lib/python3.12/site-packages/airflow/example_dags/example_kubernetes_executor.py for tasks to queue
[2024-12-07T09:25:47.726+0000] {logging_mixin.py:190} INFO - [2024-12-07T09:25:47.725+0000] {dagbag.py:588} INFO - Filling up the DagBag from /home/airflow/.local/lib/python3.12/site-packages/airflow/example_dags/example_kubernetes_executor.py
[2024-12-07T09:25:47.737+0000] {processor.py:925} INFO - DAG(s) 'example_kubernetes_executor' retrieved from /home/airflow/.local/lib/python3.12/site-packages/airflow/example_dags/example_kubernetes_executor.py
[2024-12-07T09:25:47.764+0000] {logging_mixin.py:190} INFO - [2024-12-07T09:25:47.764+0000] {dag.py:3239} INFO - Sync 1 DAGs
[2024-12-07T09:25:47.776+0000] {logging_mixin.py:190} INFO - [2024-12-07T09:25:47.776+0000] {dag.py:4180} INFO - Setting next_dagrun for example_kubernetes_executor to None, run_after=None
[2024-12-07T09:25:47.788+0000] {processor.py:208} INFO - Processing /home/airflow/.local/lib/python3.12/site-packages/airflow/example_dags/example_kubernetes_executor.py took 0.070 seconds
