[2024-12-07T09:14:16.269+0000] {processor.py:186} INFO - Started process (PID=87) to work on /home/airflow/.local/lib/python3.12/site-packages/airflow/example_dags/example_latest_only_with_trigger.py
[2024-12-07T09:14:16.270+0000] {processor.py:914} INFO - Processing file /home/airflow/.local/lib/python3.12/site-packages/airflow/example_dags/example_latest_only_with_trigger.py for tasks to queue
[2024-12-07T09:14:16.272+0000] {logging_mixin.py:190} INFO - [2024-12-07T09:14:16.272+0000] {dagbag.py:588} INFO - Filling up the DagBag from /home/airflow/.local/lib/python3.12/site-packages/airflow/example_dags/example_latest_only_with_trigger.py
[2024-12-07T09:14:16.281+0000] {processor.py:925} INFO - DAG(s) 'latest_only_with_trigger' retrieved from /home/airflow/.local/lib/python3.12/site-packages/airflow/example_dags/example_latest_only_with_trigger.py
[2024-12-07T09:14:16.419+0000] {logging_mixin.py:190} INFO - [2024-12-07T09:14:16.419+0000] {override.py:1911} INFO - Created Permission View: can edit on DAG:latest_only_with_trigger
[2024-12-07T09:14:16.429+0000] {logging_mixin.py:190} INFO - [2024-12-07T09:14:16.428+0000] {override.py:1911} INFO - Created Permission View: can delete on DAG:latest_only_with_trigger
[2024-12-07T09:14:16.439+0000] {logging_mixin.py:190} INFO - [2024-12-07T09:14:16.439+0000] {override.py:1911} INFO - Created Permission View: can read on DAG:latest_only_with_trigger
[2024-12-07T09:14:16.451+0000] {logging_mixin.py:190} INFO - [2024-12-07T09:14:16.451+0000] {override.py:1911} INFO - Created Permission View: can create on DAG Run:latest_only_with_trigger
[2024-12-07T09:14:16.456+0000] {logging_mixin.py:190} INFO - [2024-12-07T09:14:16.456+0000] {override.py:1911} INFO - Created Permission View: menu access on DAG Run:latest_only_with_trigger
[2024-12-07T09:14:16.486+0000] {logging_mixin.py:190} INFO - [2024-12-07T09:14:16.486+0000] {override.py:1911} INFO - Created Permission View: can delete on DAG Run:latest_only_with_trigger
[2024-12-07T09:14:16.493+0000] {logging_mixin.py:190} INFO - [2024-12-07T09:14:16.493+0000] {override.py:1911} INFO - Created Permission View: can read on DAG Run:latest_only_with_trigger
[2024-12-07T09:14:16.493+0000] {logging_mixin.py:190} INFO - [2024-12-07T09:14:16.493+0000] {dag.py:3239} INFO - Sync 1 DAGs
[2024-12-07T09:14:16.508+0000] {logging_mixin.py:190} INFO - [2024-12-07T09:14:16.508+0000] {dag.py:3262} INFO - Creating ORM DAG for latest_only_with_trigger
[2024-12-07T09:14:16.518+0000] {logging_mixin.py:190} INFO - [2024-12-07T09:14:16.518+0000] {dag.py:4180} INFO - Setting next_dagrun for latest_only_with_trigger to 2024-12-07 04:00:00+00:00, run_after=2024-12-07 08:00:00+00:00
[2024-12-07T09:14:16.536+0000] {processor.py:208} INFO - Processing /home/airflow/.local/lib/python3.12/site-packages/airflow/example_dags/example_latest_only_with_trigger.py took 0.273 seconds
[2024-12-07T09:14:46.786+0000] {processor.py:186} INFO - Started process (PID=150) to work on /home/airflow/.local/lib/python3.12/site-packages/airflow/example_dags/example_latest_only_with_trigger.py
[2024-12-07T09:14:46.787+0000] {processor.py:914} INFO - Processing file /home/airflow/.local/lib/python3.12/site-packages/airflow/example_dags/example_latest_only_with_trigger.py for tasks to queue
[2024-12-07T09:14:46.789+0000] {logging_mixin.py:190} INFO - [2024-12-07T09:14:46.788+0000] {dagbag.py:588} INFO - Filling up the DagBag from /home/airflow/.local/lib/python3.12/site-packages/airflow/example_dags/example_latest_only_with_trigger.py
[2024-12-07T09:14:46.795+0000] {processor.py:925} INFO - DAG(s) 'latest_only_with_trigger' retrieved from /home/airflow/.local/lib/python3.12/site-packages/airflow/example_dags/example_latest_only_with_trigger.py
[2024-12-07T09:14:46.810+0000] {logging_mixin.py:190} INFO - [2024-12-07T09:14:46.809+0000] {dag.py:3239} INFO - Sync 1 DAGs
[2024-12-07T09:14:46.826+0000] {logging_mixin.py:190} INFO - [2024-12-07T09:14:46.826+0000] {dag.py:4180} INFO - Setting next_dagrun for latest_only_with_trigger to 2024-12-07 04:00:00+00:00, run_after=2024-12-07 08:00:00+00:00
[2024-12-07T09:14:46.838+0000] {processor.py:208} INFO - Processing /home/airflow/.local/lib/python3.12/site-packages/airflow/example_dags/example_latest_only_with_trigger.py took 0.056 seconds
[2024-12-07T09:15:16.946+0000] {processor.py:186} INFO - Started process (PID=213) to work on /home/airflow/.local/lib/python3.12/site-packages/airflow/example_dags/example_latest_only_with_trigger.py
[2024-12-07T09:15:16.947+0000] {processor.py:914} INFO - Processing file /home/airflow/.local/lib/python3.12/site-packages/airflow/example_dags/example_latest_only_with_trigger.py for tasks to queue
[2024-12-07T09:15:16.949+0000] {logging_mixin.py:190} INFO - [2024-12-07T09:15:16.949+0000] {dagbag.py:588} INFO - Filling up the DagBag from /home/airflow/.local/lib/python3.12/site-packages/airflow/example_dags/example_latest_only_with_trigger.py
[2024-12-07T09:15:16.956+0000] {processor.py:925} INFO - DAG(s) 'latest_only_with_trigger' retrieved from /home/airflow/.local/lib/python3.12/site-packages/airflow/example_dags/example_latest_only_with_trigger.py
[2024-12-07T09:15:16.972+0000] {logging_mixin.py:190} INFO - [2024-12-07T09:15:16.972+0000] {dag.py:3239} INFO - Sync 1 DAGs
[2024-12-07T09:15:16.990+0000] {logging_mixin.py:190} INFO - [2024-12-07T09:15:16.990+0000] {dag.py:4180} INFO - Setting next_dagrun for latest_only_with_trigger to 2024-12-07 04:00:00+00:00, run_after=2024-12-07 08:00:00+00:00
[2024-12-07T09:15:17.006+0000] {processor.py:208} INFO - Processing /home/airflow/.local/lib/python3.12/site-packages/airflow/example_dags/example_latest_only_with_trigger.py took 0.065 seconds
[2024-12-07T09:15:47.132+0000] {processor.py:186} INFO - Started process (PID=276) to work on /home/airflow/.local/lib/python3.12/site-packages/airflow/example_dags/example_latest_only_with_trigger.py
[2024-12-07T09:15:47.133+0000] {processor.py:914} INFO - Processing file /home/airflow/.local/lib/python3.12/site-packages/airflow/example_dags/example_latest_only_with_trigger.py for tasks to queue
[2024-12-07T09:15:47.134+0000] {logging_mixin.py:190} INFO - [2024-12-07T09:15:47.134+0000] {dagbag.py:588} INFO - Filling up the DagBag from /home/airflow/.local/lib/python3.12/site-packages/airflow/example_dags/example_latest_only_with_trigger.py
[2024-12-07T09:15:47.140+0000] {processor.py:925} INFO - DAG(s) 'latest_only_with_trigger' retrieved from /home/airflow/.local/lib/python3.12/site-packages/airflow/example_dags/example_latest_only_with_trigger.py
[2024-12-07T09:15:47.155+0000] {logging_mixin.py:190} INFO - [2024-12-07T09:15:47.155+0000] {dag.py:3239} INFO - Sync 1 DAGs
[2024-12-07T09:15:47.172+0000] {logging_mixin.py:190} INFO - [2024-12-07T09:15:47.172+0000] {dag.py:4180} INFO - Setting next_dagrun for latest_only_with_trigger to 2024-12-07 04:00:00+00:00, run_after=2024-12-07 08:00:00+00:00
[2024-12-07T09:15:47.184+0000] {processor.py:208} INFO - Processing /home/airflow/.local/lib/python3.12/site-packages/airflow/example_dags/example_latest_only_with_trigger.py took 0.056 seconds
[2024-12-07T09:16:18.038+0000] {processor.py:186} INFO - Started process (PID=339) to work on /home/airflow/.local/lib/python3.12/site-packages/airflow/example_dags/example_latest_only_with_trigger.py
[2024-12-07T09:16:18.038+0000] {processor.py:914} INFO - Processing file /home/airflow/.local/lib/python3.12/site-packages/airflow/example_dags/example_latest_only_with_trigger.py for tasks to queue
[2024-12-07T09:16:18.040+0000] {logging_mixin.py:190} INFO - [2024-12-07T09:16:18.040+0000] {dagbag.py:588} INFO - Filling up the DagBag from /home/airflow/.local/lib/python3.12/site-packages/airflow/example_dags/example_latest_only_with_trigger.py
[2024-12-07T09:16:18.047+0000] {processor.py:925} INFO - DAG(s) 'latest_only_with_trigger' retrieved from /home/airflow/.local/lib/python3.12/site-packages/airflow/example_dags/example_latest_only_with_trigger.py
[2024-12-07T09:16:18.063+0000] {logging_mixin.py:190} INFO - [2024-12-07T09:16:18.063+0000] {dag.py:3239} INFO - Sync 1 DAGs
[2024-12-07T09:16:18.082+0000] {logging_mixin.py:190} INFO - [2024-12-07T09:16:18.081+0000] {dag.py:4180} INFO - Setting next_dagrun for latest_only_with_trigger to 2024-12-07 04:00:00+00:00, run_after=2024-12-07 08:00:00+00:00
[2024-12-07T09:16:18.094+0000] {processor.py:208} INFO - Processing /home/airflow/.local/lib/python3.12/site-packages/airflow/example_dags/example_latest_only_with_trigger.py took 0.060 seconds
[2024-12-07T09:16:48.325+0000] {processor.py:186} INFO - Started process (PID=403) to work on /home/airflow/.local/lib/python3.12/site-packages/airflow/example_dags/example_latest_only_with_trigger.py
[2024-12-07T09:16:48.326+0000] {processor.py:914} INFO - Processing file /home/airflow/.local/lib/python3.12/site-packages/airflow/example_dags/example_latest_only_with_trigger.py for tasks to queue
[2024-12-07T09:16:48.328+0000] {logging_mixin.py:190} INFO - [2024-12-07T09:16:48.328+0000] {dagbag.py:588} INFO - Filling up the DagBag from /home/airflow/.local/lib/python3.12/site-packages/airflow/example_dags/example_latest_only_with_trigger.py
[2024-12-07T09:16:48.336+0000] {processor.py:925} INFO - DAG(s) 'latest_only_with_trigger' retrieved from /home/airflow/.local/lib/python3.12/site-packages/airflow/example_dags/example_latest_only_with_trigger.py
[2024-12-07T09:16:48.359+0000] {logging_mixin.py:190} INFO - [2024-12-07T09:16:48.358+0000] {dag.py:3239} INFO - Sync 1 DAGs
[2024-12-07T09:16:48.379+0000] {logging_mixin.py:190} INFO - [2024-12-07T09:16:48.379+0000] {dag.py:4180} INFO - Setting next_dagrun for latest_only_with_trigger to 2024-12-07 04:00:00+00:00, run_after=2024-12-07 08:00:00+00:00
[2024-12-07T09:16:48.394+0000] {processor.py:208} INFO - Processing /home/airflow/.local/lib/python3.12/site-packages/airflow/example_dags/example_latest_only_with_trigger.py took 0.074 seconds
[2024-12-07T09:17:18.775+0000] {processor.py:186} INFO - Started process (PID=466) to work on /home/airflow/.local/lib/python3.12/site-packages/airflow/example_dags/example_latest_only_with_trigger.py
[2024-12-07T09:17:18.775+0000] {processor.py:914} INFO - Processing file /home/airflow/.local/lib/python3.12/site-packages/airflow/example_dags/example_latest_only_with_trigger.py for tasks to queue
[2024-12-07T09:17:18.777+0000] {logging_mixin.py:190} INFO - [2024-12-07T09:17:18.777+0000] {dagbag.py:588} INFO - Filling up the DagBag from /home/airflow/.local/lib/python3.12/site-packages/airflow/example_dags/example_latest_only_with_trigger.py
[2024-12-07T09:17:18.783+0000] {processor.py:925} INFO - DAG(s) 'latest_only_with_trigger' retrieved from /home/airflow/.local/lib/python3.12/site-packages/airflow/example_dags/example_latest_only_with_trigger.py
[2024-12-07T09:17:18.798+0000] {logging_mixin.py:190} INFO - [2024-12-07T09:17:18.797+0000] {dag.py:3239} INFO - Sync 1 DAGs
[2024-12-07T09:17:18.815+0000] {logging_mixin.py:190} INFO - [2024-12-07T09:17:18.815+0000] {dag.py:4180} INFO - Setting next_dagrun for latest_only_with_trigger to 2024-12-07 04:00:00+00:00, run_after=2024-12-07 08:00:00+00:00
[2024-12-07T09:17:18.826+0000] {processor.py:208} INFO - Processing /home/airflow/.local/lib/python3.12/site-packages/airflow/example_dags/example_latest_only_with_trigger.py took 0.056 seconds
[2024-12-07T09:17:49.088+0000] {processor.py:186} INFO - Started process (PID=530) to work on /home/airflow/.local/lib/python3.12/site-packages/airflow/example_dags/example_latest_only_with_trigger.py
[2024-12-07T09:17:49.089+0000] {processor.py:914} INFO - Processing file /home/airflow/.local/lib/python3.12/site-packages/airflow/example_dags/example_latest_only_with_trigger.py for tasks to queue
[2024-12-07T09:17:49.091+0000] {logging_mixin.py:190} INFO - [2024-12-07T09:17:49.090+0000] {dagbag.py:588} INFO - Filling up the DagBag from /home/airflow/.local/lib/python3.12/site-packages/airflow/example_dags/example_latest_only_with_trigger.py
[2024-12-07T09:17:49.097+0000] {processor.py:925} INFO - DAG(s) 'latest_only_with_trigger' retrieved from /home/airflow/.local/lib/python3.12/site-packages/airflow/example_dags/example_latest_only_with_trigger.py
[2024-12-07T09:17:49.114+0000] {logging_mixin.py:190} INFO - [2024-12-07T09:17:49.114+0000] {dag.py:3239} INFO - Sync 1 DAGs
[2024-12-07T09:17:49.135+0000] {logging_mixin.py:190} INFO - [2024-12-07T09:17:49.134+0000] {dag.py:4180} INFO - Setting next_dagrun for latest_only_with_trigger to 2024-12-07 04:00:00+00:00, run_after=2024-12-07 08:00:00+00:00
[2024-12-07T09:17:49.148+0000] {processor.py:208} INFO - Processing /home/airflow/.local/lib/python3.12/site-packages/airflow/example_dags/example_latest_only_with_trigger.py took 0.064 seconds
[2024-12-07T09:18:19.391+0000] {processor.py:186} INFO - Started process (PID=593) to work on /home/airflow/.local/lib/python3.12/site-packages/airflow/example_dags/example_latest_only_with_trigger.py
[2024-12-07T09:18:19.392+0000] {processor.py:914} INFO - Processing file /home/airflow/.local/lib/python3.12/site-packages/airflow/example_dags/example_latest_only_with_trigger.py for tasks to queue
[2024-12-07T09:18:19.393+0000] {logging_mixin.py:190} INFO - [2024-12-07T09:18:19.393+0000] {dagbag.py:588} INFO - Filling up the DagBag from /home/airflow/.local/lib/python3.12/site-packages/airflow/example_dags/example_latest_only_with_trigger.py
[2024-12-07T09:18:19.399+0000] {processor.py:925} INFO - DAG(s) 'latest_only_with_trigger' retrieved from /home/airflow/.local/lib/python3.12/site-packages/airflow/example_dags/example_latest_only_with_trigger.py
[2024-12-07T09:18:19.413+0000] {logging_mixin.py:190} INFO - [2024-12-07T09:18:19.413+0000] {dag.py:3239} INFO - Sync 1 DAGs
[2024-12-07T09:18:19.430+0000] {logging_mixin.py:190} INFO - [2024-12-07T09:18:19.430+0000] {dag.py:4180} INFO - Setting next_dagrun for latest_only_with_trigger to 2024-12-07 04:00:00+00:00, run_after=2024-12-07 08:00:00+00:00
[2024-12-07T09:18:19.442+0000] {processor.py:208} INFO - Processing /home/airflow/.local/lib/python3.12/site-packages/airflow/example_dags/example_latest_only_with_trigger.py took 0.055 seconds
[2024-12-07T09:18:49.882+0000] {processor.py:186} INFO - Started process (PID=656) to work on /home/airflow/.local/lib/python3.12/site-packages/airflow/example_dags/example_latest_only_with_trigger.py
[2024-12-07T09:18:49.883+0000] {processor.py:914} INFO - Processing file /home/airflow/.local/lib/python3.12/site-packages/airflow/example_dags/example_latest_only_with_trigger.py for tasks to queue
[2024-12-07T09:18:49.885+0000] {logging_mixin.py:190} INFO - [2024-12-07T09:18:49.884+0000] {dagbag.py:588} INFO - Filling up the DagBag from /home/airflow/.local/lib/python3.12/site-packages/airflow/example_dags/example_latest_only_with_trigger.py
[2024-12-07T09:18:49.890+0000] {processor.py:925} INFO - DAG(s) 'latest_only_with_trigger' retrieved from /home/airflow/.local/lib/python3.12/site-packages/airflow/example_dags/example_latest_only_with_trigger.py
[2024-12-07T09:18:49.905+0000] {logging_mixin.py:190} INFO - [2024-12-07T09:18:49.905+0000] {dag.py:3239} INFO - Sync 1 DAGs
[2024-12-07T09:18:49.923+0000] {logging_mixin.py:190} INFO - [2024-12-07T09:18:49.923+0000] {dag.py:4180} INFO - Setting next_dagrun for latest_only_with_trigger to 2024-12-07 04:00:00+00:00, run_after=2024-12-07 08:00:00+00:00
[2024-12-07T09:18:49.935+0000] {processor.py:208} INFO - Processing /home/airflow/.local/lib/python3.12/site-packages/airflow/example_dags/example_latest_only_with_trigger.py took 0.057 seconds
[2024-12-07T09:19:20.868+0000] {processor.py:186} INFO - Started process (PID=721) to work on /home/airflow/.local/lib/python3.12/site-packages/airflow/example_dags/example_latest_only_with_trigger.py
[2024-12-07T09:19:20.869+0000] {processor.py:914} INFO - Processing file /home/airflow/.local/lib/python3.12/site-packages/airflow/example_dags/example_latest_only_with_trigger.py for tasks to queue
[2024-12-07T09:19:20.872+0000] {logging_mixin.py:190} INFO - [2024-12-07T09:19:20.871+0000] {dagbag.py:588} INFO - Filling up the DagBag from /home/airflow/.local/lib/python3.12/site-packages/airflow/example_dags/example_latest_only_with_trigger.py
[2024-12-07T09:19:20.879+0000] {processor.py:925} INFO - DAG(s) 'latest_only_with_trigger' retrieved from /home/airflow/.local/lib/python3.12/site-packages/airflow/example_dags/example_latest_only_with_trigger.py
[2024-12-07T09:19:20.901+0000] {logging_mixin.py:190} INFO - [2024-12-07T09:19:20.901+0000] {dag.py:3239} INFO - Sync 1 DAGs
[2024-12-07T09:19:20.929+0000] {logging_mixin.py:190} INFO - [2024-12-07T09:19:20.929+0000] {dag.py:4180} INFO - Setting next_dagrun for latest_only_with_trigger to 2024-12-07 04:00:00+00:00, run_after=2024-12-07 08:00:00+00:00
[2024-12-07T09:19:20.945+0000] {processor.py:208} INFO - Processing /home/airflow/.local/lib/python3.12/site-packages/airflow/example_dags/example_latest_only_with_trigger.py took 0.083 seconds
[2024-12-07T09:19:51.410+0000] {processor.py:186} INFO - Started process (PID=785) to work on /home/airflow/.local/lib/python3.12/site-packages/airflow/example_dags/example_latest_only_with_trigger.py
[2024-12-07T09:19:51.411+0000] {processor.py:914} INFO - Processing file /home/airflow/.local/lib/python3.12/site-packages/airflow/example_dags/example_latest_only_with_trigger.py for tasks to queue
[2024-12-07T09:19:51.412+0000] {logging_mixin.py:190} INFO - [2024-12-07T09:19:51.412+0000] {dagbag.py:588} INFO - Filling up the DagBag from /home/airflow/.local/lib/python3.12/site-packages/airflow/example_dags/example_latest_only_with_trigger.py
[2024-12-07T09:19:51.418+0000] {processor.py:925} INFO - DAG(s) 'latest_only_with_trigger' retrieved from /home/airflow/.local/lib/python3.12/site-packages/airflow/example_dags/example_latest_only_with_trigger.py
[2024-12-07T09:19:51.433+0000] {logging_mixin.py:190} INFO - [2024-12-07T09:19:51.432+0000] {dag.py:3239} INFO - Sync 1 DAGs
[2024-12-07T09:19:51.450+0000] {logging_mixin.py:190} INFO - [2024-12-07T09:19:51.449+0000] {dag.py:4180} INFO - Setting next_dagrun for latest_only_with_trigger to 2024-12-07 04:00:00+00:00, run_after=2024-12-07 08:00:00+00:00
[2024-12-07T09:19:51.462+0000] {processor.py:208} INFO - Processing /home/airflow/.local/lib/python3.12/site-packages/airflow/example_dags/example_latest_only_with_trigger.py took 0.057 seconds
[2024-12-07T09:20:21.850+0000] {processor.py:186} INFO - Started process (PID=850) to work on /home/airflow/.local/lib/python3.12/site-packages/airflow/example_dags/example_latest_only_with_trigger.py
[2024-12-07T09:20:21.850+0000] {processor.py:914} INFO - Processing file /home/airflow/.local/lib/python3.12/site-packages/airflow/example_dags/example_latest_only_with_trigger.py for tasks to queue
[2024-12-07T09:20:21.852+0000] {logging_mixin.py:190} INFO - [2024-12-07T09:20:21.852+0000] {dagbag.py:588} INFO - Filling up the DagBag from /home/airflow/.local/lib/python3.12/site-packages/airflow/example_dags/example_latest_only_with_trigger.py
[2024-12-07T09:20:21.857+0000] {processor.py:925} INFO - DAG(s) 'latest_only_with_trigger' retrieved from /home/airflow/.local/lib/python3.12/site-packages/airflow/example_dags/example_latest_only_with_trigger.py
[2024-12-07T09:20:21.873+0000] {logging_mixin.py:190} INFO - [2024-12-07T09:20:21.873+0000] {dag.py:3239} INFO - Sync 1 DAGs
[2024-12-07T09:20:21.890+0000] {logging_mixin.py:190} INFO - [2024-12-07T09:20:21.890+0000] {dag.py:4180} INFO - Setting next_dagrun for latest_only_with_trigger to 2024-12-07 04:00:00+00:00, run_after=2024-12-07 08:00:00+00:00
[2024-12-07T09:20:21.902+0000] {processor.py:208} INFO - Processing /home/airflow/.local/lib/python3.12/site-packages/airflow/example_dags/example_latest_only_with_trigger.py took 0.057 seconds
[2024-12-07T09:20:51.982+0000] {processor.py:186} INFO - Started process (PID=914) to work on /home/airflow/.local/lib/python3.12/site-packages/airflow/example_dags/example_latest_only_with_trigger.py
[2024-12-07T09:20:51.983+0000] {processor.py:914} INFO - Processing file /home/airflow/.local/lib/python3.12/site-packages/airflow/example_dags/example_latest_only_with_trigger.py for tasks to queue
[2024-12-07T09:20:51.984+0000] {logging_mixin.py:190} INFO - [2024-12-07T09:20:51.984+0000] {dagbag.py:588} INFO - Filling up the DagBag from /home/airflow/.local/lib/python3.12/site-packages/airflow/example_dags/example_latest_only_with_trigger.py
[2024-12-07T09:20:51.989+0000] {processor.py:925} INFO - DAG(s) 'latest_only_with_trigger' retrieved from /home/airflow/.local/lib/python3.12/site-packages/airflow/example_dags/example_latest_only_with_trigger.py
[2024-12-07T09:20:52.004+0000] {logging_mixin.py:190} INFO - [2024-12-07T09:20:52.004+0000] {dag.py:3239} INFO - Sync 1 DAGs
[2024-12-07T09:20:52.021+0000] {logging_mixin.py:190} INFO - [2024-12-07T09:20:52.021+0000] {dag.py:4180} INFO - Setting next_dagrun for latest_only_with_trigger to 2024-12-07 04:00:00+00:00, run_after=2024-12-07 08:00:00+00:00
[2024-12-07T09:20:52.033+0000] {processor.py:208} INFO - Processing /home/airflow/.local/lib/python3.12/site-packages/airflow/example_dags/example_latest_only_with_trigger.py took 0.056 seconds
[2024-12-07T09:21:22.126+0000] {processor.py:186} INFO - Started process (PID=978) to work on /home/airflow/.local/lib/python3.12/site-packages/airflow/example_dags/example_latest_only_with_trigger.py
[2024-12-07T09:21:22.127+0000] {processor.py:914} INFO - Processing file /home/airflow/.local/lib/python3.12/site-packages/airflow/example_dags/example_latest_only_with_trigger.py for tasks to queue
[2024-12-07T09:21:22.128+0000] {logging_mixin.py:190} INFO - [2024-12-07T09:21:22.128+0000] {dagbag.py:588} INFO - Filling up the DagBag from /home/airflow/.local/lib/python3.12/site-packages/airflow/example_dags/example_latest_only_with_trigger.py
[2024-12-07T09:21:22.134+0000] {processor.py:925} INFO - DAG(s) 'latest_only_with_trigger' retrieved from /home/airflow/.local/lib/python3.12/site-packages/airflow/example_dags/example_latest_only_with_trigger.py
[2024-12-07T09:21:22.150+0000] {logging_mixin.py:190} INFO - [2024-12-07T09:21:22.149+0000] {dag.py:3239} INFO - Sync 1 DAGs
[2024-12-07T09:21:22.168+0000] {logging_mixin.py:190} INFO - [2024-12-07T09:21:22.167+0000] {dag.py:4180} INFO - Setting next_dagrun for latest_only_with_trigger to 2024-12-07 04:00:00+00:00, run_after=2024-12-07 08:00:00+00:00
[2024-12-07T09:21:22.182+0000] {processor.py:208} INFO - Processing /home/airflow/.local/lib/python3.12/site-packages/airflow/example_dags/example_latest_only_with_trigger.py took 0.060 seconds
[2024-12-07T09:21:52.449+0000] {processor.py:186} INFO - Started process (PID=1042) to work on /home/airflow/.local/lib/python3.12/site-packages/airflow/example_dags/example_latest_only_with_trigger.py
[2024-12-07T09:21:52.449+0000] {processor.py:914} INFO - Processing file /home/airflow/.local/lib/python3.12/site-packages/airflow/example_dags/example_latest_only_with_trigger.py for tasks to queue
[2024-12-07T09:21:52.451+0000] {logging_mixin.py:190} INFO - [2024-12-07T09:21:52.451+0000] {dagbag.py:588} INFO - Filling up the DagBag from /home/airflow/.local/lib/python3.12/site-packages/airflow/example_dags/example_latest_only_with_trigger.py
[2024-12-07T09:21:52.457+0000] {processor.py:925} INFO - DAG(s) 'latest_only_with_trigger' retrieved from /home/airflow/.local/lib/python3.12/site-packages/airflow/example_dags/example_latest_only_with_trigger.py
[2024-12-07T09:21:52.472+0000] {logging_mixin.py:190} INFO - [2024-12-07T09:21:52.471+0000] {dag.py:3239} INFO - Sync 1 DAGs
[2024-12-07T09:21:52.489+0000] {logging_mixin.py:190} INFO - [2024-12-07T09:21:52.489+0000] {dag.py:4180} INFO - Setting next_dagrun for latest_only_with_trigger to 2024-12-07 04:00:00+00:00, run_after=2024-12-07 08:00:00+00:00
[2024-12-07T09:21:52.500+0000] {processor.py:208} INFO - Processing /home/airflow/.local/lib/python3.12/site-packages/airflow/example_dags/example_latest_only_with_trigger.py took 0.056 seconds
[2024-12-07T09:22:23.450+0000] {processor.py:186} INFO - Started process (PID=1106) to work on /home/airflow/.local/lib/python3.12/site-packages/airflow/example_dags/example_latest_only_with_trigger.py
[2024-12-07T09:22:23.451+0000] {processor.py:914} INFO - Processing file /home/airflow/.local/lib/python3.12/site-packages/airflow/example_dags/example_latest_only_with_trigger.py for tasks to queue
[2024-12-07T09:22:23.452+0000] {logging_mixin.py:190} INFO - [2024-12-07T09:22:23.452+0000] {dagbag.py:588} INFO - Filling up the DagBag from /home/airflow/.local/lib/python3.12/site-packages/airflow/example_dags/example_latest_only_with_trigger.py
[2024-12-07T09:22:23.459+0000] {processor.py:925} INFO - DAG(s) 'latest_only_with_trigger' retrieved from /home/airflow/.local/lib/python3.12/site-packages/airflow/example_dags/example_latest_only_with_trigger.py
[2024-12-07T09:22:23.476+0000] {logging_mixin.py:190} INFO - [2024-12-07T09:22:23.476+0000] {dag.py:3239} INFO - Sync 1 DAGs
[2024-12-07T09:22:23.493+0000] {logging_mixin.py:190} INFO - [2024-12-07T09:22:23.493+0000] {dag.py:4180} INFO - Setting next_dagrun for latest_only_with_trigger to 2024-12-07 04:00:00+00:00, run_after=2024-12-07 08:00:00+00:00
[2024-12-07T09:22:23.505+0000] {processor.py:208} INFO - Processing /home/airflow/.local/lib/python3.12/site-packages/airflow/example_dags/example_latest_only_with_trigger.py took 0.061 seconds
[2024-12-07T09:22:53.909+0000] {processor.py:186} INFO - Started process (PID=1170) to work on /home/airflow/.local/lib/python3.12/site-packages/airflow/example_dags/example_latest_only_with_trigger.py
[2024-12-07T09:22:53.910+0000] {processor.py:914} INFO - Processing file /home/airflow/.local/lib/python3.12/site-packages/airflow/example_dags/example_latest_only_with_trigger.py for tasks to queue
[2024-12-07T09:22:53.912+0000] {logging_mixin.py:190} INFO - [2024-12-07T09:22:53.912+0000] {dagbag.py:588} INFO - Filling up the DagBag from /home/airflow/.local/lib/python3.12/site-packages/airflow/example_dags/example_latest_only_with_trigger.py
[2024-12-07T09:22:53.922+0000] {processor.py:925} INFO - DAG(s) 'latest_only_with_trigger' retrieved from /home/airflow/.local/lib/python3.12/site-packages/airflow/example_dags/example_latest_only_with_trigger.py
[2024-12-07T09:22:53.941+0000] {logging_mixin.py:190} INFO - [2024-12-07T09:22:53.941+0000] {dag.py:3239} INFO - Sync 1 DAGs
[2024-12-07T09:22:53.968+0000] {logging_mixin.py:190} INFO - [2024-12-07T09:22:53.967+0000] {dag.py:4180} INFO - Setting next_dagrun for latest_only_with_trigger to 2024-12-07 04:00:00+00:00, run_after=2024-12-07 08:00:00+00:00
[2024-12-07T09:22:53.987+0000] {processor.py:208} INFO - Processing /home/airflow/.local/lib/python3.12/site-packages/airflow/example_dags/example_latest_only_with_trigger.py took 0.084 seconds
[2024-12-07T09:23:24.088+0000] {processor.py:186} INFO - Started process (PID=1234) to work on /home/airflow/.local/lib/python3.12/site-packages/airflow/example_dags/example_latest_only_with_trigger.py
[2024-12-07T09:23:24.089+0000] {processor.py:914} INFO - Processing file /home/airflow/.local/lib/python3.12/site-packages/airflow/example_dags/example_latest_only_with_trigger.py for tasks to queue
[2024-12-07T09:23:24.090+0000] {logging_mixin.py:190} INFO - [2024-12-07T09:23:24.090+0000] {dagbag.py:588} INFO - Filling up the DagBag from /home/airflow/.local/lib/python3.12/site-packages/airflow/example_dags/example_latest_only_with_trigger.py
[2024-12-07T09:23:24.096+0000] {processor.py:925} INFO - DAG(s) 'latest_only_with_trigger' retrieved from /home/airflow/.local/lib/python3.12/site-packages/airflow/example_dags/example_latest_only_with_trigger.py
[2024-12-07T09:23:24.114+0000] {logging_mixin.py:190} INFO - [2024-12-07T09:23:24.114+0000] {dag.py:3239} INFO - Sync 1 DAGs
[2024-12-07T09:23:24.132+0000] {logging_mixin.py:190} INFO - [2024-12-07T09:23:24.132+0000] {dag.py:4180} INFO - Setting next_dagrun for latest_only_with_trigger to 2024-12-07 04:00:00+00:00, run_after=2024-12-07 08:00:00+00:00
[2024-12-07T09:23:24.145+0000] {processor.py:208} INFO - Processing /home/airflow/.local/lib/python3.12/site-packages/airflow/example_dags/example_latest_only_with_trigger.py took 0.062 seconds
[2024-12-07T09:23:54.311+0000] {processor.py:186} INFO - Started process (PID=1298) to work on /home/airflow/.local/lib/python3.12/site-packages/airflow/example_dags/example_latest_only_with_trigger.py
[2024-12-07T09:23:54.312+0000] {processor.py:914} INFO - Processing file /home/airflow/.local/lib/python3.12/site-packages/airflow/example_dags/example_latest_only_with_trigger.py for tasks to queue
[2024-12-07T09:23:54.314+0000] {logging_mixin.py:190} INFO - [2024-12-07T09:23:54.314+0000] {dagbag.py:588} INFO - Filling up the DagBag from /home/airflow/.local/lib/python3.12/site-packages/airflow/example_dags/example_latest_only_with_trigger.py
[2024-12-07T09:23:54.321+0000] {processor.py:925} INFO - DAG(s) 'latest_only_with_trigger' retrieved from /home/airflow/.local/lib/python3.12/site-packages/airflow/example_dags/example_latest_only_with_trigger.py
[2024-12-07T09:23:54.341+0000] {logging_mixin.py:190} INFO - [2024-12-07T09:23:54.341+0000] {dag.py:3239} INFO - Sync 1 DAGs
[2024-12-07T09:23:54.365+0000] {logging_mixin.py:190} INFO - [2024-12-07T09:23:54.364+0000] {dag.py:4180} INFO - Setting next_dagrun for latest_only_with_trigger to 2024-12-07 04:00:00+00:00, run_after=2024-12-07 08:00:00+00:00
[2024-12-07T09:23:54.381+0000] {processor.py:208} INFO - Processing /home/airflow/.local/lib/python3.12/site-packages/airflow/example_dags/example_latest_only_with_trigger.py took 0.076 seconds
[2024-12-07T09:24:24.616+0000] {processor.py:186} INFO - Started process (PID=1362) to work on /home/airflow/.local/lib/python3.12/site-packages/airflow/example_dags/example_latest_only_with_trigger.py
[2024-12-07T09:24:24.616+0000] {processor.py:914} INFO - Processing file /home/airflow/.local/lib/python3.12/site-packages/airflow/example_dags/example_latest_only_with_trigger.py for tasks to queue
[2024-12-07T09:24:24.618+0000] {logging_mixin.py:190} INFO - [2024-12-07T09:24:24.618+0000] {dagbag.py:588} INFO - Filling up the DagBag from /home/airflow/.local/lib/python3.12/site-packages/airflow/example_dags/example_latest_only_with_trigger.py
[2024-12-07T09:24:24.624+0000] {processor.py:925} INFO - DAG(s) 'latest_only_with_trigger' retrieved from /home/airflow/.local/lib/python3.12/site-packages/airflow/example_dags/example_latest_only_with_trigger.py
[2024-12-07T09:24:24.638+0000] {logging_mixin.py:190} INFO - [2024-12-07T09:24:24.638+0000] {dag.py:3239} INFO - Sync 1 DAGs
[2024-12-07T09:24:24.655+0000] {logging_mixin.py:190} INFO - [2024-12-07T09:24:24.655+0000] {dag.py:4180} INFO - Setting next_dagrun for latest_only_with_trigger to 2024-12-07 04:00:00+00:00, run_after=2024-12-07 08:00:00+00:00
[2024-12-07T09:24:24.667+0000] {processor.py:208} INFO - Processing /home/airflow/.local/lib/python3.12/site-packages/airflow/example_dags/example_latest_only_with_trigger.py took 0.055 seconds
[2024-12-07T09:24:54.734+0000] {processor.py:186} INFO - Started process (PID=1426) to work on /home/airflow/.local/lib/python3.12/site-packages/airflow/example_dags/example_latest_only_with_trigger.py
[2024-12-07T09:24:54.734+0000] {processor.py:914} INFO - Processing file /home/airflow/.local/lib/python3.12/site-packages/airflow/example_dags/example_latest_only_with_trigger.py for tasks to queue
[2024-12-07T09:24:54.736+0000] {logging_mixin.py:190} INFO - [2024-12-07T09:24:54.736+0000] {dagbag.py:588} INFO - Filling up the DagBag from /home/airflow/.local/lib/python3.12/site-packages/airflow/example_dags/example_latest_only_with_trigger.py
[2024-12-07T09:24:54.744+0000] {processor.py:925} INFO - DAG(s) 'latest_only_with_trigger' retrieved from /home/airflow/.local/lib/python3.12/site-packages/airflow/example_dags/example_latest_only_with_trigger.py
[2024-12-07T09:24:54.759+0000] {logging_mixin.py:190} INFO - [2024-12-07T09:24:54.759+0000] {dag.py:3239} INFO - Sync 1 DAGs
[2024-12-07T09:24:54.777+0000] {logging_mixin.py:190} INFO - [2024-12-07T09:24:54.777+0000] {dag.py:4180} INFO - Setting next_dagrun for latest_only_with_trigger to 2024-12-07 04:00:00+00:00, run_after=2024-12-07 08:00:00+00:00
[2024-12-07T09:24:54.789+0000] {processor.py:208} INFO - Processing /home/airflow/.local/lib/python3.12/site-packages/airflow/example_dags/example_latest_only_with_trigger.py took 0.059 seconds
[2024-12-07T09:25:25.348+0000] {processor.py:186} INFO - Started process (PID=1490) to work on /home/airflow/.local/lib/python3.12/site-packages/airflow/example_dags/example_latest_only_with_trigger.py
[2024-12-07T09:25:25.349+0000] {processor.py:914} INFO - Processing file /home/airflow/.local/lib/python3.12/site-packages/airflow/example_dags/example_latest_only_with_trigger.py for tasks to queue
[2024-12-07T09:25:25.351+0000] {logging_mixin.py:190} INFO - [2024-12-07T09:25:25.350+0000] {dagbag.py:588} INFO - Filling up the DagBag from /home/airflow/.local/lib/python3.12/site-packages/airflow/example_dags/example_latest_only_with_trigger.py
[2024-12-07T09:25:25.358+0000] {processor.py:925} INFO - DAG(s) 'latest_only_with_trigger' retrieved from /home/airflow/.local/lib/python3.12/site-packages/airflow/example_dags/example_latest_only_with_trigger.py
[2024-12-07T09:25:25.374+0000] {logging_mixin.py:190} INFO - [2024-12-07T09:25:25.374+0000] {dag.py:3239} INFO - Sync 1 DAGs
[2024-12-07T09:25:25.394+0000] {logging_mixin.py:190} INFO - [2024-12-07T09:25:25.394+0000] {dag.py:4180} INFO - Setting next_dagrun for latest_only_with_trigger to 2024-12-07 04:00:00+00:00, run_after=2024-12-07 08:00:00+00:00
[2024-12-07T09:25:25.408+0000] {processor.py:208} INFO - Processing /home/airflow/.local/lib/python3.12/site-packages/airflow/example_dags/example_latest_only_with_trigger.py took 0.065 seconds
[2024-12-07T09:25:55.778+0000] {processor.py:186} INFO - Started process (PID=1554) to work on /home/airflow/.local/lib/python3.12/site-packages/airflow/example_dags/example_latest_only_with_trigger.py
[2024-12-07T09:25:55.779+0000] {processor.py:914} INFO - Processing file /home/airflow/.local/lib/python3.12/site-packages/airflow/example_dags/example_latest_only_with_trigger.py for tasks to queue
[2024-12-07T09:25:55.781+0000] {logging_mixin.py:190} INFO - [2024-12-07T09:25:55.781+0000] {dagbag.py:588} INFO - Filling up the DagBag from /home/airflow/.local/lib/python3.12/site-packages/airflow/example_dags/example_latest_only_with_trigger.py
[2024-12-07T09:25:55.789+0000] {processor.py:925} INFO - DAG(s) 'latest_only_with_trigger' retrieved from /home/airflow/.local/lib/python3.12/site-packages/airflow/example_dags/example_latest_only_with_trigger.py
[2024-12-07T09:25:55.814+0000] {logging_mixin.py:190} INFO - [2024-12-07T09:25:55.814+0000] {dag.py:3239} INFO - Sync 1 DAGs
[2024-12-07T09:25:55.835+0000] {logging_mixin.py:190} INFO - [2024-12-07T09:25:55.835+0000] {dag.py:4180} INFO - Setting next_dagrun for latest_only_with_trigger to 2024-12-07 04:00:00+00:00, run_after=2024-12-07 08:00:00+00:00
[2024-12-07T09:25:55.847+0000] {processor.py:208} INFO - Processing /home/airflow/.local/lib/python3.12/site-packages/airflow/example_dags/example_latest_only_with_trigger.py took 0.074 seconds
