[2024-12-07T09:14:15.483+0000] {processor.py:186} INFO - Started process (PID=86) to work on /home/airflow/.local/lib/python3.12/site-packages/airflow/example_dags/example_display_name.py
[2024-12-07T09:14:15.493+0000] {processor.py:914} INFO - Processing file /home/airflow/.local/lib/python3.12/site-packages/airflow/example_dags/example_display_name.py for tasks to queue
[2024-12-07T09:14:15.500+0000] {logging_mixin.py:190} INFO - [2024-12-07T09:14:15.500+0000] {dagbag.py:588} INFO - Filling up the DagBag from /home/airflow/.local/lib/python3.12/site-packages/airflow/example_dags/example_display_name.py
[2024-12-07T09:14:15.510+0000] {processor.py:925} INFO - DAG(s) 'example_display_name' retrieved from /home/airflow/.local/lib/python3.12/site-packages/airflow/example_dags/example_display_name.py
[2024-12-07T09:14:15.860+0000] {logging_mixin.py:190} INFO - [2024-12-07T09:14:15.859+0000] {override.py:1911} INFO - Created Permission View: can edit on DAG:example_display_name
[2024-12-07T09:14:16.041+0000] {logging_mixin.py:190} INFO - [2024-12-07T09:14:16.040+0000] {override.py:1911} INFO - Created Permission View: can delete on DAG:example_display_name
[2024-12-07T09:14:16.057+0000] {logging_mixin.py:190} INFO - [2024-12-07T09:14:16.057+0000] {override.py:1911} INFO - Created Permission View: can read on DAG:example_display_name
[2024-12-07T09:14:16.090+0000] {logging_mixin.py:190} INFO - [2024-12-07T09:14:16.090+0000] {override.py:1911} INFO - Created Permission View: can create on DAG Run:example_display_name
[2024-12-07T09:14:16.144+0000] {logging_mixin.py:190} INFO - [2024-12-07T09:14:16.143+0000] {override.py:1911} INFO - Created Permission View: menu access on DAG Run:example_display_name
[2024-12-07T09:14:16.192+0000] {logging_mixin.py:190} INFO - [2024-12-07T09:14:16.192+0000] {override.py:1911} INFO - Created Permission View: can delete on DAG Run:example_display_name
[2024-12-07T09:14:16.226+0000] {logging_mixin.py:190} INFO - [2024-12-07T09:14:16.225+0000] {override.py:1911} INFO - Created Permission View: can read on DAG Run:example_display_name
[2024-12-07T09:14:16.226+0000] {logging_mixin.py:190} INFO - [2024-12-07T09:14:16.226+0000] {dag.py:3239} INFO - Sync 1 DAGs
[2024-12-07T09:14:16.241+0000] {logging_mixin.py:190} INFO - [2024-12-07T09:14:16.241+0000] {dag.py:3262} INFO - Creating ORM DAG for example_display_name
[2024-12-07T09:14:16.241+0000] {logging_mixin.py:190} INFO - [2024-12-07T09:14:16.241+0000] {dag.py:4180} INFO - Setting next_dagrun for example_display_name to None, run_after=None
[2024-12-07T09:14:16.255+0000] {processor.py:208} INFO - Processing /home/airflow/.local/lib/python3.12/site-packages/airflow/example_dags/example_display_name.py took 0.792 seconds
[2024-12-07T09:14:46.714+0000] {processor.py:186} INFO - Started process (PID=149) to work on /home/airflow/.local/lib/python3.12/site-packages/airflow/example_dags/example_display_name.py
[2024-12-07T09:14:46.714+0000] {processor.py:914} INFO - Processing file /home/airflow/.local/lib/python3.12/site-packages/airflow/example_dags/example_display_name.py for tasks to queue
[2024-12-07T09:14:46.716+0000] {logging_mixin.py:190} INFO - [2024-12-07T09:14:46.716+0000] {dagbag.py:588} INFO - Filling up the DagBag from /home/airflow/.local/lib/python3.12/site-packages/airflow/example_dags/example_display_name.py
[2024-12-07T09:14:46.722+0000] {processor.py:925} INFO - DAG(s) 'example_display_name' retrieved from /home/airflow/.local/lib/python3.12/site-packages/airflow/example_dags/example_display_name.py
[2024-12-07T09:14:46.736+0000] {logging_mixin.py:190} INFO - [2024-12-07T09:14:46.736+0000] {dag.py:3239} INFO - Sync 1 DAGs
[2024-12-07T09:14:46.748+0000] {logging_mixin.py:190} INFO - [2024-12-07T09:14:46.748+0000] {dag.py:4180} INFO - Setting next_dagrun for example_display_name to None, run_after=None
[2024-12-07T09:14:46.763+0000] {processor.py:208} INFO - Processing /home/airflow/.local/lib/python3.12/site-packages/airflow/example_dags/example_display_name.py took 0.054 seconds
[2024-12-07T09:15:16.867+0000] {processor.py:186} INFO - Started process (PID=212) to work on /home/airflow/.local/lib/python3.12/site-packages/airflow/example_dags/example_display_name.py
[2024-12-07T09:15:16.867+0000] {processor.py:914} INFO - Processing file /home/airflow/.local/lib/python3.12/site-packages/airflow/example_dags/example_display_name.py for tasks to queue
[2024-12-07T09:15:16.870+0000] {logging_mixin.py:190} INFO - [2024-12-07T09:15:16.870+0000] {dagbag.py:588} INFO - Filling up the DagBag from /home/airflow/.local/lib/python3.12/site-packages/airflow/example_dags/example_display_name.py
[2024-12-07T09:15:16.877+0000] {processor.py:925} INFO - DAG(s) 'example_display_name' retrieved from /home/airflow/.local/lib/python3.12/site-packages/airflow/example_dags/example_display_name.py
[2024-12-07T09:15:16.893+0000] {logging_mixin.py:190} INFO - [2024-12-07T09:15:16.892+0000] {dag.py:3239} INFO - Sync 1 DAGs
[2024-12-07T09:15:16.903+0000] {logging_mixin.py:190} INFO - [2024-12-07T09:15:16.903+0000] {dag.py:4180} INFO - Setting next_dagrun for example_display_name to None, run_after=None
[2024-12-07T09:15:16.919+0000] {processor.py:208} INFO - Processing /home/airflow/.local/lib/python3.12/site-packages/airflow/example_dags/example_display_name.py took 0.059 seconds
[2024-12-07T09:15:47.063+0000] {processor.py:186} INFO - Started process (PID=275) to work on /home/airflow/.local/lib/python3.12/site-packages/airflow/example_dags/example_display_name.py
[2024-12-07T09:15:47.064+0000] {processor.py:914} INFO - Processing file /home/airflow/.local/lib/python3.12/site-packages/airflow/example_dags/example_display_name.py for tasks to queue
[2024-12-07T09:15:47.065+0000] {logging_mixin.py:190} INFO - [2024-12-07T09:15:47.065+0000] {dagbag.py:588} INFO - Filling up the DagBag from /home/airflow/.local/lib/python3.12/site-packages/airflow/example_dags/example_display_name.py
[2024-12-07T09:15:47.071+0000] {processor.py:925} INFO - DAG(s) 'example_display_name' retrieved from /home/airflow/.local/lib/python3.12/site-packages/airflow/example_dags/example_display_name.py
[2024-12-07T09:15:47.085+0000] {logging_mixin.py:190} INFO - [2024-12-07T09:15:47.085+0000] {dag.py:3239} INFO - Sync 1 DAGs
[2024-12-07T09:15:47.096+0000] {logging_mixin.py:190} INFO - [2024-12-07T09:15:47.096+0000] {dag.py:4180} INFO - Setting next_dagrun for example_display_name to None, run_after=None
[2024-12-07T09:15:47.109+0000] {processor.py:208} INFO - Processing /home/airflow/.local/lib/python3.12/site-packages/airflow/example_dags/example_display_name.py took 0.050 seconds
[2024-12-07T09:16:17.959+0000] {processor.py:186} INFO - Started process (PID=338) to work on /home/airflow/.local/lib/python3.12/site-packages/airflow/example_dags/example_display_name.py
[2024-12-07T09:16:17.959+0000] {processor.py:914} INFO - Processing file /home/airflow/.local/lib/python3.12/site-packages/airflow/example_dags/example_display_name.py for tasks to queue
[2024-12-07T09:16:17.961+0000] {logging_mixin.py:190} INFO - [2024-12-07T09:16:17.961+0000] {dagbag.py:588} INFO - Filling up the DagBag from /home/airflow/.local/lib/python3.12/site-packages/airflow/example_dags/example_display_name.py
[2024-12-07T09:16:17.966+0000] {processor.py:925} INFO - DAG(s) 'example_display_name' retrieved from /home/airflow/.local/lib/python3.12/site-packages/airflow/example_dags/example_display_name.py
[2024-12-07T09:16:17.983+0000] {logging_mixin.py:190} INFO - [2024-12-07T09:16:17.983+0000] {dag.py:3239} INFO - Sync 1 DAGs
[2024-12-07T09:16:17.998+0000] {logging_mixin.py:190} INFO - [2024-12-07T09:16:17.998+0000] {dag.py:4180} INFO - Setting next_dagrun for example_display_name to None, run_after=None
[2024-12-07T09:16:18.014+0000] {processor.py:208} INFO - Processing /home/airflow/.local/lib/python3.12/site-packages/airflow/example_dags/example_display_name.py took 0.060 seconds
[2024-12-07T09:16:48.232+0000] {processor.py:186} INFO - Started process (PID=402) to work on /home/airflow/.local/lib/python3.12/site-packages/airflow/example_dags/example_display_name.py
[2024-12-07T09:16:48.233+0000] {processor.py:914} INFO - Processing file /home/airflow/.local/lib/python3.12/site-packages/airflow/example_dags/example_display_name.py for tasks to queue
[2024-12-07T09:16:48.235+0000] {logging_mixin.py:190} INFO - [2024-12-07T09:16:48.235+0000] {dagbag.py:588} INFO - Filling up the DagBag from /home/airflow/.local/lib/python3.12/site-packages/airflow/example_dags/example_display_name.py
[2024-12-07T09:16:48.243+0000] {processor.py:925} INFO - DAG(s) 'example_display_name' retrieved from /home/airflow/.local/lib/python3.12/site-packages/airflow/example_dags/example_display_name.py
[2024-12-07T09:16:48.262+0000] {logging_mixin.py:190} INFO - [2024-12-07T09:16:48.262+0000] {dag.py:3239} INFO - Sync 1 DAGs
[2024-12-07T09:16:48.279+0000] {logging_mixin.py:190} INFO - [2024-12-07T09:16:48.279+0000] {dag.py:4180} INFO - Setting next_dagrun for example_display_name to None, run_after=None
[2024-12-07T09:16:48.296+0000] {processor.py:208} INFO - Processing /home/airflow/.local/lib/python3.12/site-packages/airflow/example_dags/example_display_name.py took 0.069 seconds
[2024-12-07T09:17:18.705+0000] {processor.py:186} INFO - Started process (PID=465) to work on /home/airflow/.local/lib/python3.12/site-packages/airflow/example_dags/example_display_name.py
[2024-12-07T09:17:18.705+0000] {processor.py:914} INFO - Processing file /home/airflow/.local/lib/python3.12/site-packages/airflow/example_dags/example_display_name.py for tasks to queue
[2024-12-07T09:17:18.707+0000] {logging_mixin.py:190} INFO - [2024-12-07T09:17:18.707+0000] {dagbag.py:588} INFO - Filling up the DagBag from /home/airflow/.local/lib/python3.12/site-packages/airflow/example_dags/example_display_name.py
[2024-12-07T09:17:18.712+0000] {processor.py:925} INFO - DAG(s) 'example_display_name' retrieved from /home/airflow/.local/lib/python3.12/site-packages/airflow/example_dags/example_display_name.py
[2024-12-07T09:17:18.727+0000] {logging_mixin.py:190} INFO - [2024-12-07T09:17:18.726+0000] {dag.py:3239} INFO - Sync 1 DAGs
[2024-12-07T09:17:18.737+0000] {logging_mixin.py:190} INFO - [2024-12-07T09:17:18.737+0000] {dag.py:4180} INFO - Setting next_dagrun for example_display_name to None, run_after=None
[2024-12-07T09:17:18.751+0000] {processor.py:208} INFO - Processing /home/airflow/.local/lib/python3.12/site-packages/airflow/example_dags/example_display_name.py took 0.050 seconds
[2024-12-07T09:17:49.001+0000] {processor.py:186} INFO - Started process (PID=529) to work on /home/airflow/.local/lib/python3.12/site-packages/airflow/example_dags/example_display_name.py
[2024-12-07T09:17:49.002+0000] {processor.py:914} INFO - Processing file /home/airflow/.local/lib/python3.12/site-packages/airflow/example_dags/example_display_name.py for tasks to queue
[2024-12-07T09:17:49.003+0000] {logging_mixin.py:190} INFO - [2024-12-07T09:17:49.003+0000] {dagbag.py:588} INFO - Filling up the DagBag from /home/airflow/.local/lib/python3.12/site-packages/airflow/example_dags/example_display_name.py
[2024-12-07T09:17:49.009+0000] {processor.py:925} INFO - DAG(s) 'example_display_name' retrieved from /home/airflow/.local/lib/python3.12/site-packages/airflow/example_dags/example_display_name.py
[2024-12-07T09:17:49.027+0000] {logging_mixin.py:190} INFO - [2024-12-07T09:17:49.027+0000] {dag.py:3239} INFO - Sync 1 DAGs
[2024-12-07T09:17:49.044+0000] {logging_mixin.py:190} INFO - [2024-12-07T09:17:49.044+0000] {dag.py:4180} INFO - Setting next_dagrun for example_display_name to None, run_after=None
[2024-12-07T09:17:49.063+0000] {processor.py:208} INFO - Processing /home/airflow/.local/lib/python3.12/site-packages/airflow/example_dags/example_display_name.py took 0.067 seconds
[2024-12-07T09:18:19.319+0000] {processor.py:186} INFO - Started process (PID=592) to work on /home/airflow/.local/lib/python3.12/site-packages/airflow/example_dags/example_display_name.py
[2024-12-07T09:18:19.319+0000] {processor.py:914} INFO - Processing file /home/airflow/.local/lib/python3.12/site-packages/airflow/example_dags/example_display_name.py for tasks to queue
[2024-12-07T09:18:19.321+0000] {logging_mixin.py:190} INFO - [2024-12-07T09:18:19.321+0000] {dagbag.py:588} INFO - Filling up the DagBag from /home/airflow/.local/lib/python3.12/site-packages/airflow/example_dags/example_display_name.py
[2024-12-07T09:18:19.326+0000] {processor.py:925} INFO - DAG(s) 'example_display_name' retrieved from /home/airflow/.local/lib/python3.12/site-packages/airflow/example_dags/example_display_name.py
[2024-12-07T09:18:19.341+0000] {logging_mixin.py:190} INFO - [2024-12-07T09:18:19.341+0000] {dag.py:3239} INFO - Sync 1 DAGs
[2024-12-07T09:18:19.353+0000] {logging_mixin.py:190} INFO - [2024-12-07T09:18:19.353+0000] {dag.py:4180} INFO - Setting next_dagrun for example_display_name to None, run_after=None
[2024-12-07T09:18:19.367+0000] {processor.py:208} INFO - Processing /home/airflow/.local/lib/python3.12/site-packages/airflow/example_dags/example_display_name.py took 0.053 seconds
[2024-12-07T09:18:49.813+0000] {processor.py:186} INFO - Started process (PID=655) to work on /home/airflow/.local/lib/python3.12/site-packages/airflow/example_dags/example_display_name.py
[2024-12-07T09:18:49.814+0000] {processor.py:914} INFO - Processing file /home/airflow/.local/lib/python3.12/site-packages/airflow/example_dags/example_display_name.py for tasks to queue
[2024-12-07T09:18:49.815+0000] {logging_mixin.py:190} INFO - [2024-12-07T09:18:49.815+0000] {dagbag.py:588} INFO - Filling up the DagBag from /home/airflow/.local/lib/python3.12/site-packages/airflow/example_dags/example_display_name.py
[2024-12-07T09:18:49.821+0000] {processor.py:925} INFO - DAG(s) 'example_display_name' retrieved from /home/airflow/.local/lib/python3.12/site-packages/airflow/example_dags/example_display_name.py
[2024-12-07T09:18:49.835+0000] {logging_mixin.py:190} INFO - [2024-12-07T09:18:49.835+0000] {dag.py:3239} INFO - Sync 1 DAGs
[2024-12-07T09:18:49.846+0000] {logging_mixin.py:190} INFO - [2024-12-07T09:18:49.846+0000] {dag.py:4180} INFO - Setting next_dagrun for example_display_name to None, run_after=None
[2024-12-07T09:18:49.860+0000] {processor.py:208} INFO - Processing /home/airflow/.local/lib/python3.12/site-packages/airflow/example_dags/example_display_name.py took 0.050 seconds
[2024-12-07T09:19:20.751+0000] {processor.py:186} INFO - Started process (PID=720) to work on /home/airflow/.local/lib/python3.12/site-packages/airflow/example_dags/example_display_name.py
[2024-12-07T09:19:20.752+0000] {processor.py:914} INFO - Processing file /home/airflow/.local/lib/python3.12/site-packages/airflow/example_dags/example_display_name.py for tasks to queue
[2024-12-07T09:19:20.754+0000] {logging_mixin.py:190} INFO - [2024-12-07T09:19:20.753+0000] {dagbag.py:588} INFO - Filling up the DagBag from /home/airflow/.local/lib/python3.12/site-packages/airflow/example_dags/example_display_name.py
[2024-12-07T09:19:20.761+0000] {processor.py:925} INFO - DAG(s) 'example_display_name' retrieved from /home/airflow/.local/lib/python3.12/site-packages/airflow/example_dags/example_display_name.py
[2024-12-07T09:19:20.776+0000] {logging_mixin.py:190} INFO - [2024-12-07T09:19:20.776+0000] {dag.py:3239} INFO - Sync 1 DAGs
[2024-12-07T09:19:20.787+0000] {logging_mixin.py:190} INFO - [2024-12-07T09:19:20.787+0000] {dag.py:4180} INFO - Setting next_dagrun for example_display_name to None, run_after=None
[2024-12-07T09:19:20.820+0000] {processor.py:208} INFO - Processing /home/airflow/.local/lib/python3.12/site-packages/airflow/example_dags/example_display_name.py took 0.075 seconds
[2024-12-07T09:19:51.340+0000] {processor.py:186} INFO - Started process (PID=784) to work on /home/airflow/.local/lib/python3.12/site-packages/airflow/example_dags/example_display_name.py
[2024-12-07T09:19:51.341+0000] {processor.py:914} INFO - Processing file /home/airflow/.local/lib/python3.12/site-packages/airflow/example_dags/example_display_name.py for tasks to queue
[2024-12-07T09:19:51.342+0000] {logging_mixin.py:190} INFO - [2024-12-07T09:19:51.342+0000] {dagbag.py:588} INFO - Filling up the DagBag from /home/airflow/.local/lib/python3.12/site-packages/airflow/example_dags/example_display_name.py
[2024-12-07T09:19:51.348+0000] {processor.py:925} INFO - DAG(s) 'example_display_name' retrieved from /home/airflow/.local/lib/python3.12/site-packages/airflow/example_dags/example_display_name.py
[2024-12-07T09:19:51.362+0000] {logging_mixin.py:190} INFO - [2024-12-07T09:19:51.362+0000] {dag.py:3239} INFO - Sync 1 DAGs
[2024-12-07T09:19:51.374+0000] {logging_mixin.py:190} INFO - [2024-12-07T09:19:51.374+0000] {dag.py:4180} INFO - Setting next_dagrun for example_display_name to None, run_after=None
[2024-12-07T09:19:51.387+0000] {processor.py:208} INFO - Processing /home/airflow/.local/lib/python3.12/site-packages/airflow/example_dags/example_display_name.py took 0.052 seconds
[2024-12-07T09:20:21.779+0000] {processor.py:186} INFO - Started process (PID=849) to work on /home/airflow/.local/lib/python3.12/site-packages/airflow/example_dags/example_display_name.py
[2024-12-07T09:20:21.780+0000] {processor.py:914} INFO - Processing file /home/airflow/.local/lib/python3.12/site-packages/airflow/example_dags/example_display_name.py for tasks to queue
[2024-12-07T09:20:21.782+0000] {logging_mixin.py:190} INFO - [2024-12-07T09:20:21.782+0000] {dagbag.py:588} INFO - Filling up the DagBag from /home/airflow/.local/lib/python3.12/site-packages/airflow/example_dags/example_display_name.py
[2024-12-07T09:20:21.789+0000] {processor.py:925} INFO - DAG(s) 'example_display_name' retrieved from /home/airflow/.local/lib/python3.12/site-packages/airflow/example_dags/example_display_name.py
[2024-12-07T09:20:21.803+0000] {logging_mixin.py:190} INFO - [2024-12-07T09:20:21.802+0000] {dag.py:3239} INFO - Sync 1 DAGs
[2024-12-07T09:20:21.813+0000] {logging_mixin.py:190} INFO - [2024-12-07T09:20:21.813+0000] {dag.py:4180} INFO - Setting next_dagrun for example_display_name to None, run_after=None
[2024-12-07T09:20:21.826+0000] {processor.py:208} INFO - Processing /home/airflow/.local/lib/python3.12/site-packages/airflow/example_dags/example_display_name.py took 0.054 seconds
[2024-12-07T09:20:51.910+0000] {processor.py:186} INFO - Started process (PID=913) to work on /home/airflow/.local/lib/python3.12/site-packages/airflow/example_dags/example_display_name.py
[2024-12-07T09:20:51.911+0000] {processor.py:914} INFO - Processing file /home/airflow/.local/lib/python3.12/site-packages/airflow/example_dags/example_display_name.py for tasks to queue
[2024-12-07T09:20:51.912+0000] {logging_mixin.py:190} INFO - [2024-12-07T09:20:51.912+0000] {dagbag.py:588} INFO - Filling up the DagBag from /home/airflow/.local/lib/python3.12/site-packages/airflow/example_dags/example_display_name.py
[2024-12-07T09:20:51.918+0000] {processor.py:925} INFO - DAG(s) 'example_display_name' retrieved from /home/airflow/.local/lib/python3.12/site-packages/airflow/example_dags/example_display_name.py
[2024-12-07T09:20:51.932+0000] {logging_mixin.py:190} INFO - [2024-12-07T09:20:51.932+0000] {dag.py:3239} INFO - Sync 1 DAGs
[2024-12-07T09:20:51.944+0000] {logging_mixin.py:190} INFO - [2024-12-07T09:20:51.944+0000] {dag.py:4180} INFO - Setting next_dagrun for example_display_name to None, run_after=None
[2024-12-07T09:20:51.957+0000] {processor.py:208} INFO - Processing /home/airflow/.local/lib/python3.12/site-packages/airflow/example_dags/example_display_name.py took 0.052 seconds
[2024-12-07T09:21:22.045+0000] {processor.py:186} INFO - Started process (PID=977) to work on /home/airflow/.local/lib/python3.12/site-packages/airflow/example_dags/example_display_name.py
[2024-12-07T09:21:22.046+0000] {processor.py:914} INFO - Processing file /home/airflow/.local/lib/python3.12/site-packages/airflow/example_dags/example_display_name.py for tasks to queue
[2024-12-07T09:21:22.047+0000] {logging_mixin.py:190} INFO - [2024-12-07T09:21:22.047+0000] {dagbag.py:588} INFO - Filling up the DagBag from /home/airflow/.local/lib/python3.12/site-packages/airflow/example_dags/example_display_name.py
[2024-12-07T09:21:22.053+0000] {processor.py:925} INFO - DAG(s) 'example_display_name' retrieved from /home/airflow/.local/lib/python3.12/site-packages/airflow/example_dags/example_display_name.py
[2024-12-07T09:21:22.070+0000] {logging_mixin.py:190} INFO - [2024-12-07T09:21:22.070+0000] {dag.py:3239} INFO - Sync 1 DAGs
[2024-12-07T09:21:22.085+0000] {logging_mixin.py:190} INFO - [2024-12-07T09:21:22.085+0000] {dag.py:4180} INFO - Setting next_dagrun for example_display_name to None, run_after=None
[2024-12-07T09:21:22.101+0000] {processor.py:208} INFO - Processing /home/airflow/.local/lib/python3.12/site-packages/airflow/example_dags/example_display_name.py took 0.060 seconds
[2024-12-07T09:21:52.381+0000] {processor.py:186} INFO - Started process (PID=1041) to work on /home/airflow/.local/lib/python3.12/site-packages/airflow/example_dags/example_display_name.py
[2024-12-07T09:21:52.381+0000] {processor.py:914} INFO - Processing file /home/airflow/.local/lib/python3.12/site-packages/airflow/example_dags/example_display_name.py for tasks to queue
[2024-12-07T09:21:52.383+0000] {logging_mixin.py:190} INFO - [2024-12-07T09:21:52.382+0000] {dagbag.py:588} INFO - Filling up the DagBag from /home/airflow/.local/lib/python3.12/site-packages/airflow/example_dags/example_display_name.py
[2024-12-07T09:21:52.388+0000] {processor.py:925} INFO - DAG(s) 'example_display_name' retrieved from /home/airflow/.local/lib/python3.12/site-packages/airflow/example_dags/example_display_name.py
[2024-12-07T09:21:52.403+0000] {logging_mixin.py:190} INFO - [2024-12-07T09:21:52.402+0000] {dag.py:3239} INFO - Sync 1 DAGs
[2024-12-07T09:21:52.414+0000] {logging_mixin.py:190} INFO - [2024-12-07T09:21:52.413+0000] {dag.py:4180} INFO - Setting next_dagrun for example_display_name to None, run_after=None
[2024-12-07T09:21:52.427+0000] {processor.py:208} INFO - Processing /home/airflow/.local/lib/python3.12/site-packages/airflow/example_dags/example_display_name.py took 0.051 seconds
[2024-12-07T09:22:23.370+0000] {processor.py:186} INFO - Started process (PID=1105) to work on /home/airflow/.local/lib/python3.12/site-packages/airflow/example_dags/example_display_name.py
[2024-12-07T09:22:23.370+0000] {processor.py:914} INFO - Processing file /home/airflow/.local/lib/python3.12/site-packages/airflow/example_dags/example_display_name.py for tasks to queue
[2024-12-07T09:22:23.372+0000] {logging_mixin.py:190} INFO - [2024-12-07T09:22:23.372+0000] {dagbag.py:588} INFO - Filling up the DagBag from /home/airflow/.local/lib/python3.12/site-packages/airflow/example_dags/example_display_name.py
[2024-12-07T09:22:23.377+0000] {processor.py:925} INFO - DAG(s) 'example_display_name' retrieved from /home/airflow/.local/lib/python3.12/site-packages/airflow/example_dags/example_display_name.py
[2024-12-07T09:22:23.392+0000] {logging_mixin.py:190} INFO - [2024-12-07T09:22:23.391+0000] {dag.py:3239} INFO - Sync 1 DAGs
[2024-12-07T09:22:23.406+0000] {logging_mixin.py:190} INFO - [2024-12-07T09:22:23.406+0000] {dag.py:4180} INFO - Setting next_dagrun for example_display_name to None, run_after=None
[2024-12-07T09:22:23.422+0000] {processor.py:208} INFO - Processing /home/airflow/.local/lib/python3.12/site-packages/airflow/example_dags/example_display_name.py took 0.057 seconds
[2024-12-07T09:22:53.799+0000] {processor.py:186} INFO - Started process (PID=1169) to work on /home/airflow/.local/lib/python3.12/site-packages/airflow/example_dags/example_display_name.py
[2024-12-07T09:22:53.800+0000] {processor.py:914} INFO - Processing file /home/airflow/.local/lib/python3.12/site-packages/airflow/example_dags/example_display_name.py for tasks to queue
[2024-12-07T09:22:53.802+0000] {logging_mixin.py:190} INFO - [2024-12-07T09:22:53.802+0000] {dagbag.py:588} INFO - Filling up the DagBag from /home/airflow/.local/lib/python3.12/site-packages/airflow/example_dags/example_display_name.py
[2024-12-07T09:22:53.809+0000] {processor.py:925} INFO - DAG(s) 'example_display_name' retrieved from /home/airflow/.local/lib/python3.12/site-packages/airflow/example_dags/example_display_name.py
[2024-12-07T09:22:53.832+0000] {logging_mixin.py:190} INFO - [2024-12-07T09:22:53.832+0000] {dag.py:3239} INFO - Sync 1 DAGs
[2024-12-07T09:22:53.849+0000] {logging_mixin.py:190} INFO - [2024-12-07T09:22:53.849+0000] {dag.py:4180} INFO - Setting next_dagrun for example_display_name to None, run_after=None
[2024-12-07T09:22:53.872+0000] {processor.py:208} INFO - Processing /home/airflow/.local/lib/python3.12/site-packages/airflow/example_dags/example_display_name.py took 0.079 seconds
[2024-12-07T09:23:24.010+0000] {processor.py:186} INFO - Started process (PID=1233) to work on /home/airflow/.local/lib/python3.12/site-packages/airflow/example_dags/example_display_name.py
[2024-12-07T09:23:24.010+0000] {processor.py:914} INFO - Processing file /home/airflow/.local/lib/python3.12/site-packages/airflow/example_dags/example_display_name.py for tasks to queue
[2024-12-07T09:23:24.012+0000] {logging_mixin.py:190} INFO - [2024-12-07T09:23:24.012+0000] {dagbag.py:588} INFO - Filling up the DagBag from /home/airflow/.local/lib/python3.12/site-packages/airflow/example_dags/example_display_name.py
[2024-12-07T09:23:24.018+0000] {processor.py:925} INFO - DAG(s) 'example_display_name' retrieved from /home/airflow/.local/lib/python3.12/site-packages/airflow/example_dags/example_display_name.py
[2024-12-07T09:23:24.032+0000] {logging_mixin.py:190} INFO - [2024-12-07T09:23:24.032+0000] {dag.py:3239} INFO - Sync 1 DAGs
[2024-12-07T09:23:24.045+0000] {logging_mixin.py:190} INFO - [2024-12-07T09:23:24.044+0000] {dag.py:4180} INFO - Setting next_dagrun for example_display_name to None, run_after=None
[2024-12-07T09:23:24.060+0000] {processor.py:208} INFO - Processing /home/airflow/.local/lib/python3.12/site-packages/airflow/example_dags/example_display_name.py took 0.055 seconds
[2024-12-07T09:23:54.232+0000] {processor.py:186} INFO - Started process (PID=1297) to work on /home/airflow/.local/lib/python3.12/site-packages/airflow/example_dags/example_display_name.py
[2024-12-07T09:23:54.233+0000] {processor.py:914} INFO - Processing file /home/airflow/.local/lib/python3.12/site-packages/airflow/example_dags/example_display_name.py for tasks to queue
[2024-12-07T09:23:54.235+0000] {logging_mixin.py:190} INFO - [2024-12-07T09:23:54.235+0000] {dagbag.py:588} INFO - Filling up the DagBag from /home/airflow/.local/lib/python3.12/site-packages/airflow/example_dags/example_display_name.py
[2024-12-07T09:23:54.243+0000] {processor.py:925} INFO - DAG(s) 'example_display_name' retrieved from /home/airflow/.local/lib/python3.12/site-packages/airflow/example_dags/example_display_name.py
[2024-12-07T09:23:54.262+0000] {logging_mixin.py:190} INFO - [2024-12-07T09:23:54.261+0000] {dag.py:3239} INFO - Sync 1 DAGs
[2024-12-07T09:23:54.279+0000] {logging_mixin.py:190} INFO - [2024-12-07T09:23:54.279+0000] {dag.py:4180} INFO - Setting next_dagrun for example_display_name to None, run_after=None
[2024-12-07T09:23:54.295+0000] {processor.py:208} INFO - Processing /home/airflow/.local/lib/python3.12/site-packages/airflow/example_dags/example_display_name.py took 0.069 seconds
[2024-12-07T09:24:24.536+0000] {processor.py:186} INFO - Started process (PID=1361) to work on /home/airflow/.local/lib/python3.12/site-packages/airflow/example_dags/example_display_name.py
[2024-12-07T09:24:24.536+0000] {processor.py:914} INFO - Processing file /home/airflow/.local/lib/python3.12/site-packages/airflow/example_dags/example_display_name.py for tasks to queue
[2024-12-07T09:24:24.538+0000] {logging_mixin.py:190} INFO - [2024-12-07T09:24:24.538+0000] {dagbag.py:588} INFO - Filling up the DagBag from /home/airflow/.local/lib/python3.12/site-packages/airflow/example_dags/example_display_name.py
[2024-12-07T09:24:24.544+0000] {processor.py:925} INFO - DAG(s) 'example_display_name' retrieved from /home/airflow/.local/lib/python3.12/site-packages/airflow/example_dags/example_display_name.py
[2024-12-07T09:24:24.563+0000] {logging_mixin.py:190} INFO - [2024-12-07T09:24:24.563+0000] {dag.py:3239} INFO - Sync 1 DAGs
[2024-12-07T09:24:24.579+0000] {logging_mixin.py:190} INFO - [2024-12-07T09:24:24.579+0000] {dag.py:4180} INFO - Setting next_dagrun for example_display_name to None, run_after=None
[2024-12-07T09:24:24.594+0000] {processor.py:208} INFO - Processing /home/airflow/.local/lib/python3.12/site-packages/airflow/example_dags/example_display_name.py took 0.064 seconds
[2024-12-07T09:24:54.666+0000] {processor.py:186} INFO - Started process (PID=1425) to work on /home/airflow/.local/lib/python3.12/site-packages/airflow/example_dags/example_display_name.py
[2024-12-07T09:24:54.667+0000] {processor.py:914} INFO - Processing file /home/airflow/.local/lib/python3.12/site-packages/airflow/example_dags/example_display_name.py for tasks to queue
[2024-12-07T09:24:54.668+0000] {logging_mixin.py:190} INFO - [2024-12-07T09:24:54.668+0000] {dagbag.py:588} INFO - Filling up the DagBag from /home/airflow/.local/lib/python3.12/site-packages/airflow/example_dags/example_display_name.py
[2024-12-07T09:24:54.674+0000] {processor.py:925} INFO - DAG(s) 'example_display_name' retrieved from /home/airflow/.local/lib/python3.12/site-packages/airflow/example_dags/example_display_name.py
[2024-12-07T09:24:54.687+0000] {logging_mixin.py:190} INFO - [2024-12-07T09:24:54.687+0000] {dag.py:3239} INFO - Sync 1 DAGs
[2024-12-07T09:24:54.698+0000] {logging_mixin.py:190} INFO - [2024-12-07T09:24:54.698+0000] {dag.py:4180} INFO - Setting next_dagrun for example_display_name to None, run_after=None
[2024-12-07T09:24:54.712+0000] {processor.py:208} INFO - Processing /home/airflow/.local/lib/python3.12/site-packages/airflow/example_dags/example_display_name.py took 0.050 seconds
[2024-12-07T09:25:25.278+0000] {processor.py:186} INFO - Started process (PID=1489) to work on /home/airflow/.local/lib/python3.12/site-packages/airflow/example_dags/example_display_name.py
[2024-12-07T09:25:25.279+0000] {processor.py:914} INFO - Processing file /home/airflow/.local/lib/python3.12/site-packages/airflow/example_dags/example_display_name.py for tasks to queue
[2024-12-07T09:25:25.280+0000] {logging_mixin.py:190} INFO - [2024-12-07T09:25:25.280+0000] {dagbag.py:588} INFO - Filling up the DagBag from /home/airflow/.local/lib/python3.12/site-packages/airflow/example_dags/example_display_name.py
[2024-12-07T09:25:25.286+0000] {processor.py:925} INFO - DAG(s) 'example_display_name' retrieved from /home/airflow/.local/lib/python3.12/site-packages/airflow/example_dags/example_display_name.py
[2024-12-07T09:25:25.301+0000] {logging_mixin.py:190} INFO - [2024-12-07T09:25:25.301+0000] {dag.py:3239} INFO - Sync 1 DAGs
[2024-12-07T09:25:25.311+0000] {logging_mixin.py:190} INFO - [2024-12-07T09:25:25.311+0000] {dag.py:4180} INFO - Setting next_dagrun for example_display_name to None, run_after=None
[2024-12-07T09:25:25.325+0000] {processor.py:208} INFO - Processing /home/airflow/.local/lib/python3.12/site-packages/airflow/example_dags/example_display_name.py took 0.051 seconds
[2024-12-07T09:25:55.707+0000] {processor.py:186} INFO - Started process (PID=1553) to work on /home/airflow/.local/lib/python3.12/site-packages/airflow/example_dags/example_display_name.py
[2024-12-07T09:25:55.708+0000] {processor.py:914} INFO - Processing file /home/airflow/.local/lib/python3.12/site-packages/airflow/example_dags/example_display_name.py for tasks to queue
[2024-12-07T09:25:55.709+0000] {logging_mixin.py:190} INFO - [2024-12-07T09:25:55.709+0000] {dagbag.py:588} INFO - Filling up the DagBag from /home/airflow/.local/lib/python3.12/site-packages/airflow/example_dags/example_display_name.py
[2024-12-07T09:25:55.715+0000] {processor.py:925} INFO - DAG(s) 'example_display_name' retrieved from /home/airflow/.local/lib/python3.12/site-packages/airflow/example_dags/example_display_name.py
[2024-12-07T09:25:55.729+0000] {logging_mixin.py:190} INFO - [2024-12-07T09:25:55.729+0000] {dag.py:3239} INFO - Sync 1 DAGs
[2024-12-07T09:25:55.741+0000] {logging_mixin.py:190} INFO - [2024-12-07T09:25:55.741+0000] {dag.py:4180} INFO - Setting next_dagrun for example_display_name to None, run_after=None
[2024-12-07T09:25:55.754+0000] {processor.py:208} INFO - Processing /home/airflow/.local/lib/python3.12/site-packages/airflow/example_dags/example_display_name.py took 0.051 seconds
