[2024-12-07T09:14:23.167+0000] {processor.py:186} INFO - Started process (PID=119) to work on /home/airflow/.local/lib/python3.12/site-packages/airflow/example_dags/example_inlet_event_extra.py
[2024-12-07T09:14:23.167+0000] {processor.py:914} INFO - Processing file /home/airflow/.local/lib/python3.12/site-packages/airflow/example_dags/example_inlet_event_extra.py for tasks to queue
[2024-12-07T09:14:23.169+0000] {logging_mixin.py:190} INFO - [2024-12-07T09:14:23.169+0000] {dagbag.py:588} INFO - Filling up the DagBag from /home/airflow/.local/lib/python3.12/site-packages/airflow/example_dags/example_inlet_event_extra.py
[2024-12-07T09:14:23.846+0000] {processor.py:925} INFO - DAG(s) 'read_dataset_event_from_classic', 'read_dataset_event' retrieved from /home/airflow/.local/lib/python3.12/site-packages/airflow/example_dags/example_inlet_event_extra.py
[2024-12-07T09:14:23.948+0000] {logging_mixin.py:190} INFO - [2024-12-07T09:14:23.947+0000] {override.py:1911} INFO - Created Permission View: can edit on DAG:read_dataset_event_from_classic
[2024-12-07T09:14:23.957+0000] {logging_mixin.py:190} INFO - [2024-12-07T09:14:23.957+0000] {override.py:1911} INFO - Created Permission View: can delete on DAG:read_dataset_event_from_classic
[2024-12-07T09:14:23.961+0000] {logging_mixin.py:190} INFO - [2024-12-07T09:14:23.961+0000] {override.py:1911} INFO - Created Permission View: can read on DAG:read_dataset_event_from_classic
[2024-12-07T09:14:23.966+0000] {logging_mixin.py:190} INFO - [2024-12-07T09:14:23.966+0000] {override.py:1911} INFO - Created Permission View: can create on DAG Run:read_dataset_event_from_classic
[2024-12-07T09:14:23.970+0000] {logging_mixin.py:190} INFO - [2024-12-07T09:14:23.970+0000] {override.py:1911} INFO - Created Permission View: menu access on DAG Run:read_dataset_event_from_classic
[2024-12-07T09:14:23.975+0000] {logging_mixin.py:190} INFO - [2024-12-07T09:14:23.975+0000] {override.py:1911} INFO - Created Permission View: can delete on DAG Run:read_dataset_event_from_classic
[2024-12-07T09:14:23.980+0000] {logging_mixin.py:190} INFO - [2024-12-07T09:14:23.980+0000] {override.py:1911} INFO - Created Permission View: can read on DAG Run:read_dataset_event_from_classic
[2024-12-07T09:14:23.989+0000] {logging_mixin.py:190} INFO - [2024-12-07T09:14:23.989+0000] {override.py:1911} INFO - Created Permission View: can edit on DAG:read_dataset_event
[2024-12-07T09:14:23.993+0000] {logging_mixin.py:190} INFO - [2024-12-07T09:14:23.993+0000] {override.py:1911} INFO - Created Permission View: can delete on DAG:read_dataset_event
[2024-12-07T09:14:23.998+0000] {logging_mixin.py:190} INFO - [2024-12-07T09:14:23.998+0000] {override.py:1911} INFO - Created Permission View: can read on DAG:read_dataset_event
[2024-12-07T09:14:24.003+0000] {logging_mixin.py:190} INFO - [2024-12-07T09:14:24.002+0000] {override.py:1911} INFO - Created Permission View: can create on DAG Run:read_dataset_event
[2024-12-07T09:14:24.007+0000] {logging_mixin.py:190} INFO - [2024-12-07T09:14:24.007+0000] {override.py:1911} INFO - Created Permission View: menu access on DAG Run:read_dataset_event
[2024-12-07T09:14:24.012+0000] {logging_mixin.py:190} INFO - [2024-12-07T09:14:24.012+0000] {override.py:1911} INFO - Created Permission View: can delete on DAG Run:read_dataset_event
[2024-12-07T09:14:24.017+0000] {logging_mixin.py:190} INFO - [2024-12-07T09:14:24.016+0000] {override.py:1911} INFO - Created Permission View: can read on DAG Run:read_dataset_event
[2024-12-07T09:14:24.017+0000] {logging_mixin.py:190} INFO - [2024-12-07T09:14:24.017+0000] {dag.py:3239} INFO - Sync 2 DAGs
[2024-12-07T09:14:24.029+0000] {logging_mixin.py:190} INFO - [2024-12-07T09:14:24.029+0000] {dag.py:3262} INFO - Creating ORM DAG for read_dataset_event_from_classic
[2024-12-07T09:14:24.030+0000] {logging_mixin.py:190} INFO - [2024-12-07T09:14:24.030+0000] {dag.py:3262} INFO - Creating ORM DAG for read_dataset_event
[2024-12-07T09:14:24.038+0000] {logging_mixin.py:190} INFO - [2024-12-07T09:14:24.038+0000] {dag.py:4180} INFO - Setting next_dagrun for read_dataset_event to 2024-12-06 00:00:00+00:00, run_after=2024-12-07 00:00:00+00:00
[2024-12-07T09:14:24.039+0000] {logging_mixin.py:190} INFO - [2024-12-07T09:14:24.039+0000] {dag.py:4180} INFO - Setting next_dagrun for read_dataset_event_from_classic to 2024-12-06 00:00:00+00:00, run_after=2024-12-07 00:00:00+00:00
[2024-12-07T09:14:24.051+0000] {processor.py:208} INFO - Processing /home/airflow/.local/lib/python3.12/site-packages/airflow/example_dags/example_inlet_event_extra.py took 0.889 seconds
[2024-12-07T09:14:54.499+0000] {processor.py:186} INFO - Started process (PID=188) to work on /home/airflow/.local/lib/python3.12/site-packages/airflow/example_dags/example_inlet_event_extra.py
[2024-12-07T09:14:54.500+0000] {processor.py:914} INFO - Processing file /home/airflow/.local/lib/python3.12/site-packages/airflow/example_dags/example_inlet_event_extra.py for tasks to queue
[2024-12-07T09:14:54.501+0000] {logging_mixin.py:190} INFO - [2024-12-07T09:14:54.501+0000] {dagbag.py:588} INFO - Filling up the DagBag from /home/airflow/.local/lib/python3.12/site-packages/airflow/example_dags/example_inlet_event_extra.py
[2024-12-07T09:14:55.018+0000] {processor.py:925} INFO - DAG(s) 'read_dataset_event', 'read_dataset_event_from_classic' retrieved from /home/airflow/.local/lib/python3.12/site-packages/airflow/example_dags/example_inlet_event_extra.py
[2024-12-07T09:14:55.032+0000] {logging_mixin.py:190} INFO - [2024-12-07T09:14:55.032+0000] {dag.py:3239} INFO - Sync 2 DAGs
[2024-12-07T09:14:55.051+0000] {logging_mixin.py:190} INFO - [2024-12-07T09:14:55.051+0000] {dag.py:4180} INFO - Setting next_dagrun for read_dataset_event to 2024-12-06 00:00:00+00:00, run_after=2024-12-07 00:00:00+00:00
[2024-12-07T09:14:55.055+0000] {logging_mixin.py:190} INFO - [2024-12-07T09:14:55.055+0000] {dag.py:4180} INFO - Setting next_dagrun for read_dataset_event_from_classic to 2024-12-06 00:00:00+00:00, run_after=2024-12-07 00:00:00+00:00
[2024-12-07T09:14:55.066+0000] {processor.py:208} INFO - Processing /home/airflow/.local/lib/python3.12/site-packages/airflow/example_dags/example_inlet_event_extra.py took 0.571 seconds
[2024-12-07T09:15:25.614+0000] {processor.py:186} INFO - Started process (PID=251) to work on /home/airflow/.local/lib/python3.12/site-packages/airflow/example_dags/example_inlet_event_extra.py
[2024-12-07T09:15:25.615+0000] {processor.py:914} INFO - Processing file /home/airflow/.local/lib/python3.12/site-packages/airflow/example_dags/example_inlet_event_extra.py for tasks to queue
[2024-12-07T09:15:25.617+0000] {logging_mixin.py:190} INFO - [2024-12-07T09:15:25.616+0000] {dagbag.py:588} INFO - Filling up the DagBag from /home/airflow/.local/lib/python3.12/site-packages/airflow/example_dags/example_inlet_event_extra.py
[2024-12-07T09:15:26.204+0000] {processor.py:925} INFO - DAG(s) 'read_dataset_event_from_classic', 'read_dataset_event' retrieved from /home/airflow/.local/lib/python3.12/site-packages/airflow/example_dags/example_inlet_event_extra.py
[2024-12-07T09:15:26.223+0000] {logging_mixin.py:190} INFO - [2024-12-07T09:15:26.223+0000] {dag.py:3239} INFO - Sync 2 DAGs
[2024-12-07T09:15:26.253+0000] {logging_mixin.py:190} INFO - [2024-12-07T09:15:26.253+0000] {dag.py:4180} INFO - Setting next_dagrun for read_dataset_event to 2024-12-06 00:00:00+00:00, run_after=2024-12-07 00:00:00+00:00
[2024-12-07T09:15:26.259+0000] {logging_mixin.py:190} INFO - [2024-12-07T09:15:26.259+0000] {dag.py:4180} INFO - Setting next_dagrun for read_dataset_event_from_classic to 2024-12-06 00:00:00+00:00, run_after=2024-12-07 00:00:00+00:00
[2024-12-07T09:15:26.275+0000] {processor.py:208} INFO - Processing /home/airflow/.local/lib/python3.12/site-packages/airflow/example_dags/example_inlet_event_extra.py took 0.666 seconds
[2024-12-07T09:15:56.516+0000] {processor.py:186} INFO - Started process (PID=314) to work on /home/airflow/.local/lib/python3.12/site-packages/airflow/example_dags/example_inlet_event_extra.py
[2024-12-07T09:15:56.517+0000] {processor.py:914} INFO - Processing file /home/airflow/.local/lib/python3.12/site-packages/airflow/example_dags/example_inlet_event_extra.py for tasks to queue
[2024-12-07T09:15:56.518+0000] {logging_mixin.py:190} INFO - [2024-12-07T09:15:56.518+0000] {dagbag.py:588} INFO - Filling up the DagBag from /home/airflow/.local/lib/python3.12/site-packages/airflow/example_dags/example_inlet_event_extra.py
[2024-12-07T09:15:57.044+0000] {processor.py:925} INFO - DAG(s) 'read_dataset_event_from_classic', 'read_dataset_event' retrieved from /home/airflow/.local/lib/python3.12/site-packages/airflow/example_dags/example_inlet_event_extra.py
[2024-12-07T09:15:57.067+0000] {logging_mixin.py:190} INFO - [2024-12-07T09:15:57.067+0000] {dag.py:3239} INFO - Sync 2 DAGs
[2024-12-07T09:15:57.086+0000] {logging_mixin.py:190} INFO - [2024-12-07T09:15:57.086+0000] {dag.py:4180} INFO - Setting next_dagrun for read_dataset_event to 2024-12-06 00:00:00+00:00, run_after=2024-12-07 00:00:00+00:00
[2024-12-07T09:15:57.090+0000] {logging_mixin.py:190} INFO - [2024-12-07T09:15:57.090+0000] {dag.py:4180} INFO - Setting next_dagrun for read_dataset_event_from_classic to 2024-12-06 00:00:00+00:00, run_after=2024-12-07 00:00:00+00:00
[2024-12-07T09:15:57.104+0000] {processor.py:208} INFO - Processing /home/airflow/.local/lib/python3.12/site-packages/airflow/example_dags/example_inlet_event_extra.py took 0.593 seconds
[2024-12-07T09:16:27.478+0000] {processor.py:186} INFO - Started process (PID=377) to work on /home/airflow/.local/lib/python3.12/site-packages/airflow/example_dags/example_inlet_event_extra.py
[2024-12-07T09:16:27.478+0000] {processor.py:914} INFO - Processing file /home/airflow/.local/lib/python3.12/site-packages/airflow/example_dags/example_inlet_event_extra.py for tasks to queue
[2024-12-07T09:16:27.480+0000] {logging_mixin.py:190} INFO - [2024-12-07T09:16:27.480+0000] {dagbag.py:588} INFO - Filling up the DagBag from /home/airflow/.local/lib/python3.12/site-packages/airflow/example_dags/example_inlet_event_extra.py
[2024-12-07T09:16:28.045+0000] {processor.py:925} INFO - DAG(s) 'read_dataset_event', 'read_dataset_event_from_classic' retrieved from /home/airflow/.local/lib/python3.12/site-packages/airflow/example_dags/example_inlet_event_extra.py
[2024-12-07T09:16:28.065+0000] {logging_mixin.py:190} INFO - [2024-12-07T09:16:28.065+0000] {dag.py:3239} INFO - Sync 2 DAGs
[2024-12-07T09:16:28.089+0000] {logging_mixin.py:190} INFO - [2024-12-07T09:16:28.089+0000] {dag.py:4180} INFO - Setting next_dagrun for read_dataset_event to 2024-12-06 00:00:00+00:00, run_after=2024-12-07 00:00:00+00:00
[2024-12-07T09:16:28.094+0000] {logging_mixin.py:190} INFO - [2024-12-07T09:16:28.094+0000] {dag.py:4180} INFO - Setting next_dagrun for read_dataset_event_from_classic to 2024-12-06 00:00:00+00:00, run_after=2024-12-07 00:00:00+00:00
[2024-12-07T09:16:28.109+0000] {processor.py:208} INFO - Processing /home/airflow/.local/lib/python3.12/site-packages/airflow/example_dags/example_inlet_event_extra.py took 0.635 seconds
[2024-12-07T09:16:58.295+0000] {processor.py:186} INFO - Started process (PID=441) to work on /home/airflow/.local/lib/python3.12/site-packages/airflow/example_dags/example_inlet_event_extra.py
[2024-12-07T09:16:58.296+0000] {processor.py:914} INFO - Processing file /home/airflow/.local/lib/python3.12/site-packages/airflow/example_dags/example_inlet_event_extra.py for tasks to queue
[2024-12-07T09:16:58.298+0000] {logging_mixin.py:190} INFO - [2024-12-07T09:16:58.297+0000] {dagbag.py:588} INFO - Filling up the DagBag from /home/airflow/.local/lib/python3.12/site-packages/airflow/example_dags/example_inlet_event_extra.py
[2024-12-07T09:16:58.844+0000] {processor.py:925} INFO - DAG(s) 'read_dataset_event', 'read_dataset_event_from_classic' retrieved from /home/airflow/.local/lib/python3.12/site-packages/airflow/example_dags/example_inlet_event_extra.py
[2024-12-07T09:16:58.865+0000] {logging_mixin.py:190} INFO - [2024-12-07T09:16:58.865+0000] {dag.py:3239} INFO - Sync 2 DAGs
[2024-12-07T09:16:58.890+0000] {logging_mixin.py:190} INFO - [2024-12-07T09:16:58.890+0000] {dag.py:4180} INFO - Setting next_dagrun for read_dataset_event to 2024-12-06 00:00:00+00:00, run_after=2024-12-07 00:00:00+00:00
[2024-12-07T09:16:58.896+0000] {logging_mixin.py:190} INFO - [2024-12-07T09:16:58.896+0000] {dag.py:4180} INFO - Setting next_dagrun for read_dataset_event_from_classic to 2024-12-06 00:00:00+00:00, run_after=2024-12-07 00:00:00+00:00
[2024-12-07T09:16:58.910+0000] {processor.py:208} INFO - Processing /home/airflow/.local/lib/python3.12/site-packages/airflow/example_dags/example_inlet_event_extra.py took 0.621 seconds
[2024-12-07T09:17:29.631+0000] {processor.py:186} INFO - Started process (PID=504) to work on /home/airflow/.local/lib/python3.12/site-packages/airflow/example_dags/example_inlet_event_extra.py
[2024-12-07T09:17:29.632+0000] {processor.py:914} INFO - Processing file /home/airflow/.local/lib/python3.12/site-packages/airflow/example_dags/example_inlet_event_extra.py for tasks to queue
[2024-12-07T09:17:29.634+0000] {logging_mixin.py:190} INFO - [2024-12-07T09:17:29.634+0000] {dagbag.py:588} INFO - Filling up the DagBag from /home/airflow/.local/lib/python3.12/site-packages/airflow/example_dags/example_inlet_event_extra.py
[2024-12-07T09:17:30.143+0000] {processor.py:925} INFO - DAG(s) 'read_dataset_event_from_classic', 'read_dataset_event' retrieved from /home/airflow/.local/lib/python3.12/site-packages/airflow/example_dags/example_inlet_event_extra.py
[2024-12-07T09:17:30.159+0000] {logging_mixin.py:190} INFO - [2024-12-07T09:17:30.159+0000] {dag.py:3239} INFO - Sync 2 DAGs
[2024-12-07T09:17:30.177+0000] {logging_mixin.py:190} INFO - [2024-12-07T09:17:30.177+0000] {dag.py:4180} INFO - Setting next_dagrun for read_dataset_event to 2024-12-06 00:00:00+00:00, run_after=2024-12-07 00:00:00+00:00
[2024-12-07T09:17:30.181+0000] {logging_mixin.py:190} INFO - [2024-12-07T09:17:30.181+0000] {dag.py:4180} INFO - Setting next_dagrun for read_dataset_event_from_classic to 2024-12-06 00:00:00+00:00, run_after=2024-12-07 00:00:00+00:00
[2024-12-07T09:17:30.193+0000] {processor.py:208} INFO - Processing /home/airflow/.local/lib/python3.12/site-packages/airflow/example_dags/example_inlet_event_extra.py took 0.568 seconds
[2024-12-07T09:18:00.851+0000] {processor.py:186} INFO - Started process (PID=568) to work on /home/airflow/.local/lib/python3.12/site-packages/airflow/example_dags/example_inlet_event_extra.py
[2024-12-07T09:18:00.851+0000] {processor.py:914} INFO - Processing file /home/airflow/.local/lib/python3.12/site-packages/airflow/example_dags/example_inlet_event_extra.py for tasks to queue
[2024-12-07T09:18:00.853+0000] {logging_mixin.py:190} INFO - [2024-12-07T09:18:00.853+0000] {dagbag.py:588} INFO - Filling up the DagBag from /home/airflow/.local/lib/python3.12/site-packages/airflow/example_dags/example_inlet_event_extra.py
[2024-12-07T09:18:01.501+0000] {processor.py:925} INFO - DAG(s) 'read_dataset_event', 'read_dataset_event_from_classic' retrieved from /home/airflow/.local/lib/python3.12/site-packages/airflow/example_dags/example_inlet_event_extra.py
[2024-12-07T09:18:01.519+0000] {logging_mixin.py:190} INFO - [2024-12-07T09:18:01.519+0000] {dag.py:3239} INFO - Sync 2 DAGs
[2024-12-07T09:18:01.545+0000] {logging_mixin.py:190} INFO - [2024-12-07T09:18:01.545+0000] {dag.py:4180} INFO - Setting next_dagrun for read_dataset_event to 2024-12-06 00:00:00+00:00, run_after=2024-12-07 00:00:00+00:00
[2024-12-07T09:18:01.550+0000] {logging_mixin.py:190} INFO - [2024-12-07T09:18:01.550+0000] {dag.py:4180} INFO - Setting next_dagrun for read_dataset_event_from_classic to 2024-12-06 00:00:00+00:00, run_after=2024-12-07 00:00:00+00:00
[2024-12-07T09:18:01.566+0000] {processor.py:208} INFO - Processing /home/airflow/.local/lib/python3.12/site-packages/airflow/example_dags/example_inlet_event_extra.py took 0.721 seconds
[2024-12-07T09:18:32.417+0000] {processor.py:186} INFO - Started process (PID=631) to work on /home/airflow/.local/lib/python3.12/site-packages/airflow/example_dags/example_inlet_event_extra.py
[2024-12-07T09:18:32.418+0000] {processor.py:914} INFO - Processing file /home/airflow/.local/lib/python3.12/site-packages/airflow/example_dags/example_inlet_event_extra.py for tasks to queue
[2024-12-07T09:18:32.420+0000] {logging_mixin.py:190} INFO - [2024-12-07T09:18:32.420+0000] {dagbag.py:588} INFO - Filling up the DagBag from /home/airflow/.local/lib/python3.12/site-packages/airflow/example_dags/example_inlet_event_extra.py
[2024-12-07T09:18:33.139+0000] {processor.py:925} INFO - DAG(s) 'read_dataset_event_from_classic', 'read_dataset_event' retrieved from /home/airflow/.local/lib/python3.12/site-packages/airflow/example_dags/example_inlet_event_extra.py
[2024-12-07T09:18:33.155+0000] {logging_mixin.py:190} INFO - [2024-12-07T09:18:33.155+0000] {dag.py:3239} INFO - Sync 2 DAGs
[2024-12-07T09:18:33.173+0000] {logging_mixin.py:190} INFO - [2024-12-07T09:18:33.173+0000] {dag.py:4180} INFO - Setting next_dagrun for read_dataset_event to 2024-12-06 00:00:00+00:00, run_after=2024-12-07 00:00:00+00:00
[2024-12-07T09:18:33.177+0000] {logging_mixin.py:190} INFO - [2024-12-07T09:18:33.177+0000] {dag.py:4180} INFO - Setting next_dagrun for read_dataset_event_from_classic to 2024-12-06 00:00:00+00:00, run_after=2024-12-07 00:00:00+00:00
[2024-12-07T09:18:33.189+0000] {processor.py:208} INFO - Processing /home/airflow/.local/lib/python3.12/site-packages/airflow/example_dags/example_inlet_event_extra.py took 0.778 seconds
[2024-12-07T09:19:04.023+0000] {processor.py:186} INFO - Started process (PID=694) to work on /home/airflow/.local/lib/python3.12/site-packages/airflow/example_dags/example_inlet_event_extra.py
[2024-12-07T09:19:04.025+0000] {processor.py:914} INFO - Processing file /home/airflow/.local/lib/python3.12/site-packages/airflow/example_dags/example_inlet_event_extra.py for tasks to queue
[2024-12-07T09:19:04.027+0000] {logging_mixin.py:190} INFO - [2024-12-07T09:19:04.027+0000] {dagbag.py:588} INFO - Filling up the DagBag from /home/airflow/.local/lib/python3.12/site-packages/airflow/example_dags/example_inlet_event_extra.py
[2024-12-07T09:19:04.835+0000] {processor.py:925} INFO - DAG(s) 'read_dataset_event_from_classic', 'read_dataset_event' retrieved from /home/airflow/.local/lib/python3.12/site-packages/airflow/example_dags/example_inlet_event_extra.py
[2024-12-07T09:19:04.860+0000] {logging_mixin.py:190} INFO - [2024-12-07T09:19:04.860+0000] {dag.py:3239} INFO - Sync 2 DAGs
[2024-12-07T09:19:04.891+0000] {logging_mixin.py:190} INFO - [2024-12-07T09:19:04.891+0000] {dag.py:4180} INFO - Setting next_dagrun for read_dataset_event to 2024-12-06 00:00:00+00:00, run_after=2024-12-07 00:00:00+00:00
[2024-12-07T09:19:04.900+0000] {logging_mixin.py:190} INFO - [2024-12-07T09:19:04.899+0000] {dag.py:4180} INFO - Setting next_dagrun for read_dataset_event_from_classic to 2024-12-06 00:00:00+00:00, run_after=2024-12-07 00:00:00+00:00
[2024-12-07T09:19:04.916+0000] {processor.py:208} INFO - Processing /home/airflow/.local/lib/python3.12/site-packages/airflow/example_dags/example_inlet_event_extra.py took 0.899 seconds
[2024-12-07T09:19:34.983+0000] {processor.py:186} INFO - Started process (PID=758) to work on /home/airflow/.local/lib/python3.12/site-packages/airflow/example_dags/example_inlet_event_extra.py
[2024-12-07T09:19:34.983+0000] {processor.py:914} INFO - Processing file /home/airflow/.local/lib/python3.12/site-packages/airflow/example_dags/example_inlet_event_extra.py for tasks to queue
[2024-12-07T09:19:34.985+0000] {logging_mixin.py:190} INFO - [2024-12-07T09:19:34.985+0000] {dagbag.py:588} INFO - Filling up the DagBag from /home/airflow/.local/lib/python3.12/site-packages/airflow/example_dags/example_inlet_event_extra.py
[2024-12-07T09:19:35.490+0000] {processor.py:925} INFO - DAG(s) 'read_dataset_event_from_classic', 'read_dataset_event' retrieved from /home/airflow/.local/lib/python3.12/site-packages/airflow/example_dags/example_inlet_event_extra.py
[2024-12-07T09:19:35.506+0000] {logging_mixin.py:190} INFO - [2024-12-07T09:19:35.505+0000] {dag.py:3239} INFO - Sync 2 DAGs
[2024-12-07T09:19:35.525+0000] {logging_mixin.py:190} INFO - [2024-12-07T09:19:35.525+0000] {dag.py:4180} INFO - Setting next_dagrun for read_dataset_event to 2024-12-06 00:00:00+00:00, run_after=2024-12-07 00:00:00+00:00
[2024-12-07T09:19:35.529+0000] {logging_mixin.py:190} INFO - [2024-12-07T09:19:35.529+0000] {dag.py:4180} INFO - Setting next_dagrun for read_dataset_event_from_classic to 2024-12-06 00:00:00+00:00, run_after=2024-12-07 00:00:00+00:00
[2024-12-07T09:19:35.540+0000] {processor.py:208} INFO - Processing /home/airflow/.local/lib/python3.12/site-packages/airflow/example_dags/example_inlet_event_extra.py took 0.561 seconds
[2024-12-07T09:20:06.132+0000] {processor.py:186} INFO - Started process (PID=823) to work on /home/airflow/.local/lib/python3.12/site-packages/airflow/example_dags/example_inlet_event_extra.py
[2024-12-07T09:20:06.132+0000] {processor.py:914} INFO - Processing file /home/airflow/.local/lib/python3.12/site-packages/airflow/example_dags/example_inlet_event_extra.py for tasks to queue
[2024-12-07T09:20:06.134+0000] {logging_mixin.py:190} INFO - [2024-12-07T09:20:06.134+0000] {dagbag.py:588} INFO - Filling up the DagBag from /home/airflow/.local/lib/python3.12/site-packages/airflow/example_dags/example_inlet_event_extra.py
[2024-12-07T09:20:06.845+0000] {processor.py:925} INFO - DAG(s) 'read_dataset_event_from_classic', 'read_dataset_event' retrieved from /home/airflow/.local/lib/python3.12/site-packages/airflow/example_dags/example_inlet_event_extra.py
[2024-12-07T09:20:06.860+0000] {logging_mixin.py:190} INFO - [2024-12-07T09:20:06.860+0000] {dag.py:3239} INFO - Sync 2 DAGs
[2024-12-07T09:20:06.882+0000] {logging_mixin.py:190} INFO - [2024-12-07T09:20:06.882+0000] {dag.py:4180} INFO - Setting next_dagrun for read_dataset_event to 2024-12-06 00:00:00+00:00, run_after=2024-12-07 00:00:00+00:00
[2024-12-07T09:20:06.886+0000] {logging_mixin.py:190} INFO - [2024-12-07T09:20:06.886+0000] {dag.py:4180} INFO - Setting next_dagrun for read_dataset_event_from_classic to 2024-12-06 00:00:00+00:00, run_after=2024-12-07 00:00:00+00:00
[2024-12-07T09:20:06.897+0000] {processor.py:208} INFO - Processing /home/airflow/.local/lib/python3.12/site-packages/airflow/example_dags/example_inlet_event_extra.py took 0.772 seconds
[2024-12-07T09:20:37.468+0000] {processor.py:186} INFO - Started process (PID=888) to work on /home/airflow/.local/lib/python3.12/site-packages/airflow/example_dags/example_inlet_event_extra.py
[2024-12-07T09:20:37.469+0000] {processor.py:914} INFO - Processing file /home/airflow/.local/lib/python3.12/site-packages/airflow/example_dags/example_inlet_event_extra.py for tasks to queue
[2024-12-07T09:20:37.472+0000] {logging_mixin.py:190} INFO - [2024-12-07T09:20:37.471+0000] {dagbag.py:588} INFO - Filling up the DagBag from /home/airflow/.local/lib/python3.12/site-packages/airflow/example_dags/example_inlet_event_extra.py
[2024-12-07T09:20:37.991+0000] {processor.py:925} INFO - DAG(s) 'read_dataset_event_from_classic', 'read_dataset_event' retrieved from /home/airflow/.local/lib/python3.12/site-packages/airflow/example_dags/example_inlet_event_extra.py
[2024-12-07T09:20:38.007+0000] {logging_mixin.py:190} INFO - [2024-12-07T09:20:38.006+0000] {dag.py:3239} INFO - Sync 2 DAGs
[2024-12-07T09:20:38.025+0000] {logging_mixin.py:190} INFO - [2024-12-07T09:20:38.025+0000] {dag.py:4180} INFO - Setting next_dagrun for read_dataset_event to 2024-12-06 00:00:00+00:00, run_after=2024-12-07 00:00:00+00:00
[2024-12-07T09:20:38.029+0000] {logging_mixin.py:190} INFO - [2024-12-07T09:20:38.029+0000] {dag.py:4180} INFO - Setting next_dagrun for read_dataset_event_from_classic to 2024-12-06 00:00:00+00:00, run_after=2024-12-07 00:00:00+00:00
[2024-12-07T09:20:38.041+0000] {processor.py:208} INFO - Processing /home/airflow/.local/lib/python3.12/site-packages/airflow/example_dags/example_inlet_event_extra.py took 0.578 seconds
[2024-12-07T09:21:08.747+0000] {processor.py:186} INFO - Started process (PID=952) to work on /home/airflow/.local/lib/python3.12/site-packages/airflow/example_dags/example_inlet_event_extra.py
[2024-12-07T09:21:08.748+0000] {processor.py:914} INFO - Processing file /home/airflow/.local/lib/python3.12/site-packages/airflow/example_dags/example_inlet_event_extra.py for tasks to queue
[2024-12-07T09:21:08.749+0000] {logging_mixin.py:190} INFO - [2024-12-07T09:21:08.749+0000] {dagbag.py:588} INFO - Filling up the DagBag from /home/airflow/.local/lib/python3.12/site-packages/airflow/example_dags/example_inlet_event_extra.py
[2024-12-07T09:21:09.231+0000] {processor.py:925} INFO - DAG(s) 'read_dataset_event', 'read_dataset_event_from_classic' retrieved from /home/airflow/.local/lib/python3.12/site-packages/airflow/example_dags/example_inlet_event_extra.py
[2024-12-07T09:21:09.250+0000] {logging_mixin.py:190} INFO - [2024-12-07T09:21:09.249+0000] {dag.py:3239} INFO - Sync 2 DAGs
[2024-12-07T09:21:09.275+0000] {logging_mixin.py:190} INFO - [2024-12-07T09:21:09.275+0000] {dag.py:4180} INFO - Setting next_dagrun for read_dataset_event to 2024-12-06 00:00:00+00:00, run_after=2024-12-07 00:00:00+00:00
[2024-12-07T09:21:09.281+0000] {logging_mixin.py:190} INFO - [2024-12-07T09:21:09.280+0000] {dag.py:4180} INFO - Setting next_dagrun for read_dataset_event_from_classic to 2024-12-06 00:00:00+00:00, run_after=2024-12-07 00:00:00+00:00
[2024-12-07T09:21:09.294+0000] {processor.py:208} INFO - Processing /home/airflow/.local/lib/python3.12/site-packages/airflow/example_dags/example_inlet_event_extra.py took 0.551 seconds
[2024-12-07T09:21:40.010+0000] {processor.py:186} INFO - Started process (PID=1016) to work on /home/airflow/.local/lib/python3.12/site-packages/airflow/example_dags/example_inlet_event_extra.py
[2024-12-07T09:21:40.010+0000] {processor.py:914} INFO - Processing file /home/airflow/.local/lib/python3.12/site-packages/airflow/example_dags/example_inlet_event_extra.py for tasks to queue
[2024-12-07T09:21:40.012+0000] {logging_mixin.py:190} INFO - [2024-12-07T09:21:40.012+0000] {dagbag.py:588} INFO - Filling up the DagBag from /home/airflow/.local/lib/python3.12/site-packages/airflow/example_dags/example_inlet_event_extra.py
[2024-12-07T09:21:40.523+0000] {processor.py:925} INFO - DAG(s) 'read_dataset_event', 'read_dataset_event_from_classic' retrieved from /home/airflow/.local/lib/python3.12/site-packages/airflow/example_dags/example_inlet_event_extra.py
[2024-12-07T09:21:40.540+0000] {logging_mixin.py:190} INFO - [2024-12-07T09:21:40.540+0000] {dag.py:3239} INFO - Sync 2 DAGs
[2024-12-07T09:21:40.560+0000] {logging_mixin.py:190} INFO - [2024-12-07T09:21:40.560+0000] {dag.py:4180} INFO - Setting next_dagrun for read_dataset_event to 2024-12-06 00:00:00+00:00, run_after=2024-12-07 00:00:00+00:00
[2024-12-07T09:21:40.564+0000] {logging_mixin.py:190} INFO - [2024-12-07T09:21:40.564+0000] {dag.py:4180} INFO - Setting next_dagrun for read_dataset_event_from_classic to 2024-12-06 00:00:00+00:00, run_after=2024-12-07 00:00:00+00:00
[2024-12-07T09:21:40.576+0000] {processor.py:208} INFO - Processing /home/airflow/.local/lib/python3.12/site-packages/airflow/example_dags/example_inlet_event_extra.py took 0.572 seconds
[2024-12-07T09:22:10.970+0000] {processor.py:186} INFO - Started process (PID=1080) to work on /home/airflow/.local/lib/python3.12/site-packages/airflow/example_dags/example_inlet_event_extra.py
[2024-12-07T09:22:10.971+0000] {processor.py:914} INFO - Processing file /home/airflow/.local/lib/python3.12/site-packages/airflow/example_dags/example_inlet_event_extra.py for tasks to queue
[2024-12-07T09:22:10.972+0000] {logging_mixin.py:190} INFO - [2024-12-07T09:22:10.972+0000] {dagbag.py:588} INFO - Filling up the DagBag from /home/airflow/.local/lib/python3.12/site-packages/airflow/example_dags/example_inlet_event_extra.py
[2024-12-07T09:22:11.456+0000] {processor.py:925} INFO - DAG(s) 'read_dataset_event_from_classic', 'read_dataset_event' retrieved from /home/airflow/.local/lib/python3.12/site-packages/airflow/example_dags/example_inlet_event_extra.py
[2024-12-07T09:22:11.472+0000] {logging_mixin.py:190} INFO - [2024-12-07T09:22:11.472+0000] {dag.py:3239} INFO - Sync 2 DAGs
[2024-12-07T09:22:11.494+0000] {logging_mixin.py:190} INFO - [2024-12-07T09:22:11.493+0000] {dag.py:4180} INFO - Setting next_dagrun for read_dataset_event to 2024-12-06 00:00:00+00:00, run_after=2024-12-07 00:00:00+00:00
[2024-12-07T09:22:11.498+0000] {logging_mixin.py:190} INFO - [2024-12-07T09:22:11.498+0000] {dag.py:4180} INFO - Setting next_dagrun for read_dataset_event_from_classic to 2024-12-06 00:00:00+00:00, run_after=2024-12-07 00:00:00+00:00
[2024-12-07T09:22:11.509+0000] {processor.py:208} INFO - Processing /home/airflow/.local/lib/python3.12/site-packages/airflow/example_dags/example_inlet_event_extra.py took 0.544 seconds
[2024-12-07T09:22:41.958+0000] {processor.py:186} INFO - Started process (PID=1144) to work on /home/airflow/.local/lib/python3.12/site-packages/airflow/example_dags/example_inlet_event_extra.py
[2024-12-07T09:22:41.959+0000] {processor.py:914} INFO - Processing file /home/airflow/.local/lib/python3.12/site-packages/airflow/example_dags/example_inlet_event_extra.py for tasks to queue
[2024-12-07T09:22:41.960+0000] {logging_mixin.py:190} INFO - [2024-12-07T09:22:41.960+0000] {dagbag.py:588} INFO - Filling up the DagBag from /home/airflow/.local/lib/python3.12/site-packages/airflow/example_dags/example_inlet_event_extra.py
[2024-12-07T09:22:42.455+0000] {processor.py:925} INFO - DAG(s) 'read_dataset_event', 'read_dataset_event_from_classic' retrieved from /home/airflow/.local/lib/python3.12/site-packages/airflow/example_dags/example_inlet_event_extra.py
[2024-12-07T09:22:42.476+0000] {logging_mixin.py:190} INFO - [2024-12-07T09:22:42.476+0000] {dag.py:3239} INFO - Sync 2 DAGs
[2024-12-07T09:22:42.495+0000] {logging_mixin.py:190} INFO - [2024-12-07T09:22:42.495+0000] {dag.py:4180} INFO - Setting next_dagrun for read_dataset_event to 2024-12-06 00:00:00+00:00, run_after=2024-12-07 00:00:00+00:00
[2024-12-07T09:22:42.499+0000] {logging_mixin.py:190} INFO - [2024-12-07T09:22:42.499+0000] {dag.py:4180} INFO - Setting next_dagrun for read_dataset_event_from_classic to 2024-12-06 00:00:00+00:00, run_after=2024-12-07 00:00:00+00:00
[2024-12-07T09:22:42.511+0000] {processor.py:208} INFO - Processing /home/airflow/.local/lib/python3.12/site-packages/airflow/example_dags/example_inlet_event_extra.py took 0.557 seconds
[2024-12-07T09:23:13.526+0000] {processor.py:186} INFO - Started process (PID=1208) to work on /home/airflow/.local/lib/python3.12/site-packages/airflow/example_dags/example_inlet_event_extra.py
[2024-12-07T09:23:13.526+0000] {processor.py:914} INFO - Processing file /home/airflow/.local/lib/python3.12/site-packages/airflow/example_dags/example_inlet_event_extra.py for tasks to queue
[2024-12-07T09:23:13.528+0000] {logging_mixin.py:190} INFO - [2024-12-07T09:23:13.528+0000] {dagbag.py:588} INFO - Filling up the DagBag from /home/airflow/.local/lib/python3.12/site-packages/airflow/example_dags/example_inlet_event_extra.py
[2024-12-07T09:23:14.010+0000] {processor.py:925} INFO - DAG(s) 'read_dataset_event_from_classic', 'read_dataset_event' retrieved from /home/airflow/.local/lib/python3.12/site-packages/airflow/example_dags/example_inlet_event_extra.py
[2024-12-07T09:23:14.029+0000] {logging_mixin.py:190} INFO - [2024-12-07T09:23:14.029+0000] {dag.py:3239} INFO - Sync 2 DAGs
[2024-12-07T09:23:14.059+0000] {logging_mixin.py:190} INFO - [2024-12-07T09:23:14.059+0000] {dag.py:4180} INFO - Setting next_dagrun for read_dataset_event to 2024-12-06 00:00:00+00:00, run_after=2024-12-07 00:00:00+00:00
[2024-12-07T09:23:14.065+0000] {logging_mixin.py:190} INFO - [2024-12-07T09:23:14.065+0000] {dag.py:4180} INFO - Setting next_dagrun for read_dataset_event_from_classic to 2024-12-06 00:00:00+00:00, run_after=2024-12-07 00:00:00+00:00
[2024-12-07T09:23:14.080+0000] {processor.py:208} INFO - Processing /home/airflow/.local/lib/python3.12/site-packages/airflow/example_dags/example_inlet_event_extra.py took 0.560 seconds
[2024-12-07T09:23:44.952+0000] {processor.py:186} INFO - Started process (PID=1278) to work on /home/airflow/.local/lib/python3.12/site-packages/airflow/example_dags/example_inlet_event_extra.py
[2024-12-07T09:23:44.952+0000] {processor.py:914} INFO - Processing file /home/airflow/.local/lib/python3.12/site-packages/airflow/example_dags/example_inlet_event_extra.py for tasks to queue
[2024-12-07T09:23:44.954+0000] {logging_mixin.py:190} INFO - [2024-12-07T09:23:44.953+0000] {dagbag.py:588} INFO - Filling up the DagBag from /home/airflow/.local/lib/python3.12/site-packages/airflow/example_dags/example_inlet_event_extra.py
[2024-12-07T09:23:45.460+0000] {processor.py:925} INFO - DAG(s) 'read_dataset_event_from_classic', 'read_dataset_event' retrieved from /home/airflow/.local/lib/python3.12/site-packages/airflow/example_dags/example_inlet_event_extra.py
[2024-12-07T09:23:45.478+0000] {logging_mixin.py:190} INFO - [2024-12-07T09:23:45.478+0000] {dag.py:3239} INFO - Sync 2 DAGs
[2024-12-07T09:23:45.504+0000] {logging_mixin.py:190} INFO - [2024-12-07T09:23:45.504+0000] {dag.py:4180} INFO - Setting next_dagrun for read_dataset_event to 2024-12-06 00:00:00+00:00, run_after=2024-12-07 00:00:00+00:00
[2024-12-07T09:23:45.509+0000] {logging_mixin.py:190} INFO - [2024-12-07T09:23:45.509+0000] {dag.py:4180} INFO - Setting next_dagrun for read_dataset_event_from_classic to 2024-12-06 00:00:00+00:00, run_after=2024-12-07 00:00:00+00:00
[2024-12-07T09:23:45.522+0000] {processor.py:208} INFO - Processing /home/airflow/.local/lib/python3.12/site-packages/airflow/example_dags/example_inlet_event_extra.py took 0.576 seconds
[2024-12-07T09:24:16.163+0000] {processor.py:186} INFO - Started process (PID=1343) to work on /home/airflow/.local/lib/python3.12/site-packages/airflow/example_dags/example_inlet_event_extra.py
[2024-12-07T09:24:16.164+0000] {processor.py:914} INFO - Processing file /home/airflow/.local/lib/python3.12/site-packages/airflow/example_dags/example_inlet_event_extra.py for tasks to queue
[2024-12-07T09:24:16.165+0000] {logging_mixin.py:190} INFO - [2024-12-07T09:24:16.165+0000] {dagbag.py:588} INFO - Filling up the DagBag from /home/airflow/.local/lib/python3.12/site-packages/airflow/example_dags/example_inlet_event_extra.py
[2024-12-07T09:24:16.754+0000] {processor.py:925} INFO - DAG(s) 'read_dataset_event_from_classic', 'read_dataset_event' retrieved from /home/airflow/.local/lib/python3.12/site-packages/airflow/example_dags/example_inlet_event_extra.py
[2024-12-07T09:24:16.774+0000] {logging_mixin.py:190} INFO - [2024-12-07T09:24:16.774+0000] {dag.py:3239} INFO - Sync 2 DAGs
[2024-12-07T09:24:16.802+0000] {logging_mixin.py:190} INFO - [2024-12-07T09:24:16.802+0000] {dag.py:4180} INFO - Setting next_dagrun for read_dataset_event to 2024-12-06 00:00:00+00:00, run_after=2024-12-07 00:00:00+00:00
[2024-12-07T09:24:16.809+0000] {logging_mixin.py:190} INFO - [2024-12-07T09:24:16.808+0000] {dag.py:4180} INFO - Setting next_dagrun for read_dataset_event_from_classic to 2024-12-06 00:00:00+00:00, run_after=2024-12-07 00:00:00+00:00
[2024-12-07T09:24:16.821+0000] {processor.py:208} INFO - Processing /home/airflow/.local/lib/python3.12/site-packages/airflow/example_dags/example_inlet_event_extra.py took 0.662 seconds
[2024-12-07T09:24:47.269+0000] {processor.py:186} INFO - Started process (PID=1407) to work on /home/airflow/.local/lib/python3.12/site-packages/airflow/example_dags/example_inlet_event_extra.py
[2024-12-07T09:24:47.270+0000] {processor.py:914} INFO - Processing file /home/airflow/.local/lib/python3.12/site-packages/airflow/example_dags/example_inlet_event_extra.py for tasks to queue
[2024-12-07T09:24:47.272+0000] {logging_mixin.py:190} INFO - [2024-12-07T09:24:47.271+0000] {dagbag.py:588} INFO - Filling up the DagBag from /home/airflow/.local/lib/python3.12/site-packages/airflow/example_dags/example_inlet_event_extra.py
[2024-12-07T09:24:47.795+0000] {processor.py:925} INFO - DAG(s) 'read_dataset_event_from_classic', 'read_dataset_event' retrieved from /home/airflow/.local/lib/python3.12/site-packages/airflow/example_dags/example_inlet_event_extra.py
[2024-12-07T09:24:47.811+0000] {logging_mixin.py:190} INFO - [2024-12-07T09:24:47.811+0000] {dag.py:3239} INFO - Sync 2 DAGs
[2024-12-07T09:24:47.830+0000] {logging_mixin.py:190} INFO - [2024-12-07T09:24:47.830+0000] {dag.py:4180} INFO - Setting next_dagrun for read_dataset_event to 2024-12-06 00:00:00+00:00, run_after=2024-12-07 00:00:00+00:00
[2024-12-07T09:24:47.834+0000] {logging_mixin.py:190} INFO - [2024-12-07T09:24:47.834+0000] {dag.py:4180} INFO - Setting next_dagrun for read_dataset_event_from_classic to 2024-12-06 00:00:00+00:00, run_after=2024-12-07 00:00:00+00:00
[2024-12-07T09:24:47.845+0000] {processor.py:208} INFO - Processing /home/airflow/.local/lib/python3.12/site-packages/airflow/example_dags/example_inlet_event_extra.py took 0.581 seconds
[2024-12-07T09:25:17.931+0000] {processor.py:186} INFO - Started process (PID=1471) to work on /home/airflow/.local/lib/python3.12/site-packages/airflow/example_dags/example_inlet_event_extra.py
[2024-12-07T09:25:17.932+0000] {processor.py:914} INFO - Processing file /home/airflow/.local/lib/python3.12/site-packages/airflow/example_dags/example_inlet_event_extra.py for tasks to queue
[2024-12-07T09:25:17.933+0000] {logging_mixin.py:190} INFO - [2024-12-07T09:25:17.933+0000] {dagbag.py:588} INFO - Filling up the DagBag from /home/airflow/.local/lib/python3.12/site-packages/airflow/example_dags/example_inlet_event_extra.py
[2024-12-07T09:25:18.413+0000] {processor.py:925} INFO - DAG(s) 'read_dataset_event', 'read_dataset_event_from_classic' retrieved from /home/airflow/.local/lib/python3.12/site-packages/airflow/example_dags/example_inlet_event_extra.py
[2024-12-07T09:25:18.430+0000] {logging_mixin.py:190} INFO - [2024-12-07T09:25:18.430+0000] {dag.py:3239} INFO - Sync 2 DAGs
[2024-12-07T09:25:18.452+0000] {logging_mixin.py:190} INFO - [2024-12-07T09:25:18.452+0000] {dag.py:4180} INFO - Setting next_dagrun for read_dataset_event to 2024-12-06 00:00:00+00:00, run_after=2024-12-07 00:00:00+00:00
[2024-12-07T09:25:18.458+0000] {logging_mixin.py:190} INFO - [2024-12-07T09:25:18.457+0000] {dag.py:4180} INFO - Setting next_dagrun for read_dataset_event_from_classic to 2024-12-06 00:00:00+00:00, run_after=2024-12-07 00:00:00+00:00
[2024-12-07T09:25:18.473+0000] {processor.py:208} INFO - Processing /home/airflow/.local/lib/python3.12/site-packages/airflow/example_dags/example_inlet_event_extra.py took 0.546 seconds
[2024-12-07T09:25:49.546+0000] {processor.py:186} INFO - Started process (PID=1535) to work on /home/airflow/.local/lib/python3.12/site-packages/airflow/example_dags/example_inlet_event_extra.py
[2024-12-07T09:25:49.546+0000] {processor.py:914} INFO - Processing file /home/airflow/.local/lib/python3.12/site-packages/airflow/example_dags/example_inlet_event_extra.py for tasks to queue
[2024-12-07T09:25:49.548+0000] {logging_mixin.py:190} INFO - [2024-12-07T09:25:49.548+0000] {dagbag.py:588} INFO - Filling up the DagBag from /home/airflow/.local/lib/python3.12/site-packages/airflow/example_dags/example_inlet_event_extra.py
[2024-12-07T09:25:50.042+0000] {processor.py:925} INFO - DAG(s) 'read_dataset_event', 'read_dataset_event_from_classic' retrieved from /home/airflow/.local/lib/python3.12/site-packages/airflow/example_dags/example_inlet_event_extra.py
[2024-12-07T09:25:50.057+0000] {logging_mixin.py:190} INFO - [2024-12-07T09:25:50.056+0000] {dag.py:3239} INFO - Sync 2 DAGs
[2024-12-07T09:25:50.099+0000] {logging_mixin.py:190} INFO - [2024-12-07T09:25:50.099+0000] {dag.py:4180} INFO - Setting next_dagrun for read_dataset_event to 2024-12-06 00:00:00+00:00, run_after=2024-12-07 00:00:00+00:00
[2024-12-07T09:25:50.105+0000] {logging_mixin.py:190} INFO - [2024-12-07T09:25:50.104+0000] {dag.py:4180} INFO - Setting next_dagrun for read_dataset_event_from_classic to 2024-12-06 00:00:00+00:00, run_after=2024-12-07 00:00:00+00:00
[2024-12-07T09:25:50.115+0000] {processor.py:208} INFO - Processing /home/airflow/.local/lib/python3.12/site-packages/airflow/example_dags/example_inlet_event_extra.py took 0.574 seconds
