[2024-12-07T09:14:12.979+0000] {processor.py:186} INFO - Started process (PID=73) to work on /home/airflow/.local/lib/python3.12/site-packages/airflow/example_dags/tutorial_dag.py
[2024-12-07T09:14:12.980+0000] {processor.py:914} INFO - Processing file /home/airflow/.local/lib/python3.12/site-packages/airflow/example_dags/tutorial_dag.py for tasks to queue
[2024-12-07T09:14:12.982+0000] {logging_mixin.py:190} INFO - [2024-12-07T09:14:12.981+0000] {dagbag.py:588} INFO - Filling up the DagBag from /home/airflow/.local/lib/python3.12/site-packages/airflow/example_dags/tutorial_dag.py
[2024-12-07T09:14:13.000+0000] {processor.py:925} INFO - DAG(s) 'tutorial_dag' retrieved from /home/airflow/.local/lib/python3.12/site-packages/airflow/example_dags/tutorial_dag.py
[2024-12-07T09:14:13.137+0000] {logging_mixin.py:190} INFO - [2024-12-07T09:14:13.136+0000] {override.py:1911} INFO - Created Permission View: can edit on DAG:tutorial_dag
[2024-12-07T09:14:13.158+0000] {logging_mixin.py:190} INFO - [2024-12-07T09:14:13.158+0000] {override.py:1911} INFO - Created Permission View: can delete on DAG:tutorial_dag
[2024-12-07T09:14:13.163+0000] {logging_mixin.py:190} INFO - [2024-12-07T09:14:13.163+0000] {override.py:1911} INFO - Created Permission View: can read on DAG:tutorial_dag
[2024-12-07T09:14:13.168+0000] {logging_mixin.py:190} INFO - [2024-12-07T09:14:13.168+0000] {override.py:1911} INFO - Created Permission View: can create on DAG Run:tutorial_dag
[2024-12-07T09:14:13.173+0000] {logging_mixin.py:190} INFO - [2024-12-07T09:14:13.173+0000] {override.py:1911} INFO - Created Permission View: menu access on DAG Run:tutorial_dag
[2024-12-07T09:14:13.178+0000] {logging_mixin.py:190} INFO - [2024-12-07T09:14:13.178+0000] {override.py:1911} INFO - Created Permission View: can delete on DAG Run:tutorial_dag
[2024-12-07T09:14:13.183+0000] {logging_mixin.py:190} INFO - [2024-12-07T09:14:13.183+0000] {override.py:1911} INFO - Created Permission View: can read on DAG Run:tutorial_dag
[2024-12-07T09:14:13.184+0000] {logging_mixin.py:190} INFO - [2024-12-07T09:14:13.184+0000] {dag.py:3239} INFO - Sync 1 DAGs
[2024-12-07T09:14:13.198+0000] {logging_mixin.py:190} INFO - [2024-12-07T09:14:13.197+0000] {dag.py:3262} INFO - Creating ORM DAG for tutorial_dag
[2024-12-07T09:14:13.198+0000] {logging_mixin.py:190} INFO - [2024-12-07T09:14:13.198+0000] {dag.py:4180} INFO - Setting next_dagrun for tutorial_dag to None, run_after=None
[2024-12-07T09:14:13.213+0000] {processor.py:208} INFO - Processing /home/airflow/.local/lib/python3.12/site-packages/airflow/example_dags/tutorial_dag.py took 0.241 seconds
[2024-12-07T09:14:44.105+0000] {processor.py:186} INFO - Started process (PID=136) to work on /home/airflow/.local/lib/python3.12/site-packages/airflow/example_dags/tutorial_dag.py
[2024-12-07T09:14:44.107+0000] {processor.py:914} INFO - Processing file /home/airflow/.local/lib/python3.12/site-packages/airflow/example_dags/tutorial_dag.py for tasks to queue
[2024-12-07T09:14:44.109+0000] {logging_mixin.py:190} INFO - [2024-12-07T09:14:44.109+0000] {dagbag.py:588} INFO - Filling up the DagBag from /home/airflow/.local/lib/python3.12/site-packages/airflow/example_dags/tutorial_dag.py
[2024-12-07T09:14:44.118+0000] {processor.py:925} INFO - DAG(s) 'tutorial_dag' retrieved from /home/airflow/.local/lib/python3.12/site-packages/airflow/example_dags/tutorial_dag.py
[2024-12-07T09:14:44.140+0000] {logging_mixin.py:190} INFO - [2024-12-07T09:14:44.140+0000] {dag.py:3239} INFO - Sync 1 DAGs
[2024-12-07T09:14:44.156+0000] {logging_mixin.py:190} INFO - [2024-12-07T09:14:44.156+0000] {dag.py:4180} INFO - Setting next_dagrun for tutorial_dag to None, run_after=None
[2024-12-07T09:14:44.178+0000] {processor.py:208} INFO - Processing /home/airflow/.local/lib/python3.12/site-packages/airflow/example_dags/tutorial_dag.py took 0.078 seconds
[2024-12-07T09:15:14.288+0000] {processor.py:186} INFO - Started process (PID=199) to work on /home/airflow/.local/lib/python3.12/site-packages/airflow/example_dags/tutorial_dag.py
[2024-12-07T09:15:14.289+0000] {processor.py:914} INFO - Processing file /home/airflow/.local/lib/python3.12/site-packages/airflow/example_dags/tutorial_dag.py for tasks to queue
[2024-12-07T09:15:14.290+0000] {logging_mixin.py:190} INFO - [2024-12-07T09:15:14.290+0000] {dagbag.py:588} INFO - Filling up the DagBag from /home/airflow/.local/lib/python3.12/site-packages/airflow/example_dags/tutorial_dag.py
[2024-12-07T09:15:14.296+0000] {processor.py:925} INFO - DAG(s) 'tutorial_dag' retrieved from /home/airflow/.local/lib/python3.12/site-packages/airflow/example_dags/tutorial_dag.py
[2024-12-07T09:15:14.309+0000] {logging_mixin.py:190} INFO - [2024-12-07T09:15:14.309+0000] {dag.py:3239} INFO - Sync 1 DAGs
[2024-12-07T09:15:14.319+0000] {logging_mixin.py:190} INFO - [2024-12-07T09:15:14.319+0000] {dag.py:4180} INFO - Setting next_dagrun for tutorial_dag to None, run_after=None
[2024-12-07T09:15:14.333+0000] {processor.py:208} INFO - Processing /home/airflow/.local/lib/python3.12/site-packages/airflow/example_dags/tutorial_dag.py took 0.049 seconds
[2024-12-07T09:15:44.531+0000] {processor.py:186} INFO - Started process (PID=262) to work on /home/airflow/.local/lib/python3.12/site-packages/airflow/example_dags/tutorial_dag.py
[2024-12-07T09:15:44.532+0000] {processor.py:914} INFO - Processing file /home/airflow/.local/lib/python3.12/site-packages/airflow/example_dags/tutorial_dag.py for tasks to queue
[2024-12-07T09:15:44.534+0000] {logging_mixin.py:190} INFO - [2024-12-07T09:15:44.533+0000] {dagbag.py:588} INFO - Filling up the DagBag from /home/airflow/.local/lib/python3.12/site-packages/airflow/example_dags/tutorial_dag.py
[2024-12-07T09:15:44.540+0000] {processor.py:925} INFO - DAG(s) 'tutorial_dag' retrieved from /home/airflow/.local/lib/python3.12/site-packages/airflow/example_dags/tutorial_dag.py
[2024-12-07T09:15:44.561+0000] {logging_mixin.py:190} INFO - [2024-12-07T09:15:44.561+0000] {dag.py:3239} INFO - Sync 1 DAGs
[2024-12-07T09:15:44.578+0000] {logging_mixin.py:190} INFO - [2024-12-07T09:15:44.577+0000] {dag.py:4180} INFO - Setting next_dagrun for tutorial_dag to None, run_after=None
[2024-12-07T09:15:44.595+0000] {processor.py:208} INFO - Processing /home/airflow/.local/lib/python3.12/site-packages/airflow/example_dags/tutorial_dag.py took 0.070 seconds
[2024-12-07T09:16:15.343+0000] {processor.py:186} INFO - Started process (PID=325) to work on /home/airflow/.local/lib/python3.12/site-packages/airflow/example_dags/tutorial_dag.py
[2024-12-07T09:16:15.344+0000] {processor.py:914} INFO - Processing file /home/airflow/.local/lib/python3.12/site-packages/airflow/example_dags/tutorial_dag.py for tasks to queue
[2024-12-07T09:16:15.346+0000] {logging_mixin.py:190} INFO - [2024-12-07T09:16:15.346+0000] {dagbag.py:588} INFO - Filling up the DagBag from /home/airflow/.local/lib/python3.12/site-packages/airflow/example_dags/tutorial_dag.py
[2024-12-07T09:16:15.353+0000] {processor.py:925} INFO - DAG(s) 'tutorial_dag' retrieved from /home/airflow/.local/lib/python3.12/site-packages/airflow/example_dags/tutorial_dag.py
[2024-12-07T09:16:15.373+0000] {logging_mixin.py:190} INFO - [2024-12-07T09:16:15.373+0000] {dag.py:3239} INFO - Sync 1 DAGs
[2024-12-07T09:16:15.390+0000] {logging_mixin.py:190} INFO - [2024-12-07T09:16:15.389+0000] {dag.py:4180} INFO - Setting next_dagrun for tutorial_dag to None, run_after=None
[2024-12-07T09:16:15.406+0000] {processor.py:208} INFO - Processing /home/airflow/.local/lib/python3.12/site-packages/airflow/example_dags/tutorial_dag.py took 0.069 seconds
[2024-12-07T09:16:45.679+0000] {processor.py:186} INFO - Started process (PID=389) to work on /home/airflow/.local/lib/python3.12/site-packages/airflow/example_dags/tutorial_dag.py
[2024-12-07T09:16:45.680+0000] {processor.py:914} INFO - Processing file /home/airflow/.local/lib/python3.12/site-packages/airflow/example_dags/tutorial_dag.py for tasks to queue
[2024-12-07T09:16:45.681+0000] {logging_mixin.py:190} INFO - [2024-12-07T09:16:45.681+0000] {dagbag.py:588} INFO - Filling up the DagBag from /home/airflow/.local/lib/python3.12/site-packages/airflow/example_dags/tutorial_dag.py
[2024-12-07T09:16:45.687+0000] {processor.py:925} INFO - DAG(s) 'tutorial_dag' retrieved from /home/airflow/.local/lib/python3.12/site-packages/airflow/example_dags/tutorial_dag.py
[2024-12-07T09:16:45.703+0000] {logging_mixin.py:190} INFO - [2024-12-07T09:16:45.703+0000] {dag.py:3239} INFO - Sync 1 DAGs
[2024-12-07T09:16:45.718+0000] {logging_mixin.py:190} INFO - [2024-12-07T09:16:45.718+0000] {dag.py:4180} INFO - Setting next_dagrun for tutorial_dag to None, run_after=None
[2024-12-07T09:16:45.731+0000] {processor.py:208} INFO - Processing /home/airflow/.local/lib/python3.12/site-packages/airflow/example_dags/tutorial_dag.py took 0.057 seconds
[2024-12-07T09:17:16.142+0000] {processor.py:186} INFO - Started process (PID=452) to work on /home/airflow/.local/lib/python3.12/site-packages/airflow/example_dags/tutorial_dag.py
[2024-12-07T09:17:16.143+0000] {processor.py:914} INFO - Processing file /home/airflow/.local/lib/python3.12/site-packages/airflow/example_dags/tutorial_dag.py for tasks to queue
[2024-12-07T09:17:16.145+0000] {logging_mixin.py:190} INFO - [2024-12-07T09:17:16.144+0000] {dagbag.py:588} INFO - Filling up the DagBag from /home/airflow/.local/lib/python3.12/site-packages/airflow/example_dags/tutorial_dag.py
[2024-12-07T09:17:16.150+0000] {processor.py:925} INFO - DAG(s) 'tutorial_dag' retrieved from /home/airflow/.local/lib/python3.12/site-packages/airflow/example_dags/tutorial_dag.py
[2024-12-07T09:17:16.165+0000] {logging_mixin.py:190} INFO - [2024-12-07T09:17:16.165+0000] {dag.py:3239} INFO - Sync 1 DAGs
[2024-12-07T09:17:16.177+0000] {logging_mixin.py:190} INFO - [2024-12-07T09:17:16.177+0000] {dag.py:4180} INFO - Setting next_dagrun for tutorial_dag to None, run_after=None
[2024-12-07T09:17:16.191+0000] {processor.py:208} INFO - Processing /home/airflow/.local/lib/python3.12/site-packages/airflow/example_dags/tutorial_dag.py took 0.053 seconds
[2024-12-07T09:17:46.413+0000] {processor.py:186} INFO - Started process (PID=516) to work on /home/airflow/.local/lib/python3.12/site-packages/airflow/example_dags/tutorial_dag.py
[2024-12-07T09:17:46.414+0000] {processor.py:914} INFO - Processing file /home/airflow/.local/lib/python3.12/site-packages/airflow/example_dags/tutorial_dag.py for tasks to queue
[2024-12-07T09:17:46.415+0000] {logging_mixin.py:190} INFO - [2024-12-07T09:17:46.415+0000] {dagbag.py:588} INFO - Filling up the DagBag from /home/airflow/.local/lib/python3.12/site-packages/airflow/example_dags/tutorial_dag.py
[2024-12-07T09:17:46.421+0000] {processor.py:925} INFO - DAG(s) 'tutorial_dag' retrieved from /home/airflow/.local/lib/python3.12/site-packages/airflow/example_dags/tutorial_dag.py
[2024-12-07T09:17:46.438+0000] {logging_mixin.py:190} INFO - [2024-12-07T09:17:46.438+0000] {dag.py:3239} INFO - Sync 1 DAGs
[2024-12-07T09:17:46.454+0000] {logging_mixin.py:190} INFO - [2024-12-07T09:17:46.454+0000] {dag.py:4180} INFO - Setting next_dagrun for tutorial_dag to None, run_after=None
[2024-12-07T09:17:46.468+0000] {processor.py:208} INFO - Processing /home/airflow/.local/lib/python3.12/site-packages/airflow/example_dags/tutorial_dag.py took 0.059 seconds
[2024-12-07T09:18:16.788+0000] {processor.py:186} INFO - Started process (PID=579) to work on /home/airflow/.local/lib/python3.12/site-packages/airflow/example_dags/tutorial_dag.py
[2024-12-07T09:18:16.788+0000] {processor.py:914} INFO - Processing file /home/airflow/.local/lib/python3.12/site-packages/airflow/example_dags/tutorial_dag.py for tasks to queue
[2024-12-07T09:18:16.790+0000] {logging_mixin.py:190} INFO - [2024-12-07T09:18:16.790+0000] {dagbag.py:588} INFO - Filling up the DagBag from /home/airflow/.local/lib/python3.12/site-packages/airflow/example_dags/tutorial_dag.py
[2024-12-07T09:18:16.796+0000] {processor.py:925} INFO - DAG(s) 'tutorial_dag' retrieved from /home/airflow/.local/lib/python3.12/site-packages/airflow/example_dags/tutorial_dag.py
[2024-12-07T09:18:16.812+0000] {logging_mixin.py:190} INFO - [2024-12-07T09:18:16.812+0000] {dag.py:3239} INFO - Sync 1 DAGs
[2024-12-07T09:18:16.826+0000] {logging_mixin.py:190} INFO - [2024-12-07T09:18:16.826+0000] {dag.py:4180} INFO - Setting next_dagrun for tutorial_dag to None, run_after=None
[2024-12-07T09:18:16.841+0000] {processor.py:208} INFO - Processing /home/airflow/.local/lib/python3.12/site-packages/airflow/example_dags/tutorial_dag.py took 0.057 seconds
[2024-12-07T09:18:47.273+0000] {processor.py:186} INFO - Started process (PID=642) to work on /home/airflow/.local/lib/python3.12/site-packages/airflow/example_dags/tutorial_dag.py
[2024-12-07T09:18:47.273+0000] {processor.py:914} INFO - Processing file /home/airflow/.local/lib/python3.12/site-packages/airflow/example_dags/tutorial_dag.py for tasks to queue
[2024-12-07T09:18:47.275+0000] {logging_mixin.py:190} INFO - [2024-12-07T09:18:47.274+0000] {dagbag.py:588} INFO - Filling up the DagBag from /home/airflow/.local/lib/python3.12/site-packages/airflow/example_dags/tutorial_dag.py
[2024-12-07T09:18:47.281+0000] {processor.py:925} INFO - DAG(s) 'tutorial_dag' retrieved from /home/airflow/.local/lib/python3.12/site-packages/airflow/example_dags/tutorial_dag.py
[2024-12-07T09:18:47.296+0000] {logging_mixin.py:190} INFO - [2024-12-07T09:18:47.296+0000] {dag.py:3239} INFO - Sync 1 DAGs
[2024-12-07T09:18:47.308+0000] {logging_mixin.py:190} INFO - [2024-12-07T09:18:47.308+0000] {dag.py:4180} INFO - Setting next_dagrun for tutorial_dag to None, run_after=None
[2024-12-07T09:18:47.323+0000] {processor.py:208} INFO - Processing /home/airflow/.local/lib/python3.12/site-packages/airflow/example_dags/tutorial_dag.py took 0.055 seconds
[2024-12-07T09:19:18.184+0000] {processor.py:186} INFO - Started process (PID=707) to work on /home/airflow/.local/lib/python3.12/site-packages/airflow/example_dags/tutorial_dag.py
[2024-12-07T09:19:18.185+0000] {processor.py:914} INFO - Processing file /home/airflow/.local/lib/python3.12/site-packages/airflow/example_dags/tutorial_dag.py for tasks to queue
[2024-12-07T09:19:18.187+0000] {logging_mixin.py:190} INFO - [2024-12-07T09:19:18.186+0000] {dagbag.py:588} INFO - Filling up the DagBag from /home/airflow/.local/lib/python3.12/site-packages/airflow/example_dags/tutorial_dag.py
[2024-12-07T09:19:18.192+0000] {processor.py:925} INFO - DAG(s) 'tutorial_dag' retrieved from /home/airflow/.local/lib/python3.12/site-packages/airflow/example_dags/tutorial_dag.py
[2024-12-07T09:19:18.208+0000] {logging_mixin.py:190} INFO - [2024-12-07T09:19:18.208+0000] {dag.py:3239} INFO - Sync 1 DAGs
[2024-12-07T09:19:18.223+0000] {logging_mixin.py:190} INFO - [2024-12-07T09:19:18.222+0000] {dag.py:4180} INFO - Setting next_dagrun for tutorial_dag to None, run_after=None
[2024-12-07T09:19:18.237+0000] {processor.py:208} INFO - Processing /home/airflow/.local/lib/python3.12/site-packages/airflow/example_dags/tutorial_dag.py took 0.057 seconds
[2024-12-07T09:19:48.758+0000] {processor.py:186} INFO - Started process (PID=771) to work on /home/airflow/.local/lib/python3.12/site-packages/airflow/example_dags/tutorial_dag.py
[2024-12-07T09:19:48.759+0000] {processor.py:914} INFO - Processing file /home/airflow/.local/lib/python3.12/site-packages/airflow/example_dags/tutorial_dag.py for tasks to queue
[2024-12-07T09:19:48.760+0000] {logging_mixin.py:190} INFO - [2024-12-07T09:19:48.760+0000] {dagbag.py:588} INFO - Filling up the DagBag from /home/airflow/.local/lib/python3.12/site-packages/airflow/example_dags/tutorial_dag.py
[2024-12-07T09:19:48.766+0000] {processor.py:925} INFO - DAG(s) 'tutorial_dag' retrieved from /home/airflow/.local/lib/python3.12/site-packages/airflow/example_dags/tutorial_dag.py
[2024-12-07T09:19:48.782+0000] {logging_mixin.py:190} INFO - [2024-12-07T09:19:48.781+0000] {dag.py:3239} INFO - Sync 1 DAGs
[2024-12-07T09:19:48.797+0000] {logging_mixin.py:190} INFO - [2024-12-07T09:19:48.797+0000] {dag.py:4180} INFO - Setting next_dagrun for tutorial_dag to None, run_after=None
[2024-12-07T09:19:48.811+0000] {processor.py:208} INFO - Processing /home/airflow/.local/lib/python3.12/site-packages/airflow/example_dags/tutorial_dag.py took 0.058 seconds
[2024-12-07T09:20:19.178+0000] {processor.py:186} INFO - Started process (PID=836) to work on /home/airflow/.local/lib/python3.12/site-packages/airflow/example_dags/tutorial_dag.py
[2024-12-07T09:20:19.178+0000] {processor.py:914} INFO - Processing file /home/airflow/.local/lib/python3.12/site-packages/airflow/example_dags/tutorial_dag.py for tasks to queue
[2024-12-07T09:20:19.180+0000] {logging_mixin.py:190} INFO - [2024-12-07T09:20:19.180+0000] {dagbag.py:588} INFO - Filling up the DagBag from /home/airflow/.local/lib/python3.12/site-packages/airflow/example_dags/tutorial_dag.py
[2024-12-07T09:20:19.185+0000] {processor.py:925} INFO - DAG(s) 'tutorial_dag' retrieved from /home/airflow/.local/lib/python3.12/site-packages/airflow/example_dags/tutorial_dag.py
[2024-12-07T09:20:19.204+0000] {logging_mixin.py:190} INFO - [2024-12-07T09:20:19.204+0000] {dag.py:3239} INFO - Sync 1 DAGs
[2024-12-07T09:20:19.219+0000] {logging_mixin.py:190} INFO - [2024-12-07T09:20:19.219+0000] {dag.py:4180} INFO - Setting next_dagrun for tutorial_dag to None, run_after=None
[2024-12-07T09:20:19.236+0000] {processor.py:208} INFO - Processing /home/airflow/.local/lib/python3.12/site-packages/airflow/example_dags/tutorial_dag.py took 0.063 seconds
[2024-12-07T09:20:49.312+0000] {processor.py:186} INFO - Started process (PID=900) to work on /home/airflow/.local/lib/python3.12/site-packages/airflow/example_dags/tutorial_dag.py
[2024-12-07T09:20:49.313+0000] {processor.py:914} INFO - Processing file /home/airflow/.local/lib/python3.12/site-packages/airflow/example_dags/tutorial_dag.py for tasks to queue
[2024-12-07T09:20:49.315+0000] {logging_mixin.py:190} INFO - [2024-12-07T09:20:49.314+0000] {dagbag.py:588} INFO - Filling up the DagBag from /home/airflow/.local/lib/python3.12/site-packages/airflow/example_dags/tutorial_dag.py
[2024-12-07T09:20:49.320+0000] {processor.py:925} INFO - DAG(s) 'tutorial_dag' retrieved from /home/airflow/.local/lib/python3.12/site-packages/airflow/example_dags/tutorial_dag.py
[2024-12-07T09:20:49.337+0000] {logging_mixin.py:190} INFO - [2024-12-07T09:20:49.337+0000] {dag.py:3239} INFO - Sync 1 DAGs
[2024-12-07T09:20:49.348+0000] {logging_mixin.py:190} INFO - [2024-12-07T09:20:49.348+0000] {dag.py:4180} INFO - Setting next_dagrun for tutorial_dag to None, run_after=None
[2024-12-07T09:20:49.362+0000] {processor.py:208} INFO - Processing /home/airflow/.local/lib/python3.12/site-packages/airflow/example_dags/tutorial_dag.py took 0.054 seconds
[2024-12-07T09:21:19.507+0000] {processor.py:186} INFO - Started process (PID=964) to work on /home/airflow/.local/lib/python3.12/site-packages/airflow/example_dags/tutorial_dag.py
[2024-12-07T09:21:19.508+0000] {processor.py:914} INFO - Processing file /home/airflow/.local/lib/python3.12/site-packages/airflow/example_dags/tutorial_dag.py for tasks to queue
[2024-12-07T09:21:19.510+0000] {logging_mixin.py:190} INFO - [2024-12-07T09:21:19.510+0000] {dagbag.py:588} INFO - Filling up the DagBag from /home/airflow/.local/lib/python3.12/site-packages/airflow/example_dags/tutorial_dag.py
[2024-12-07T09:21:19.516+0000] {processor.py:925} INFO - DAG(s) 'tutorial_dag' retrieved from /home/airflow/.local/lib/python3.12/site-packages/airflow/example_dags/tutorial_dag.py
[2024-12-07T09:21:19.530+0000] {logging_mixin.py:190} INFO - [2024-12-07T09:21:19.530+0000] {dag.py:3239} INFO - Sync 1 DAGs
[2024-12-07T09:21:19.541+0000] {logging_mixin.py:190} INFO - [2024-12-07T09:21:19.541+0000] {dag.py:4180} INFO - Setting next_dagrun for tutorial_dag to None, run_after=None
[2024-12-07T09:21:19.554+0000] {processor.py:208} INFO - Processing /home/airflow/.local/lib/python3.12/site-packages/airflow/example_dags/tutorial_dag.py took 0.053 seconds
[2024-12-07T09:21:49.798+0000] {processor.py:186} INFO - Started process (PID=1028) to work on /home/airflow/.local/lib/python3.12/site-packages/airflow/example_dags/tutorial_dag.py
[2024-12-07T09:21:49.799+0000] {processor.py:914} INFO - Processing file /home/airflow/.local/lib/python3.12/site-packages/airflow/example_dags/tutorial_dag.py for tasks to queue
[2024-12-07T09:21:49.800+0000] {logging_mixin.py:190} INFO - [2024-12-07T09:21:49.800+0000] {dagbag.py:588} INFO - Filling up the DagBag from /home/airflow/.local/lib/python3.12/site-packages/airflow/example_dags/tutorial_dag.py
[2024-12-07T09:21:49.806+0000] {processor.py:925} INFO - DAG(s) 'tutorial_dag' retrieved from /home/airflow/.local/lib/python3.12/site-packages/airflow/example_dags/tutorial_dag.py
[2024-12-07T09:21:49.822+0000] {logging_mixin.py:190} INFO - [2024-12-07T09:21:49.822+0000] {dag.py:3239} INFO - Sync 1 DAGs
[2024-12-07T09:21:49.837+0000] {logging_mixin.py:190} INFO - [2024-12-07T09:21:49.836+0000] {dag.py:4180} INFO - Setting next_dagrun for tutorial_dag to None, run_after=None
[2024-12-07T09:21:49.853+0000] {processor.py:208} INFO - Processing /home/airflow/.local/lib/python3.12/site-packages/airflow/example_dags/tutorial_dag.py took 0.059 seconds
[2024-12-07T09:22:20.717+0000] {processor.py:186} INFO - Started process (PID=1092) to work on /home/airflow/.local/lib/python3.12/site-packages/airflow/example_dags/tutorial_dag.py
[2024-12-07T09:22:20.718+0000] {processor.py:914} INFO - Processing file /home/airflow/.local/lib/python3.12/site-packages/airflow/example_dags/tutorial_dag.py for tasks to queue
[2024-12-07T09:22:20.720+0000] {logging_mixin.py:190} INFO - [2024-12-07T09:22:20.720+0000] {dagbag.py:588} INFO - Filling up the DagBag from /home/airflow/.local/lib/python3.12/site-packages/airflow/example_dags/tutorial_dag.py
[2024-12-07T09:22:20.727+0000] {processor.py:925} INFO - DAG(s) 'tutorial_dag' retrieved from /home/airflow/.local/lib/python3.12/site-packages/airflow/example_dags/tutorial_dag.py
[2024-12-07T09:22:20.747+0000] {logging_mixin.py:190} INFO - [2024-12-07T09:22:20.746+0000] {dag.py:3239} INFO - Sync 1 DAGs
[2024-12-07T09:22:20.762+0000] {logging_mixin.py:190} INFO - [2024-12-07T09:22:20.762+0000] {dag.py:4180} INFO - Setting next_dagrun for tutorial_dag to None, run_after=None
[2024-12-07T09:22:20.776+0000] {processor.py:208} INFO - Processing /home/airflow/.local/lib/python3.12/site-packages/airflow/example_dags/tutorial_dag.py took 0.064 seconds
[2024-12-07T09:22:51.199+0000] {processor.py:186} INFO - Started process (PID=1156) to work on /home/airflow/.local/lib/python3.12/site-packages/airflow/example_dags/tutorial_dag.py
[2024-12-07T09:22:51.199+0000] {processor.py:914} INFO - Processing file /home/airflow/.local/lib/python3.12/site-packages/airflow/example_dags/tutorial_dag.py for tasks to queue
[2024-12-07T09:22:51.201+0000] {logging_mixin.py:190} INFO - [2024-12-07T09:22:51.201+0000] {dagbag.py:588} INFO - Filling up the DagBag from /home/airflow/.local/lib/python3.12/site-packages/airflow/example_dags/tutorial_dag.py
[2024-12-07T09:22:51.208+0000] {processor.py:925} INFO - DAG(s) 'tutorial_dag' retrieved from /home/airflow/.local/lib/python3.12/site-packages/airflow/example_dags/tutorial_dag.py
[2024-12-07T09:22:51.225+0000] {logging_mixin.py:190} INFO - [2024-12-07T09:22:51.225+0000] {dag.py:3239} INFO - Sync 1 DAGs
[2024-12-07T09:22:51.240+0000] {logging_mixin.py:190} INFO - [2024-12-07T09:22:51.240+0000] {dag.py:4180} INFO - Setting next_dagrun for tutorial_dag to None, run_after=None
[2024-12-07T09:22:51.257+0000] {processor.py:208} INFO - Processing /home/airflow/.local/lib/python3.12/site-packages/airflow/example_dags/tutorial_dag.py took 0.064 seconds
[2024-12-07T09:23:21.341+0000] {processor.py:186} INFO - Started process (PID=1220) to work on /home/airflow/.local/lib/python3.12/site-packages/airflow/example_dags/tutorial_dag.py
[2024-12-07T09:23:21.341+0000] {processor.py:914} INFO - Processing file /home/airflow/.local/lib/python3.12/site-packages/airflow/example_dags/tutorial_dag.py for tasks to queue
[2024-12-07T09:23:21.343+0000] {logging_mixin.py:190} INFO - [2024-12-07T09:23:21.343+0000] {dagbag.py:588} INFO - Filling up the DagBag from /home/airflow/.local/lib/python3.12/site-packages/airflow/example_dags/tutorial_dag.py
[2024-12-07T09:23:21.350+0000] {processor.py:925} INFO - DAG(s) 'tutorial_dag' retrieved from /home/airflow/.local/lib/python3.12/site-packages/airflow/example_dags/tutorial_dag.py
[2024-12-07T09:23:21.374+0000] {logging_mixin.py:190} INFO - [2024-12-07T09:23:21.374+0000] {dag.py:3239} INFO - Sync 1 DAGs
[2024-12-07T09:23:21.388+0000] {logging_mixin.py:190} INFO - [2024-12-07T09:23:21.387+0000] {dag.py:4180} INFO - Setting next_dagrun for tutorial_dag to None, run_after=None
[2024-12-07T09:23:21.402+0000] {processor.py:208} INFO - Processing /home/airflow/.local/lib/python3.12/site-packages/airflow/example_dags/tutorial_dag.py took 0.069 seconds
[2024-12-07T09:23:51.706+0000] {processor.py:186} INFO - Started process (PID=1284) to work on /home/airflow/.local/lib/python3.12/site-packages/airflow/example_dags/tutorial_dag.py
[2024-12-07T09:23:51.707+0000] {processor.py:914} INFO - Processing file /home/airflow/.local/lib/python3.12/site-packages/airflow/example_dags/tutorial_dag.py for tasks to queue
[2024-12-07T09:23:51.708+0000] {logging_mixin.py:190} INFO - [2024-12-07T09:23:51.708+0000] {dagbag.py:588} INFO - Filling up the DagBag from /home/airflow/.local/lib/python3.12/site-packages/airflow/example_dags/tutorial_dag.py
[2024-12-07T09:23:51.714+0000] {processor.py:925} INFO - DAG(s) 'tutorial_dag' retrieved from /home/airflow/.local/lib/python3.12/site-packages/airflow/example_dags/tutorial_dag.py
[2024-12-07T09:23:51.727+0000] {logging_mixin.py:190} INFO - [2024-12-07T09:23:51.727+0000] {dag.py:3239} INFO - Sync 1 DAGs
[2024-12-07T09:23:51.738+0000] {logging_mixin.py:190} INFO - [2024-12-07T09:23:51.738+0000] {dag.py:4180} INFO - Setting next_dagrun for tutorial_dag to None, run_after=None
[2024-12-07T09:23:51.752+0000] {processor.py:208} INFO - Processing /home/airflow/.local/lib/python3.12/site-packages/airflow/example_dags/tutorial_dag.py took 0.050 seconds
[2024-12-07T09:24:21.927+0000] {processor.py:186} INFO - Started process (PID=1348) to work on /home/airflow/.local/lib/python3.12/site-packages/airflow/example_dags/tutorial_dag.py
[2024-12-07T09:24:21.927+0000] {processor.py:914} INFO - Processing file /home/airflow/.local/lib/python3.12/site-packages/airflow/example_dags/tutorial_dag.py for tasks to queue
[2024-12-07T09:24:21.929+0000] {logging_mixin.py:190} INFO - [2024-12-07T09:24:21.929+0000] {dagbag.py:588} INFO - Filling up the DagBag from /home/airflow/.local/lib/python3.12/site-packages/airflow/example_dags/tutorial_dag.py
[2024-12-07T09:24:21.934+0000] {processor.py:925} INFO - DAG(s) 'tutorial_dag' retrieved from /home/airflow/.local/lib/python3.12/site-packages/airflow/example_dags/tutorial_dag.py
[2024-12-07T09:24:21.951+0000] {logging_mixin.py:190} INFO - [2024-12-07T09:24:21.950+0000] {dag.py:3239} INFO - Sync 1 DAGs
[2024-12-07T09:24:21.964+0000] {logging_mixin.py:190} INFO - [2024-12-07T09:24:21.964+0000] {dag.py:4180} INFO - Setting next_dagrun for tutorial_dag to None, run_after=None
[2024-12-07T09:24:21.978+0000] {processor.py:208} INFO - Processing /home/airflow/.local/lib/python3.12/site-packages/airflow/example_dags/tutorial_dag.py took 0.055 seconds
[2024-12-07T09:24:52.052+0000] {processor.py:186} INFO - Started process (PID=1412) to work on /home/airflow/.local/lib/python3.12/site-packages/airflow/example_dags/tutorial_dag.py
[2024-12-07T09:24:52.053+0000] {processor.py:914} INFO - Processing file /home/airflow/.local/lib/python3.12/site-packages/airflow/example_dags/tutorial_dag.py for tasks to queue
[2024-12-07T09:24:52.054+0000] {logging_mixin.py:190} INFO - [2024-12-07T09:24:52.054+0000] {dagbag.py:588} INFO - Filling up the DagBag from /home/airflow/.local/lib/python3.12/site-packages/airflow/example_dags/tutorial_dag.py
[2024-12-07T09:24:52.060+0000] {processor.py:925} INFO - DAG(s) 'tutorial_dag' retrieved from /home/airflow/.local/lib/python3.12/site-packages/airflow/example_dags/tutorial_dag.py
[2024-12-07T09:24:52.074+0000] {logging_mixin.py:190} INFO - [2024-12-07T09:24:52.074+0000] {dag.py:3239} INFO - Sync 1 DAGs
[2024-12-07T09:24:52.085+0000] {logging_mixin.py:190} INFO - [2024-12-07T09:24:52.085+0000] {dag.py:4180} INFO - Setting next_dagrun for tutorial_dag to None, run_after=None
[2024-12-07T09:24:52.098+0000] {processor.py:208} INFO - Processing /home/airflow/.local/lib/python3.12/site-packages/airflow/example_dags/tutorial_dag.py took 0.051 seconds
[2024-12-07T09:25:22.747+0000] {processor.py:186} INFO - Started process (PID=1476) to work on /home/airflow/.local/lib/python3.12/site-packages/airflow/example_dags/tutorial_dag.py
[2024-12-07T09:25:22.748+0000] {processor.py:914} INFO - Processing file /home/airflow/.local/lib/python3.12/site-packages/airflow/example_dags/tutorial_dag.py for tasks to queue
[2024-12-07T09:25:22.750+0000] {logging_mixin.py:190} INFO - [2024-12-07T09:25:22.750+0000] {dagbag.py:588} INFO - Filling up the DagBag from /home/airflow/.local/lib/python3.12/site-packages/airflow/example_dags/tutorial_dag.py
[2024-12-07T09:25:22.756+0000] {processor.py:925} INFO - DAG(s) 'tutorial_dag' retrieved from /home/airflow/.local/lib/python3.12/site-packages/airflow/example_dags/tutorial_dag.py
[2024-12-07T09:25:22.770+0000] {logging_mixin.py:190} INFO - [2024-12-07T09:25:22.770+0000] {dag.py:3239} INFO - Sync 1 DAGs
[2024-12-07T09:25:22.782+0000] {logging_mixin.py:190} INFO - [2024-12-07T09:25:22.782+0000] {dag.py:4180} INFO - Setting next_dagrun for tutorial_dag to None, run_after=None
[2024-12-07T09:25:22.794+0000] {processor.py:208} INFO - Processing /home/airflow/.local/lib/python3.12/site-packages/airflow/example_dags/tutorial_dag.py took 0.051 seconds
[2024-12-07T09:25:53.166+0000] {processor.py:186} INFO - Started process (PID=1540) to work on /home/airflow/.local/lib/python3.12/site-packages/airflow/example_dags/tutorial_dag.py
[2024-12-07T09:25:53.167+0000] {processor.py:914} INFO - Processing file /home/airflow/.local/lib/python3.12/site-packages/airflow/example_dags/tutorial_dag.py for tasks to queue
[2024-12-07T09:25:53.168+0000] {logging_mixin.py:190} INFO - [2024-12-07T09:25:53.168+0000] {dagbag.py:588} INFO - Filling up the DagBag from /home/airflow/.local/lib/python3.12/site-packages/airflow/example_dags/tutorial_dag.py
[2024-12-07T09:25:53.174+0000] {processor.py:925} INFO - DAG(s) 'tutorial_dag' retrieved from /home/airflow/.local/lib/python3.12/site-packages/airflow/example_dags/tutorial_dag.py
[2024-12-07T09:25:53.189+0000] {logging_mixin.py:190} INFO - [2024-12-07T09:25:53.189+0000] {dag.py:3239} INFO - Sync 1 DAGs
[2024-12-07T09:25:53.201+0000] {logging_mixin.py:190} INFO - [2024-12-07T09:25:53.201+0000] {dag.py:4180} INFO - Setting next_dagrun for tutorial_dag to None, run_after=None
[2024-12-07T09:25:53.215+0000] {processor.py:208} INFO - Processing /home/airflow/.local/lib/python3.12/site-packages/airflow/example_dags/tutorial_dag.py took 0.053 seconds
